SF:/Users/jrh630/repositories/stackProcessing/src/Image/ImageFunctions.fs
FN:9,Image/Image`1<S> ImageFunctions::imageAddScalar(Image/Image`1<S>,S)
FNDA:0,Image/Image`1<S> ImageFunctions::imageAddScalar(Image/Image`1<S>,S)
DA:10,0
DA:11,0
FN:14,Image/Image`1<S> ImageFunctions::scalarAddImage(S,Image/Image`1<S>)
FNDA:0,Image/Image`1<S> ImageFunctions::scalarAddImage(S,Image/Image`1<S>)
DA:15,0
FN:18,Image/Image`1<S> ImageFunctions::imageSubScalar(Image/Image`1<S>,S)
FNDA:0,Image/Image`1<S> ImageFunctions::imageSubScalar(Image/Image`1<S>,S)
DA:19,0
DA:20,0
FN:23,Image/Image`1<S> ImageFunctions::scalarSubImage(S,Image/Image`1<S>)
FNDA:0,Image/Image`1<S> ImageFunctions::scalarSubImage(S,Image/Image`1<S>)
DA:24,0
DA:25,0
FN:28,Image/Image`1<S> ImageFunctions::imageMulScalar(Image/Image`1<S>,S)
FNDA:0,Image/Image`1<S> ImageFunctions::imageMulScalar(Image/Image`1<S>,S)
DA:29,0
DA:30,0
FN:33,Image/Image`1<S> ImageFunctions::scalarMulImage(S,Image/Image`1<S>)
FNDA:0,Image/Image`1<S> ImageFunctions::scalarMulImage(S,Image/Image`1<S>)
DA:34,0
FN:37,Image/Image`1<S> ImageFunctions::imageDivScalar(Image/Image`1<S>,S)
FNDA:0,Image/Image`1<S> ImageFunctions::imageDivScalar(Image/Image`1<S>,S)
DA:38,0
DA:39,0
FN:42,Image/Image`1<S> ImageFunctions::scalarDivImage(S,Image/Image`1<S>)
FNDA:0,Image/Image`1<S> ImageFunctions::scalarDivImage(S,Image/Image`1<S>)
DA:43,0
DA:44,0
FN:48,Image/Image`1<S> ImageFunctions::imagePowScalar(Image/Image`1<S>,S)
FNDA:0,Image/Image`1<S> ImageFunctions::imagePowScalar(Image/Image`1<S>,S)
DA:49,0
DA:50,0
FN:55,Image/Image`1<S> ImageFunctions::scalarPowImage(S,Image/Image`1<S>)
FNDA:0,Image/Image`1<S> ImageFunctions::scalarPowImage(S,Image/Image`1<S>)
DA:56,0
DA:57,0
FN:61,T ImageFunctions::sum(Image/Image`1<T>)
FNDA:0,T ImageFunctions::sum(Image/Image`1<T>)
DA:62,0
DA:63,0
FN:67,T ImageFunctions::prod(Image/Image`1<T>)
FNDA:0,T ImageFunctions::prod(Image/Image`1<T>)
DA:68,0
DA:69,0
FN:71,System.String ImageFunctions::dump(Image/Image`1<T>)
FNDA:699,System.String ImageFunctions::dump(Image/Image`1<T>)
DA:72,699
FN:77,Image/Image`1<T> ImageFunctions::squeeze(Image/Image`1<T>)
FNDA:5,Image/Image`1<T> ImageFunctions::squeeze(Image/Image`1<T>)
DA:78,5
DA:79,5
DA:80,36
DA:81,15
DA:82,5
FN:84,Microsoft.FSharp.Collections.FSharpList`1<S> ImageFunctions::expand(System.UInt32,S,Microsoft.FSharp.Collections.FSharpList`1<S>)
FNDA:2,Microsoft.FSharp.Collections.FSharpList`1<S> ImageFunctions::expand(System.UInt32,S,Microsoft.FSharp.Collections.FSharpList`1<S>)
DA:85,2
BRDA:85,14,0,0
BRDA:85,14,1,2
FN:88,Image/Image`1<T> ImageFunctions::concatAlong(System.UInt32,Image/Image`1<T>,Image/Image`1<T>)
FNDA:2,Image/Image`1<T> ImageFunctions::concatAlong(System.UInt32,Image/Image`1<T>,Image/Image`1<T>)
DA:89,2
DA:90,0
DA:91,2
DA:92,0
DA:94,2
DA:95,2
DA:96,4
DA:98,2
DA:99,2
DA:100,13
DA:101,2
DA:103,14
DA:106,2
DA:107,6
DA:109,2
DA:111,6
DA:112,6
DA:113,2
DA:117,14
DA:118,6
DA:119,6
DA:120,2
DA:122,2
BRDA:89,13,0,0
BRDA:89,13,1,2
BRDA:91,42,0,0
BRDA:91,42,1,2
BRDA:101,245,1,5
BRDA:100,166,0,3
BRDA:100,166,1,2
BRDA:100,182,0,0
BRDA:100,182,1,5
BRDA:101,245,0,2
FN:124,Image/Image`1<T> ImageFunctions::constantPad2D(Microsoft.FSharp.Collections.FSharpList`1<System.UInt32>,Microsoft.FSharp.Collections.FSharpList`1<System.UInt32>,System.Double,Image/Image`1<T>)
FNDA:5,Image/Image`1<T> ImageFunctions::constantPad2D(Microsoft.FSharp.Collections.FSharpList`1<System.UInt32>,Microsoft.FSharp.Collections.FSharpList`1<System.UInt32>,System.Double,Image/Image`1<T>)
DA:125,5
DA:126,1
DA:127,1
DA:128,3
DA:129,3
DA:130,1
DA:131,1
DA:132,1
BRDA:125,8,0,1
BRDA:125,8,1,1
BRDA:125,27,0,1
BRDA:125,27,1,1
FN:134,Image/Image`1<T> ImageFunctions::crop2D(Microsoft.FSharp.Collections.FSharpList`1<System.UInt32>,Microsoft.FSharp.Collections.FSharpList`1<System.UInt32>,Image/Image`1<T>)
FNDA:6,Image/Image`1<T> ImageFunctions::crop2D(Microsoft.FSharp.Collections.FSharpList`1<System.UInt32>,Microsoft.FSharp.Collections.FSharpList`1<System.UInt32>,Image/Image`1<T>)
DA:135,6
DA:136,1
DA:137,1
DA:138,3
DA:139,3
DA:140,1
DA:141,1
BRDA:135,8,0,0
BRDA:135,8,1,2
BRDA:135,27,0,1
BRDA:135,27,1,1
FN:151,Image/Image`1<S> ImageFunctions::makeUnaryImageOperatorWith(System.String,Microsoft.FSharp.Core.FSharpFunc`2<Microsoft.FSharp.Core.Unit,Filter>,Microsoft.FSharp.Core.FSharpFunc`2<Filter,Microsoft.FSharp.Core.Unit>,Microsoft.FSharp.Core.FSharpFunc`2<Filter,Microsoft.FSharp.Core.FSharpFunc`2<itk.simple.Image,itk.simple.Image>>,Image/Image`1<T>)
FNDA:0,Image/Image`1<S> ImageFunctions::makeUnaryImageOperatorWith(System.String,Microsoft.FSharp.Core.FSharpFunc`2<Microsoft.FSharp.Core.Unit,Filter>,Microsoft.FSharp.Core.FSharpFunc`2<Filter,Microsoft.FSharp.Core.Unit>,Microsoft.FSharp.Core.FSharpFunc`2<Filter,Microsoft.FSharp.Core.FSharpFunc`2<itk.simple.Image,itk.simple.Image>>,Image/Image`1<T>)
DA:152,0
DA:153,0
DA:154,0
FN:155,Microsoft.FSharp.Core.FSharpFunc`2<Image/Image`1<b>,Image/Image`1<c>> ImageFunctions::makeUnaryImageOperator(System.String,Microsoft.FSharp.Core.FSharpFunc`2<Microsoft.FSharp.Core.Unit,a>,Microsoft.FSharp.Core.FSharpFunc`2<a,Microsoft.FSharp.Core.FSharpFunc`2<itk.simple.Image,itk.simple.Image>>)
FNDA:0,Microsoft.FSharp.Core.FSharpFunc`2<Image/Image`1<b>,Image/Image`1<c>> ImageFunctions::makeUnaryImageOperator(System.String,Microsoft.FSharp.Core.FSharpFunc`2<Microsoft.FSharp.Core.Unit,a>,Microsoft.FSharp.Core.FSharpFunc`2<a,Microsoft.FSharp.Core.FSharpFunc`2<itk.simple.Image,itk.simple.Image>>)
DA:156,0
FN:164,Image/Image`1<T> ImageFunctions::makeBinaryImageOperatorWith(System.String,Microsoft.FSharp.Core.FSharpFunc`2<Microsoft.FSharp.Core.Unit,Filter>,Microsoft.FSharp.Core.FSharpFunc`2<Filter,Microsoft.FSharp.Core.Unit>,Microsoft.FSharp.Core.FSharpFunc`2<Filter,Microsoft.FSharp.Core.FSharpFunc`2<itk.simple.Image,Microsoft.FSharp.Core.FSharpFunc`2<itk.simple.Image,itk.simple.Image>>>,Image/Image`1<T>,Image/Image`1<T>)
FNDA:0,Image/Image`1<T> ImageFunctions::makeBinaryImageOperatorWith(System.String,Microsoft.FSharp.Core.FSharpFunc`2<Microsoft.FSharp.Core.Unit,Filter>,Microsoft.FSharp.Core.FSharpFunc`2<Filter,Microsoft.FSharp.Core.Unit>,Microsoft.FSharp.Core.FSharpFunc`2<Filter,Microsoft.FSharp.Core.FSharpFunc`2<itk.simple.Image,Microsoft.FSharp.Core.FSharpFunc`2<itk.simple.Image,itk.simple.Image>>>,Image/Image`1<T>,Image/Image`1<T>)
DA:165,0
DA:166,0
DA:167,0
DA:168,0
FN:169,Microsoft.FSharp.Core.FSharpFunc`2<Image/Image`1<b>,Microsoft.FSharp.Core.FSharpFunc`2<Image/Image`1<b>,Image/Image`1<b>>> ImageFunctions::makeBinaryImageOperator(System.String,Microsoft.FSharp.Core.FSharpFunc`2<Microsoft.FSharp.Core.Unit,a>,Microsoft.FSharp.Core.FSharpFunc`2<a,Microsoft.FSharp.Core.FSharpFunc`2<itk.simple.Image,Microsoft.FSharp.Core.FSharpFunc`2<itk.simple.Image,itk.simple.Image>>>)
FNDA:0,Microsoft.FSharp.Core.FSharpFunc`2<Image/Image`1<b>,Microsoft.FSharp.Core.FSharpFunc`2<Image/Image`1<b>,Image/Image`1<b>>> ImageFunctions::makeBinaryImageOperator(System.String,Microsoft.FSharp.Core.FSharpFunc`2<Microsoft.FSharp.Core.Unit,a>,Microsoft.FSharp.Core.FSharpFunc`2<a,Microsoft.FSharp.Core.FSharpFunc`2<itk.simple.Image,Microsoft.FSharp.Core.FSharpFunc`2<itk.simple.Image,itk.simple.Image>>>)
DA:170,0
FN:172,Image/Image`1<a> ImageFunctions::absImage(Image/Image`1<T>)
FNDA:96,Image/Image`1<a> ImageFunctions::absImage(Image/Image`1<T>)
DA:173,96
FN:173,Image/Image`1<a> ImageFunctions::logImage(Image/Image`1<T>)
FNDA:6,Image/Image`1<a> ImageFunctions::logImage(Image/Image`1<T>)
DA:174,6
FN:174,Image/Image`1<a> ImageFunctions::log10Image(Image/Image`1<T>)
FNDA:6,Image/Image`1<a> ImageFunctions::log10Image(Image/Image`1<T>)
DA:175,6
FN:175,Image/Image`1<a> ImageFunctions::expImage(Image/Image`1<T>)
FNDA:6,Image/Image`1<a> ImageFunctions::expImage(Image/Image`1<T>)
DA:176,6
FN:176,Image/Image`1<a> ImageFunctions::sqrtImage(Image/Image`1<T>)
FNDA:6,Image/Image`1<a> ImageFunctions::sqrtImage(Image/Image`1<T>)
DA:177,6
FN:177,Image/Image`1<a> ImageFunctions::squareImage(Image/Image`1<T>)
FNDA:6,Image/Image`1<a> ImageFunctions::squareImage(Image/Image`1<T>)
DA:178,6
FN:178,Image/Image`1<a> ImageFunctions::sinImage(Image/Image`1<T>)
FNDA:6,Image/Image`1<a> ImageFunctions::sinImage(Image/Image`1<T>)
DA:179,6
FN:179,Image/Image`1<a> ImageFunctions::cosImage(Image/Image`1<T>)
FNDA:6,Image/Image`1<a> ImageFunctions::cosImage(Image/Image`1<T>)
DA:180,6
FN:180,Image/Image`1<a> ImageFunctions::tanImage(Image/Image`1<T>)
FNDA:6,Image/Image`1<a> ImageFunctions::tanImage(Image/Image`1<T>)
DA:181,6
FN:181,Image/Image`1<a> ImageFunctions::asinImage(Image/Image`1<T>)
FNDA:6,Image/Image`1<a> ImageFunctions::asinImage(Image/Image`1<T>)
DA:182,6
FN:182,Image/Image`1<a> ImageFunctions::acosImage(Image/Image`1<T>)
FNDA:6,Image/Image`1<a> ImageFunctions::acosImage(Image/Image`1<T>)
DA:183,6
FN:183,Image/Image`1<a> ImageFunctions::atanImage(Image/Image`1<T>)
FNDA:6,Image/Image`1<a> ImageFunctions::atanImage(Image/Image`1<T>)
DA:184,6
FN:184,Image/Image`1<a> ImageFunctions::roundImage(Image/Image`1<T>)
FNDA:6,Image/Image`1<a> ImageFunctions::roundImage(Image/Image`1<T>)
DA:185,6
FN:187,Microsoft.FSharp.Core.FSharpFunc`2<Image/Image`1<T>,Image/Image`1<T>> ImageFunctions::clampImage(System.Double,System.Double)
FNDA:1,Microsoft.FSharp.Core.FSharpFunc`2<Image/Image`1<T>,Image/Image`1<T>> ImageFunctions::clampImage(System.Double,System.Double)
DA:188,1
DA:189,1
DA:190,1
DA:191,1
DA:192,1
DA:193,1
DA:194,2
FN:196,Microsoft.FSharp.Core.FSharpFunc`2<Image/Image`1<T>,Image/Image`1<T>> ImageFunctions::rescaleIntensity(System.Double,System.Double)
FNDA:1,Microsoft.FSharp.Core.FSharpFunc`2<Image/Image`1<T>,Image/Image`1<T>> ImageFunctions::rescaleIntensity(System.Double,System.Double)
DA:197,1
DA:198,1
DA:199,1
DA:200,1
DA:201,1
DA:202,1
DA:203,2
FN:205,Microsoft.FSharp.Core.FSharpFunc`2<Image/Image`1<T>,Image/Image`1<T>> ImageFunctions::intensityWindow(System.Double,System.Double,System.Double,System.Double)
FNDA:1,Microsoft.FSharp.Core.FSharpFunc`2<Image/Image`1<T>,Image/Image`1<T>> ImageFunctions::intensityWindow(System.Double,System.Double,System.Double,System.Double)
DA:206,1
DA:207,1
DA:208,1
DA:209,1
DA:210,1
DA:211,1
DA:212,1
DA:213,1
DA:214,2
FN:216,Image/Image`1<System.Double> ImageFunctions::normalizeImage(Image/Image`1<T>)
FNDA:1,Image/Image`1<System.Double> ImageFunctions::normalizeImage(Image/Image`1<T>)
DA:217,1
DA:218,1
FN:220,Microsoft.FSharp.Core.FSharpFunc`2<Image/Image`1<T>,Image/Image`1<T>> ImageFunctions::shiftScale(System.Double,System.Double)
FNDA:1,Microsoft.FSharp.Core.FSharpFunc`2<Image/Image`1<T>,Image/Image`1<T>> ImageFunctions::shiftScale(System.Double,System.Double)
DA:221,1
DA:222,1
DA:223,1
DA:224,1
DA:225,1
DA:226,1
DA:227,2
FN:229,Microsoft.FSharp.Core.FSharpFunc`2<Image/Image`1<T>,Image/Image`1<T>> ImageFunctions::invertIntensity(System.Double)
FNDA:1,Microsoft.FSharp.Core.FSharpFunc`2<Image/Image`1<T>,Image/Image`1<T>> ImageFunctions::invertIntensity(System.Double)
DA:230,1
DA:231,1
DA:232,1
DA:233,1
DA:234,2
FN:236,Microsoft.FSharp.Core.FSharpFunc`2<Image/Image`1<T>,Image/Image`1<T>> ImageFunctions::median(System.UInt32)
FNDA:1,Microsoft.FSharp.Core.FSharpFunc`2<Image/Image`1<T>,Image/Image`1<T>> ImageFunctions::median(System.UInt32)
DA:237,1
DA:238,1
DA:239,1
DA:240,1
DA:241,2
FN:243,Microsoft.FSharp.Core.FSharpFunc`2<Image/Image`1<T>,Image/Image`1<T>> ImageFunctions::bilateral(System.Double,System.Double)
FNDA:1,Microsoft.FSharp.Core.FSharpFunc`2<Image/Image`1<T>,Image/Image`1<T>> ImageFunctions::bilateral(System.Double,System.Double)
DA:244,1
DA:245,1
DA:246,1
DA:247,1
DA:248,1
DA:249,1
DA:250,2
FN:252,Image/Image`1<T> ImageFunctions::gradientMagnitude(Image/Image`1<T>)
FNDA:3,Image/Image`1<T> ImageFunctions::gradientMagnitude(Image/Image`1<T>)
DA:253,3
FN:255,Image/Image`1<T> ImageFunctions::sobelEdge(Image/Image`1<T>)
FNDA:3,Image/Image`1<T> ImageFunctions::sobelEdge(Image/Image`1<T>)
DA:256,3
FN:258,Image/Image`1<T> ImageFunctions::laplacian(Image/Image`1<T>)
FNDA:3,Image/Image`1<T> ImageFunctions::laplacian(Image/Image`1<T>)
DA:259,3
FN:261,Image/Image`1<System.Byte> ImageFunctions::equalImage(Image/Image`1<T>,Image/Image`1<T>)
FNDA:1,Image/Image`1<System.Byte> ImageFunctions::equalImage(Image/Image`1<T>,Image/Image`1<T>)
DA:262,1
DA:263,1
FN:265,Image/Image`1<System.Byte> ImageFunctions::notEqualImage(Image/Image`1<T>,Image/Image`1<T>)
FNDA:1,Image/Image`1<System.Byte> ImageFunctions::notEqualImage(Image/Image`1<T>,Image/Image`1<T>)
DA:266,1
DA:267,1
FN:269,Image/Image`1<System.Byte> ImageFunctions::greaterImage(Image/Image`1<T>,Image/Image`1<T>)
FNDA:1,Image/Image`1<System.Byte> ImageFunctions::greaterImage(Image/Image`1<T>,Image/Image`1<T>)
DA:270,1
DA:271,1
FN:273,Image/Image`1<System.Byte> ImageFunctions::greaterEqualImage(Image/Image`1<T>,Image/Image`1<T>)
FNDA:1,Image/Image`1<System.Byte> ImageFunctions::greaterEqualImage(Image/Image`1<T>,Image/Image`1<T>)
DA:274,1
DA:275,1
FN:277,Image/Image`1<System.Byte> ImageFunctions::lessImage(Image/Image`1<T>,Image/Image`1<T>)
FNDA:1,Image/Image`1<System.Byte> ImageFunctions::lessImage(Image/Image`1<T>,Image/Image`1<T>)
DA:278,1
DA:279,1
FN:281,Image/Image`1<System.Byte> ImageFunctions::lessEqualImage(Image/Image`1<T>,Image/Image`1<T>)
FNDA:1,Image/Image`1<System.Byte> ImageFunctions::lessEqualImage(Image/Image`1<T>,Image/Image`1<T>)
DA:282,1
DA:283,1
FN:285,Image/Image`1<System.Byte> ImageFunctions::andImage(Image/Image`1<System.Byte>,Image/Image`1<System.Byte>)
FNDA:1,Image/Image`1<System.Byte> ImageFunctions::andImage(Image/Image`1<System.Byte>,Image/Image`1<System.Byte>)
DA:286,1
DA:287,1
FN:289,Image/Image`1<System.Byte> ImageFunctions::orImage(Image/Image`1<System.Byte>,Image/Image`1<System.Byte>)
FNDA:1,Image/Image`1<System.Byte> ImageFunctions::orImage(Image/Image`1<System.Byte>,Image/Image`1<System.Byte>)
DA:290,1
DA:291,1
FN:293,Image/Image`1<System.Byte> ImageFunctions::xorImage(Image/Image`1<System.Byte>,Image/Image`1<System.Byte>)
FNDA:1,Image/Image`1<System.Byte> ImageFunctions::xorImage(Image/Image`1<System.Byte>,Image/Image`1<System.Byte>)
DA:294,1
DA:295,1
FN:297,Image/Image`1<System.Byte> ImageFunctions::notImage(Image/Image`1<System.Byte>)
FNDA:1,Image/Image`1<System.Byte> ImageFunctions::notImage(Image/Image`1<System.Byte>)
DA:298,1
DA:299,1
FN:301,Image/Image`1<T> ImageFunctions::mask(System.Double,Image/Image`1<T>,Image/Image`1<System.Byte>)
FNDA:1,Image/Image`1<T> ImageFunctions::mask(System.Double,Image/Image`1<T>,Image/Image`1<System.Byte>)
DA:302,1
DA:303,1
DA:304,1
FN:318,Image/Image`1<T> ImageFunctions::euler2DTransform(Image/Image`1<T>,System.Double,System.Double,System.Double,System.Double,System.Double)
FNDA:1,Image/Image`1<T> ImageFunctions::euler2DTransform(Image/Image`1<T>,System.Double,System.Double,System.Double,System.Double,System.Double)
DA:319,1
DA:320,1
DA:321,3
DA:322,3
DA:324,1
DA:325,1
DA:326,1
DA:327,1
DA:328,1
DA:329,1
FN:331,Image/Image`1<T> ImageFunctions::euler2DRotate(Image/Image`1<T>,System.Double,System.Double,System.Double)
FNDA:1,Image/Image`1<T> ImageFunctions::euler2DRotate(Image/Image`1<T>,System.Double,System.Double,System.Double)
DA:332,1
DA:333,1
DA:334,3
DA:336,1
DA:337,1
DA:338,1
DA:339,1
DA:340,1
DA:341,1
FN:343,Image/Image`1<T> ImageFunctions::resample2D(itk.simple.InterpolatorEnum,System.UInt32,System.UInt32,System.Double,System.Double,Image/Image`1<T>)
FNDA:2,Image/Image`1<T> ImageFunctions::resample2D(itk.simple.InterpolatorEnum,System.UInt32,System.UInt32,System.Double,System.Double,Image/Image`1<T>)
DA:344,2
DA:345,1
DA:347,1
DA:348,1
DA:349,3
DA:350,3
DA:351,3
DA:352,3
DA:353,1
DA:354,1
DA:355,1
DA:356,1
BRDA:344,9,0,1
BRDA:344,9,1,1
FN:362,itk.simple.Image ImageFunctions::convolve3(itk.simple.Image,itk.simple.Image,Microsoft.FSharp.Core.FSharpOption`1<ImageFunctions/OutputRegionMode>)
FNDA:39,itk.simple.Image ImageFunctions::convolve3(itk.simple.Image,itk.simple.Image,Microsoft.FSharp.Core.FSharpOption`1<ImageFunctions/OutputRegionMode>)
DA:363,39
DA:364,39
DA:366,13
DA:367,13
DA:368,13
DA:369,13
DA:372,13
DA:374,12
DA:375,12
DA:377,6
DA:378,4
DA:380,13
DA:381,52
DA:382,39
DA:383,13
BRDA:372,103,0,3
BRDA:372,103,1,12
BRDA:372,122,1,12
BRDA:372,122,0,1
FN:386,Microsoft.FSharp.Core.FSharpFunc`2<Image/Image`1<T>,Microsoft.FSharp.Core.FSharpFunc`2<Image/Image`1<T>,Image/Image`1<T>>> ImageFunctions::convolve(Microsoft.FSharp.Core.FSharpOption`1<ImageFunctions/OutputRegionMode>,Microsoft.FSharp.Core.FSharpOption`1<ImageFunctions/BoundaryCondition>)
FNDA:26,Microsoft.FSharp.Core.FSharpFunc`2<Image/Image`1<T>,Microsoft.FSharp.Core.FSharpFunc`2<Image/Image`1<T>,Image/Image`1<T>>> ImageFunctions::convolve(Microsoft.FSharp.Core.FSharpOption`1<ImageFunctions/OutputRegionMode>,Microsoft.FSharp.Core.FSharpOption`1<ImageFunctions/BoundaryCondition>)
DA:387,26
DA:388,26
DA:389,26
DA:390,26
DA:391,26
DA:392,26
DA:393,10
DA:394,42
DA:395,26
DA:396,26
DA:397,0
DA:398,0
DA:399,52
DA:400,26
DA:401,26
DA:402,26
DA:403,0
DA:404,26
DA:405,26
DA:406,26
DA:407,26
DA:408,0
DA:409,26
DA:410,26
DA:411,26
DA:412,0
DA:413,78
DA:414,78
DA:415,26
DA:416,91
DA:417,3
DA:418,26
DA:419,62
DA:420,12
DA:421,53
DA:422,6
DA:423,5
DA:424,1
DA:425,26
DA:426,4
DA:427,23
DA:428,26
FN:429,Image/Image`1<T> ImageFunctions::conv(Image/Image`1<T>,Image/Image`1<T>)
FNDA:3,Image/Image`1<T> ImageFunctions::conv(Image/Image`1<T>,Image/Image`1<T>)
DA:430,3
FN:431,System.UInt32 ImageFunctions::defaultGaussWindowSize(System.Double)
FNDA:2,System.UInt32 ImageFunctions::defaultGaussWindowSize(System.Double)
DA:432,2
FN:435,Image/Image`1<T> ImageFunctions::gauss(System.UInt32,System.Double,Microsoft.FSharp.Core.FSharpOption`1<System.UInt32>)
FNDA:2,Image/Image`1<T> ImageFunctions::gauss(System.UInt32,System.Double,Microsoft.FSharp.Core.FSharpOption`1<System.UInt32>)
DA:436,2
DA:437,2
DA:438,6
DA:439,2
DA:441,6
DA:442,2
DA:443,2
DA:444,2
BRDA:437,18,1,2
BRDA:437,18,0,0
FN:447,Microsoft.FSharp.Collections.FSharpList`1<System.Double> ImageFunctions::stensil(System.UInt32)
FNDA:69,Microsoft.FSharp.Collections.FSharpList`1<System.Double> ImageFunctions::stensil(System.UInt32)
DA:448,69
DA:449,47
DA:450,36
DA:451,27
DA:452,18
DA:453,0
DA:454,0
BRDA:448,3,0,16
BRDA:448,3,1,37
BRDA:449,76,0,10
BRDA:449,76,1,27
BRDA:450,129,0,9
BRDA:450,129,1,18
BRDA:451,230,0,9
BRDA:451,230,1,9
BRDA:452,311,0,9
BRDA:452,311,1,0
BRDA:453,463,0,0
BRDA:453,463,1,0
FN:456,Image/Image`1<System.Double> ImageFunctions::finiteDiffFilter2D(System.UInt32,System.UInt32)
FNDA:10,Image/Image`1<System.Double> ImageFunctions::finiteDiffFilter2D(System.UInt32,System.UInt32)
DA:457,10
DA:458,10
DA:460,10
DA:461,28
DA:463,28
DA:464,10
BRDA:460,16,0,5
BRDA:460,16,1,5
FN:466,Image/Image`1<System.Double> ImageFunctions::finiteDiffFilter3D(System.UInt32,System.UInt32)
FNDA:23,Image/Image`1<System.Double> ImageFunctions::finiteDiffFilter3D(System.UInt32,System.UInt32)
DA:467,23
DA:468,23
DA:470,23
DA:471,40
DA:472,15
DA:473,36
DA:475,40
DA:476,23
BRDA:470,16,0,8
BRDA:470,16,1,15
BRDA:472,38,0,7
BRDA:472,38,1,8
FN:478,Image/Image`1<Microsoft.FSharp.Collections.FSharpList`1<System.Double>> ImageFunctions::gradientVector3D(System.UInt32,Image/Image`1<System.Double>)
FNDA:2,Image/Image`1<Microsoft.FSharp.Collections.FSharpList`1<System.Double>> ImageFunctions::gradientVector3D(System.UInt32,Image/Image`1<System.Double>)
DA:479,2
DA:480,1
DA:489,2
DA:490,1
DA:491,1
DA:492,1
DA:493,5
BRDA:479,8,0,1
BRDA:479,8,1,1
BRDA:493,178,1,3
BRDA:493,178,0,1
FN:495,Image/Image`1<System.Double> ImageFunctions::finiteDiffFilter4D(System.UInt32,System.UInt32)
FNDA:20,Image/Image`1<System.Double> ImageFunctions::finiteDiffFilter4D(System.UInt32,System.UInt32)
DA:496,20
DA:497,20
DA:499,20
DA:500,28
DA:501,15
DA:502,28
DA:503,10
DA:504,28
DA:506,28
DA:507,20
BRDA:499,16,0,5
BRDA:499,16,1,15
BRDA:501,39,0,5
BRDA:501,39,1,10
BRDA:503,62,0,5
BRDA:503,62,1,5
FN:510,Image/Image`1<T> ImageFunctions::discreteGaussian(System.UInt32,System.Double,Microsoft.FSharp.Core.FSharpOption`1<System.UInt32>,Microsoft.FSharp.Core.FSharpOption`1<ImageFunctions/OutputRegionMode>,Microsoft.FSharp.Core.FSharpOption`1<ImageFunctions/BoundaryCondition>,Image/Image`1<T>)
FNDA:2,Image/Image`1<T> ImageFunctions::discreteGaussian(System.UInt32,System.Double,Microsoft.FSharp.Core.FSharpOption`1<System.UInt32>,Microsoft.FSharp.Core.FSharpOption`1<ImageFunctions/OutputRegionMode>,Microsoft.FSharp.Core.FSharpOption`1<ImageFunctions/BoundaryCondition>,Image/Image`1<T>)
DA:511,2
DA:512,2
DA:513,2
DA:514,2
FN:517,Microsoft.FSharp.Core.FSharpFunc`2<Image/Image`1<T>,Image/Image`1<T>> ImageFunctions::gradientConvolve(System.UInt32,System.UInt32)
FNDA:1,Microsoft.FSharp.Core.FSharpFunc`2<Image/Image`1<T>,Image/Image`1<T>> ImageFunctions::gradientConvolve(System.UInt32,System.UInt32)
DA:518,1
DA:519,1
DA:520,1
DA:521,1
DA:522,1
DA:523,1
DA:524,2
FN:528,Microsoft.FSharp.Core.FSharpFunc`2<Image/Image`1<System.Byte>,Image/Image`1<System.Byte>> ImageFunctions::binaryErode(System.UInt32)
FNDA:1,Microsoft.FSharp.Core.FSharpFunc`2<Image/Image`1<System.Byte>,Image/Image`1<System.Byte>> ImageFunctions::binaryErode(System.UInt32)
DA:529,1
DA:530,1
DA:531,1
DA:532,1
DA:533,2
FN:536,Microsoft.FSharp.Core.FSharpFunc`2<Image/Image`1<System.Byte>,Image/Image`1<System.Byte>> ImageFunctions::binaryDilate(System.UInt32)
FNDA:1,Microsoft.FSharp.Core.FSharpFunc`2<Image/Image`1<System.Byte>,Image/Image`1<System.Byte>> ImageFunctions::binaryDilate(System.UInt32)
DA:537,1
DA:538,1
DA:539,1
DA:540,1
DA:541,2
FN:544,Microsoft.FSharp.Core.FSharpFunc`2<Image/Image`1<System.Byte>,Image/Image`1<System.Byte>> ImageFunctions::binaryOpening(System.UInt32)
FNDA:1,Microsoft.FSharp.Core.FSharpFunc`2<Image/Image`1<System.Byte>,Image/Image`1<System.Byte>> ImageFunctions::binaryOpening(System.UInt32)
DA:545,1
DA:546,1
DA:547,1
DA:548,1
DA:549,2
FN:552,Microsoft.FSharp.Core.FSharpFunc`2<Image/Image`1<System.Byte>,Image/Image`1<System.Byte>> ImageFunctions::binaryClosing(System.UInt32)
FNDA:1,Microsoft.FSharp.Core.FSharpFunc`2<Image/Image`1<System.Byte>,Image/Image`1<System.Byte>> ImageFunctions::binaryClosing(System.UInt32)
DA:553,1
DA:554,1
DA:555,1
DA:556,1
DA:557,2
FN:559,Microsoft.FSharp.Core.FSharpFunc`2<Image/Image`1<T>,Image/Image`1<T>> ImageFunctions::grayscaleErode(System.UInt32)
FNDA:0,Microsoft.FSharp.Core.FSharpFunc`2<Image/Image`1<T>,Image/Image`1<T>> ImageFunctions::grayscaleErode(System.UInt32)
DA:560,0
DA:561,0
DA:562,0
DA:563,0
DA:564,0
FN:566,Microsoft.FSharp.Core.FSharpFunc`2<Image/Image`1<T>,Image/Image`1<T>> ImageFunctions::grayscaleDilate(System.UInt32)
FNDA:0,Microsoft.FSharp.Core.FSharpFunc`2<Image/Image`1<T>,Image/Image`1<T>> ImageFunctions::grayscaleDilate(System.UInt32)
DA:567,0
DA:568,0
DA:569,0
DA:570,0
DA:571,0
FN:573,Microsoft.FSharp.Core.FSharpFunc`2<Image/Image`1<T>,Image/Image`1<T>> ImageFunctions::grayscaleOpening(System.UInt32)
FNDA:0,Microsoft.FSharp.Core.FSharpFunc`2<Image/Image`1<T>,Image/Image`1<T>> ImageFunctions::grayscaleOpening(System.UInt32)
DA:574,0
DA:575,0
DA:576,0
DA:577,0
DA:578,0
FN:580,Microsoft.FSharp.Core.FSharpFunc`2<Image/Image`1<T>,Image/Image`1<T>> ImageFunctions::grayscaleClosing(System.UInt32)
FNDA:0,Microsoft.FSharp.Core.FSharpFunc`2<Image/Image`1<T>,Image/Image`1<T>> ImageFunctions::grayscaleClosing(System.UInt32)
DA:581,0
DA:582,0
DA:583,0
DA:584,0
DA:585,0
FN:587,Microsoft.FSharp.Core.FSharpFunc`2<Image/Image`1<T>,Image/Image`1<T>> ImageFunctions::whiteTopHat(System.UInt32)
FNDA:0,Microsoft.FSharp.Core.FSharpFunc`2<Image/Image`1<T>,Image/Image`1<T>> ImageFunctions::whiteTopHat(System.UInt32)
DA:588,0
DA:589,0
DA:590,0
DA:591,0
DA:592,0
FN:594,Microsoft.FSharp.Core.FSharpFunc`2<Image/Image`1<T>,Image/Image`1<T>> ImageFunctions::blackTopHat(System.UInt32)
FNDA:0,Microsoft.FSharp.Core.FSharpFunc`2<Image/Image`1<T>,Image/Image`1<T>> ImageFunctions::blackTopHat(System.UInt32)
DA:595,0
DA:596,0
DA:597,0
DA:598,0
DA:599,0
FN:601,Microsoft.FSharp.Core.FSharpFunc`2<Image/Image`1<T>,Image/Image`1<T>> ImageFunctions::morphologicalGradient(System.UInt32)
FNDA:0,Microsoft.FSharp.Core.FSharpFunc`2<Image/Image`1<T>,Image/Image`1<T>> ImageFunctions::morphologicalGradient(System.UInt32)
DA:602,0
DA:603,0
DA:604,0
DA:605,0
DA:606,0
FN:609,Image/Image`1<System.Byte> ImageFunctions::binaryFillHoles(Image/Image`1<System.Byte>)
FNDA:1,Image/Image`1<System.Byte> ImageFunctions::binaryFillHoles(Image/Image`1<System.Byte>)
DA:610,1
DA:611,1
FN:613,Microsoft.FSharp.Core.FSharpFunc`2<Image/Image`1<System.Byte>,Image/Image`1<System.Byte>> ImageFunctions::binaryContour(System.Boolean)
FNDA:0,Microsoft.FSharp.Core.FSharpFunc`2<Image/Image`1<System.Byte>,Image/Image`1<System.Byte>> ImageFunctions::binaryContour(System.Boolean)
DA:614,0
DA:615,0
DA:616,0
DA:617,0
DA:618,0
FN:620,Image/Image`1<System.Byte> ImageFunctions::binaryThinning(Image/Image`1<System.Byte>)
FNDA:0,Image/Image`1<System.Byte> ImageFunctions::binaryThinning(Image/Image`1<System.Byte>)
DA:621,0
DA:622,0
FN:624,Microsoft.FSharp.Core.FSharpFunc`2<Image/Image`1<System.Byte>,Image/Image`1<System.Byte>> ImageFunctions::binaryMedian(System.UInt32)
FNDA:0,Microsoft.FSharp.Core.FSharpFunc`2<Image/Image`1<System.Byte>,Image/Image`1<System.Byte>> ImageFunctions::binaryMedian(System.UInt32)
DA:625,0
DA:626,0
DA:627,0
DA:628,0
DA:629,0
FN:631,Microsoft.FSharp.Core.FSharpFunc`2<Image/Image`1<System.Byte>,Image/Image`1<System.Byte>> ImageFunctions::binaryOpeningByReconstruction(System.UInt32,System.Boolean)
FNDA:0,Microsoft.FSharp.Core.FSharpFunc`2<Image/Image`1<System.Byte>,Image/Image`1<System.Byte>> ImageFunctions::binaryOpeningByReconstruction(System.UInt32,System.Boolean)
DA:632,0
DA:633,0
DA:634,0
DA:635,0
DA:636,0
DA:637,0
DA:638,0
FN:640,Microsoft.FSharp.Core.FSharpFunc`2<Image/Image`1<System.Byte>,Image/Image`1<System.Byte>> ImageFunctions::binaryClosingByReconstruction(System.UInt32,System.Boolean)
FNDA:0,Microsoft.FSharp.Core.FSharpFunc`2<Image/Image`1<System.Byte>,Image/Image`1<System.Byte>> ImageFunctions::binaryClosingByReconstruction(System.UInt32,System.Boolean)
DA:641,0
DA:642,0
DA:643,0
DA:644,0
DA:645,0
DA:646,0
DA:647,0
FN:649,Image/Image`1<System.Byte> ImageFunctions::binaryReconstructionByDilation(System.Boolean,Image/Image`1<System.Byte>,Image/Image`1<System.Byte>)
FNDA:0,Image/Image`1<System.Byte> ImageFunctions::binaryReconstructionByDilation(System.Boolean,Image/Image`1<System.Byte>,Image/Image`1<System.Byte>)
DA:650,0
DA:651,0
DA:652,0
FN:654,Image/Image`1<System.Byte> ImageFunctions::binaryReconstructionByErosion(System.Boolean,Image/Image`1<System.Byte>,Image/Image`1<System.Byte>)
FNDA:0,Image/Image`1<System.Byte> ImageFunctions::binaryReconstructionByErosion(System.Boolean,Image/Image`1<System.Byte>,Image/Image`1<System.Byte>)
DA:655,0
DA:656,0
DA:657,0
FN:659,Microsoft.FSharp.Core.FSharpFunc`2<Image/Image`1<System.Byte>,Image/Image`1<System.Byte>> ImageFunctions::votingBinaryHoleFilling(System.UInt32,System.UInt32)
FNDA:0,Microsoft.FSharp.Core.FSharpFunc`2<Image/Image`1<System.Byte>,Image/Image`1<System.Byte>> ImageFunctions::votingBinaryHoleFilling(System.UInt32,System.UInt32)
DA:660,0
DA:661,0
DA:662,0
DA:663,0
DA:664,0
DA:665,0
DA:666,0
FN:674,ImageFunctions/ConnectedComponentsResult ImageFunctions::connectedComponents(Image/Image`1<System.Byte>)
FNDA:2,ImageFunctions/ConnectedComponentsResult ImageFunctions::connectedComponents(Image/Image`1<System.Byte>)
DA:675,2
DA:676,2
DA:677,2
FN:680,Microsoft.FSharp.Core.FSharpFunc`2<Image/Image`1<T>,Image/Image`1<T>> ImageFunctions::relabelComponents(System.UInt32)
FNDA:1,Microsoft.FSharp.Core.FSharpFunc`2<Image/Image`1<T>,Image/Image`1<T>> ImageFunctions::relabelComponents(System.UInt32)
DA:681,1
DA:682,1
DA:683,1
DA:684,1
DA:685,2
FN:716,Microsoft.FSharp.Collections.FSharpMap`2<System.Int64,ImageFunctions/LabelShapeStatistics> ImageFunctions::labelShapeStatistics(Image/Image`1<T>)
FNDA:1,Microsoft.FSharp.Collections.FSharpMap`2<System.Int64,ImageFunctions/LabelShapeStatistics> ImageFunctions::labelShapeStatistics(Image/Image`1<T>)
DA:717,1
DA:718,1
DA:719,1
DA:720,1
DA:721,2
DA:722,2
DA:723,2
DA:724,4
DA:725,4
DA:726,2
DA:727,2
DA:728,2
DA:729,4
DA:730,2
DA:731,2
DA:732,2
DA:733,2
DA:734,2
DA:735,4
DA:736,4
DA:737,4
DA:738,4
DA:739,2
DA:740,2
DA:741,2
DA:742,4
DA:743,4
DA:744,4
DA:745,2
DA:746,2
DA:747,2
DA:748,2
DA:749,1
DA:750,1
FN:770,Microsoft.FSharp.Collections.FSharpMap`2<System.Int64,ImageFunctions/LabelIntensityStatistics> ImageFunctions::labelIntensityStatistics(Image/Image`1<L>,Image/Image`1<T>)
FNDA:0,Microsoft.FSharp.Collections.FSharpMap`2<System.Int64,ImageFunctions/LabelIntensityStatistics> ImageFunctions::labelIntensityStatistics(Image/Image`1<L>,Image/Image`1<T>)
DA:771,0
DA:772,0
DA:773,0
DA:774,0
DA:775,0
DA:776,0
DA:777,0
DA:778,0
DA:779,0
DA:780,0
DA:781,0
DA:782,0
DA:783,0
DA:784,0
DA:785,0
DA:786,0
DA:787,0
DA:788,0
DA:789,0
DA:790,0
DA:791,0
FN:804,ImageFunctions/LabelOverlapMeasures ImageFunctions::labelOverlapMeasures(Image/Image`1<T>,Image/Image`1<T>)
FNDA:0,ImageFunctions/LabelOverlapMeasures ImageFunctions::labelOverlapMeasures(Image/Image`1<T>,Image/Image`1<T>)
DA:805,0
DA:806,0
DA:807,0
DA:808,0
DA:809,0
DA:810,0
DA:811,0
DA:812,0
DA:813,0
DA:814,0
FN:816,Microsoft.FSharp.Core.FSharpFunc`2<Image/Image`1<T>,Image/Image`1<T>> ImageFunctions::labelContour(System.Boolean)
FNDA:0,Microsoft.FSharp.Core.FSharpFunc`2<Image/Image`1<T>,Image/Image`1<T>> ImageFunctions::labelContour(System.Boolean)
DA:817,0
DA:818,0
DA:819,0
DA:820,0
DA:821,0
FN:823,Microsoft.FSharp.Core.FSharpFunc`2<Image/Image`1<T>,Image/Image`1<T>> ImageFunctions::changeLabel(System.Double,System.Double)
FNDA:0,Microsoft.FSharp.Core.FSharpFunc`2<Image/Image`1<T>,Image/Image`1<T>> ImageFunctions::changeLabel(System.Double,System.Double)
DA:824,0
DA:825,0
DA:826,0
DA:827,0
DA:828,0
DA:829,0
DA:830,0
DA:831,0
FN:838,Image/Image`1<System.Double> ImageFunctions::signedDistanceMap(System.Byte,System.Byte,Image/Image`1<System.Byte>)
FNDA:2,Image/Image`1<System.Double> ImageFunctions::signedDistanceMap(System.Byte,System.Byte,Image/Image`1<System.Byte>)
DA:839,2
DA:840,2
DA:841,2
DA:842,2
FN:844,Image/Image`1<System.Double> ImageFunctions::bandSignedDistanceMap(System.UInt32,Image/Image`1<System.Byte>)
FNDA:1,Image/Image`1<System.Double> ImageFunctions::bandSignedDistanceMap(System.UInt32,Image/Image`1<System.Byte>)
DA:845,1
DA:846,0
DA:848,1
DA:849,19
DA:852,1
DA:853,1
DA:854,1
DA:855,1
DA:857,1
DA:858,1
DA:859,19
DA:860,1
DA:861,1
BRDA:845,2,0,0
BRDA:845,2,1,1
FN:864,Microsoft.FSharp.Core.FSharpFunc`2<Image/Image`1<T>,Image/Image`1<T>> ImageFunctions::watershed(System.Double)
FNDA:1,Microsoft.FSharp.Core.FSharpFunc`2<Image/Image`1<T>,Image/Image`1<T>> ImageFunctions::watershed(System.Double)
DA:865,1
DA:866,1
DA:867,1
DA:868,1
DA:869,1
DA:870,1
DA:871,2
FN:885,ImageFunctions/ImageStats ImageFunctions::computeStats(Image/Image`1<T>)
FNDA:3,ImageFunctions/ImageStats ImageFunctions::computeStats(Image/Image`1<T>)
DA:886,3
DA:887,3
DA:888,3
DA:889,6
DA:890,3
DA:891,3
DA:892,3
DA:893,3
DA:894,3
DA:895,3
DA:896,3
FN:899,ImageFunctions/ImageStats ImageFunctions::addComputeStats(ImageFunctions/ImageStats,ImageFunctions/ImageStats)
FNDA:5,ImageFunctions/ImageStats ImageFunctions::addComputeStats(ImageFunctions/ImageStats,ImageFunctions/ImageStats)
DA:900,5
DA:901,1
DA:902,1
DA:903,1
DA:904,1
DA:905,1
DA:906,1
DA:907,1
DA:908,2
DA:909,1
DA:910,1
DA:911,1
DA:912,1
DA:913,1
DA:914,1
DA:915,1
FN:918,Microsoft.FSharp.Collections.FSharpList`1<T> ImageFunctions::unique(Image/Image`1<T>)
FNDA:4,Microsoft.FSharp.Collections.FSharpList`1<T> ImageFunctions::unique(Image/Image`1<T>)
DA:919,4
DA:920,4
DA:921,4
DA:922,4
FN:924,Microsoft.FSharp.Collections.FSharpList`1<System.Double> ImageFunctions::valuesFromImages(System.UInt32,Microsoft.FSharp.Collections.FSharpList`1<Image/Image`1<T>>,a)
FNDA:2,Microsoft.FSharp.Collections.FSharpList`1<System.Double> ImageFunctions::valuesFromImages(System.UInt32,Microsoft.FSharp.Collections.FSharpList`1<Image/Image`1<T>>,a)
DA:925,2
DA:926,0
DA:927,2
DA:928,0
DA:932,2
DA:933,2
DA:934,2
DA:935,2
DA:936,2
DA:937,4
DA:939,2
DA:940,0
DA:941,2
BRDA:925,3,0,0
BRDA:925,3,1,2
BRDA:927,63,0,0
BRDA:927,63,1,2
BRDA:939,150,0,0
BRDA:939,150,1,2
FN:943,System.Tuple`4<System.Double,System.Double,System.Double,System.UInt64[]> ImageFunctions::binnedHistogram(System.UInt32,Microsoft.FSharp.Collections.FSharpList`1<System.Double>)
FNDA:4,System.Tuple`4<System.Double,System.Double,System.Double,System.UInt64[]> ImageFunctions::binnedHistogram(System.UInt32,Microsoft.FSharp.Collections.FSharpList`1<System.Double>)
DA:944,4
DA:945,4
DA:946,2
DA:947,0
DA:949,2
DA:950,2
DA:951,2
DA:952,2
DA:953,2
DA:954,2
DA:955,11
DA:956,5
DA:957,2
DA:958,6
DA:959,6
DA:960,6
DA:961,13
DA:962,2
BRDA:944,10,1,0
BRDA:944,10,0,2
BRDA:944,111,1,9
BRDA:944,86,0,0
BRDA:944,86,1,9
BRDA:944,111,0,2
BRDA:945,131,1,0
BRDA:945,131,0,2
BRDA:945,236,1,9
BRDA:945,211,0,3
BRDA:945,211,1,6
BRDA:945,236,0,2
BRDA:946,249,0,0
BRDA:946,249,1,2
BRDA:961,458,1,11
BRDA:955,354,0,5
BRDA:955,354,1,6
BRDA:959,384,0,1
BRDA:959,384,1,5
BRDA:960,410,0,0
BRDA:960,410,1,6
BRDA:961,458,0,2
FN:964,Microsoft.FSharp.Collections.FSharpList`1<System.Tuple`2<System.Double,System.UInt64>> ImageFunctions::orderedHistogramValues(Microsoft.FSharp.Collections.FSharpMap`2<T,System.UInt64>,a)
FNDA:0,Microsoft.FSharp.Collections.FSharpList`1<System.Tuple`2<System.Double,System.UInt64>> ImageFunctions::orderedHistogramValues(Microsoft.FSharp.Collections.FSharpMap`2<T,System.UInt64>,a)
DA:965,0
DA:966,0
DA:969,0
DA:970,0
DA:971,0
DA:972,0
DA:973,0
DA:974,0
DA:975,0
DA:976,0
DA:978,0
DA:979,0
DA:981,0
BRDA:965,7,0,0
BRDA:965,7,1,0
BRDA:978,104,0,0
BRDA:978,104,1,0
FN:983,System.Double ImageFunctions::otsuThresholdFromHistogram(Microsoft.FSharp.Collections.FSharpMap`2<T,System.UInt64>)
FNDA:0,System.Double ImageFunctions::otsuThresholdFromHistogram(Microsoft.FSharp.Collections.FSharpMap`2<T,System.UInt64>)
DA:984,0
DA:985,0
DA:986,0
DA:988,0
DA:989,0
DA:990,0
DA:991,0
DA:992,0
DA:993,0
DA:995,0
DA:996,0
DA:997,0
DA:998,0
DA:999,0
DA:1000,0
DA:1001,0
DA:1002,0
DA:1003,0
DA:1004,0
DA:1005,0
DA:1006,0
DA:1007,0
DA:1009,0
BRDA:985,20,0,0
BRDA:985,35,0,0
BRDA:985,20,1,0
BRDA:985,35,1,0
BRDA:988,90,0,0
BRDA:988,90,1,0
BRDA:988,168,1,0
BRDA:988,168,0,0
BRDA:989,189,0,0
BRDA:989,189,1,0
BRDA:989,287,1,0
BRDA:989,287,0,0
BRDA:995,358,0,0
BRDA:995,600,1,0
BRDA:1000,433,0,0
BRDA:1000,433,1,0
BRDA:1000,453,0,0
BRDA:1003,497,0,0
BRDA:1003,497,1,0
BRDA:1004,541,0,0
BRDA:1004,541,1,0
BRDA:1000,453,1,0
BRDA:995,358,1,0
BRDA:995,600,0,0
FN:1011,System.Double ImageFunctions::otsuThresholdFromImages(System.UInt32,Microsoft.FSharp.Collections.FSharpList`1<Image/Image`1<a>>)
FNDA:1,System.Double ImageFunctions::otsuThresholdFromImages(System.UInt32,Microsoft.FSharp.Collections.FSharpList`1<Image/Image`1<a>>)
DA:1012,1
DA:1013,1
DA:1014,1
DA:1015,0
DA:1017,1
DA:1018,2
DA:1020,1
DA:1021,257
DA:1022,1
DA:1024,1
DA:1025,1
DA:1026,1
DA:1027,1
DA:1029,256
DA:1030,255
DA:1031,255
DA:1032,255
DA:1033,255
DA:1034,765
DA:1035,255
DA:1036,255
DA:1037,255
DA:1038,255
DA:1039,1
DA:1040,1
DA:1042,1
BRDA:1014,57,0,0
BRDA:1014,57,1,1
BRDA:1018,82,0,0
BRDA:1018,82,1,1
BRDA:1018,140,1,256
BRDA:1018,140,0,1
BRDA:1022,175,0,0
BRDA:1022,175,1,1
BRDA:1022,239,1,256
BRDA:1022,239,0,1
BRDA:1029,294,0,255
BRDA:1029,496,1,255
BRDA:1034,362,0,255
BRDA:1034,362,1,0
BRDA:1034,382,0,255
BRDA:1037,423,0,255
BRDA:1037,423,1,0
BRDA:1038,467,0,1
BRDA:1038,467,1,254
BRDA:1034,382,1,0
BRDA:1029,294,1,1
BRDA:1029,496,0,1
FN:1045,Image/Image`1<System.Byte> ImageFunctions::otsuThreshold(Image/Image`1<T>)
FNDA:1,Image/Image`1<System.Byte> ImageFunctions::otsuThreshold(Image/Image`1<T>)
DA:1046,1
DA:1047,1
DA:1048,1
DA:1049,1
DA:1050,1
DA:1051,1
DA:1052,1
FN:1055,Image/Image`1<System.Byte> ImageFunctions::otsuMultiThreshold(System.Byte,Image/Image`1<T>)
FNDA:1,Image/Image`1<System.Byte> ImageFunctions::otsuMultiThreshold(System.Byte,Image/Image`1<T>)
DA:1056,1
DA:1057,1
DA:1058,1
FN:1061,System.Double ImageFunctions::momentsThresholdFromHistogram(Microsoft.FSharp.Collections.FSharpMap`2<T,System.UInt64>)
FNDA:0,System.Double ImageFunctions::momentsThresholdFromHistogram(Microsoft.FSharp.Collections.FSharpMap`2<T,System.UInt64>)
DA:1062,0
DA:1063,0
DA:1064,0
DA:1066,0
DA:1072,0
DA:1073,0
DA:1074,0
DA:1075,0
DA:1076,0
DA:1078,0
DA:1079,0
DA:1081,0
DA:1082,0
DA:1083,0
DA:1085,0
DA:1086,0
DA:1088,0
DA:1089,0
DA:1090,0
DA:1091,0
DA:1093,0
DA:1094,0
DA:1096,0
DA:1097,0
DA:1098,0
DA:1099,0
DA:1100,0
DA:1102,0
DA:1103,0
DA:1104,0
DA:1105,0
DA:1106,0
DA:1107,0
DA:1108,0
DA:1109,0
DA:1110,0
DA:1111,0
DA:1112,0
DA:1114,0
BRDA:1063,20,0,0
BRDA:1063,35,0,0
BRDA:1063,20,1,0
BRDA:1063,35,1,0
BRDA:1066,90,0,0
BRDA:1066,90,1,0
BRDA:1066,168,1,0
BRDA:1066,168,0,0
BRDA:1078,282,0,0
BRDA:1078,282,1,0
BRDA:1085,352,0,0
BRDA:1085,352,1,0
BRDA:1093,428,0,0
BRDA:1093,428,1,0
BRDA:1102,546,0,0
BRDA:1102,676,1,0
BRDA:1104,586,0,0
BRDA:1106,602,0,0
BRDA:1108,616,0,0
BRDA:1108,616,1,0
BRDA:1106,602,1,0
BRDA:1104,586,1,0
BRDA:1102,546,1,0
BRDA:1102,676,0,0
FN:1116,System.Double ImageFunctions::momentsThresholdFromImages(System.UInt32,Microsoft.FSharp.Collections.FSharpList`1<Image/Image`1<a>>)
FNDA:1,System.Double ImageFunctions::momentsThresholdFromImages(System.UInt32,Microsoft.FSharp.Collections.FSharpList`1<Image/Image`1<a>>)
DA:1117,1
DA:1118,1
DA:1119,1
DA:1120,0
DA:1122,1
DA:1123,2
DA:1130,1
DA:1131,1
DA:1132,1
DA:1133,1
DA:1134,1
DA:1136,1
DA:1137,0
DA:1139,1
DA:1140,1
DA:1141,1
DA:1143,1
DA:1144,0
DA:1146,1
DA:1147,1
DA:1148,1
DA:1149,1
DA:1151,1
DA:1152,0
DA:1154,3
DA:1155,1
DA:1156,1
DA:1157,1
DA:1158,1
DA:1160,257
DA:1161,256
DA:1162,101
DA:1163,101
DA:1164,1
DA:1165,1
DA:1167,1
BRDA:1119,57,0,0
BRDA:1119,57,1,1
BRDA:1123,82,0,0
BRDA:1123,82,1,1
BRDA:1123,140,1,256
BRDA:1123,140,0,1
BRDA:1136,254,0,0
BRDA:1136,254,1,1
BRDA:1143,338,0,0
BRDA:1143,338,1,1
BRDA:1151,428,0,0
BRDA:1151,428,1,1
BRDA:1160,549,0,256
BRDA:1160,609,1,256
BRDA:1161,558,0,101
BRDA:1163,581,0,1
BRDA:1163,581,1,100
BRDA:1161,558,1,155
BRDA:1160,549,1,1
BRDA:1160,609,0,1
FN:1169,Image/Image`1<System.Byte> ImageFunctions::momentsThreshold(Image/Image`1<T>)
FNDA:1,Image/Image`1<System.Byte> ImageFunctions::momentsThreshold(Image/Image`1<T>)
DA:1170,1
DA:1171,1
DA:1172,1
DA:1173,1
DA:1174,1
DA:1175,1
DA:1176,1
FN:1180,Image/Image`1<System.UInt32> ImageFunctions::generateCoordinateAxis(System.Int32,Microsoft.FSharp.Collections.FSharpList`1<System.Int32>)
FNDA:9,Image/Image`1<System.UInt32> ImageFunctions::generateCoordinateAxis(System.Int32,Microsoft.FSharp.Collections.FSharpList`1<System.Int32>)
DA:1181,9
DA:1192,3
DA:1193,3
DA:1194,24
DA:1195,72
DA:1196,27
DA:1198,3
BRDA:1196,134,1,24
BRDA:1196,134,0,3
FN:1200,Microsoft.FSharp.Collections.FSharpMap`2<T,System.UInt64> ImageFunctions::histogram(Image/Image`1<T>)
FNDA:3,Microsoft.FSharp.Collections.FSharpMap`2<T,System.UInt64> ImageFunctions::histogram(Image/Image`1<T>)
DA:1201,3
DA:1202,3
DA:1203,3
DA:1204,3
DA:1205,14
DA:1206,14
DA:1207,14
DA:1208,7
DA:1209,7
DA:1210,14
DA:1211,3
FN:1213,Microsoft.FSharp.Collections.FSharpMap`2<T,System.UInt64> ImageFunctions::addHistogram(Microsoft.FSharp.Collections.FSharpMap`2<T,System.UInt64>,Microsoft.FSharp.Collections.FSharpMap`2<T,System.UInt64>)
FNDA:1,Microsoft.FSharp.Collections.FSharpMap`2<T,System.UInt64> ImageFunctions::addHistogram(Microsoft.FSharp.Collections.FSharpMap`2<T,System.UInt64>,Microsoft.FSharp.Collections.FSharpMap`2<T,System.UInt64>)
DA:1214,1
DA:1215,1
DA:1216,2
DA:1217,2
DA:1218,2
DA:1219,2
DA:1220,2
DA:1221,2
DA:1222,1
DA:1223,1
FN:1225,Microsoft.FSharp.Collections.FSharpList`1<System.Tuple`2<T,S>> ImageFunctions::map2pairs(Microsoft.FSharp.Collections.FSharpMap`2<T,S>)
FNDA:0,Microsoft.FSharp.Collections.FSharpList`1<System.Tuple`2<T,S>> ImageFunctions::map2pairs(Microsoft.FSharp.Collections.FSharpMap`2<T,S>)
DA:1226,0
FN:1231,Microsoft.FSharp.Collections.FSharpList`1<System.Tuple`2<System.Double,System.Double>> ImageFunctions::pairs2floats(Microsoft.FSharp.Collections.FSharpList`1<System.Tuple`2<T,S>>)
FNDA:0,Microsoft.FSharp.Collections.FSharpList`1<System.Tuple`2<System.Double,System.Double>> ImageFunctions::pairs2floats(Microsoft.FSharp.Collections.FSharpList`1<System.Tuple`2<T,S>>)
DA:1232,0
FN:1237,Microsoft.FSharp.Collections.FSharpList`1<System.Tuple`2<System.Int32,System.Int32>> ImageFunctions::pairs2ints(Microsoft.FSharp.Collections.FSharpList`1<System.Tuple`2<T,S>>)
FNDA:0,Microsoft.FSharp.Collections.FSharpList`1<System.Tuple`2<System.Int32,System.Int32>> ImageFunctions::pairs2ints(Microsoft.FSharp.Collections.FSharpList`1<System.Tuple`2<T,S>>)
DA:1238,0
FN:1240,Microsoft.FSharp.Collections.FSharpList`1<System.Double> ImageFunctions::quantilesFromHistogram(Microsoft.FSharp.Collections.FSharpList`1<System.Double>,Microsoft.FSharp.Collections.FSharpMap`2<T,System.UInt64>)
FNDA:0,Microsoft.FSharp.Collections.FSharpList`1<System.Double> ImageFunctions::quantilesFromHistogram(Microsoft.FSharp.Collections.FSharpList`1<System.Double>,Microsoft.FSharp.Collections.FSharpMap`2<T,System.UInt64>)
DA:1241,0
DA:1242,0
DA:1244,0
DA:1245,0
DA:1246,0
DA:1249,0
DA:1250,0
DA:1251,0
DA:1252,0
DA:1254,0
DA:1255,0
DA:1256,0
DA:1257,0
DA:1258,0
DA:1259,0
DA:1260,0
DA:1261,0
DA:1262,0
DA:1263,0
DA:1264,0
DA:1265,0
DA:1266,0
BRDA:1241,7,0,0
BRDA:1241,7,1,0
BRDA:1245,48,0,0
BRDA:1245,48,1,0
FN:1268,Image/Image`1<T> ImageFunctions::retainNoNoise(Image/Image`1<T>)
FNDA:4,Image/Image`1<T> ImageFunctions::retainNoNoise(Image/Image`1<T>)
DA:1269,4
DA:1270,4
FN:1272,Microsoft.FSharp.Core.FSharpFunc`2<Image/Image`1<T>,Image/Image`1<T>> ImageFunctions::addNormalNoise(System.Double,System.Double)
FNDA:2,Microsoft.FSharp.Core.FSharpFunc`2<Image/Image`1<T>,Image/Image`1<T>> ImageFunctions::addNormalNoise(System.Double,System.Double)
DA:1273,2
DA:1274,1
DA:1276,1
DA:1277,1
DA:1278,1
DA:1279,1
DA:1280,1
DA:1281,1
DA:1282,2
BRDA:1273,11,0,1
BRDA:1273,11,1,1
FN:1284,Microsoft.FSharp.Core.FSharpFunc`2<Image/Image`1<T>,Image/Image`1<T>> ImageFunctions::addSaltAndPepperNoise(System.Double)
FNDA:1,Microsoft.FSharp.Core.FSharpFunc`2<Image/Image`1<T>,Image/Image`1<T>> ImageFunctions::addSaltAndPepperNoise(System.Double)
DA:1285,1
DA:1286,1
DA:1288,0
DA:1289,0
DA:1290,0
DA:1291,0
DA:1292,0
BRDA:1285,11,0,1
BRDA:1285,11,1,0
FN:1294,Microsoft.FSharp.Core.FSharpFunc`2<Image/Image`1<T>,Image/Image`1<T>> ImageFunctions::addShotNoise(System.Double)
FNDA:1,Microsoft.FSharp.Core.FSharpFunc`2<Image/Image`1<T>,Image/Image`1<T>> ImageFunctions::addShotNoise(System.Double)
DA:1295,1
DA:1296,1
DA:1298,0
DA:1299,0
DA:1300,0
DA:1301,0
DA:1302,0
BRDA:1295,11,0,1
BRDA:1295,11,1,0
FN:1304,Microsoft.FSharp.Core.FSharpFunc`2<Image/Image`1<T>,Image/Image`1<T>> ImageFunctions::addSpeckleNoise(System.Double)
FNDA:1,Microsoft.FSharp.Core.FSharpFunc`2<Image/Image`1<T>,Image/Image`1<T>> ImageFunctions::addSpeckleNoise(System.Double)
DA:1305,1
DA:1306,1
DA:1308,0
DA:1309,0
DA:1310,0
DA:1311,0
DA:1312,0
BRDA:1305,11,0,1
BRDA:1305,11,1,0
FN:1314,Image/Image`1<System.Byte> ImageFunctions::threshold(System.Double,System.Double,Image/Image`1<T>)
FNDA:1,Image/Image`1<System.Byte> ImageFunctions::threshold(System.Double,System.Double,Image/Image`1<T>)
DA:1315,1
DA:1316,1
DA:1317,1
DA:1318,1
DA:1319,1
FN:1321,Image/Image`1<Microsoft.FSharp.Collections.FSharpList`1<T>> ImageFunctions::toVectorImage(Microsoft.FSharp.Collections.FSharpList`1<Image/Image`1<T>>)
FNDA:2,Image/Image`1<Microsoft.FSharp.Collections.FSharpList`1<T>> ImageFunctions::toVectorImage(Microsoft.FSharp.Collections.FSharpList`1<Image/Image`1<T>>)
DA:1322,2
FN:1324,Image/Image`1<T> ImageFunctions::vectorElement(System.UInt32,Image/Image`1<Microsoft.FSharp.Collections.FSharpList`1<T>>)
FNDA:2,Image/Image`1<T> ImageFunctions::vectorElement(System.UInt32,Image/Image`1<Microsoft.FSharp.Collections.FSharpList`1<T>>)
DA:1325,2
DA:1326,2
DA:1327,6
DA:1328,1
DA:1330,1
DA:1331,1
DA:1332,1
DA:1333,1
DA:1334,4
DA:1335,5
DA:1336,1
BRDA:1327,12,0,0
BRDA:1327,12,1,2
BRDA:1327,26,0,1
BRDA:1327,26,1,1
FN:1338,Image/Image`1<Microsoft.FSharp.Collections.FSharpList`1<System.Double>> ImageFunctions::appendVectorElement(Image/Image`1<Microsoft.FSharp.Collections.FSharpList`1<System.Double>>,Image/Image`1<System.Double>)
FNDA:1,Image/Image`1<Microsoft.FSharp.Collections.FSharpList`1<System.Double>> ImageFunctions::appendVectorElement(Image/Image`1<Microsoft.FSharp.Collections.FSharpList`1<System.Double>>,Image/Image`1<System.Double>)
DA:1339,1
DA:1340,0
DA:1342,1
DA:1343,1
DA:1344,1
DA:1345,1
DA:1346,1
DA:1347,1
DA:1349,1
DA:1350,1
DA:1351,1
DA:1352,4
DA:1353,5
DA:1354,1
BRDA:1339,30,0,0
BRDA:1339,30,1,1
FN:1356,Image/Image`1<Microsoft.FSharp.Collections.FSharpList`1<System.Double>> ImageFunctions::mapVectorElements(Microsoft.FSharp.Core.FSharpFunc`2<System.Double,System.Double>,Image/Image`1<Microsoft.FSharp.Collections.FSharpList`1<System.Double>>)
FNDA:1,Image/Image`1<Microsoft.FSharp.Collections.FSharpList`1<System.Double>> ImageFunctions::mapVectorElements(Microsoft.FSharp.Core.FSharpFunc`2<System.Double,System.Double>,Image/Image`1<Microsoft.FSharp.Collections.FSharpList`1<System.Double>>)
DA:1357,1
DA:1358,1
DA:1359,1
DA:1360,1
DA:1361,4
DA:1362,4
DA:1363,5
DA:1364,1
FN:1366,System.Void ImageFunctions::ensureMatchingVectorImages(a,Image/Image`1<Microsoft.FSharp.Collections.FSharpList`1<System.Double>>,Image/Image`1<Microsoft.FSharp.Collections.FSharpList`1<System.Double>>)
FNDA:2,System.Void ImageFunctions::ensureMatchingVectorImages(a,Image/Image`1<Microsoft.FSharp.Collections.FSharpList`1<System.Double>>,Image/Image`1<Microsoft.FSharp.Collections.FSharpList`1<System.Double>>)
DA:1367,2
DA:1368,0
DA:1369,2
DA:1370,0
BRDA:1367,30,0,0
BRDA:1367,30,1,2
BRDA:1369,132,0,0
BRDA:1369,132,1,2
FN:1372,Image/Image`1<System.Double> ImageFunctions::vectorDot(Image/Image`1<Microsoft.FSharp.Collections.FSharpList`1<System.Double>>,Image/Image`1<Microsoft.FSharp.Collections.FSharpList`1<System.Double>>)
FNDA:1,Image/Image`1<System.Double> ImageFunctions::vectorDot(Image/Image`1<Microsoft.FSharp.Collections.FSharpList`1<System.Double>>,Image/Image`1<Microsoft.FSharp.Collections.FSharpList`1<System.Double>>)
DA:1373,1
DA:1374,1
DA:1375,1
DA:1376,1
DA:1377,1
DA:1378,4
DA:1379,4
DA:1380,8
DA:1381,5
DA:1382,1
FN:1384,Image/Image`1<Microsoft.FSharp.Collections.FSharpList`1<System.Double>> ImageFunctions::vectorCross3D(Image/Image`1<Microsoft.FSharp.Collections.FSharpList`1<System.Double>>,Image/Image`1<Microsoft.FSharp.Collections.FSharpList`1<System.Double>>)
FNDA:1,Image/Image`1<Microsoft.FSharp.Collections.FSharpList`1<System.Double>> ImageFunctions::vectorCross3D(Image/Image`1<Microsoft.FSharp.Collections.FSharpList`1<System.Double>>,Image/Image`1<Microsoft.FSharp.Collections.FSharpList`1<System.Double>>)
DA:1385,1
DA:1386,1
DA:1387,0
DA:1389,1
DA:1390,1
DA:1391,1
DA:1392,1
DA:1393,4
DA:1394,1
DA:1395,4
DA:1396,4
DA:1397,4
DA:1398,4
DA:1399,1
DA:1400,1
DA:1401,1
BRDA:1386,21,0,0
BRDA:1386,21,1,1
FN:1403,Image/Image`1<System.Double> ImageFunctions::vectorAngleTo(Microsoft.FSharp.Collections.FSharpList`1<System.Double>,Image/Image`1<Microsoft.FSharp.Collections.FSharpList`1<System.Double>>)
FNDA:1,Image/Image`1<System.Double> ImageFunctions::vectorAngleTo(Microsoft.FSharp.Collections.FSharpList`1<System.Double>,Image/Image`1<Microsoft.FSharp.Collections.FSharpList`1<System.Double>>)
DA:1404,1
DA:1405,0
DA:1407,5
DA:1408,1
DA:1409,0
DA:1411,1
DA:1412,1
DA:1413,1
DA:1414,1
DA:1415,4
DA:1416,20
DA:1417,1
DA:1418,4
DA:1419,0
DA:1420,1
DA:1421,1
DA:1422,4
DA:1423,4
DA:1424,8
DA:1425,4
DA:1426,4
DA:1427,4
DA:1428,5
DA:1429,1
BRDA:1404,13,0,0
BRDA:1404,13,1,1
BRDA:1407,101,0,0
BRDA:1407,101,1,1
BRDA:1407,179,1,2
BRDA:1407,179,0,1
BRDA:1408,211,0,0
BRDA:1408,211,1,1
FN:1431,Image/Image`1<Microsoft.FSharp.Collections.FSharpList`1<System.Double>> ImageFunctions::structureTensorOuterProduct(Image/Image`1<Microsoft.FSharp.Collections.FSharpList`1<System.Double>>)
FNDA:1,Image/Image`1<Microsoft.FSharp.Collections.FSharpList`1<System.Double>> ImageFunctions::structureTensorOuterProduct(Image/Image`1<Microsoft.FSharp.Collections.FSharpList`1<System.Double>>)
DA:1432,1
DA:1433,0
DA:1435,1
DA:1436,1
DA:1437,1
DA:1438,1
DA:1439,4
DA:1440,1
DA:1441,4
DA:1442,4
DA:1443,4
DA:1444,4
DA:1445,4
DA:1446,4
DA:1447,4
DA:1448,1
DA:1449,1
DA:1450,1
BRDA:1432,8,0,0
BRDA:1432,8,1,1
FN:1452,Image/Image`1<Microsoft.FSharp.Collections.FSharpList`1<System.Double>> ImageFunctions::smoothVectorElements3D(System.Double,Image/Image`1<Microsoft.FSharp.Collections.FSharpList`1<System.Double>>)
FNDA:0,Image/Image`1<Microsoft.FSharp.Collections.FSharpList`1<System.Double>> ImageFunctions::smoothVectorElements3D(System.Double,Image/Image`1<Microsoft.FSharp.Collections.FSharpList`1<System.Double>>)
DA:1453,0
DA:1454,0
DA:1455,0
DA:1456,0
DA:1459,0
DA:1460,0
DA:1462,0
DA:1463,0
DA:1464,0
DA:1465,0
DA:1466,0
DA:1467,0
DA:1468,0
DA:1469,0
BRDA:1453,8,0,0
BRDA:1453,8,1,0
BRDA:1455,77,0,0
BRDA:1455,77,1,0
BRDA:1459,137,0,0
BRDA:1459,137,1,0
BRDA:1468,251,1,0
BRDA:1468,251,0,0
BRDA:1469,312,1,0
BRDA:1469,312,0,0
FN:1471,Microsoft.FSharp.Collections.FSharpList`1<Image/Image`1<Microsoft.FSharp.Collections.FSharpList`1<System.Double>>> ImageFunctions::structureTensorEigenImages(Image/Image`1<Microsoft.FSharp.Collections.FSharpList`1<System.Double>>)
FNDA:1,Microsoft.FSharp.Collections.FSharpList`1<Image/Image`1<Microsoft.FSharp.Collections.FSharpList`1<System.Double>>> ImageFunctions::structureTensorEigenImages(Image/Image`1<Microsoft.FSharp.Collections.FSharpList`1<System.Double>>)
DA:1472,1
DA:1473,0
DA:1475,1
DA:1476,1
DA:1477,1
DA:1478,1
DA:1479,1
DA:1480,1
DA:1481,1
DA:1482,4
DA:1483,1
DA:1484,4
DA:1485,4
DA:1486,4
DA:1487,4
DA:1488,4
DA:1489,8
DA:1490,4
DA:1491,4
DA:1492,4
DA:1493,4
DA:1494,4
DA:1495,4
DA:1496,4
DA:1497,4
DA:1498,4
DA:1499,1
DA:1500,1
DA:1501,1
BRDA:1472,8,0,0
BRDA:1472,8,1,1
FN:1503,Image/Image`1<T> ImageFunctions::stack(Microsoft.FSharp.Collections.FSharpList`1<Image/Image`1<T>>)
FNDA:13,Image/Image`1<T> ImageFunctions::stack(Microsoft.FSharp.Collections.FSharpList`1<Image/Image`1<T>>)
DA:1504,13
DA:1505,1
DA:1507,12
DA:1508,59
DA:1509,0
DA:1510,12
DA:1511,11
DA:1512,11
DA:1513,11
DA:1514,21
DA:1515,13
DA:1516,9
DA:1517,18
DA:1518,18
DA:1519,9
DA:1520,35
DA:1521,36
DA:1523,1
DA:1524,2
BRDA:1504,8,1,1
BRDA:1504,8,0,12
BRDA:1508,69,0,0
BRDA:1508,69,1,12
BRDA:1510,91,0,11
BRDA:1515,231,1,21
BRDA:1514,171,0,2
BRDA:1514,171,1,19
BRDA:1515,231,0,9
BRDA:1520,351,1,17
BRDA:1520,351,0,9
BRDA:1510,91,1,1
FN:1526,Image/Image`1<T> ImageFunctions::extractSub(Microsoft.FSharp.Collections.FSharpList`1<System.UInt32>,Microsoft.FSharp.Collections.FSharpList`1<System.UInt32>,Image/Image`1<T>)
FNDA:1,Image/Image`1<T> ImageFunctions::extractSub(Microsoft.FSharp.Collections.FSharpList`1<System.UInt32>,Microsoft.FSharp.Collections.FSharpList`1<System.UInt32>,Image/Image`1<T>)
DA:1527,1
DA:1528,0
DA:1529,1
DA:1530,0
DA:1531,4
DA:1532,3
DA:1533,0
DA:1535,1
DA:1536,3
DA:1537,4
DA:1538,1
DA:1539,1
BRDA:1527,13,0,0
BRDA:1527,13,1,1
BRDA:1529,85,0,0
BRDA:1529,85,1,1
BRDA:1532,133,0,0
BRDA:1532,133,1,1
FN:1541,Image/Image`1<T> ImageFunctions::extractSlice(System.UInt32,System.Int32,Image/Image`1<T>)
FNDA:4,Image/Image`1<T> ImageFunctions::extractSlice(System.UInt32,System.Int32,Image/Image`1<T>)
DA:1542,4
DA:1543,0
DA:1544,4
DA:1545,4
DA:1547,4
DA:1548,4
DA:1549,4
DA:1550,12
DA:1551,12
DA:1552,4
DA:1553,4
DA:1554,4
BRDA:1542,8,0,0
BRDA:1542,8,1,4
BRDA:1547,39,0,0
BRDA:1547,39,1,4
BRDA:1548,113,0,0
BRDA:1548,113,1,4
FN:1556,Microsoft.FSharp.Collections.FSharpList`1<Image/Image`1<T>> ImageFunctions::unstack(System.UInt32,Image/Image`1<T>)
FNDA:1,Microsoft.FSharp.Collections.FSharpList`1<Image/Image`1<T>> ImageFunctions::unstack(System.UInt32,Image/Image`1<T>)
DA:1557,1
DA:1558,2
DA:1559,3
DA:1560,1
FN:1562,Microsoft.FSharp.Collections.FSharpList`1<Image/Image`1<T>> ImageFunctions::unstackSkipNTakeM(System.UInt32,System.UInt32,Image/Image`1<T>)
FNDA:0,Microsoft.FSharp.Collections.FSharpList`1<Image/Image`1<T>> ImageFunctions::unstackSkipNTakeM(System.UInt32,System.UInt32,Image/Image`1<T>)
DA:1563,0
DA:1564,0
DA:1565,0
DA:1566,0
DA:1567,0
DA:1568,0
DA:1569,0
DA:1570,0
DA:1571,0
BRDA:1564,12,0,0
BRDA:1564,12,1,0
BRDA:1567,85,0,0
BRDA:1567,85,1,0
BRDA:1568,103,0,0
BRDA:1568,103,1,0
FN:1574,ImageFunctions/FileInfo ImageFunctions::getFileInfo(System.String)
FNDA:0,ImageFunctions/FileInfo ImageFunctions::getFileInfo(System.String)
DA:1575,0
DA:1576,0
DA:1577,0
DA:1578,0
DA:1579,0
DA:1580,0
DA:1581,0
DA:1582,0
DA:1583,0
FN:1593,System.Collections.Generic.IEnumerable`1<System.Collections.Generic.IEnumerable`1<System.Double>> ImageFunctions::toSeqSeq(Image/Image`1<T>)
FNDA:0,System.Collections.Generic.IEnumerable`1<System.Collections.Generic.IEnumerable`1<System.Double>> ImageFunctions::toSeqSeq(Image/Image`1<T>)
DA:1594,0
DA:1595,0
DA:1596,0
DA:1597,0
DA:1598,0
FN:1600,Image/Image`1<S> ImageFunctions::permuteAxes(Microsoft.FSharp.Collections.FSharpList`1<System.UInt32>,Image/Image`1<T>)
FNDA:0,Image/Image`1<S> ImageFunctions::permuteAxes(Microsoft.FSharp.Collections.FSharpList`1<System.UInt32>,Image/Image`1<T>)
DA:1601,0
DA:1602,0
DA:1603,0
FN:1606,Image/Image`1<System.Numerics.Complex> ImageFunctions::FFTXY(Image/Image`1<T>)
FNDA:4,Image/Image`1<System.Numerics.Complex> ImageFunctions::FFTXY(Image/Image`1<T>)
DA:1607,4
DA:1608,1
DA:1609,3
DA:1610,3
DA:1611,3
DA:1612,3
BRDA:1607,8,0,1
BRDA:1607,8,1,3
FN:1615,Image/Image`1<System.Numerics.Complex> ImageFunctions::directionalFFT(System.UInt32,Image/Image`1<T>)
FNDA:3,Image/Image`1<System.Numerics.Complex> ImageFunctions::directionalFFT(System.UInt32,Image/Image`1<T>)
DA:1616,3
DA:1617,3
DA:1618,1
DA:1619,2
DA:1620,2
DA:1621,2
DA:1622,2
DA:1623,2
DA:1625,2
DA:1636,4
DA:1637,2
DA:1638,8
DA:1639,4
DA:1640,12
DA:1641,48
DA:1642,12
DA:1644,12
DA:1645,8
DA:1646,8
DA:1647,24
DA:1648,16
DA:1649,16
DA:1650,16
DA:1651,48
DA:1652,8
DA:1653,8
DA:1655,2
BRDA:1617,10,0,1
BRDA:1617,10,1,2
BRDA:1638,620,1,4
BRDA:1639,282,0,0
BRDA:1639,282,1,4
BRDA:1639,306,0,0
BRDA:1639,306,1,4
BRDA:1640,392,1,8
BRDA:1640,392,0,4
BRDA:1644,412,0,8
BRDA:1644,600,1,8
BRDA:1647,452,0,16
BRDA:1647,541,1,16
BRDA:1647,452,1,8
BRDA:1647,541,0,8
BRDA:1644,412,1,4
BRDA:1644,600,0,4
BRDA:1638,620,0,2
FN:1657,Image/Image`1<System.Numerics.Complex> ImageFunctions::directionalFFTComplex(System.UInt32,System.Boolean,Image/Image`1<System.Numerics.Complex>)
FNDA:4,Image/Image`1<System.Numerics.Complex> ImageFunctions::directionalFFTComplex(System.UInt32,System.Boolean,Image/Image`1<System.Numerics.Complex>)
DA:1658,4
DA:1659,4
DA:1660,0
DA:1662,4
DA:1663,4
DA:1664,4
DA:1676,8
DA:1677,4
DA:1678,8
DA:1679,8
DA:1681,20
DA:1682,12
DA:1683,36
DA:1684,176
DA:1685,36
DA:1687,36
DA:1688,24
DA:1689,72
DA:1690,48
DA:1691,48
DA:1693,176
DA:1694,24
DA:1696,4
BRDA:1659,10,0,0
BRDA:1659,10,1,4
BRDA:1678,154,0,3
BRDA:1678,154,1,1
BRDA:1679,182,0,3
BRDA:1679,182,1,1
BRDA:1681,579,1,12
BRDA:1682,258,0,0
BRDA:1682,258,1,12
BRDA:1682,282,0,0
BRDA:1682,282,1,12
BRDA:1683,371,1,24
BRDA:1683,371,0,12
BRDA:1687,391,0,24
BRDA:1687,559,1,24
BRDA:1689,416,0,48
BRDA:1689,506,1,48
BRDA:1689,416,1,24
BRDA:1689,506,0,24
BRDA:1687,391,1,12
BRDA:1687,559,0,12
BRDA:1681,579,0,4
FN:1698,Image/Image`1<System.Double> ImageFunctions::inverseFFTXY(Image/Image`1<System.Numerics.Complex>)
FNDA:1,Image/Image`1<System.Double> ImageFunctions::inverseFFTXY(Image/Image`1<System.Numerics.Complex>)
DA:1699,1
DA:1700,0
DA:1702,1
DA:1703,1
DA:1704,1
DA:1705,1
DA:1706,1
DA:1707,1
BRDA:1699,8,0,0
BRDA:1699,8,1,1
FN:1709,Image/Image`1<System.Numerics.Complex> ImageFunctions::shiftFFT(Image/Image`1<System.Numerics.Complex>)
FNDA:1,Image/Image`1<System.Numerics.Complex> ImageFunctions::shiftFFT(Image/Image`1<System.Numerics.Complex>)
DA:1710,1
DA:1711,1
DA:1712,11
DA:1714,8
DA:1715,32
DA:1716,8
DA:1717,1
BRDA:1712,113,1,8
BRDA:1712,113,0,1
FN:482,Image/Image`1<System.Double> ImageFunctions/derivative@483::Invoke(System.UInt32)
FNDA:3,Image/Image`1<System.Double> ImageFunctions/derivative@483::Invoke(System.UInt32)
DA:483,3
DA:484,3
DA:485,3
DA:486,3
DA:487,3
FN:929,System.Double ImageFunctions/toFloat@930T::Invoke(b)
FNDA:11,System.Double ImageFunctions/toFloat@930T::Invoke(b)
DA:930,11
FN:1067,System.Double ImageFunctions/moment@1068::Invoke(System.Double)
FNDA:0,System.Double ImageFunctions/moment@1068::Invoke(System.Double)
DA:1068,0
DA:1069,0
DA:1070,0
BRDA:1069,15,0,0
BRDA:1069,15,1,0
BRDA:1069,115,1,0
BRDA:1069,115,0,0
FN:1125,System.Double ImageFunctions/Pipe #1 stage #1 at line 1126@1126::Invoke(System.Int32,System.UInt64)
FNDA:771,System.Double ImageFunctions/Pipe #1 stage #1 at line 1126@1126::Invoke(System.Int32,System.UInt64)
DA:1126,771
FN:1124,System.Double ImageFunctions/moment@1125-1::Invoke(System.Double)
FNDA:3,System.Double ImageFunctions/moment@1125-1::Invoke(System.Double)
DA:1125,3
DA:1127,3
DA:1128,6
BRDA:1127,28,0,0
BRDA:1127,28,1,3
BRDA:1127,90,1,768
BRDA:1127,90,0,3
FN:1188,Microsoft.FSharp.Collections.FSharpList`1<System.Int32> ImageFunctions/generateIndices@1189-1::Invoke(System.Tuple`2<System.Int32,Microsoft.FSharp.Collections.FSharpList`1<System.Int32>>)
FNDA:45,Microsoft.FSharp.Collections.FSharpList`1<System.Int32> ImageFunctions/generateIndices@1189-1::Invoke(System.Tuple`2<System.Int32,Microsoft.FSharp.Collections.FSharpList`1<System.Int32>>)
DA:1189,45
FN:1184,Microsoft.FSharp.Collections.FSharpList`1<Microsoft.FSharp.Collections.FSharpList`1<System.Int32>> ImageFunctions/generateIndices@1185::Invoke(Microsoft.FSharp.Collections.FSharpList`1<System.Int32>)
FNDA:10,Microsoft.FSharp.Collections.FSharpList`1<Microsoft.FSharp.Collections.FSharpList`1<System.Int32>> ImageFunctions/generateIndices@1185::Invoke(Microsoft.FSharp.Collections.FSharpList`1<System.Int32>)
DA:1185,10
DA:1186,3
DA:1188,7
BRDA:1185,8,1,3
BRDA:1185,8,0,7
BRDA:1188,52,0,0
BRDA:1188,52,1,7
BRDA:1188,118,1,17
BRDA:1188,118,0,7
FN:1457,System.UInt32 ImageFunctions/roundFloatToUint@1458::Invoke(System.Double)
FNDA:0,System.UInt32 ImageFunctions/roundFloatToUint@1458::Invoke(System.Double)
DA:1458,0
FN:1586,System.Double ImageFunctions/toFloat@1587-1::Invoke(System.Object)
FNDA:0,System.Double ImageFunctions/toFloat@1587-1::Invoke(System.Object)
DA:1587,0
DA:1588,0
DA:1589,0
DA:1590,0
DA:1591,0
DA:1592,0
DA:1593,0
BRDA:1587,13,0,0
BRDA:1587,26,0,0
BRDA:1587,39,0,0
BRDA:1587,54,0,0
BRDA:1587,13,1,0
BRDA:1587,26,1,0
BRDA:1587,39,1,0
BRDA:1587,54,1,0
BRDA:1587,69,0,0
BRDA:1587,69,1,0
FN:1633,Microsoft.FSharp.Collections.FSharpList`1<Microsoft.FSharp.Collections.FSharpList`1<System.UInt32>> ImageFunctions/baseCoords@1634-1::Invoke(System.UInt32)
FNDA:6,Microsoft.FSharp.Collections.FSharpList`1<Microsoft.FSharp.Collections.FSharpList`1<System.UInt32>> ImageFunctions/baseCoords@1634-1::Invoke(System.UInt32)
DA:1634,6
FN:1626,Microsoft.FSharp.Collections.FSharpList`1<Microsoft.FSharp.Collections.FSharpList`1<System.UInt32>> ImageFunctions/baseCoords@1627::Invoke(System.Int32,Microsoft.FSharp.Collections.FSharpList`1<System.UInt32>)
FNDA:9,Microsoft.FSharp.Collections.FSharpList`1<Microsoft.FSharp.Collections.FSharpList`1<System.UInt32>> ImageFunctions/baseCoords@1627::Invoke(System.Int32,Microsoft.FSharp.Collections.FSharpList`1<System.UInt32>)
DA:1627,9
DA:1628,4
DA:1630,5
DA:1631,3
DA:1633,2
BRDA:1627,8,0,4
BRDA:1627,8,1,5
BRDA:1630,35,0,3
BRDA:1630,35,1,2
BRDA:1633,70,0,0
BRDA:1633,70,1,2
BRDA:1633,132,1,4
BRDA:1633,132,0,2
FN:1673,Microsoft.FSharp.Collections.FSharpList`1<Microsoft.FSharp.Collections.FSharpList`1<System.UInt32>> ImageFunctions/baseCoords@1674-3::Invoke(System.UInt32)
FNDA:24,Microsoft.FSharp.Collections.FSharpList`1<Microsoft.FSharp.Collections.FSharpList`1<System.UInt32>> ImageFunctions/baseCoords@1674-3::Invoke(System.UInt32)
DA:1674,24
FN:1666,Microsoft.FSharp.Collections.FSharpList`1<Microsoft.FSharp.Collections.FSharpList`1<System.UInt32>> ImageFunctions/baseCoords@1667-2::Invoke(System.Int32,Microsoft.FSharp.Collections.FSharpList`1<System.UInt32>)
FNDA:31,Microsoft.FSharp.Collections.FSharpList`1<Microsoft.FSharp.Collections.FSharpList`1<System.UInt32>> ImageFunctions/baseCoords@1667-2::Invoke(System.Int32,Microsoft.FSharp.Collections.FSharpList`1<System.UInt32>)
DA:1667,31
DA:1668,12
DA:1670,19
DA:1671,11
DA:1673,8
BRDA:1667,8,0,12
BRDA:1667,8,1,19
BRDA:1670,35,0,11
BRDA:1670,35,1,8
BRDA:1673,70,0,0
BRDA:1673,70,1,8
BRDA:1673,132,1,16
BRDA:1673,132,0,8
LF:1153
LH:803
BRF:466
BRH:275
FNF:165
FNH:115
end_of_record
SF:/Users/jrh630/repositories/stackProcessing/src/Image/Image.fs
FN:257,System.UInt32 Image::getBytesPerComponent(System.Type)
FNDA:8,System.UInt32 Image::getBytesPerComponent(System.Type)
DA:258,8
DA:259,8
DA:260,8
DA:261,8
DA:262,9
DA:263,7
DA:264,7
DA:265,7
DA:266,7
DA:267,7
DA:268,7
DA:269,7
DA:270,7
DA:271,7
DA:272,7
DA:273,7
DA:274,8
DA:275,7
DA:276,6
DA:277,5
DA:278,5
DA:279,1
BRDA:258,17,0,0
BRDA:258,17,1,8
BRDA:259,38,0,0
BRDA:259,38,1,8
BRDA:260,59,0,0
BRDA:260,59,1,8
BRDA:261,80,0,0
BRDA:261,80,1,8
BRDA:262,101,0,1
BRDA:262,101,1,7
BRDA:263,122,0,0
BRDA:263,122,1,7
BRDA:264,143,0,0
BRDA:264,143,1,7
BRDA:265,164,0,0
BRDA:265,164,1,7
BRDA:266,185,0,0
BRDA:266,185,1,7
BRDA:267,206,0,0
BRDA:267,206,1,7
BRDA:268,227,0,0
BRDA:268,227,1,7
BRDA:269,248,0,0
BRDA:269,248,1,7
BRDA:270,269,0,0
BRDA:270,269,1,7
BRDA:271,290,0,0
BRDA:271,290,1,7
BRDA:272,311,0,0
BRDA:272,311,1,7
BRDA:273,332,0,0
BRDA:273,332,1,7
BRDA:274,353,0,1
BRDA:274,353,1,6
BRDA:275,374,0,1
BRDA:275,374,1,5
BRDA:276,395,0,1
BRDA:276,395,1,4
BRDA:277,416,0,1
BRDA:277,416,1,3
BRDA:278,437,0,2
BRDA:278,437,1,1
FN:281,System.UInt32 Image::getBytesPerSItkComponent(itk.simple.PixelIDValueEnum)
FNDA:2498,System.UInt32 Image::getBytesPerSItkComponent(itk.simple.PixelIDValueEnum)
DA:282,2498
DA:283,2150
DA:284,1845
DA:285,1818
DA:286,1940
DA:287,1816
DA:288,1555
DA:289,1552
DA:290,1678
DA:291,1678
DA:292,1306
DA:293,997
DA:294,1001
DA:295,990
DA:296,972
DA:297,1104
DA:298,966
DA:299,1342
DA:300,89
DA:301,86
DA:302,115
DA:303,86
DA:304,5
DA:305,4
DA:306,3
DA:307,2
DA:308,0
BRDA:282,12,0,254
BRDA:282,12,1,1990
BRDA:283,28,0,160
BRDA:283,28,1,1830
BRDA:284,44,0,15
BRDA:284,44,1,1815
BRDA:285,60,0,3
BRDA:285,60,1,1812
BRDA:286,76,0,128
BRDA:286,76,1,1684
BRDA:287,92,0,132
BRDA:287,92,1,1552
BRDA:288,108,0,3
BRDA:288,108,1,1549
BRDA:289,124,0,3
BRDA:289,124,1,1546
BRDA:290,140,0,132
BRDA:290,140,1,1414
BRDA:291,156,0,264
BRDA:291,156,1,1150
BRDA:292,172,0,156
BRDA:292,172,1,994
BRDA:293,188,0,3
BRDA:293,188,1,991
BRDA:294,204,0,10
BRDA:294,204,1,981
BRDA:295,220,0,9
BRDA:295,220,1,972
BRDA:296,236,0,0
BRDA:296,236,1,972
BRDA:297,252,0,132
BRDA:297,252,1,840
BRDA:298,268,0,126
BRDA:298,268,1,714
BRDA:299,284,0,628
BRDA:299,284,1,86
BRDA:300,300,0,3
BRDA:300,300,1,83
BRDA:301,316,0,3
BRDA:301,316,1,80
BRDA:302,332,0,35
BRDA:302,332,1,45
BRDA:303,348,0,41
BRDA:303,348,1,4
BRDA:304,365,0,1
BRDA:304,365,1,3
BRDA:305,381,0,1
BRDA:305,381,1,2
BRDA:306,397,0,1
BRDA:306,397,1,1
BRDA:307,413,0,1
BRDA:307,413,1,0
FN:356,System.Boolean Image::equalOne(T)
FNDA:236,System.Boolean Image::equalOne(T)
DA:357,236
DA:358,21
DA:359,38
DA:360,20
DA:361,21
DA:362,20
DA:363,35
DA:364,20
DA:365,20
DA:366,20
DA:367,21
DA:368,0
DA:369,0
BRDA:357,18,0,215
BRDA:357,34,0,177
BRDA:357,50,0,157
BRDA:357,68,0,136
BRDA:357,86,0,116
BRDA:357,104,0,81
BRDA:357,122,0,61
BRDA:357,140,0,41
BRDA:357,158,0,21
BRDA:357,176,0,0
BRDA:357,18,1,21
BRDA:357,34,1,38
BRDA:357,50,1,20
BRDA:357,68,1,21
BRDA:357,86,1,20
BRDA:357,104,1,35
BRDA:357,122,1,20
BRDA:357,140,1,20
BRDA:357,158,1,20
BRDA:357,176,1,21
BRDA:357,194,0,0
BRDA:368,384,0,0
BRDA:368,384,1,0
BRDA:357,194,1,0
FN:374,System.Void Image::incTotalImages()
FNDA:2966,System.Void Image::incTotalImages()
DA:375,2966
DA:376,2966
BRDA:376,75,0,1425
BRDA:376,75,1,58
FN:377,System.Void Image::decTotalImages()
FNDA:112,System.Void Image::decTotalImages()
DA:378,112
FN:382,System.Void Image::incMemUsed(System.UInt32)
FNDA:4342,System.Void Image::incMemUsed(System.UInt32)
DA:383,4342
DA:384,4342
BRDA:384,75,0,945
BRDA:384,75,1,1226
FN:385,System.Void Image::decMemUsed(System.UInt32)
FNDA:112,System.Void Image::decMemUsed(System.UInt32)
DA:386,112
FN:388,System.UInt64 Image::currentRssBytes()
FNDA:0,System.UInt64 Image::currentRssBytes()
DA:389,0
DA:390,0
DA:391,0
FN:397,System.Void Image::resetRssProbe()
FNDA:0,System.Void Image::resetRssProbe()
DA:398,0
DA:399,0
DA:400,0
DA:401,0
FN:403,System.UInt64 Image::rssDeltaBytes()
FNDA:0,System.UInt64 Image::rssDeltaBytes()
DA:404,0
DA:405,0
BRDA:405,13,0,0
BRDA:405,13,1,0
FN:407,System.Tuple`2<System.UInt64,System.UInt64> Image::sampleRssDeltaBytes()
FNDA:0,System.Tuple`2<System.UInt64,System.UInt64> Image::sampleRssDeltaBytes()
DA:408,0
DA:409,0
DA:410,0
BRDA:409,16,0,0
BRDA:409,16,1,0
FN:412,System.Void Image::printDebugMessage(System.String)
FNDA:0,System.Void Image::printDebugMessage(System.String)
DA:413,0
DA:414,0
DA:415,0
DA:416,0
DA:417,0
DA:418,0
BRDA:414,23,0,0
BRDA:414,23,1,0
FN:1123,Image/Image`1<System.Double> Image::Re(Image/Image`1<System.Numerics.Complex>)
FNDA:3,Image/Image`1<System.Double> Image::Re(Image/Image`1<System.Numerics.Complex>)
DA:1124,3
DA:1125,3
FN:1127,Image/Image`1<System.Double> Image::Im(Image/Image`1<System.Numerics.Complex>)
FNDA:2,Image/Image`1<System.Double> Image::Im(Image/Image`1<System.Numerics.Complex>)
DA:1128,2
DA:1129,2
FN:1131,Image/Image`1<System.Double> Image::modulus(Image/Image`1<System.Numerics.Complex>)
FNDA:1,Image/Image`1<System.Double> Image::modulus(Image/Image`1<System.Numerics.Complex>)
DA:1132,1
DA:1133,1
DA:1134,1
FN:1136,Image/Image`1<System.Double> Image::arg(Image/Image`1<System.Numerics.Complex>)
FNDA:1,Image/Image`1<System.Double> Image::arg(Image/Image`1<System.Numerics.Complex>)
DA:1137,1
DA:1138,1
DA:1139,1
FN:1141,Image/Image`1<System.Numerics.Complex> Image::toComplex(Image/Image`1<System.Double>,Image/Image`1<System.Double>)
FNDA:4,Image/Image`1<System.Numerics.Complex> Image::toComplex(Image/Image`1<System.Double>,Image/Image`1<System.Double>)
DA:1142,4
FN:1144,Image/Image`1<System.Numerics.Complex> Image::polarToComplex(Image/Image`1<System.Double>,Image/Image`1<System.Double>)
FNDA:1,Image/Image`1<System.Numerics.Complex> Image::polarToComplex(Image/Image`1<System.Double>,Image/Image`1<System.Double>)
DA:1145,1
DA:1146,1
DA:1147,1
FN:1149,Image/Image`1<System.Numerics.Complex> Image::conjugate(Image/Image`1<System.Numerics.Complex>)
FNDA:1,Image/Image`1<System.Numerics.Complex> Image::conjugate(Image/Image`1<System.Numerics.Complex>)
DA:1150,1
DA:1151,1
DA:1152,1
DA:1153,1
DA:1154,1
DA:1155,1
DA:1156,1
DA:1157,1
DA:1158,1
DA:1159,1
DA:1160,1
FN:457,System.Void Image/Image`1::setDebugLevel(System.UInt32)
FNDA:0,System.Void Image/Image`1::setDebugLevel(System.UInt32)
DA:458,0
DA:459,0
DA:460,0
DA:461,0
BRDA:459,9,0,0
BRDA:459,9,1,0
FN:462,System.Void Image/Image`1::setDebug(System.Boolean)
FNDA:0,System.Void Image/Image`1::setDebug(System.Boolean)
DA:463,0
BRDA:463,3,0,0
BRDA:463,3,1,0
FN:463,itk.simple.Image Image/Image`1::get_Image()
FNDA:14013,itk.simple.Image Image/Image`1::get_Image()
DA:464,14013
FN:464,System.String Image/Image`1::get_Name()
FNDA:0,System.String Image/Image`1::get_Name()
DA:465,0
FN:465,System.Int32 Image/Image`1::get_index()
FNDA:2031,System.Int32 Image/Image`1::get_index()
DA:466,2031
FN:467,System.Void Image/Image`1::SetImg(itk.simple.Image)
FNDA:688,System.Void Image/Image`1::SetImg(itk.simple.Image)
DA:468,688
FN:469,System.Int32 Image/Image`1::getNReferences()
FNDA:1,System.Int32 Image/Image`1::getNReferences()
DA:470,1
FN:471,System.Void Image/Image`1::incRefCount()
FNDA:4,System.Void Image/Image`1::incRefCount()
DA:472,4
DA:473,4
BRDA:472,6,0,0
BRDA:472,6,1,4
FN:475,System.Void Image/Image`1::decRefCount()
FNDA:56,System.Void Image/Image`1::decRefCount()
DA:476,56
DA:477,56
DA:478,56
DA:479,56
DA:480,56
DA:481,56
DA:482,56
DA:483,168
BRDA:476,6,0,0
BRDA:476,6,1,56
BRDA:478,55,0,56
BRDA:481,86,0,0
BRDA:481,86,1,56
BRDA:478,55,1,0
FN:485,System.UInt32 Image/Image`1::memoryEstimateSItk(itk.simple.Image)
FNDA:2238,System.UInt32 Image/Image`1::memoryEstimateSItk(itk.simple.Image)
DA:486,2238
DA:487,2238
DA:488,0
DA:490,2238
BRDA:487,16,0,0
BRDA:487,16,1,2238
FN:492,System.UInt64 Image/Image`1::memoryEstimate(System.UInt32,System.UInt32)
FNDA:0,System.UInt64 Image/Image`1::memoryEstimate(System.UInt32,System.UInt32)
DA:493,0
FN:494,Microsoft.FSharp.Collections.FSharpList`1<System.UInt32> Image/Image`1::GetSize()
FNDA:3052,Microsoft.FSharp.Collections.FSharpList`1<System.UInt32> Image/Image`1::GetSize()
DA:495,3052
FN:495,Image/ImageFacts Image/Image`1::GetFacts()
FNDA:2,Image/ImageFacts Image/Image`1::GetFacts()
DA:496,2
FN:496,System.UInt64 Image/Image`1::GetMemoryBytes()
FNDA:0,System.UInt64 Image/Image`1::GetMemoryBytes()
DA:497,0
FN:497,System.UInt32 Image/Image`1::GetDepth()
FNDA:4,System.UInt32 Image/Image`1::GetDepth()
DA:498,4
BRDA:498,16,0,1
BRDA:498,16,1,3
FN:498,System.UInt32 Image/Image`1::GetDimensions()
FNDA:82,System.UInt32 Image/Image`1::GetDimensions()
DA:499,82
FN:499,System.UInt32 Image/Image`1::GetHeight()
FNDA:4,System.UInt32 Image/Image`1::GetHeight()
DA:500,4
FN:500,System.UInt32 Image/Image`1::GetWidth()
FNDA:4,System.UInt32 Image/Image`1::GetWidth()
DA:501,4
FN:501,System.UInt32 Image/Image`1::GetNumberOfComponentsPerPixel()
FNDA:75,System.UInt32 Image/Image`1::GetNumberOfComponentsPerPixel()
DA:502,75
FN:504,System.String Image/Image`1::ToString()
FNDA:1,System.String Image/Image`1::ToString()
DA:505,1
DA:506,5
DA:507,1
DA:508,2
DA:509,1
BRDA:508,65,0,1
BRDA:508,65,1,0
FN:509,System.String Image/Image`1::get_Display()
FNDA:0,System.String Image/Image`1::get_Display()
DA:510,0
FN:521,Image/Image`1<T> Image/Image`1::ofSimpleITK(itk.simple.Image,Microsoft.FSharp.Core.FSharpOption`1<System.String>,Microsoft.FSharp.Core.FSharpOption`1<System.Int32>)
FNDA:689,Image/Image`1<T> Image/Image`1::ofSimpleITK(itk.simple.Image,Microsoft.FSharp.Core.FSharpOption`1<System.String>,Microsoft.FSharp.Core.FSharpOption`1<System.Int32>)
DA:522,689
DA:523,689
DA:525,689
DA:526,1385
DA:527,0
DA:528,688
DA:530,688
DA:531,688
DA:532,688
DA:533,688
BRDA:526,53,0,9
BRDA:526,53,1,679
BRDA:526,70,0,0
BRDA:526,70,1,688
BRDA:532,181,0,0
BRDA:532,181,1,688
FN:535,itk.simple.Image Image/Image`1::toSimpleITK()
FNDA:1850,itk.simple.Image Image/Image`1::toSimpleITK()
DA:536,1850
DA:537,0
DA:538,915
BRDA:536,26,0,20
BRDA:536,26,1,895
BRDA:536,48,0,0
BRDA:536,48,1,915
FN:539,Image/Image`1<S> Image/Image`1::castTo()
FNDA:0,Image/Image`1<S> Image/Image`1::castTo()
DA:540,0
FN:540,Image/Image`1<System.Byte> Image/Image`1::toUInt8()
FNDA:11,Image/Image`1<System.Byte> Image/Image`1::toUInt8()
DA:541,11
FN:541,Image/Image`1<System.SByte> Image/Image`1::toInt8()
FNDA:11,Image/Image`1<System.SByte> Image/Image`1::toInt8()
DA:542,11
FN:542,Image/Image`1<System.UInt16> Image/Image`1::toUInt16()
FNDA:11,Image/Image`1<System.UInt16> Image/Image`1::toUInt16()
DA:543,11
FN:543,Image/Image`1<System.Int16> Image/Image`1::toInt16()
FNDA:11,Image/Image`1<System.Int16> Image/Image`1::toInt16()
DA:544,11
FN:544,Image/Image`1<System.UInt32> Image/Image`1::toUInt()
FNDA:11,Image/Image`1<System.UInt32> Image/Image`1::toUInt()
DA:545,11
FN:545,Image/Image`1<System.Int32> Image/Image`1::toInt()
FNDA:11,Image/Image`1<System.Int32> Image/Image`1::toInt()
DA:546,11
FN:546,Image/Image`1<System.UInt64> Image/Image`1::toUInt64()
FNDA:11,Image/Image`1<System.UInt64> Image/Image`1::toUInt64()
DA:547,11
FN:547,Image/Image`1<System.Int64> Image/Image`1::toInt64()
FNDA:11,Image/Image`1<System.Int64> Image/Image`1::toInt64()
DA:548,11
FN:548,Image/Image`1<System.Single> Image/Image`1::toFloat32()
FNDA:11,Image/Image`1<System.Single> Image/Image`1::toFloat32()
DA:549,11
FN:549,Image/Image`1<System.Double> Image/Image`1::toFloat()
FNDA:12,Image/Image`1<System.Double> Image/Image`1::toFloat()
DA:550,12
FN:550,Image/Image`1<System.Numerics.Complex> Image/Image`1::toComplex()
FNDA:1,Image/Image`1<System.Numerics.Complex> Image/Image`1::toComplex()
DA:551,1
FN:551,Image/Image`1<Microsoft.FSharp.Collections.FSharpList`1<System.Byte>> Image/Image`1::toVectorUInt8()
FNDA:1,Image/Image`1<Microsoft.FSharp.Collections.FSharpList`1<System.Byte>> Image/Image`1::toVectorUInt8()
DA:552,1
FN:552,Image/Image`1<Microsoft.FSharp.Collections.FSharpList`1<System.SByte>> Image/Image`1::toVectorInt8()
FNDA:1,Image/Image`1<Microsoft.FSharp.Collections.FSharpList`1<System.SByte>> Image/Image`1::toVectorInt8()
DA:553,1
FN:553,Image/Image`1<Microsoft.FSharp.Collections.FSharpList`1<System.UInt16>> Image/Image`1::toVectorUInt16()
FNDA:1,Image/Image`1<Microsoft.FSharp.Collections.FSharpList`1<System.UInt16>> Image/Image`1::toVectorUInt16()
DA:554,1
FN:554,Image/Image`1<Microsoft.FSharp.Collections.FSharpList`1<System.Int16>> Image/Image`1::toVectorInt16()
FNDA:1,Image/Image`1<Microsoft.FSharp.Collections.FSharpList`1<System.Int16>> Image/Image`1::toVectorInt16()
DA:555,1
FN:555,Image/Image`1<Microsoft.FSharp.Collections.FSharpList`1<System.UInt32>> Image/Image`1::toVectorUInt32()
FNDA:1,Image/Image`1<Microsoft.FSharp.Collections.FSharpList`1<System.UInt32>> Image/Image`1::toVectorUInt32()
DA:556,1
FN:556,Image/Image`1<Microsoft.FSharp.Collections.FSharpList`1<System.Int32>> Image/Image`1::toVectorInt32()
FNDA:1,Image/Image`1<Microsoft.FSharp.Collections.FSharpList`1<System.Int32>> Image/Image`1::toVectorInt32()
DA:557,1
FN:557,Image/Image`1<Microsoft.FSharp.Collections.FSharpList`1<System.UInt64>> Image/Image`1::toVectorUInt64()
FNDA:1,Image/Image`1<Microsoft.FSharp.Collections.FSharpList`1<System.UInt64>> Image/Image`1::toVectorUInt64()
DA:558,1
FN:558,Image/Image`1<Microsoft.FSharp.Collections.FSharpList`1<System.Int64>> Image/Image`1::toVectorInt64()
FNDA:1,Image/Image`1<Microsoft.FSharp.Collections.FSharpList`1<System.Int64>> Image/Image`1::toVectorInt64()
DA:559,1
FN:559,Image/Image`1<Microsoft.FSharp.Collections.FSharpList`1<System.Single>> Image/Image`1::toVectorFloat32()
FNDA:1,Image/Image`1<Microsoft.FSharp.Collections.FSharpList`1<System.Single>> Image/Image`1::toVectorFloat32()
DA:560,1
FN:560,Image/Image`1<Microsoft.FSharp.Collections.FSharpList`1<System.Double>> Image/Image`1::toVectorFloat64()
FNDA:1,Image/Image`1<Microsoft.FSharp.Collections.FSharpList`1<System.Double>> Image/Image`1::toVectorFloat64()
DA:561,1
FN:563,Image/Image`1<T> Image/Image`1::ofArray2D(T[0...,0...],Microsoft.FSharp.Core.FSharpOption`1<System.String>)
FNDA:537,Image/Image`1<T> Image/Image`1::ofArray2D(T[0...,0...],Microsoft.FSharp.Core.FSharpOption`1<System.String>)
DA:564,537
DA:565,1074
DA:566,537
DA:567,3388
DA:568,537
FN:570,Image/Image`1<T> Image/Image`1::ofArray3D(T[0...,0...,0...],Microsoft.FSharp.Core.FSharpOption`1<System.String>)
FNDA:72,Image/Image`1<T> Image/Image`1::ofArray3D(T[0...,0...,0...],Microsoft.FSharp.Core.FSharpOption`1<System.String>)
DA:571,72
DA:572,144
DA:573,72
DA:574,1973
DA:575,72
FN:577,Image/Image`1<Microsoft.FSharp.Collections.FSharpList`1<S>> Image/Image`1::ofArray3DVector(S[0...,0...,0...],Microsoft.FSharp.Core.FSharpOption`1<System.String>)
FNDA:8,Image/Image`1<Microsoft.FSharp.Collections.FSharpList`1<S>> Image/Image`1::ofArray3DVector(S[0...,0...,0...],Microsoft.FSharp.Core.FSharpOption`1<System.String>)
DA:578,8
DA:579,8
DA:580,8
DA:581,8
DA:582,8
DA:583,8
DA:584,24
DA:585,50
DA:586,34
DA:587,134
DA:588,234
DA:589,34
DA:590,8
BRDA:582,46,0,6
BRDA:582,46,1,2
BRDA:584,109,0,16
BRDA:584,309,1,16
BRDA:585,126,0,34
BRDA:585,292,1,34
BRDA:586,140,0,0
BRDA:586,140,1,34
BRDA:587,240,1,100
BRDA:588,189,0,96
BRDA:588,189,1,4
BRDA:587,240,0,34
BRDA:585,126,1,16
BRDA:585,292,0,16
BRDA:584,109,1,8
BRDA:584,309,0,8
FN:592,Image/Image`1<System.Numerics.Complex> Image/Image`1::ofArray3DComplex(System.Double[0...,0...,0...],Microsoft.FSharp.Core.FSharpOption`1<System.String>)
FNDA:2,Image/Image`1<System.Numerics.Complex> Image/Image`1::ofArray3DComplex(System.Double[0...,0...,0...],Microsoft.FSharp.Core.FSharpOption`1<System.String>)
DA:593,2
DA:594,2
DA:595,2
DA:596,2
DA:597,3
DA:598,1
DA:599,3
DA:600,6
DA:601,4
DA:602,4
DA:603,1
BRDA:597,39,0,1
BRDA:597,39,1,1
BRDA:599,116,0,2
BRDA:599,216,1,2
BRDA:600,130,0,4
BRDA:600,202,1,4
BRDA:600,130,1,2
BRDA:600,202,0,2
BRDA:599,116,1,1
BRDA:599,216,0,1
FN:605,Image/Image`1<System.Numerics.Complex> Image/Image`1::ofComplexArray2D(System.Numerics.Complex[0...,0...],Microsoft.FSharp.Core.FSharpOption`1<System.String>)
FNDA:1,Image/Image`1<System.Numerics.Complex> Image/Image`1::ofComplexArray2D(System.Numerics.Complex[0...,0...],Microsoft.FSharp.Core.FSharpOption`1<System.String>)
DA:606,1
DA:607,5
DA:608,5
DA:609,1
DA:610,1
DA:611,1
DA:612,1
DA:613,1
DA:614,1
FN:616,Image/Image`1<T> Image/Image`1::ofArray4D(T[0...,0...,0...,0...],Microsoft.FSharp.Core.FSharpOption`1<System.String>)
FNDA:33,Image/Image`1<T> Image/Image`1::ofArray4D(T[0...,0...,0...,0...],Microsoft.FSharp.Core.FSharpOption`1<System.String>)
DA:617,33
DA:618,66
DA:619,33
DA:620,258
DA:621,33
FN:623,Image/Image`1<Microsoft.FSharp.Collections.FSharpList`1<S>> Image/Image`1::ofArray4DVector(S[0...,0...,0...,0...],Microsoft.FSharp.Core.FSharpOption`1<System.String>)
FNDA:1,Image/Image`1<Microsoft.FSharp.Collections.FSharpList`1<S>> Image/Image`1::ofArray4DVector(S[0...,0...,0...,0...],Microsoft.FSharp.Core.FSharpOption`1<System.String>)
DA:624,1
DA:625,1
DA:626,1
DA:627,1
DA:628,1
DA:629,1
DA:630,1
DA:631,3
DA:632,6
DA:633,12
DA:634,8
DA:635,24
DA:636,40
DA:637,8
DA:638,1
BRDA:629,56,0,0
BRDA:629,56,1,1
BRDA:631,125,0,2
BRDA:631,369,1,2
BRDA:632,142,0,4
BRDA:632,352,1,4
BRDA:633,159,0,8
BRDA:633,335,1,8
BRDA:634,173,0,0
BRDA:634,173,1,8
BRDA:635,276,1,16
BRDA:636,223,0,16
BRDA:636,223,1,0
BRDA:635,276,0,8
BRDA:633,159,1,4
BRDA:633,335,0,4
BRDA:632,142,1,2
BRDA:632,352,0,2
BRDA:631,125,1,1
BRDA:631,369,0,1
FN:640,Image/Image`1<System.Numerics.Complex> Image/Image`1::ofArray4DComplex(System.Double[0...,0...,0...,0...],Microsoft.FSharp.Core.FSharpOption`1<System.String>)
FNDA:2,Image/Image`1<System.Numerics.Complex> Image/Image`1::ofArray4DComplex(System.Double[0...,0...,0...,0...],Microsoft.FSharp.Core.FSharpOption`1<System.String>)
DA:641,2
DA:642,2
DA:643,2
DA:644,2
DA:645,2
DA:646,3
DA:647,1
DA:648,3
DA:649,6
DA:650,12
DA:651,8
DA:652,8
DA:653,1
BRDA:646,49,0,1
BRDA:646,49,1,1
BRDA:648,132,0,2
BRDA:648,274,1,2
BRDA:649,149,0,4
BRDA:649,260,1,4
BRDA:650,163,0,8
BRDA:650,246,1,8
BRDA:650,163,1,4
BRDA:650,246,0,4
BRDA:649,149,1,2
BRDA:649,260,0,2
BRDA:648,132,1,1
BRDA:648,274,0,1
FN:655,Image/Image`1<System.Numerics.Complex> Image/Image`1::ofComplexArray3D(System.Numerics.Complex[0...,0...,0...],Microsoft.FSharp.Core.FSharpOption`1<System.String>)
FNDA:1,Image/Image`1<System.Numerics.Complex> Image/Image`1::ofComplexArray3D(System.Numerics.Complex[0...,0...,0...],Microsoft.FSharp.Core.FSharpOption`1<System.String>)
DA:656,1
DA:657,9
DA:658,9
DA:659,1
DA:660,1
DA:661,1
DA:662,1
DA:663,1
DA:664,1
FN:666,T[0...,0...] Image/Image`1::toArray2D()
FNDA:604,T[0...,0...] Image/Image`1::toArray2D()
DA:667,604
DA:668,1619
FN:670,System.Numerics.Complex[0...,0...] Image/Image`1::toComplexArray2D()
FNDA:2,System.Numerics.Complex[0...,0...] Image/Image`1::toComplexArray2D()
DA:671,2
DA:672,0
DA:673,2
DA:674,1
DA:676,1
DA:677,1
DA:678,1
DA:679,1
DA:680,1
DA:681,1
DA:682,1
DA:683,1
DA:684,5
BRDA:671,33,0,0
BRDA:671,33,1,2
BRDA:673,57,0,1
BRDA:673,57,1,1
FN:686,S[0...,0...,0...] Image/Image`1::toArray3DVector(Image/Image`1<Microsoft.FSharp.Collections.FSharpList`1<S>>)
FNDA:1,S[0...,0...,0...] Image/Image`1::toArray3DVector(Image/Image`1<Microsoft.FSharp.Collections.FSharpList`1<S>>)
DA:687,1
DA:688,0
DA:689,2
DA:690,2
DA:691,1
DA:692,12
DA:693,13
BRDA:687,8,0,0
BRDA:687,8,1,1
FN:695,T[0...,0...,0...] Image/Image`1::toArray3D()
FNDA:20,T[0...,0...,0...] Image/Image`1::toArray3D()
DA:696,20
DA:697,86
FN:699,System.Numerics.Complex[0...,0...,0...] Image/Image`1::toComplexArray3D()
FNDA:2,System.Numerics.Complex[0...,0...,0...] Image/Image`1::toComplexArray3D()
DA:700,2
DA:701,0
DA:702,2
DA:703,1
DA:705,1
DA:706,1
DA:707,1
DA:708,1
DA:709,1
DA:710,1
DA:711,1
DA:712,1
DA:713,9
BRDA:700,33,0,0
BRDA:700,33,1,2
BRDA:702,57,0,1
BRDA:702,57,1,1
FN:715,T[0...,0...,0...,0...] Image/Image`1::toArray4D()
[...]
DA:321,9196
FN:323,Image/ImageFacts Image/ImageFactsModule::create(System.String,System.String,System.UInt64,System.UInt64,Microsoft.FSharp.Collections.FSharpList`1<System.UInt64>)
FNDA:2243,Image/ImageFacts Image/ImageFactsModule::create(System.String,System.String,System.UInt64,System.UInt64,Microsoft.FSharp.Collections.FSharpList`1<System.UInt64>)
DA:324,2243
DA:325,2243
DA:326,2243
DA:327,2243
DA:328,2243
DA:329,2243
DA:330,2243
DA:331,2243
FN:333,Image/ImageFacts Image/ImageFactsModule::forType(Microsoft.FSharp.Collections.FSharpList`1<System.UInt32>,System.UInt32)
FNDA:3,Image/ImageFacts Image/ImageFactsModule::forType(Microsoft.FSharp.Collections.FSharpList`1<System.UInt32>,System.UInt32)
DA:334,3
DA:335,3
DA:336,3
DA:337,6
DA:338,3
DA:339,9
FN:341,Image/ImageFacts Image/ImageFactsModule::ofSimpleITK(itk.simple.Image)
FNDA:2240,Image/ImageFacts Image/ImageFactsModule::ofSimpleITK(itk.simple.Image)
DA:342,2240
DA:343,2240
DA:344,2240
DA:345,4480
DA:346,2240
DA:347,8960
FN:349,System.UInt64 Image/ImageFactsModule::memoryBytesForType(System.UInt64,System.UInt32)
FNDA:2,System.UInt64 Image/ImageFactsModule::memoryBytesForType(System.UInt64,System.UInt32)
DA:350,2
FN:352,System.UInt64 Image/ImageFactsModule::sliceBytesForType(System.UInt32,System.UInt32)
FNDA:1,System.UInt64 Image/ImageFactsModule::sliceBytesForType(System.UInt32,System.UInt32)
DA:353,1
FN:4,itk.simple.VectorUInt8 Image/InternalHelpers::toVectorUInt8(Microsoft.FSharp.Collections.FSharpList`1<System.Byte>)
FNDA:16,itk.simple.VectorUInt8 Image/InternalHelpers::toVectorUInt8(Microsoft.FSharp.Collections.FSharpList`1<System.Byte>)
DA:5,16
FN:5,itk.simple.VectorInt8 Image/InternalHelpers::toVectorInt8(Microsoft.FSharp.Collections.FSharpList`1<System.SByte>)
FNDA:8,itk.simple.VectorInt8 Image/InternalHelpers::toVectorInt8(Microsoft.FSharp.Collections.FSharpList`1<System.SByte>)
DA:6,8
FN:6,itk.simple.VectorUInt16 Image/InternalHelpers::toVectorUInt16(Microsoft.FSharp.Collections.FSharpList`1<System.UInt16>)
FNDA:7,itk.simple.VectorUInt16 Image/InternalHelpers::toVectorUInt16(Microsoft.FSharp.Collections.FSharpList`1<System.UInt16>)
DA:7,7
FN:7,itk.simple.VectorInt16 Image/InternalHelpers::toVectorInt16(Microsoft.FSharp.Collections.FSharpList`1<System.Int16>)
FNDA:7,itk.simple.VectorInt16 Image/InternalHelpers::toVectorInt16(Microsoft.FSharp.Collections.FSharpList`1<System.Int16>)
DA:8,7
FN:8,itk.simple.VectorUInt32 Image/InternalHelpers::toVectorUInt32(Microsoft.FSharp.Collections.FSharpList`1<System.UInt32>)
FNDA:14605,itk.simple.VectorUInt32 Image/InternalHelpers::toVectorUInt32(Microsoft.FSharp.Collections.FSharpList`1<System.UInt32>)
DA:9,14605
FN:9,itk.simple.VectorInt32 Image/InternalHelpers::toVectorInt32(Microsoft.FSharp.Collections.FSharpList`1<System.Int32>)
FNDA:56,itk.simple.VectorInt32 Image/InternalHelpers::toVectorInt32(Microsoft.FSharp.Collections.FSharpList`1<System.Int32>)
DA:10,56
FN:10,itk.simple.VectorUInt64 Image/InternalHelpers::toVectorUInt64(Microsoft.FSharp.Collections.FSharpList`1<System.UInt64>)
FNDA:7,itk.simple.VectorUInt64 Image/InternalHelpers::toVectorUInt64(Microsoft.FSharp.Collections.FSharpList`1<System.UInt64>)
DA:11,7
FN:11,itk.simple.VectorInt64 Image/InternalHelpers::toVectorInt64(Microsoft.FSharp.Collections.FSharpList`1<System.Int64>)
FNDA:7,itk.simple.VectorInt64 Image/InternalHelpers::toVectorInt64(Microsoft.FSharp.Collections.FSharpList`1<System.Int64>)
DA:12,7
FN:12,itk.simple.VectorFloat Image/InternalHelpers::toVectorFloat32(Microsoft.FSharp.Collections.FSharpList`1<System.Single>)
FNDA:17,itk.simple.VectorFloat Image/InternalHelpers::toVectorFloat32(Microsoft.FSharp.Collections.FSharpList`1<System.Single>)
DA:13,17
FN:13,itk.simple.VectorDouble Image/InternalHelpers::toVectorFloat64(Microsoft.FSharp.Collections.FSharpList`1<System.Double>)
FNDA:78,itk.simple.VectorDouble Image/InternalHelpers::toVectorFloat64(Microsoft.FSharp.Collections.FSharpList`1<System.Double>)
DA:14,78
FN:15,System.Numerics.Complex Image/InternalHelpers::toComplexFloat32(Microsoft.FSharp.Collections.FSharpList`1<System.Single>)
FNDA:2,System.Numerics.Complex Image/InternalHelpers::toComplexFloat32(Microsoft.FSharp.Collections.FSharpList`1<System.Single>)
DA:16,2
DA:17,1
DA:18,0
DA:19,0
DA:20,1
BRDA:16,8,1,2
BRDA:16,25,1,2
BRDA:16,47,0,1
BRDA:16,25,0,0
BRDA:16,8,0,0
BRDA:16,47,1,1
FN:21,System.Numerics.Complex Image/InternalHelpers::toComplexFloat64(Microsoft.FSharp.Collections.FSharpList`1<System.Double>)
FNDA:2,System.Numerics.Complex Image/InternalHelpers::toComplexFloat64(Microsoft.FSharp.Collections.FSharpList`1<System.Double>)
DA:22,2
DA:23,0
DA:24,1
DA:25,1
DA:26,0
BRDA:22,8,1,1
BRDA:22,25,1,0
BRDA:22,47,0,0
BRDA:22,25,0,1
BRDA:22,8,0,1
BRDA:22,47,1,0
FN:28,Microsoft.FSharp.Collections.FSharpList`1<b> Image/InternalHelpers::fromItkVector(Microsoft.FSharp.Core.FSharpFunc`2<a,b>,System.Collections.Generic.IEnumerable`1<a>)
FNDA:12150,Microsoft.FSharp.Collections.FSharpList`1<b> Image/InternalHelpers::fromItkVector(Microsoft.FSharp.Core.FSharpFunc`2<a,b>,System.Collections.Generic.IEnumerable`1<a>)
DA:29,12150
FN:30,Microsoft.FSharp.Collections.FSharpList`1<System.Byte> Image/InternalHelpers::fromVectorUInt8(itk.simple.VectorUInt8)
FNDA:10,Microsoft.FSharp.Collections.FSharpList`1<System.Byte> Image/InternalHelpers::fromVectorUInt8(itk.simple.VectorUInt8)
DA:31,10
FN:31,Microsoft.FSharp.Collections.FSharpList`1<System.SByte> Image/InternalHelpers::fromVectorInt8(itk.simple.VectorInt8)
FNDA:7,Microsoft.FSharp.Collections.FSharpList`1<System.SByte> Image/InternalHelpers::fromVectorInt8(itk.simple.VectorInt8)
DA:32,7
FN:32,Microsoft.FSharp.Collections.FSharpList`1<System.UInt16> Image/InternalHelpers::fromVectorUInt16(itk.simple.VectorUInt16)
FNDA:7,Microsoft.FSharp.Collections.FSharpList`1<System.UInt16> Image/InternalHelpers::fromVectorUInt16(itk.simple.VectorUInt16)
DA:33,7
FN:33,Microsoft.FSharp.Collections.FSharpList`1<System.Int16> Image/InternalHelpers::fromVectorInt16(itk.simple.VectorInt16)
FNDA:7,Microsoft.FSharp.Collections.FSharpList`1<System.Int16> Image/InternalHelpers::fromVectorInt16(itk.simple.VectorInt16)
DA:34,7
FN:34,Microsoft.FSharp.Collections.FSharpList`1<System.UInt32> Image/InternalHelpers::fromVectorUInt32(itk.simple.VectorUInt32)
FNDA:3855,Microsoft.FSharp.Collections.FSharpList`1<System.UInt32> Image/InternalHelpers::fromVectorUInt32(itk.simple.VectorUInt32)
DA:35,3855
FN:35,Microsoft.FSharp.Collections.FSharpList`1<System.Int32> Image/InternalHelpers::fromVectorInt32(itk.simple.VectorInt32)
FNDA:43,Microsoft.FSharp.Collections.FSharpList`1<System.Int32> Image/InternalHelpers::fromVectorInt32(itk.simple.VectorInt32)
DA:36,43
FN:36,Microsoft.FSharp.Collections.FSharpList`1<System.UInt64> Image/InternalHelpers::fromVectorUInt64(itk.simple.VectorUInt64)
FNDA:7,Microsoft.FSharp.Collections.FSharpList`1<System.UInt64> Image/InternalHelpers::fromVectorUInt64(itk.simple.VectorUInt64)
DA:37,7
FN:37,Microsoft.FSharp.Collections.FSharpList`1<System.Int64> Image/InternalHelpers::fromVectorInt64(itk.simple.VectorInt64)
FNDA:7,Microsoft.FSharp.Collections.FSharpList`1<System.Int64> Image/InternalHelpers::fromVectorInt64(itk.simple.VectorInt64)
DA:38,7
FN:38,Microsoft.FSharp.Collections.FSharpList`1<System.Single> Image/InternalHelpers::fromVectorFloat32(itk.simple.VectorFloat)
FNDA:16,Microsoft.FSharp.Collections.FSharpList`1<System.Single> Image/InternalHelpers::fromVectorFloat32(itk.simple.VectorFloat)
DA:39,16
FN:39,Microsoft.FSharp.Collections.FSharpList`1<System.Double> Image/InternalHelpers::fromVectorFloat64(itk.simple.VectorDouble)
FNDA:90,Microsoft.FSharp.Collections.FSharpList`1<System.Double> Image/InternalHelpers::fromVectorFloat64(itk.simple.VectorDouble)
DA:40,90
FN:41,itk.simple.PixelIDValueEnum Image/InternalHelpers::fromType()
FNDA:106343,itk.simple.PixelIDValueEnum Image/InternalHelpers::fromType()
DA:42,106343
DA:43,120326
DA:44,104540
DA:45,91553
DA:46,79694
DA:47,68199
DA:48,58209
DA:49,45539
DA:50,36537
DA:51,28222
DA:52,25963
DA:53,336
DA:54,297
DA:55,246
DA:56,235
DA:57,224
DA:58,213
DA:59,235
DA:60,158
DA:61,147
DA:62,151
DA:63,198
DA:64,0
BRDA:43,28,0,13983
BRDA:43,28,1,92360
BRDA:44,53,0,12180
BRDA:44,53,1,80180
BRDA:45,78,0,11373
BRDA:45,78,1,68807
BRDA:46,103,0,10887
BRDA:46,103,1,57920
BRDA:47,128,0,10279
BRDA:47,128,1,47641
BRDA:48,153,0,10568
BRDA:48,153,1,37073
BRDA:49,178,0,8466
BRDA:49,178,1,28607
BRDA:50,203,0,7930
BRDA:50,203,1,20677
BRDA:51,228,0,7545
BRDA:51,228,1,13132
BRDA:52,253,0,12831
BRDA:52,253,1,301
BRDA:53,278,0,35
BRDA:53,278,1,266
BRDA:54,303,0,31
BRDA:54,303,1,235
BRDA:55,328,0,11
BRDA:55,328,1,224
BRDA:56,353,0,11
BRDA:56,353,1,213
BRDA:57,378,0,11
BRDA:57,378,1,202
BRDA:58,403,0,11
BRDA:58,403,1,191
BRDA:59,428,0,44
BRDA:59,428,1,147
BRDA:60,453,0,11
BRDA:60,453,1,136
BRDA:61,478,0,11
BRDA:61,478,1,125
BRDA:62,503,0,26
BRDA:62,503,1,99
BRDA:63,528,0,99
BRDA:63,528,1,0
FN:66,System.Boolean Image/InternalHelpers::isComplexPixelId(itk.simple.PixelIDValueEnum)
FNDA:202,System.Boolean Image/InternalHelpers::isComplexPixelId(itk.simple.PixelIDValueEnum)
DA:67,202
DA:68,202
BRDA:67,11,0,0
BRDA:67,11,1,202
FN:70,System.Boolean Image/InternalHelpers::isComplexCompatibleImage(itk.simple.Image)
FNDA:41,System.Boolean Image/InternalHelpers::isComplexCompatibleImage(itk.simple.Image)
DA:71,41
FN:73,itk.simple.Image Image/InternalHelpers::ofCastItk(itk.simple.Image)
FNDA:735,itk.simple.Image Image/InternalHelpers::ofCastItk(itk.simple.Image)
DA:74,735
DA:75,1480
DA:76,9
DA:77,726
DA:78,497
DA:80,229
DA:81,229
DA:82,229
BRDA:75,32,0,10
BRDA:75,32,1,725
BRDA:75,45,0,9
BRDA:75,45,1,726
BRDA:77,67,0,497
BRDA:77,67,1,229
FN:84,System.Tuple`2<T,U>[0...,0...] Image/InternalHelpers::array2dZip(T[0...,0...],U[0...,0...])
FNDA:16,System.Tuple`2<T,U>[0...,0...] Image/InternalHelpers::array2dZip(T[0...,0...],U[0...,0...])
DA:85,16
DA:86,16
DA:87,48
DA:88,0
DA:89,68
BRDA:87,74,0,0
BRDA:87,74,1,16
BRDA:87,89,0,0
BRDA:87,89,1,16
FN:91,System.String Image/InternalHelpers::pixelIdToString(itk.simple.PixelIDValueEnum)
FNDA:2241,System.String Image/InternalHelpers::pixelIdToString(itk.simple.PixelIDValueEnum)
DA:92,2241
FN:94,System.Collections.Generic.IEnumerable`1<Microsoft.FSharp.Collections.FSharpList`1<System.UInt32>> Image/InternalHelpers::flatIndices(Microsoft.FSharp.Collections.FSharpList`1<System.UInt32>)
FNDA:1031,System.Collections.Generic.IEnumerable`1<Microsoft.FSharp.Collections.FSharpList`1<System.UInt32>> Image/InternalHelpers::flatIndices(Microsoft.FSharp.Collections.FSharpList`1<System.UInt32>)
DA:95,1031
DA:97,874
DA:98,3508
DA:99,8932
DA:100,4526
DA:102,104
DA:103,438
DA:104,1253
DA:105,3785
DA:106,2200
DA:108,53
DA:109,206
DA:110,458
DA:111,672
DA:112,878
DA:113,337
DA:114,0
BRDA:95,9,1,874
BRDA:95,9,2,104
BRDA:95,9,3,53
BRDA:95,9,0,0
FN:116,System.Void Image/InternalHelpers::setBoxedPixel(itk.simple.Image,itk.simple.PixelIDValueEnum,itk.simple.VectorUInt32,System.Object)
FNDA:4839,System.Void Image/InternalHelpers::setBoxedPixel(itk.simple.Image,itk.simple.PixelIDValueEnum,itk.simple.VectorUInt32,System.Object)
DA:117,4839
DA:118,12
DA:119,4
DA:120,4
DA:121,4
DA:122,4
DA:123,31
DA:124,4
DA:125,4
DA:126,13
DA:127,67
DA:129,5148
DA:130,4468
DA:131,4190
DA:132,4023
DA:133,3793
DA:134,3811
DA:135,3235
DA:136,3055
DA:137,2915
DA:138,4950
DA:139,0
BRDA:117,13,0,4827
BRDA:117,29,0,4823
BRDA:117,45,0,4819
BRDA:117,63,0,4815
BRDA:117,81,0,4811
BRDA:117,99,0,4780
BRDA:117,117,0,4776
BRDA:117,135,0,4772
BRDA:117,153,0,4759
BRDA:117,13,1,12
BRDA:117,29,1,4
BRDA:117,45,1,4
BRDA:117,63,1,4
BRDA:117,81,1,4
BRDA:117,99,1,31
BRDA:117,117,1,4
BRDA:117,135,1,4
BRDA:117,153,1,13
BRDA:117,171,0,67
BRDA:117,171,1,4692
BRDA:129,423,0,456
BRDA:129,423,1,4236
BRDA:130,451,0,232
BRDA:130,451,1,4004
BRDA:131,479,0,186
BRDA:131,479,1,3818
BRDA:132,507,0,205
BRDA:132,507,1,3613
BRDA:133,535,0,180
BRDA:133,535,1,3433
BRDA:134,563,0,378
BRDA:134,563,1,3055
BRDA:135,591,0,180
BRDA:135,591,1,2875
BRDA:136,619,0,180
BRDA:136,619,1,2695
BRDA:137,647,0,220
BRDA:137,647,1,2475
BRDA:138,675,0,2475
BRDA:138,675,1,0
FN:142,System.Object Image/InternalHelpers::getBoxedPixel(itk.simple.Image,itk.simple.PixelIDValueEnum,itk.simple.VectorUInt32)
FNDA:8576,System.Object Image/InternalHelpers::getBoxedPixel(itk.simple.Image,itk.simple.PixelIDValueEnum,itk.simple.VectorUInt32)
DA:143,8576
DA:144,7544
DA:145,7046
DA:146,6720
DA:147,6340
DA:148,6475
DA:149,5081
DA:150,4729
DA:151,4451
DA:152,7262
DA:153,0
DA:154,0
DA:155,0
DA:156,0
DA:157,0
DA:158,0
DA:167,0
DA:168,0
DA:169,0
DA:170,0
DA:171,0
DA:172,0
DA:173,0
DA:174,0
DA:175,0
DA:176,0
DA:177,0
DA:178,0
DA:179,0
DA:181,0
BRDA:143,12,0,728
BRDA:143,12,1,7120
BRDA:144,39,0,424
BRDA:144,39,1,6696
BRDA:145,66,0,350
BRDA:145,66,1,6346
BRDA:146,93,0,374
BRDA:146,93,1,5972
BRDA:147,120,0,368
BRDA:147,120,1,5604
BRDA:148,147,0,871
BRDA:148,147,1,4733
BRDA:149,174,0,348
BRDA:149,174,1,4385
BRDA:150,201,0,344
BRDA:150,201,1,4041
BRDA:151,228,0,410
BRDA:151,228,1,3631
BRDA:152,255,0,3631
BRDA:152,255,1,0
BRDA:153,282,0,0
BRDA:155,305,0,0
BRDA:155,305,1,0
BRDA:153,282,1,0
BRDA:170,480,0,0
BRDA:170,480,1,0
BRDA:171,517,0,0
BRDA:171,517,1,0
BRDA:172,554,0,0
BRDA:172,554,1,0
BRDA:173,591,0,0
BRDA:173,591,1,0
BRDA:174,628,0,0
BRDA:174,628,1,0
BRDA:175,665,0,0
BRDA:175,665,1,0
BRDA:176,702,0,0
BRDA:176,702,1,0
BRDA:177,739,0,0
BRDA:177,739,1,0
BRDA:178,776,0,0
BRDA:178,776,1,0
BRDA:179,813,0,0
BRDA:179,813,1,0
FN:184,System.Object Image/InternalHelpers::getBoxedZero(itk.simple.PixelIDValueEnum,Microsoft.FSharp.Core.FSharpOption`1<System.UInt32>)
FNDA:0,System.Object Image/InternalHelpers::getBoxedZero(itk.simple.PixelIDValueEnum,Microsoft.FSharp.Core.FSharpOption`1<System.UInt32>)
DA:185,0
DA:186,0
DA:187,0
DA:188,0
DA:189,0
DA:190,0
DA:191,0
DA:192,0
DA:193,0
DA:194,0
DA:195,0
DA:196,0
DA:197,0
DA:198,0
DA:199,0
DA:200,0
DA:201,0
DA:202,0
DA:203,0
DA:204,0
DA:205,0
DA:206,0
DA:208,0
BRDA:185,3,1,0
BRDA:185,3,0,0
BRDA:186,35,0,0
BRDA:186,35,1,0
BRDA:187,56,0,0
BRDA:187,56,1,0
BRDA:188,77,0,0
BRDA:188,77,1,0
BRDA:189,98,0,0
BRDA:189,98,1,0
BRDA:190,119,0,0
BRDA:190,119,1,0
BRDA:191,140,0,0
BRDA:191,140,1,0
BRDA:192,161,0,0
BRDA:192,161,1,0
BRDA:193,183,0,0
BRDA:193,183,1,0
BRDA:194,205,0,0
BRDA:194,205,1,0
BRDA:195,230,0,0
BRDA:195,230,1,0
BRDA:196,259,0,0
BRDA:196,259,1,0
BRDA:197,302,0,0
BRDA:197,302,1,0
BRDA:198,329,0,0
BRDA:198,329,1,0
BRDA:199,356,0,0
BRDA:199,356,1,0
BRDA:200,383,0,0
BRDA:200,383,1,0
BRDA:201,410,0,0
BRDA:201,410,1,0
BRDA:202,437,0,0
BRDA:202,437,1,0
BRDA:203,464,0,0
BRDA:203,464,1,0
BRDA:204,492,0,0
BRDA:204,492,1,0
BRDA:205,520,0,0
BRDA:205,520,1,0
BRDA:206,551,0,0
BRDA:206,551,1,0
FN:210,System.Double Image/InternalHelpers::getFloatPixel(itk.simple.Image,itk.simple.VectorUInt32)
FNDA:136,System.Double Image/InternalHelpers::getFloatPixel(itk.simple.Image,itk.simple.VectorUInt32)
DA:211,136
DA:212,136
DA:213,0
DA:214,136
DA:215,136
DA:217,0
BRDA:212,19,0,0
BRDA:212,19,1,136
BRDA:214,46,0,136
BRDA:214,46,1,0
FN:219,System.Void Image/InternalHelpers::setFloatPixel(itk.simple.Image,itk.simple.VectorUInt32,System.Double)
FNDA:168,System.Void Image/InternalHelpers::setFloatPixel(itk.simple.Image,itk.simple.VectorUInt32,System.Double)
DA:220,168
DA:221,168
DA:222,0
DA:223,168
DA:224,168
DA:226,0
BRDA:221,19,0,0
BRDA:221,19,1,168
BRDA:223,43,0,168
BRDA:223,43,1,0
FN:228,System.Void Image/InternalHelpers::ensureNativeComplex(System.String,itk.simple.Image)
FNDA:9,System.Void Image/InternalHelpers::ensureNativeComplex(System.String,itk.simple.Image)
DA:229,9
DA:230,0
BRDA:229,16,0,0
BRDA:229,16,1,9
FN:232,itk.simple.Image Image/InternalHelpers::extractComplexRealImage(itk.simple.Image)
FNDA:5,itk.simple.Image Image/InternalHelpers::extractComplexRealImage(itk.simple.Image)
DA:233,5
DA:234,5
DA:235,5
FN:237,itk.simple.Image Image/InternalHelpers::extractComplexImagImage(itk.simple.Image)
FNDA:4,itk.simple.Image Image/InternalHelpers::extractComplexImagImage(itk.simple.Image)
DA:238,4
DA:239,4
DA:240,4
FN:247,System.Object Image/InternalHelpers::mulAdd(itk.simple.PixelIDValueEnum,System.Object,System.Object,System.Object)
FNDA:0,System.Object Image/InternalHelpers::mulAdd(itk.simple.PixelIDValueEnum,System.Object,System.Object,System.Object)
DA:248,0
DA:250,0
DA:251,0
DA:252,0
DA:253,0
DA:254,0
BRDA:248,12,0,0
BRDA:248,12,1,0
BRDA:250,52,0,0
BRDA:250,52,1,0
BRDA:251,92,0,0
BRDA:251,92,1,0
BRDA:252,132,0,0
BRDA:252,132,1,0
BRDA:253,172,0,0
BRDA:253,172,1,0
FN:159,System.Double Image/InternalHelpers/getComponent@160::Invoke(itk.simple.Image)
FNDA:0,System.Double Image/InternalHelpers/getComponent@160::Invoke(itk.simple.Image)
DA:160,0
DA:161,0
DA:162,0
DA:163,0
DA:164,0
DA:166,0
BRDA:161,19,0,0
BRDA:161,19,1,0
BRDA:163,51,0,0
BRDA:163,51,1,0
FN:370,System.Void <StartupCode$Image>.$Image::.cctor()
FNDA:1,System.Void <StartupCode$Image>.$Image::.cctor()
DA:371,1
DA:372,1
DA:373,1
DA:380,1
DA:381,1
DA:393,1
DA:394,1
DA:395,1
DA:419,1
LF:833
LH:678
BRF:642
BRH:443
FNF:187
FNH:165
end_of_record
SF:/Users/jrh630/repositories/stackProcessing/src/TinyLinAlg/TinyLinAlg.fs
FN:13,TinyLinAlg/V3 TinyLinAlg::v3(System.Double,System.Double,System.Double)
FNDA:24,TinyLinAlg/V3 TinyLinAlg::v3(System.Double,System.Double,System.Double)
DA:14,24
FN:15,TinyLinAlg/V3 TinyLinAlg::add(TinyLinAlg/V3,TinyLinAlg/V3)
FNDA:0,TinyLinAlg/V3 TinyLinAlg::add(TinyLinAlg/V3,TinyLinAlg/V3)
DA:16,0
FN:16,TinyLinAlg/V3 TinyLinAlg::sub(TinyLinAlg/V3,TinyLinAlg/V3)
FNDA:0,TinyLinAlg/V3 TinyLinAlg::sub(TinyLinAlg/V3,TinyLinAlg/V3)
DA:17,0
FN:17,TinyLinAlg/V3 TinyLinAlg::scale(System.Double,TinyLinAlg/V3)
FNDA:12,TinyLinAlg/V3 TinyLinAlg::scale(System.Double,TinyLinAlg/V3)
DA:18,12
FN:18,System.Double TinyLinAlg::dot(TinyLinAlg/V3,TinyLinAlg/V3)
FNDA:12,System.Double TinyLinAlg::dot(TinyLinAlg/V3,TinyLinAlg/V3)
DA:19,12
FN:19,System.Double TinyLinAlg::norm(TinyLinAlg/V3)
FNDA:12,System.Double TinyLinAlg::norm(TinyLinAlg/V3)
DA:20,12
FN:22,TinyLinAlg/V3 TinyLinAlg::normalize(TinyLinAlg/V3)
FNDA:12,TinyLinAlg/V3 TinyLinAlg::normalize(TinyLinAlg/V3)
DA:23,12
DA:24,24
BRDA:24,20,0,0
BRDA:24,20,1,12
FN:26,TinyLinAlg/V3 TinyLinAlg::mulMV(TinyLinAlg/M3,TinyLinAlg/V3)
FNDA:0,TinyLinAlg/V3 TinyLinAlg::mulMV(TinyLinAlg/M3,TinyLinAlg/V3)
DA:27,0
DA:28,0
DA:29,0
DA:30,0
FN:32,System.Double TinyLinAlg::det3(TinyLinAlg/M3)
FNDA:0,System.Double TinyLinAlg::det3(TinyLinAlg/M3)
DA:33,0
DA:34,0
DA:35,0
FN:37,TinyLinAlg/M3 TinyLinAlg::inv3(TinyLinAlg/M3)
FNDA:0,TinyLinAlg/M3 TinyLinAlg::inv3(TinyLinAlg/M3)
DA:38,0
DA:39,0
DA:40,0
DA:41,0
DA:42,0
DA:43,0
DA:44,0
DA:45,0
DA:46,0
DA:47,0
DA:48,0
DA:49,0
BRDA:39,25,0,0
BRDA:39,25,1,0
FN:51,Microsoft.FSharp.Collections.FSharpList`1<System.Tuple`2<System.Double,TinyLinAlg/V3>> TinyLinAlg::symmetricEigen(TinyLinAlg/M3)
FNDA:4,Microsoft.FSharp.Collections.FSharpList`1<System.Tuple`2<System.Double,TinyLinAlg/V3>> TinyLinAlg::symmetricEigen(TinyLinAlg/M3)
DA:52,4
DA:53,4
DA:55,12
DA:56,12
DA:57,12
DA:59,20
DA:60,60
DA:61,108
DA:95,136
DA:96,128
DA:97,128
DA:98,128
DA:100,20
DA:101,12
DA:102,16
DA:103,4
BRDA:59,212,1,12
BRDA:60,202,1,36
BRDA:61,165,0,12
BRDA:61,165,1,24
BRDA:60,202,0,12
BRDA:59,212,0,4
BRDA:95,270,1,128
BRDA:95,270,0,4
BRDA:100,366,1,12
BRDA:100,366,0,4
FN:114,TinyLinAlg/V3 TinyLinAlg::affinePoint(TinyLinAlg/Affine,TinyLinAlg/V3)
FNDA:0,TinyLinAlg/V3 TinyLinAlg::affinePoint(TinyLinAlg/Affine,TinyLinAlg/V3)
DA:115,0
FN:63,Microsoft.FSharp.Core.Unit TinyLinAlg/rotate@64::Invoke(System.Int32,System.Int32)
FNDA:384,Microsoft.FSharp.Core.Unit TinyLinAlg/rotate@64::Invoke(System.Int32,System.Int32)
DA:64,384
DA:65,0
DA:67,0
DA:68,0
DA:69,0
DA:70,0
DA:71,0
DA:72,0
DA:73,0
DA:75,0
DA:76,0
DA:77,0
DA:78,0
DA:80,0
DA:81,0
DA:82,0
DA:83,0
DA:84,0
DA:85,0
DA:86,0
DA:87,0
DA:89,0
DA:90,0
DA:91,0
DA:92,0
DA:93,0
BRDA:64,30,0,0
BRDA:67,98,0,0
BRDA:67,98,1,0
BRDA:80,497,1,0
BRDA:81,326,0,0
BRDA:81,326,1,0
BRDA:81,341,0,0
BRDA:81,341,1,0
BRDA:80,497,0,0
BRDA:89,598,1,0
BRDA:89,598,0,0
BRDA:64,30,1,384
LF:70
LH:23
BRF:26
BRH:12
FNF:13
FNH:7
end_of_record