SF:/Users/jrh630/repositories/stackProcessing/src/Image/ImageFunctions.fs
FN:10,Image/Image`1<S> ImageFunctions::imageAddScalar(Image/Image`1<S>,S)
FNDA:0,Image/Image`1<S> ImageFunctions::imageAddScalar(Image/Image`1<S>,S)
DA:11,0
DA:12,0
FN:15,Image/Image`1<S> ImageFunctions::scalarAddImage(S,Image/Image`1<S>)
FNDA:0,Image/Image`1<S> ImageFunctions::scalarAddImage(S,Image/Image`1<S>)
DA:16,0
FN:19,Image/Image`1<S> ImageFunctions::imageSubScalar(Image/Image`1<S>,S)
FNDA:0,Image/Image`1<S> ImageFunctions::imageSubScalar(Image/Image`1<S>,S)
DA:20,0
DA:21,0
FN:24,Image/Image`1<S> ImageFunctions::scalarSubImage(S,Image/Image`1<S>)
FNDA:0,Image/Image`1<S> ImageFunctions::scalarSubImage(S,Image/Image`1<S>)
DA:25,0
DA:26,0
FN:29,Image/Image`1<S> ImageFunctions::imageMulScalar(Image/Image`1<S>,S)
FNDA:0,Image/Image`1<S> ImageFunctions::imageMulScalar(Image/Image`1<S>,S)
DA:30,0
DA:31,0
FN:34,Image/Image`1<S> ImageFunctions::scalarMulImage(S,Image/Image`1<S>)
FNDA:0,Image/Image`1<S> ImageFunctions::scalarMulImage(S,Image/Image`1<S>)
DA:35,0
FN:38,Image/Image`1<S> ImageFunctions::imageDivScalar(Image/Image`1<S>,S)
FNDA:0,Image/Image`1<S> ImageFunctions::imageDivScalar(Image/Image`1<S>,S)
DA:39,0
DA:40,0
FN:43,Image/Image`1<S> ImageFunctions::scalarDivImage(S,Image/Image`1<S>)
FNDA:0,Image/Image`1<S> ImageFunctions::scalarDivImage(S,Image/Image`1<S>)
DA:44,0
DA:45,0
FN:49,Image/Image`1<S> ImageFunctions::imagePowScalar(Image/Image`1<S>,S)
FNDA:0,Image/Image`1<S> ImageFunctions::imagePowScalar(Image/Image`1<S>,S)
DA:50,0
DA:51,0
FN:56,Image/Image`1<S> ImageFunctions::scalarPowImage(S,Image/Image`1<S>)
FNDA:0,Image/Image`1<S> ImageFunctions::scalarPowImage(S,Image/Image`1<S>)
DA:57,0
DA:58,0
FN:62,T ImageFunctions::sum(Image/Image`1<T>)
FNDA:0,T ImageFunctions::sum(Image/Image`1<T>)
DA:63,0
DA:64,0
FN:68,T ImageFunctions::prod(Image/Image`1<T>)
FNDA:0,T ImageFunctions::prod(Image/Image`1<T>)
DA:69,0
DA:70,0
FN:72,System.String ImageFunctions::dump(Image/Image`1<T>)
FNDA:0,System.String ImageFunctions::dump(Image/Image`1<T>)
DA:73,0
FN:78,Image/Image`1<T> ImageFunctions::squeeze(Image/Image`1<T>)
FNDA:0,Image/Image`1<T> ImageFunctions::squeeze(Image/Image`1<T>)
DA:79,0
DA:80,0
DA:81,0
DA:82,0
DA:83,0
FN:85,Microsoft.FSharp.Collections.FSharpList`1<S> ImageFunctions::expand(System.UInt32,S,Microsoft.FSharp.Collections.FSharpList`1<S>)
FNDA:3,Microsoft.FSharp.Collections.FSharpList`1<S> ImageFunctions::expand(System.UInt32,S,Microsoft.FSharp.Collections.FSharpList`1<S>)
DA:86,3
BRDA:86,14,0,0
BRDA:86,14,1,3
FN:89,Image/Image`1<T> ImageFunctions::concatAlong(System.UInt32,Image/Image`1<T>,Image/Image`1<T>)
FNDA:3,Image/Image`1<T> ImageFunctions::concatAlong(System.UInt32,Image/Image`1<T>,Image/Image`1<T>)
DA:90,3
DA:91,0
DA:92,3
DA:93,0
DA:95,3
DA:96,3
DA:97,6
DA:99,3
DA:100,3
DA:101,24
DA:102,3
DA:104,24
DA:107,3
DA:108,9
DA:110,3
DA:112,9
DA:113,9
DA:114,3
DA:118,24
DA:119,9
DA:120,9
DA:121,3
DA:123,3
BRDA:90,13,0,0
BRDA:90,13,1,3
BRDA:92,42,0,0
BRDA:92,42,1,3
BRDA:102,245,1,9
BRDA:101,166,0,6
BRDA:101,166,1,3
BRDA:101,182,0,0
BRDA:101,182,1,9
BRDA:102,245,0,3
FN:125,Image/Image`1<T> ImageFunctions::constantPad2D(Microsoft.FSharp.Collections.FSharpList`1<System.UInt32>,Microsoft.FSharp.Collections.FSharpList`1<System.UInt32>,System.Double,Image/Image`1<T>)
FNDA:9,Image/Image`1<T> ImageFunctions::constantPad2D(Microsoft.FSharp.Collections.FSharpList`1<System.UInt32>,Microsoft.FSharp.Collections.FSharpList`1<System.UInt32>,System.Double,Image/Image`1<T>)
DA:126,9
DA:127,0
DA:128,3
DA:129,9
DA:130,9
DA:131,3
DA:132,3
DA:133,3
BRDA:126,8,0,0
BRDA:126,8,1,3
BRDA:126,27,0,0
BRDA:126,27,1,3
FN:135,Image/Image`1<T> ImageFunctions::crop2D(Microsoft.FSharp.Collections.FSharpList`1<System.UInt32>,Microsoft.FSharp.Collections.FSharpList`1<System.UInt32>,Image/Image`1<T>)
FNDA:6,Image/Image`1<T> ImageFunctions::crop2D(Microsoft.FSharp.Collections.FSharpList`1<System.UInt32>,Microsoft.FSharp.Collections.FSharpList`1<System.UInt32>,Image/Image`1<T>)
DA:136,6
DA:137,0
DA:138,2
DA:139,6
DA:140,6
DA:141,2
DA:142,2
BRDA:136,8,0,0
BRDA:136,8,1,2
BRDA:136,27,0,0
BRDA:136,27,1,2
FN:152,Image/Image`1<S> ImageFunctions::makeUnaryImageOperatorWith(System.String,Microsoft.FSharp.Core.FSharpFunc`2<Microsoft.FSharp.Core.Unit,Filter>,Microsoft.FSharp.Core.FSharpFunc`2<Filter,Microsoft.FSharp.Core.Unit>,Microsoft.FSharp.Core.FSharpFunc`2<Filter,Microsoft.FSharp.Core.FSharpFunc`2<itk.simple.Image,itk.simple.Image>>,Image/Image`1<T>)
FNDA:0,Image/Image`1<S> ImageFunctions::makeUnaryImageOperatorWith(System.String,Microsoft.FSharp.Core.FSharpFunc`2<Microsoft.FSharp.Core.Unit,Filter>,Microsoft.FSharp.Core.FSharpFunc`2<Filter,Microsoft.FSharp.Core.Unit>,Microsoft.FSharp.Core.FSharpFunc`2<Filter,Microsoft.FSharp.Core.FSharpFunc`2<itk.simple.Image,itk.simple.Image>>,Image/Image`1<T>)
DA:153,0
DA:154,0
DA:155,0
FN:156,Microsoft.FSharp.Core.FSharpFunc`2<Image/Image`1<b>,Image/Image`1<c>> ImageFunctions::makeUnaryImageOperator(System.String,Microsoft.FSharp.Core.FSharpFunc`2<Microsoft.FSharp.Core.Unit,a>,Microsoft.FSharp.Core.FSharpFunc`2<a,Microsoft.FSharp.Core.FSharpFunc`2<itk.simple.Image,itk.simple.Image>>)
FNDA:0,Microsoft.FSharp.Core.FSharpFunc`2<Image/Image`1<b>,Image/Image`1<c>> ImageFunctions::makeUnaryImageOperator(System.String,Microsoft.FSharp.Core.FSharpFunc`2<Microsoft.FSharp.Core.Unit,a>,Microsoft.FSharp.Core.FSharpFunc`2<a,Microsoft.FSharp.Core.FSharpFunc`2<itk.simple.Image,itk.simple.Image>>)
DA:157,0
FN:165,Image/Image`1<T> ImageFunctions::makeBinaryImageOperatorWith(System.String,Microsoft.FSharp.Core.FSharpFunc`2<Microsoft.FSharp.Core.Unit,Filter>,Microsoft.FSharp.Core.FSharpFunc`2<Filter,Microsoft.FSharp.Core.Unit>,Microsoft.FSharp.Core.FSharpFunc`2<Filter,Microsoft.FSharp.Core.FSharpFunc`2<itk.simple.Image,Microsoft.FSharp.Core.FSharpFunc`2<itk.simple.Image,itk.simple.Image>>>,Image/Image`1<T>,Image/Image`1<T>)
FNDA:0,Image/Image`1<T> ImageFunctions::makeBinaryImageOperatorWith(System.String,Microsoft.FSharp.Core.FSharpFunc`2<Microsoft.FSharp.Core.Unit,Filter>,Microsoft.FSharp.Core.FSharpFunc`2<Filter,Microsoft.FSharp.Core.Unit>,Microsoft.FSharp.Core.FSharpFunc`2<Filter,Microsoft.FSharp.Core.FSharpFunc`2<itk.simple.Image,Microsoft.FSharp.Core.FSharpFunc`2<itk.simple.Image,itk.simple.Image>>>,Image/Image`1<T>,Image/Image`1<T>)
DA:166,0
DA:167,0
DA:168,0
DA:169,0
FN:170,Microsoft.FSharp.Core.FSharpFunc`2<Image/Image`1<b>,Microsoft.FSharp.Core.FSharpFunc`2<Image/Image`1<b>,Image/Image`1<b>>> ImageFunctions::makeBinaryImageOperator(System.String,Microsoft.FSharp.Core.FSharpFunc`2<Microsoft.FSharp.Core.Unit,a>,Microsoft.FSharp.Core.FSharpFunc`2<a,Microsoft.FSharp.Core.FSharpFunc`2<itk.simple.Image,Microsoft.FSharp.Core.FSharpFunc`2<itk.simple.Image,itk.simple.Image>>>)
FNDA:0,Microsoft.FSharp.Core.FSharpFunc`2<Image/Image`1<b>,Microsoft.FSharp.Core.FSharpFunc`2<Image/Image`1<b>,Image/Image`1<b>>> ImageFunctions::makeBinaryImageOperator(System.String,Microsoft.FSharp.Core.FSharpFunc`2<Microsoft.FSharp.Core.Unit,a>,Microsoft.FSharp.Core.FSharpFunc`2<a,Microsoft.FSharp.Core.FSharpFunc`2<itk.simple.Image,Microsoft.FSharp.Core.FSharpFunc`2<itk.simple.Image,itk.simple.Image>>>)
DA:171,0
FN:173,Image/Image`1<a> ImageFunctions::absImage(Image/Image`1<T>)
FNDA:27,Image/Image`1<a> ImageFunctions::absImage(Image/Image`1<T>)
DA:174,27
FN:174,Image/Image`1<a> ImageFunctions::logImage(Image/Image`1<T>)
FNDA:27,Image/Image`1<a> ImageFunctions::logImage(Image/Image`1<T>)
DA:175,27
FN:175,Image/Image`1<a> ImageFunctions::log10Image(Image/Image`1<T>)
FNDA:27,Image/Image`1<a> ImageFunctions::log10Image(Image/Image`1<T>)
DA:176,27
FN:176,Image/Image`1<a> ImageFunctions::expImage(Image/Image`1<T>)
FNDA:27,Image/Image`1<a> ImageFunctions::expImage(Image/Image`1<T>)
DA:177,27
FN:177,Image/Image`1<a> ImageFunctions::sqrtImage(Image/Image`1<T>)
FNDA:39,Image/Image`1<a> ImageFunctions::sqrtImage(Image/Image`1<T>)
DA:178,39
FN:178,Image/Image`1<a> ImageFunctions::squareImage(Image/Image`1<T>)
FNDA:27,Image/Image`1<a> ImageFunctions::squareImage(Image/Image`1<T>)
DA:179,27
FN:179,Image/Image`1<a> ImageFunctions::sinImage(Image/Image`1<T>)
FNDA:27,Image/Image`1<a> ImageFunctions::sinImage(Image/Image`1<T>)
DA:180,27
FN:180,Image/Image`1<a> ImageFunctions::cosImage(Image/Image`1<T>)
FNDA:27,Image/Image`1<a> ImageFunctions::cosImage(Image/Image`1<T>)
DA:181,27
FN:181,Image/Image`1<a> ImageFunctions::tanImage(Image/Image`1<T>)
FNDA:27,Image/Image`1<a> ImageFunctions::tanImage(Image/Image`1<T>)
DA:182,27
FN:182,Image/Image`1<a> ImageFunctions::asinImage(Image/Image`1<T>)
FNDA:27,Image/Image`1<a> ImageFunctions::asinImage(Image/Image`1<T>)
DA:183,27
FN:183,Image/Image`1<a> ImageFunctions::acosImage(Image/Image`1<T>)
FNDA:27,Image/Image`1<a> ImageFunctions::acosImage(Image/Image`1<T>)
DA:184,27
FN:184,Image/Image`1<a> ImageFunctions::atanImage(Image/Image`1<T>)
FNDA:27,Image/Image`1<a> ImageFunctions::atanImage(Image/Image`1<T>)
DA:185,27
FN:185,Image/Image`1<a> ImageFunctions::roundImage(Image/Image`1<T>)
FNDA:27,Image/Image`1<a> ImageFunctions::roundImage(Image/Image`1<T>)
DA:186,27
FN:188,Microsoft.FSharp.Core.FSharpFunc`2<Image/Image`1<T>,Image/Image`1<T>> ImageFunctions::clampImage(System.Double,System.Double)
FNDA:1,Microsoft.FSharp.Core.FSharpFunc`2<Image/Image`1<T>,Image/Image`1<T>> ImageFunctions::clampImage(System.Double,System.Double)
DA:189,1
DA:190,1
DA:191,3
DA:192,1
DA:193,3
DA:194,3
DA:195,4
FN:197,Microsoft.FSharp.Core.FSharpFunc`2<Image/Image`1<T>,Image/Image`1<T>> ImageFunctions::rescaleIntensity(System.Double,System.Double)
FNDA:0,Microsoft.FSharp.Core.FSharpFunc`2<Image/Image`1<T>,Image/Image`1<T>> ImageFunctions::rescaleIntensity(System.Double,System.Double)
DA:198,0
DA:199,0
DA:200,0
DA:201,0
DA:202,0
DA:203,0
DA:204,0
FN:206,Microsoft.FSharp.Core.FSharpFunc`2<Image/Image`1<T>,Image/Image`1<T>> ImageFunctions::intensityWindow(System.Double,System.Double,System.Double,System.Double)
FNDA:0,Microsoft.FSharp.Core.FSharpFunc`2<Image/Image`1<T>,Image/Image`1<T>> ImageFunctions::intensityWindow(System.Double,System.Double,System.Double,System.Double)
DA:207,0
DA:208,0
DA:209,0
DA:210,0
DA:211,0
DA:212,0
DA:213,0
DA:214,0
DA:215,0
FN:217,Image/Image`1<System.Double> ImageFunctions::normalizeImage(Image/Image`1<T>)
FNDA:0,Image/Image`1<System.Double> ImageFunctions::normalizeImage(Image/Image`1<T>)
DA:218,0
DA:219,0
FN:221,Microsoft.FSharp.Core.FSharpFunc`2<Image/Image`1<T>,Image/Image`1<T>> ImageFunctions::shiftScale(System.Double,System.Double)
FNDA:2,Microsoft.FSharp.Core.FSharpFunc`2<Image/Image`1<T>,Image/Image`1<T>> ImageFunctions::shiftScale(System.Double,System.Double)
DA:222,2
DA:223,2
DA:224,6
DA:225,2
DA:226,6
DA:227,6
DA:228,8
FN:230,Microsoft.FSharp.Core.FSharpFunc`2<Image/Image`1<T>,Image/Image`1<T>> ImageFunctions::invertIntensity(System.Double)
FNDA:0,Microsoft.FSharp.Core.FSharpFunc`2<Image/Image`1<T>,Image/Image`1<T>> ImageFunctions::invertIntensity(System.Double)
DA:231,0
DA:232,0
DA:233,0
DA:234,0
DA:235,0
FN:237,Microsoft.FSharp.Core.FSharpFunc`2<Image/Image`1<T>,Image/Image`1<T>> ImageFunctions::median(System.UInt32)
FNDA:1,Microsoft.FSharp.Core.FSharpFunc`2<Image/Image`1<T>,Image/Image`1<T>> ImageFunctions::median(System.UInt32)
DA:238,1
DA:239,1
DA:240,3
DA:241,3
DA:242,4
FN:244,Microsoft.FSharp.Core.FSharpFunc`2<Image/Image`1<T>,Image/Image`1<T>> ImageFunctions::bilateral(System.Double,System.Double)
FNDA:0,Microsoft.FSharp.Core.FSharpFunc`2<Image/Image`1<T>,Image/Image`1<T>> ImageFunctions::bilateral(System.Double,System.Double)
DA:245,0
DA:246,0
DA:247,0
DA:248,0
DA:249,0
DA:250,0
DA:251,0
FN:253,Image/Image`1<T> ImageFunctions::gradientMagnitude(Image/Image`1<T>)
FNDA:9,Image/Image`1<T> ImageFunctions::gradientMagnitude(Image/Image`1<T>)
DA:254,9
FN:256,Image/Image`1<T> ImageFunctions::sobelEdge(Image/Image`1<T>)
FNDA:9,Image/Image`1<T> ImageFunctions::sobelEdge(Image/Image`1<T>)
DA:257,9
FN:259,Image/Image`1<T> ImageFunctions::laplacian(Image/Image`1<T>)
FNDA:9,Image/Image`1<T> ImageFunctions::laplacian(Image/Image`1<T>)
DA:260,9
FN:262,Image/Image`1<System.Byte> ImageFunctions::equalImage(Image/Image`1<T>,Image/Image`1<T>)
FNDA:1,Image/Image`1<System.Byte> ImageFunctions::equalImage(Image/Image`1<T>,Image/Image`1<T>)
DA:263,1
DA:264,1
FN:266,Image/Image`1<System.Byte> ImageFunctions::notEqualImage(Image/Image`1<T>,Image/Image`1<T>)
FNDA:1,Image/Image`1<System.Byte> ImageFunctions::notEqualImage(Image/Image`1<T>,Image/Image`1<T>)
DA:267,1
DA:268,1
FN:270,Image/Image`1<System.Byte> ImageFunctions::greaterImage(Image/Image`1<T>,Image/Image`1<T>)
FNDA:1,Image/Image`1<System.Byte> ImageFunctions::greaterImage(Image/Image`1<T>,Image/Image`1<T>)
DA:271,1
DA:272,1
FN:274,Image/Image`1<System.Byte> ImageFunctions::greaterEqualImage(Image/Image`1<T>,Image/Image`1<T>)
FNDA:1,Image/Image`1<System.Byte> ImageFunctions::greaterEqualImage(Image/Image`1<T>,Image/Image`1<T>)
DA:275,1
DA:276,1
FN:278,Image/Image`1<System.Byte> ImageFunctions::lessImage(Image/Image`1<T>,Image/Image`1<T>)
FNDA:1,Image/Image`1<System.Byte> ImageFunctions::lessImage(Image/Image`1<T>,Image/Image`1<T>)
DA:279,1
DA:280,1
FN:282,Image/Image`1<System.Byte> ImageFunctions::lessEqualImage(Image/Image`1<T>,Image/Image`1<T>)
FNDA:1,Image/Image`1<System.Byte> ImageFunctions::lessEqualImage(Image/Image`1<T>,Image/Image`1<T>)
DA:283,1
DA:284,1
FN:286,Image/Image`1<System.Byte> ImageFunctions::andImage(Image/Image`1<System.Byte>,Image/Image`1<System.Byte>)
FNDA:1,Image/Image`1<System.Byte> ImageFunctions::andImage(Image/Image`1<System.Byte>,Image/Image`1<System.Byte>)
DA:287,1
DA:288,1
FN:290,Image/Image`1<System.Byte> ImageFunctions::orImage(Image/Image`1<System.Byte>,Image/Image`1<System.Byte>)
FNDA:1,Image/Image`1<System.Byte> ImageFunctions::orImage(Image/Image`1<System.Byte>,Image/Image`1<System.Byte>)
DA:291,1
DA:292,1
FN:294,Image/Image`1<System.Byte> ImageFunctions::xorImage(Image/Image`1<System.Byte>,Image/Image`1<System.Byte>)
FNDA:1,Image/Image`1<System.Byte> ImageFunctions::xorImage(Image/Image`1<System.Byte>,Image/Image`1<System.Byte>)
DA:295,1
DA:296,1
FN:298,Image/Image`1<System.Byte> ImageFunctions::notImage(Image/Image`1<System.Byte>)
FNDA:1,Image/Image`1<System.Byte> ImageFunctions::notImage(Image/Image`1<System.Byte>)
DA:299,1
DA:300,1
FN:302,Image/Image`1<T> ImageFunctions::mask(System.Double,Image/Image`1<T>,Image/Image`1<System.Byte>)
FNDA:0,Image/Image`1<T> ImageFunctions::mask(System.Double,Image/Image`1<T>,Image/Image`1<System.Byte>)
DA:303,0
DA:304,0
DA:305,0
FN:319,Image/Image`1<T> ImageFunctions::euler2DTransform(Image/Image`1<T>,System.Double,System.Double,System.Double,System.Double,System.Double)
FNDA:0,Image/Image`1<T> ImageFunctions::euler2DTransform(Image/Image`1<T>,System.Double,System.Double,System.Double,System.Double,System.Double)
DA:320,0
DA:321,0
DA:322,0
DA:323,0
DA:325,0
DA:326,0
DA:327,0
DA:328,0
DA:329,0
DA:330,0
FN:332,Image/Image`1<T> ImageFunctions::euler2DRotate(Image/Image`1<T>,System.Double,System.Double,System.Double)
FNDA:0,Image/Image`1<T> ImageFunctions::euler2DRotate(Image/Image`1<T>,System.Double,System.Double,System.Double)
DA:333,0
DA:334,0
DA:335,0
DA:337,0
DA:338,0
DA:339,0
DA:340,0
DA:341,0
DA:342,0
FN:344,Image/Image`1<T> ImageFunctions::resample2D(itk.simple.InterpolatorEnum,System.UInt32,System.UInt32,System.Double,System.Double,Image/Image`1<T>)
FNDA:6,Image/Image`1<T> ImageFunctions::resample2D(itk.simple.InterpolatorEnum,System.UInt32,System.UInt32,System.Double,System.Double,Image/Image`1<T>)
DA:345,6
DA:346,0
DA:348,6
DA:349,6
DA:350,18
DA:351,18
DA:352,18
DA:353,18
DA:354,6
DA:355,6
DA:356,6
DA:357,6
BRDA:345,9,0,0
BRDA:345,9,1,6
FN:362,itk.simple.ConvolutionImageFilter/BoundaryConditionType ImageFunctions::convolutionBoundaryConditionType(Microsoft.FSharp.Core.FSharpOption`1<ImageFunctions/BoundaryCondition>)
FNDA:216,itk.simple.ConvolutionImageFilter/BoundaryConditionType ImageFunctions::convolutionBoundaryConditionType(Microsoft.FSharp.Core.FSharpOption`1<ImageFunctions/BoundaryCondition>)
DA:363,216
DA:364,0
DA:365,0
DA:366,216
BRDA:363,3,0,0
BRDA:363,18,3,0
BRDA:363,18,2,0
BRDA:363,3,1,216
BRDA:363,18,0,216
BRDA:363,18,1,216
FN:369,itk.simple.Image ImageFunctions::convolve3(itk.simple.Image,itk.simple.Image,Microsoft.FSharp.Core.FSharpOption`1<ImageFunctions/OutputRegionMode>,Microsoft.FSharp.Core.FSharpOption`1<ImageFunctions/BoundaryCondition>)
FNDA:303,itk.simple.Image ImageFunctions::convolve3(itk.simple.Image,itk.simple.Image,Microsoft.FSharp.Core.FSharpOption`1<ImageFunctions/OutputRegionMode>,Microsoft.FSharp.Core.FSharpOption`1<ImageFunctions/BoundaryCondition>)
DA:370,303
DA:371,303
DA:373,101
DA:374,101
DA:375,101
DA:376,101
DA:379,101
DA:381,101
DA:382,101
DA:384,0
DA:385,0
DA:387,101
DA:388,404
DA:389,303
DA:390,101
BRDA:379,104,0,0
BRDA:379,104,1,101
BRDA:379,123,1,101
BRDA:379,123,0,0
FN:393,Microsoft.FSharp.Core.FSharpFunc`2<Image/Image`1<T>,Microsoft.FSharp.Core.FSharpFunc`2<Image/Image`1<T>,Image/Image`1<T>>> ImageFunctions::convolve(Microsoft.FSharp.Core.FSharpOption`1<ImageFunctions/OutputRegionMode>,Microsoft.FSharp.Core.FSharpOption`1<ImageFunctions/BoundaryCondition>)
FNDA:115,Microsoft.FSharp.Core.FSharpFunc`2<Image/Image`1<T>,Microsoft.FSharp.Core.FSharpFunc`2<Image/Image`1<T>,Image/Image`1<T>>> ImageFunctions::convolve(Microsoft.FSharp.Core.FSharpOption`1<ImageFunctions/OutputRegionMode>,Microsoft.FSharp.Core.FSharpOption`1<ImageFunctions/BoundaryCondition>)
DA:394,115
DA:395,115
DA:396,115
DA:397,115
DA:398,115
DA:399,115
DA:400,6
DA:401,224
DA:402,115
DA:403,115
DA:404,115
DA:405,115
DA:406,0
DA:407,115
DA:408,115
DA:409,115
DA:410,115
DA:411,0
DA:412,115
DA:413,115
DA:414,115
DA:415,0
DA:416,345
DA:417,345
DA:418,115
DA:419,452
DA:420,0
DA:421,115
DA:422,337
DA:423,101
DA:424,82
DA:425,6
DA:426,8
DA:427,0
DA:428,115
DA:429,8
DA:430,115
DA:431,115
FN:432,Image/Image`1<T> ImageFunctions::conv(Image/Image`1<T>,Image/Image`1<T>)
FNDA:3,Image/Image`1<T> ImageFunctions::conv(Image/Image`1<T>,Image/Image`1<T>)
DA:433,3
FN:435,System.UInt32 ImageFunctions::defaultGaussWindowSize(System.Double)
FNDA:16,System.UInt32 ImageFunctions::defaultGaussWindowSize(System.Double)
DA:436,16
DA:437,8
FN:440,Image/Image`1<T> ImageFunctions::gauss(System.UInt32,System.Double,Microsoft.FSharp.Core.FSharpOption`1<System.UInt32>)
FNDA:7,Image/Image`1<T> ImageFunctions::gauss(System.UInt32,System.Double,Microsoft.FSharp.Core.FSharpOption`1<System.UInt32>)
DA:441,7
DA:442,7
DA:443,21
DA:444,7
DA:446,21
DA:447,7
DA:448,7
DA:449,7
DA:450,7
DA:451,7
DA:452,7
DA:453,0
DA:455,7
DA:456,7
DA:457,7
DA:459,0
DA:460,0
DA:461,0
DA:462,0
DA:463,7
DA:464,7
BRDA:442,18,1,0
BRDA:442,18,0,7
BRDA:452,183,0,0
BRDA:452,183,1,7
BRDA:456,316,0,7
BRDA:456,316,1,0
FN:467,Microsoft.FSharp.Collections.FSharpList`1<System.Double> ImageFunctions::stensil(System.UInt32)
FNDA:140,Microsoft.FSharp.Collections.FSharpList`1<System.Double> ImageFunctions::stensil(System.UInt32)
DA:468,140
DA:469,4
DA:470,0
DA:471,0
DA:472,0
DA:473,0
DA:474,0
BRDA:468,3,0,69
BRDA:468,3,1,2
BRDA:469,76,0,2
BRDA:469,76,1,0
BRDA:470,129,0,0
BRDA:470,129,1,0
BRDA:471,230,0,0
BRDA:471,230,1,0
BRDA:472,311,0,0
BRDA:472,311,1,0
BRDA:473,463,0,0
BRDA:473,463,1,0
FN:476,Image/Image`1<System.Double> ImageFunctions::finiteDiffFilter2D(System.UInt32,System.UInt32)
FNDA:0,Image/Image`1<System.Double> ImageFunctions::finiteDiffFilter2D(System.UInt32,System.UInt32)
DA:477,0
DA:478,0
DA:480,0
DA:481,0
DA:483,0
DA:484,0
BRDA:480,16,0,0
BRDA:480,16,1,0
FN:486,Image/Image`1<System.Double> ImageFunctions::finiteDiffFilter3D(System.UInt32,System.UInt32)
FNDA:71,Image/Image`1<System.Double> ImageFunctions::finiteDiffFilter3D(System.UInt32,System.UInt32)
DA:487,71
DA:488,71
DA:490,71
DA:491,92
DA:492,48
DA:493,84
DA:495,108
DA:496,71
BRDA:490,16,0,23
BRDA:490,16,1,48
BRDA:492,38,0,21
BRDA:492,38,1,27
FN:498,Image/Image`1<Microsoft.FSharp.Collections.FSharpList`1<System.Double>> ImageFunctions::gradientVector3D(System.UInt32,Image/Image`1<System.Double>)
FNDA:21,Image/Image`1<Microsoft.FSharp.Collections.FSharpList`1<System.Double>> ImageFunctions::gradientVector3D(System.UInt32,Image/Image`1<System.Double>)
DA:499,21
DA:500,0
DA:509,42
DA:510,21
DA:511,21
DA:512,21
DA:513,105
BRDA:499,8,0,0
BRDA:499,8,1,21
BRDA:513,178,1,63
BRDA:513,178,0,21
FN:516,Image/Image`1<T> ImageFunctions::discreteGaussian(System.UInt32,System.Double,Microsoft.FSharp.Core.FSharpOption`1<System.UInt32>,Microsoft.FSharp.Core.FSharpOption`1<ImageFunctions/OutputRegionMode>,Microsoft.FSharp.Core.FSharpOption`1<ImageFunctions/BoundaryCondition>,Image/Image`1<T>)
FNDA:1,Image/Image`1<T> ImageFunctions::discreteGaussian(System.UInt32,System.Double,Microsoft.FSharp.Core.FSharpOption`1<System.UInt32>,Microsoft.FSharp.Core.FSharpOption`1<ImageFunctions/OutputRegionMode>,Microsoft.FSharp.Core.FSharpOption`1<ImageFunctions/BoundaryCondition>,Image/Image`1<T>)
DA:517,1
DA:518,1
DA:519,1
DA:520,1
DA:521,1
FN:524,Microsoft.FSharp.Core.FSharpFunc`2<Image/Image`1<T>,Image/Image`1<T>> ImageFunctions::gradientConvolve(System.UInt32,System.UInt32)
FNDA:0,Microsoft.FSharp.Core.FSharpFunc`2<Image/Image`1<T>,Image/Image`1<T>> ImageFunctions::gradientConvolve(System.UInt32,System.UInt32)
DA:525,0
DA:526,0
DA:527,0
DA:528,0
DA:529,0
DA:530,0
DA:531,0
FN:535,Microsoft.FSharp.Core.FSharpFunc`2<Image/Image`1<System.Byte>,Image/Image`1<System.Byte>> ImageFunctions::binaryErode(System.UInt32)
FNDA:3,Microsoft.FSharp.Core.FSharpFunc`2<Image/Image`1<System.Byte>,Image/Image`1<System.Byte>> ImageFunctions::binaryErode(System.UInt32)
DA:536,3
DA:537,3
DA:538,3
DA:539,3
DA:540,3
DA:541,3
DA:542,3
DA:543,3
DA:544,6
FN:547,Microsoft.FSharp.Core.FSharpFunc`2<Image/Image`1<System.Byte>,Image/Image`1<System.Byte>> ImageFunctions::binaryDilate(System.UInt32)
FNDA:4,Microsoft.FSharp.Core.FSharpFunc`2<Image/Image`1<System.Byte>,Image/Image`1<System.Byte>> ImageFunctions::binaryDilate(System.UInt32)
DA:548,4
DA:549,4
DA:550,3
DA:551,4
DA:552,3
DA:553,3
DA:554,3
DA:555,3
DA:556,7
FN:559,Microsoft.FSharp.Core.FSharpFunc`2<Image/Image`1<System.Byte>,Image/Image`1<System.Byte>> ImageFunctions::binaryOpening(System.UInt32)
FNDA:3,Microsoft.FSharp.Core.FSharpFunc`2<Image/Image`1<System.Byte>,Image/Image`1<System.Byte>> ImageFunctions::binaryOpening(System.UInt32)
DA:560,3
DA:561,3
DA:562,3
DA:563,3
DA:564,3
DA:565,3
DA:566,3
DA:567,3
DA:568,6
FN:571,Microsoft.FSharp.Core.FSharpFunc`2<Image/Image`1<System.Byte>,Image/Image`1<System.Byte>> ImageFunctions::binaryClosing(System.UInt32)
FNDA:3,Microsoft.FSharp.Core.FSharpFunc`2<Image/Image`1<System.Byte>,Image/Image`1<System.Byte>> ImageFunctions::binaryClosing(System.UInt32)
DA:572,3
DA:573,3
DA:574,3
DA:575,3
DA:576,3
DA:577,3
DA:578,3
DA:579,3
DA:580,6
FN:582,Microsoft.FSharp.Core.FSharpFunc`2<Image/Image`1<T>,Image/Image`1<T>> ImageFunctions::grayscaleErode(System.UInt32)
FNDA:1,Microsoft.FSharp.Core.FSharpFunc`2<Image/Image`1<T>,Image/Image`1<T>> ImageFunctions::grayscaleErode(System.UInt32)
DA:583,1
DA:584,1
DA:585,3
DA:586,3
DA:587,4
FN:589,Microsoft.FSharp.Core.FSharpFunc`2<Image/Image`1<T>,Image/Image`1<T>> ImageFunctions::grayscaleDilate(System.UInt32)
FNDA:1,Microsoft.FSharp.Core.FSharpFunc`2<Image/Image`1<T>,Image/Image`1<T>> ImageFunctions::grayscaleDilate(System.UInt32)
DA:590,1
DA:591,1
DA:592,3
DA:593,3
DA:594,4
FN:596,Microsoft.FSharp.Core.FSharpFunc`2<Image/Image`1<T>,Image/Image`1<T>> ImageFunctions::grayscaleOpening(System.UInt32)
FNDA:1,Microsoft.FSharp.Core.FSharpFunc`2<Image/Image`1<T>,Image/Image`1<T>> ImageFunctions::grayscaleOpening(System.UInt32)
DA:597,1
DA:598,1
DA:599,3
DA:600,3
DA:601,4
FN:603,Microsoft.FSharp.Core.FSharpFunc`2<Image/Image`1<T>,Image/Image`1<T>> ImageFunctions::grayscaleClosing(System.UInt32)
FNDA:1,Microsoft.FSharp.Core.FSharpFunc`2<Image/Image`1<T>,Image/Image`1<T>> ImageFunctions::grayscaleClosing(System.UInt32)
DA:604,1
DA:605,1
DA:606,3
DA:607,3
DA:608,4
FN:610,Microsoft.FSharp.Core.FSharpFunc`2<Image/Image`1<T>,Image/Image`1<T>> ImageFunctions::whiteTopHat(System.UInt32)
FNDA:1,Microsoft.FSharp.Core.FSharpFunc`2<Image/Image`1<T>,Image/Image`1<T>> ImageFunctions::whiteTopHat(System.UInt32)
DA:611,1
DA:612,1
DA:613,3
DA:614,3
DA:615,4
FN:617,Microsoft.FSharp.Core.FSharpFunc`2<Image/Image`1<T>,Image/Image`1<T>> ImageFunctions::blackTopHat(System.UInt32)
FNDA:1,Microsoft.FSharp.Core.FSharpFunc`2<Image/Image`1<T>,Image/Image`1<T>> ImageFunctions::blackTopHat(System.UInt32)
DA:618,1
DA:619,1
DA:620,3
DA:621,3
DA:622,4
FN:624,Microsoft.FSharp.Core.FSharpFunc`2<Image/Image`1<T>,Image/Image`1<T>> ImageFunctions::morphologicalGradient(System.UInt32)
FNDA:1,Microsoft.FSharp.Core.FSharpFunc`2<Image/Image`1<T>,Image/Image`1<T>> ImageFunctions::morphologicalGradient(System.UInt32)
DA:625,1
DA:626,1
DA:627,3
DA:628,3
DA:629,4
FN:632,Image/Image`1<System.Byte> ImageFunctions::binaryFillHoles(Image/Image`1<System.Byte>)
FNDA:0,Image/Image`1<System.Byte> ImageFunctions::binaryFillHoles(Image/Image`1<System.Byte>)
DA:633,0
DA:634,0
FN:636,Microsoft.FSharp.Core.FSharpFunc`2<Image/Image`1<System.Byte>,Image/Image`1<System.Byte>> ImageFunctions::binaryContour(System.Boolean)
FNDA:1,Microsoft.FSharp.Core.FSharpFunc`2<Image/Image`1<System.Byte>,Image/Image`1<System.Byte>> ImageFunctions::binaryContour(System.Boolean)
DA:637,1
DA:638,1
DA:639,3
DA:640,3
DA:641,4
FN:643,Image/Image`1<System.Byte> ImageFunctions::binaryThinning(Image/Image`1<System.Byte>)
FNDA:0,Image/Image`1<System.Byte> ImageFunctions::binaryThinning(Image/Image`1<System.Byte>)
DA:644,0
DA:645,0
FN:647,Microsoft.FSharp.Core.FSharpFunc`2<Image/Image`1<System.Byte>,Image/Image`1<System.Byte>> ImageFunctions::binaryMedian(System.UInt32)
FNDA:1,Microsoft.FSharp.Core.FSharpFunc`2<Image/Image`1<System.Byte>,Image/Image`1<System.Byte>> ImageFunctions::binaryMedian(System.UInt32)
DA:648,1
DA:649,1
DA:650,3
DA:651,3
DA:652,4
FN:654,Microsoft.FSharp.Core.FSharpFunc`2<Image/Image`1<System.Byte>,Image/Image`1<System.Byte>> ImageFunctions::binaryOpeningByReconstruction(System.UInt32,System.Boolean)
FNDA:0,Microsoft.FSharp.Core.FSharpFunc`2<Image/Image`1<System.Byte>,Image/Image`1<System.Byte>> ImageFunctions::binaryOpeningByReconstruction(System.UInt32,System.Boolean)
DA:655,0
DA:656,0
DA:657,0
DA:658,0
DA:659,0
DA:660,0
DA:661,0
FN:663,Microsoft.FSharp.Core.FSharpFunc`2<Image/Image`1<System.Byte>,Image/Image`1<System.Byte>> ImageFunctions::binaryClosingByReconstruction(System.UInt32,System.Boolean)
FNDA:0,Microsoft.FSharp.Core.FSharpFunc`2<Image/Image`1<System.Byte>,Image/Image`1<System.Byte>> ImageFunctions::binaryClosingByReconstruction(System.UInt32,System.Boolean)
DA:664,0
DA:665,0
DA:666,0
DA:667,0
DA:668,0
DA:669,0
DA:670,0
FN:672,Image/Image`1<System.Byte> ImageFunctions::binaryReconstructionByDilation(System.Boolean,Image/Image`1<System.Byte>,Image/Image`1<System.Byte>)
FNDA:0,Image/Image`1<System.Byte> ImageFunctions::binaryReconstructionByDilation(System.Boolean,Image/Image`1<System.Byte>,Image/Image`1<System.Byte>)
DA:673,0
DA:674,0
DA:675,0
FN:677,Image/Image`1<System.Byte> ImageFunctions::binaryReconstructionByErosion(System.Boolean,Image/Image`1<System.Byte>,Image/Image`1<System.Byte>)
FNDA:0,Image/Image`1<System.Byte> ImageFunctions::binaryReconstructionByErosion(System.Boolean,Image/Image`1<System.Byte>,Image/Image`1<System.Byte>)
DA:678,0
DA:679,0
DA:680,0
FN:682,Microsoft.FSharp.Core.FSharpFunc`2<Image/Image`1<System.Byte>,Image/Image`1<System.Byte>> ImageFunctions::votingBinaryHoleFilling(System.UInt32,System.UInt32)
FNDA:0,Microsoft.FSharp.Core.FSharpFunc`2<Image/Image`1<System.Byte>,Image/Image`1<System.Byte>> ImageFunctions::votingBinaryHoleFilling(System.UInt32,System.UInt32)
DA:683,0
DA:684,0
DA:685,0
DA:686,0
DA:687,0
DA:688,0
DA:689,0
FN:697,ImageFunctions/ConnectedComponentsResult ImageFunctions::connectedComponents(Image/Image`1<System.Byte>)
FNDA:9,ImageFunctions/ConnectedComponentsResult ImageFunctions::connectedComponents(Image/Image`1<System.Byte>)
DA:698,9
DA:699,9
DA:700,9
FN:703,Microsoft.FSharp.Core.FSharpFunc`2<Image/Image`1<T>,Image/Image`1<T>> ImageFunctions::relabelComponents(System.UInt32)
FNDA:2,Microsoft.FSharp.Core.FSharpFunc`2<Image/Image`1<T>,Image/Image`1<T>> ImageFunctions::relabelComponents(System.UInt32)
DA:704,2
DA:705,2
DA:706,2
DA:707,2
DA:708,4
FN:739,Microsoft.FSharp.Collections.FSharpMap`2<System.Int64,ImageFunctions/LabelShapeStatistics> ImageFunctions::labelShapeStatistics(Image/Image`1<T>)
FNDA:1,Microsoft.FSharp.Collections.FSharpMap`2<System.Int64,ImageFunctions/LabelShapeStatistics> ImageFunctions::labelShapeStatistics(Image/Image`1<T>)
DA:740,1
DA:741,1
DA:742,1
DA:743,1
DA:744,2
DA:745,2
DA:746,2
DA:747,4
DA:748,4
DA:749,2
DA:750,2
DA:751,2
DA:752,4
DA:753,2
DA:754,2
DA:755,2
DA:756,2
DA:757,2
DA:758,4
DA:759,4
DA:760,4
DA:761,4
DA:762,2
DA:763,2
DA:764,2
DA:765,4
DA:766,4
DA:767,4
DA:768,2
DA:769,2
DA:770,2
DA:771,2
DA:772,1
DA:773,1
FN:793,Microsoft.FSharp.Collections.FSharpMap`2<System.Int64,ImageFunctions/LabelIntensityStatistics> ImageFunctions::labelIntensityStatistics(Image/Image`1<L>,Image/Image`1<T>)
FNDA:0,Microsoft.FSharp.Collections.FSharpMap`2<System.Int64,ImageFunctions/LabelIntensityStatistics> ImageFunctions::labelIntensityStatistics(Image/Image`1<L>,Image/Image`1<T>)
DA:794,0
DA:795,0
DA:796,0
DA:797,0
DA:798,0
DA:799,0
DA:800,0
DA:801,0
DA:802,0
DA:803,0
DA:804,0
DA:805,0
DA:806,0
DA:807,0
DA:808,0
DA:809,0
DA:810,0
DA:811,0
DA:812,0
DA:813,0
DA:814,0
FN:827,ImageFunctions/LabelOverlapMeasures ImageFunctions::labelOverlapMeasures(Image/Image`1<T>,Image/Image`1<T>)
FNDA:0,ImageFunctions/LabelOverlapMeasures ImageFunctions::labelOverlapMeasures(Image/Image`1<T>,Image/Image`1<T>)
DA:828,0
DA:829,0
DA:830,0
DA:831,0
DA:832,0
DA:833,0
DA:834,0
DA:835,0
DA:836,0
DA:837,0
FN:839,Microsoft.FSharp.Core.FSharpFunc`2<Image/Image`1<T>,Image/Image`1<T>> ImageFunctions::labelContour(System.Boolean)
FNDA:1,Microsoft.FSharp.Core.FSharpFunc`2<Image/Image`1<T>,Image/Image`1<T>> ImageFunctions::labelContour(System.Boolean)
DA:840,1
DA:841,1
DA:842,3
DA:843,3
DA:844,4
FN:846,Microsoft.FSharp.Core.FSharpFunc`2<Image/Image`1<T>,Image/Image`1<T>> ImageFunctions::changeLabel(System.Double,System.Double)
FNDA:1,Microsoft.FSharp.Core.FSharpFunc`2<Image/Image`1<T>,Image/Image`1<T>> ImageFunctions::changeLabel(System.Double,System.Double)
DA:847,1
DA:848,1
DA:849,3
DA:850,1
DA:851,3
DA:852,3
DA:853,3
DA:854,4
FN:861,Image/Image`1<System.Double> ImageFunctions::signedDistanceMap(System.Byte,System.Byte,Image/Image`1<System.Byte>)
FNDA:7,Image/Image`1<System.Double> ImageFunctions::signedDistanceMap(System.Byte,System.Byte,Image/Image`1<System.Byte>)
DA:862,7
DA:863,7
DA:864,7
DA:865,7
FN:867,Image/Image`1<System.Double> ImageFunctions::bandSignedDistanceMap(System.UInt32,Image/Image`1<System.Byte>)
FNDA:7,Image/Image`1<System.Double> ImageFunctions::bandSignedDistanceMap(System.UInt32,Image/Image`1<System.Byte>)
DA:868,7
DA:869,0
DA:871,7
DA:872,8153
DA:875,7
DA:876,7
DA:877,7
DA:878,7
DA:880,7
DA:881,7
DA:882,8153
DA:883,7
DA:884,7
BRDA:868,2,0,0
BRDA:868,2,1,7
FN:887,Microsoft.FSharp.Core.FSharpFunc`2<Image/Image`1<T>,Image/Image`1<T>> ImageFunctions::watershed(System.Double)
FNDA:0,Microsoft.FSharp.Core.FSharpFunc`2<Image/Image`1<T>,Image/Image`1<T>> ImageFunctions::watershed(System.Double)
DA:888,0
DA:889,0
DA:890,0
DA:891,0
DA:892,0
DA:893,0
DA:894,0
FN:908,ImageFunctions/ImageStats ImageFunctions::computeStats(Image/Image`1<T>)
FNDA:25,ImageFunctions/ImageStats ImageFunctions::computeStats(Image/Image`1<T>)
DA:909,25
DA:910,25
DA:911,25
DA:912,50
DA:913,25
DA:914,25
DA:915,25
DA:916,25
DA:917,25
DA:918,25
DA:919,25
FN:922,ImageFunctions/ImageStats ImageFunctions::addComputeStats(ImageFunctions/ImageStats,ImageFunctions/ImageStats)
FNDA:120,ImageFunctions/ImageStats ImageFunctions::addComputeStats(ImageFunctions/ImageStats,ImageFunctions/ImageStats)
DA:923,120
DA:924,24
DA:925,24
DA:926,24
DA:927,24
DA:928,24
DA:929,24
DA:930,24
DA:931,48
DA:932,24
DA:933,24
DA:934,24
DA:935,24
DA:936,24
DA:937,24
DA:938,24
FN:941,Microsoft.FSharp.Collections.FSharpList`1<T> ImageFunctions::unique(Image/Image`1<T>)
FNDA:0,Microsoft.FSharp.Collections.FSharpList`1<T> ImageFunctions::unique(Image/Image`1<T>)
DA:942,0
DA:943,0
DA:944,0
DA:945,0
FN:947,Microsoft.FSharp.Collections.FSharpList`1<System.Double> ImageFunctions::valuesFromImages(System.UInt32,Microsoft.FSharp.Collections.FSharpList`1<Image/Image`1<T>>,a)
FNDA:0,Microsoft.FSharp.Collections.FSharpList`1<System.Double> ImageFunctions::valuesFromImages(System.UInt32,Microsoft.FSharp.Collections.FSharpList`1<Image/Image`1<T>>,a)
DA:948,0
DA:949,0
DA:950,0
DA:951,0
DA:955,0
DA:956,0
DA:957,0
DA:958,0
DA:959,0
DA:960,0
DA:962,0
DA:963,0
DA:964,0
BRDA:948,3,0,0
BRDA:948,3,1,0
BRDA:950,63,0,0
BRDA:950,63,1,0
BRDA:962,150,0,0
BRDA:962,150,1,0
FN:966,System.Tuple`4<System.Double,System.Double,System.Double,System.UInt64[]> ImageFunctions::binnedHistogram(System.UInt32,Microsoft.FSharp.Collections.FSharpList`1<System.Double>)
FNDA:0,System.Tuple`4<System.Double,System.Double,System.Double,System.UInt64[]> ImageFunctions::binnedHistogram(System.UInt32,Microsoft.FSharp.Collections.FSharpList`1<System.Double>)
DA:967,0
DA:968,0
DA:969,0
DA:970,0
DA:972,0
DA:973,0
DA:974,0
DA:975,0
DA:976,0
DA:977,0
DA:978,0
DA:979,0
DA:980,0
DA:981,0
DA:982,0
DA:983,0
DA:984,0
DA:985,0
BRDA:967,10,1,0
BRDA:967,10,0,0
BRDA:967,111,1,0
BRDA:967,86,0,0
BRDA:967,86,1,0
BRDA:967,111,0,0
BRDA:968,131,1,0
BRDA:968,131,0,0
BRDA:968,236,1,0
BRDA:968,211,0,0
BRDA:968,211,1,0
BRDA:968,236,0,0
BRDA:969,249,0,0
BRDA:969,249,1,0
BRDA:984,458,1,0
BRDA:978,354,0,0
BRDA:978,354,1,0
BRDA:982,384,0,0
BRDA:982,384,1,0
BRDA:983,410,0,0
BRDA:983,410,1,0
BRDA:984,458,0,0
FN:987,Microsoft.FSharp.Collections.FSharpList`1<System.Tuple`2<System.Double,System.UInt64>> ImageFunctions::orderedHistogramValues(Microsoft.FSharp.Collections.FSharpMap`2<T,System.UInt64>,a)
FNDA:4,Microsoft.FSharp.Collections.FSharpList`1<System.Tuple`2<System.Double,System.UInt64>> ImageFunctions::orderedHistogramValues(Microsoft.FSharp.Collections.FSharpMap`2<T,System.UInt64>,a)
DA:988,4
DA:989,0
DA:992,4
DA:993,4
DA:994,4
DA:995,8
DA:996,0
DA:997,4
DA:998,12
DA:999,4
DA:1001,4
DA:1002,0
DA:1004,4
BRDA:988,7,0,0
BRDA:988,7,1,4
BRDA:1001,104,0,0
BRDA:1001,104,1,4
FN:1006,System.Double ImageFunctions::otsuThresholdFromHistogram(Microsoft.FSharp.Collections.FSharpMap`2<T,System.UInt64>)
FNDA:2,System.Double ImageFunctions::otsuThresholdFromHistogram(Microsoft.FSharp.Collections.FSharpMap`2<T,System.UInt64>)
DA:1007,2
DA:1008,2
DA:1009,0
DA:1011,4
DA:1012,8
DA:1013,2
DA:1014,2
DA:1015,2
DA:1016,2
DA:1018,4
DA:1019,2
DA:1020,2
DA:1021,2
DA:1022,2
DA:1023,6
DA:1024,2
DA:1025,2
DA:1026,2
DA:1027,2
DA:1028,2
DA:1029,2
DA:1030,2
DA:1032,2
BRDA:1008,20,0,2
BRDA:1008,35,0,0
BRDA:1008,20,1,2
BRDA:1008,35,1,2
BRDA:1011,90,0,0
BRDA:1011,90,1,2
BRDA:1011,168,1,4
BRDA:1011,168,0,2
BRDA:1012,189,0,0
BRDA:1012,189,1,2
BRDA:1012,287,1,4
BRDA:1012,287,0,2
BRDA:1018,358,0,2
BRDA:1018,600,1,2
BRDA:1023,433,0,2
BRDA:1023,433,1,0
BRDA:1023,453,0,2
BRDA:1026,497,0,2
BRDA:1026,497,1,0
BRDA:1027,541,0,2
BRDA:1027,541,1,0
BRDA:1023,453,1,0
BRDA:1018,358,1,2
BRDA:1018,600,0,2
FN:1034,System.Double ImageFunctions::otsuThresholdFromImages(System.UInt32,Microsoft.FSharp.Collections.FSharpList`1<Image/Image`1<a>>)
FNDA:0,System.Double ImageFunctions::otsuThresholdFromImages(System.UInt32,Microsoft.FSharp.Collections.FSharpList`1<Image/Image`1<a>>)
DA:1035,0
DA:1036,0
DA:1037,0
DA:1038,0
DA:1040,0
DA:1041,0
DA:1043,0
DA:1044,0
DA:1045,0
DA:1047,0
DA:1048,0
DA:1049,0
DA:1050,0
DA:1052,0
DA:1053,0
DA:1054,0
DA:1055,0
DA:1056,0
DA:1057,0
DA:1058,0
DA:1059,0
DA:1060,0
DA:1061,0
DA:1062,0
DA:1063,0
DA:1065,0
BRDA:1037,57,0,0
BRDA:1037,57,1,0
BRDA:1041,82,0,0
BRDA:1041,82,1,0
BRDA:1041,140,1,0
BRDA:1041,140,0,0
BRDA:1045,175,0,0
BRDA:1045,175,1,0
BRDA:1045,239,1,0
BRDA:1045,239,0,0
BRDA:1052,294,0,0
BRDA:1052,496,1,0
BRDA:1057,362,0,0
BRDA:1057,362,1,0
BRDA:1057,382,0,0
BRDA:1060,423,0,0
BRDA:1060,423,1,0
BRDA:1061,467,0,0
BRDA:1061,467,1,0
BRDA:1057,382,1,0
BRDA:1052,294,1,0
BRDA:1052,496,0,0
FN:1068,Image/Image`1<System.Byte> ImageFunctions::otsuThreshold(Image/Image`1<T>)
FNDA:0,Image/Image`1<System.Byte> ImageFunctions::otsuThreshold(Image/Image`1<T>)
DA:1069,0
DA:1070,0
DA:1071,0
DA:1072,0
DA:1073,0
DA:1074,0
DA:1075,0
FN:1078,Image/Image`1<System.Byte> ImageFunctions::otsuMultiThreshold(System.Byte,Image/Image`1<T>)
FNDA:0,Image/Image`1<System.Byte> ImageFunctions::otsuMultiThreshold(System.Byte,Image/Image`1<T>)
DA:1079,0
DA:1080,0
DA:1081,0
FN:1084,System.Double ImageFunctions::momentsThresholdFromHistogram(Microsoft.FSharp.Collections.FSharpMap`2<T,System.UInt64>)
FNDA:2,System.Double ImageFunctions::momentsThresholdFromHistogram(Microsoft.FSharp.Collections.FSharpMap`2<T,System.UInt64>)
DA:1085,2
DA:1086,2
DA:1087,0
DA:1089,4
DA:1095,2
DA:1096,2
DA:1097,2
DA:1098,2
DA:1099,2
DA:1101,2
DA:1102,0
DA:1104,2
DA:1105,2
DA:1106,2
DA:1108,2
DA:1109,0
DA:1111,2
DA:1112,2
DA:1113,2
DA:1114,2
DA:1116,2
DA:1117,0
DA:1119,6
DA:1120,2
DA:1121,2
DA:1122,2
DA:1123,2
DA:1125,6
DA:1126,4
DA:1127,4
DA:1128,2
DA:1129,2
DA:1130,2
DA:1131,2
DA:1132,2
DA:1133,2
DA:1134,2
DA:1135,2
DA:1137,2
BRDA:1086,20,0,2
BRDA:1086,35,0,0
BRDA:1086,20,1,2
BRDA:1086,35,1,2
BRDA:1089,90,0,0
BRDA:1089,90,1,2
BRDA:1089,168,1,4
BRDA:1089,168,0,2
BRDA:1101,282,0,0
BRDA:1101,282,1,2
BRDA:1108,352,0,0
BRDA:1108,352,1,2
BRDA:1116,428,0,0
BRDA:1116,428,1,2
BRDA:1125,546,0,4
BRDA:1125,676,1,4
BRDA:1127,586,0,2
BRDA:1129,602,0,2
BRDA:1131,616,0,2
BRDA:1131,616,1,0
BRDA:1129,602,1,0
BRDA:1127,586,1,2
BRDA:1125,546,1,2
BRDA:1125,676,0,2
FN:1139,System.Double ImageFunctions::momentsThresholdFromImages(System.UInt32,Microsoft.FSharp.Collections.FSharpList`1<Image/Image`1<a>>)
FNDA:0,System.Double ImageFunctions::momentsThresholdFromImages(System.UInt32,Microsoft.FSharp.Collections.FSharpList`1<Image/Image`1<a>>)
DA:1140,0
DA:1141,0
DA:1142,0
DA:1143,0
DA:1145,0
DA:1146,0
DA:1153,0
DA:1154,0
DA:1155,0
DA:1156,0
DA:1157,0
DA:1159,0
DA:1160,0
DA:1162,0
DA:1163,0
DA:1164,0
DA:1166,0
DA:1167,0
DA:1169,0
DA:1170,0
DA:1171,0
DA:1172,0
DA:1174,0
DA:1175,0
DA:1177,0
DA:1178,0
DA:1179,0
DA:1180,0
DA:1181,0
DA:1183,0
DA:1184,0
DA:1185,0
DA:1186,0
DA:1187,0
DA:1188,0
DA:1190,0
BRDA:1142,57,0,0
BRDA:1142,57,1,0
BRDA:1146,82,0,0
BRDA:1146,82,1,0
BRDA:1146,140,1,0
BRDA:1146,140,0,0
BRDA:1159,254,0,0
BRDA:1159,254,1,0
BRDA:1166,338,0,0
BRDA:1166,338,1,0
BRDA:1174,428,0,0
BRDA:1174,428,1,0
BRDA:1183,549,0,0
BRDA:1183,609,1,0
BRDA:1184,558,0,0
BRDA:1186,581,0,0
BRDA:1186,581,1,0
BRDA:1184,558,1,0
BRDA:1183,549,1,0
BRDA:1183,609,0,0
FN:1192,Image/Image`1<System.Byte> ImageFunctions::momentsThreshold(Image/Image`1<T>)
FNDA:0,Image/Image`1<System.Byte> ImageFunctions::momentsThreshold(Image/Image`1<T>)
DA:1193,0
DA:1194,0
DA:1195,0
DA:1196,0
DA:1197,0
DA:1198,0
DA:1199,0
FN:1203,Image/Image`1<System.UInt32> ImageFunctions::generateCoordinateAxis(System.Int32,Microsoft.FSharp.Collections.FSharpList`1<System.Int32>)
FNDA:0,Image/Image`1<System.UInt32> ImageFunctions::generateCoordinateAxis(System.Int32,Microsoft.FSharp.Collections.FSharpList`1<System.Int32>)
DA:1204,0
DA:1206,0
DA:1207,0
DA:1208,0
DA:1209,0
DA:1210,0
DA:1212,0
DA:1213,0
DA:1214,0
DA:1215,0
DA:1216,0
DA:1217,0
DA:1219,0
BRDA:1204,8,0,0
BRDA:1204,26,0,0
BRDA:1204,49,0,0
BRDA:1204,49,1,0
BRDA:1204,69,0,0
BRDA:1204,8,1,0
BRDA:1204,26,1,0
BRDA:1204,69,1,0
FN:1221,Microsoft.FSharp.Collections.FSharpMap`2<T,System.UInt64> ImageFunctions::histogram(Image/Image`1<T>)
FNDA:25,Microsoft.FSharp.Collections.FSharpMap`2<T,System.UInt64> ImageFunctions::histogram(Image/Image`1<T>)
DA:1222,25
DA:1223,25
DA:1224,25
DA:1225,25
DA:1226,3984
DA:1227,3984
DA:1228,3984
DA:1229,3941
DA:1230,43
DA:1231,3984
DA:1232,25
FN:1234,Microsoft.FSharp.Collections.FSharpMap`2<System.Double,System.UInt64> ImageFunctions::histogramFixedBins(System.Double,System.Double,System.UInt32,Image/Image`1<T>)
FNDA:0,Microsoft.FSharp.Collections.FSharpMap`2<System.Double,System.UInt64> ImageFunctions::histogramFixedBins(System.Double,System.Double,System.UInt32,Image/Image`1<T>)
DA:1235,0
DA:1236,0
DA:1239,0
DA:1240,0
DA:1242,0
DA:1243,0
DA:1244,0
DA:1245,0
DA:1250,0
DA:1251,0
DA:1252,0
DA:1254,0
DA:1255,0
DA:1256,0
DA:1257,0
DA:1258,0
DA:1259,0
DA:1260,0
DA:1261,0
DA:1262,0
DA:1263,0
DA:1264,0
DA:1265,0
DA:1266,0
DA:1267,0
DA:1268,0
BRDA:1235,2,0,0
BRDA:1235,2,1,0
BRDA:1239,28,0,0
BRDA:1239,28,1,0
BRDA:1243,63,0,0
BRDA:1243,63,1,0
BRDA:1250,110,0,0
BRDA:1250,110,1,0
BRDA:1250,164,1,0
BRDA:1250,164,0,0
FN:1270,Microsoft.FSharp.Collections.FSharpMap`2<T,System.UInt64> ImageFunctions::addHistogram(Microsoft.FSharp.Collections.FSharpMap`2<T,System.UInt64>,Microsoft.FSharp.Collections.FSharpMap`2<T,System.UInt64>)
FNDA:24,Microsoft.FSharp.Collections.FSharpMap`2<T,System.UInt64> ImageFunctions::addHistogram(Microsoft.FSharp.Collections.FSharpMap`2<T,System.UInt64>,Microsoft.FSharp.Collections.FSharpMap`2<T,System.UInt64>)
DA:1271,24
DA:1272,24
DA:1273,41
DA:1274,41
DA:1275,41
DA:1276,41
DA:1277,41
DA:1278,41
DA:1279,24
DA:1280,24
FN:1282,Microsoft.FSharp.Collections.FSharpList`1<System.Tuple`2<T,S>> ImageFunctions::map2pairs(Microsoft.FSharp.Collections.FSharpMap`2<T,S>)
FNDA:0,Microsoft.FSharp.Collections.FSharpList`1<System.Tuple`2<T,S>> ImageFunctions::map2pairs(Microsoft.FSharp.Collections.FSharpMap`2<T,S>)
DA:1283,0
FN:1288,Microsoft.FSharp.Collections.FSharpList`1<System.Tuple`2<System.Double,System.Double>> ImageFunctions::pairs2floats(Microsoft.FSharp.Collections.FSharpList`1<System.Tuple`2<T,S>>)
FNDA:0,Microsoft.FSharp.Collections.FSharpList`1<System.Tuple`2<System.Double,System.Double>> ImageFunctions::pairs2floats(Microsoft.FSharp.Collections.FSharpList`1<System.Tuple`2<T,S>>)
DA:1289,0
FN:1294,Microsoft.FSharp.Collections.FSharpList`1<System.Tuple`2<System.Int32,System.Int32>> ImageFunctions::pairs2ints(Microsoft.FSharp.Collections.FSharpList`1<System.Tuple`2<T,S>>)
FNDA:0,Microsoft.FSharp.Collections.FSharpList`1<System.Tuple`2<System.Int32,System.Int32>> ImageFunctions::pairs2ints(Microsoft.FSharp.Collections.FSharpList`1<System.Tuple`2<T,S>>)
DA:1295,0
FN:1297,Microsoft.FSharp.Collections.FSharpList`1<System.Double> ImageFunctions::quantilesFromHistogram(Microsoft.FSharp.Collections.FSharpList`1<System.Double>,Microsoft.FSharp.Collections.FSharpMap`2<T,System.UInt64>)
FNDA:0,Microsoft.FSharp.Collections.FSharpList`1<System.Double> ImageFunctions::quantilesFromHistogram(Microsoft.FSharp.Collections.FSharpList`1<System.Double>,Microsoft.FSharp.Collections.FSharpMap`2<T,System.UInt64>)
DA:1298,0
DA:1299,0
DA:1301,0
DA:1302,0
DA:1303,0
DA:1306,0
DA:1307,0
DA:1308,0
DA:1309,0
DA:1311,0
DA:1312,0
DA:1313,0
DA:1314,0
DA:1315,0
DA:1316,0
DA:1317,0
DA:1318,0
DA:1319,0
DA:1320,0
DA:1321,0
DA:1322,0
DA:1323,0
BRDA:1298,7,0,0
BRDA:1298,7,1,0
BRDA:1302,48,0,0
BRDA:1302,48,1,0
FN:1325,Image/Image`1<T> ImageFunctions::retainNoNoise(Image/Image`1<T>)
FNDA:26,Image/Image`1<T> ImageFunctions::retainNoNoise(Image/Image`1<T>)
DA:1326,26
DA:1327,26
FN:1329,Microsoft.FSharp.Core.FSharpFunc`2<Image/Image`1<T>,Image/Image`1<T>> ImageFunctions::addNormalNoise(System.Double,System.Double)
FNDA:4,Microsoft.FSharp.Core.FSharpFunc`2<Image/Image`1<T>,Image/Image`1<T>> ImageFunctions::addNormalNoise(System.Double,System.Double)
DA:1330,4
DA:1331,4
DA:1333,0
DA:1334,0
DA:1335,0
DA:1336,0
DA:1337,0
DA:1338,0
DA:1339,0
BRDA:1330,11,0,4
BRDA:1330,11,1,0
FN:1341,Microsoft.FSharp.Core.FSharpFunc`2<Image/Image`1<T>,Image/Image`1<T>> ImageFunctions::addSaltAndPepperNoise(System.Double)
FNDA:2,Microsoft.FSharp.Core.FSharpFunc`2<Image/Image`1<T>,Image/Image`1<T>> ImageFunctions::addSaltAndPepperNoise(System.Double)
DA:1342,2
DA:1343,2
DA:1345,0
DA:1346,0
DA:1347,0
DA:1348,0
DA:1349,0
BRDA:1342,11,0,2
BRDA:1342,11,1,0
FN:1351,Microsoft.FSharp.Core.FSharpFunc`2<Image/Image`1<T>,Image/Image`1<T>> ImageFunctions::addShotNoise(System.Double)
FNDA:2,Microsoft.FSharp.Core.FSharpFunc`2<Image/Image`1<T>,Image/Image`1<T>> ImageFunctions::addShotNoise(System.Double)
DA:1352,2
DA:1353,2
DA:1355,0
DA:1356,0
DA:1357,0
DA:1358,0
DA:1359,0
BRDA:1352,11,0,2
BRDA:1352,11,1,0
FN:1361,Microsoft.FSharp.Core.FSharpFunc`2<Image/Image`1<T>,Image/Image`1<T>> ImageFunctions::addSpeckleNoise(System.Double)
FNDA:2,Microsoft.FSharp.Core.FSharpFunc`2<Image/Image`1<T>,Image/Image`1<T>> ImageFunctions::addSpeckleNoise(System.Double)
DA:1362,2
DA:1363,2
DA:1365,0
DA:1366,0
DA:1367,0
DA:1368,0
DA:1369,0
BRDA:1362,11,0,2
BRDA:1362,11,1,0
FN:1371,Image/Image`1<System.Byte> ImageFunctions::threshold(System.Double,System.Double,Image/Image`1<T>)
FNDA:31,Image/Image`1<System.Byte> ImageFunctions::threshold(System.Double,System.Double,Image/Image`1<T>)
DA:1372,31
DA:1373,31
DA:1374,31
DA:1375,31
DA:1376,31
FN:1378,Image/Image`1<Microsoft.FSharp.Collections.FSharpList`1<T>> ImageFunctions::toVectorImage(Microsoft.FSharp.Collections.FSharpList`1<Image/Image`1<T>>)
FNDA:5,Image/Image`1<Microsoft.FSharp.Collections.FSharpList`1<T>> ImageFunctions::toVectorImage(Microsoft.FSharp.Collections.FSharpList`1<Image/Image`1<T>>)
DA:1379,5
FN:1381,Image/Image`1<T> ImageFunctions::vectorElement(System.UInt32,Image/Image`1<Microsoft.FSharp.Collections.FSharpList`1<T>>)
FNDA:1,Image/Image`1<T> ImageFunctions::vectorElement(System.UInt32,Image/Image`1<Microsoft.FSharp.Collections.FSharpList`1<T>>)
DA:1382,1
DA:1383,1
DA:1384,3
DA:1385,0
DA:1387,1
DA:1388,1
DA:1389,1
DA:1390,1
DA:1391,4
DA:1392,5
DA:1393,1
BRDA:1384,12,0,0
BRDA:1384,12,1,1
BRDA:1384,26,0,0
BRDA:1384,26,1,1
FN:1395,Image/Image`1<Microsoft.FSharp.Collections.FSharpList`1<T>> ImageFunctions::vectorRange(System.UInt32,System.UInt32,Image/Image`1<Microsoft.FSharp.Collections.FSharpList`1<T>>)
FNDA:5,Image/Image`1<Microsoft.FSharp.Collections.FSharpList`1<T>> ImageFunctions::vectorRange(System.UInt32,System.UInt32,Image/Image`1<Microsoft.FSharp.Collections.FSharpList`1<T>>)
DA:1396,5
DA:1397,5
DA:1398,5
DA:1399,5
DA:1400,0
DA:1401,15
DA:1402,0
DA:1404,5
DA:1405,5
DA:1406,5
DA:1407,5
DA:1408,125
DA:1409,125
DA:1410,125
DA:1411,130
DA:1412,5
BRDA:1399,14,0,0
BRDA:1399,14,1,5
BRDA:1401,42,0,0
BRDA:1401,42,1,5
BRDA:1401,55,0,0
BRDA:1401,55,1,5
FN:1414,System.Void ImageFunctions::requireThreeComponents(a,Image/Image`1<Microsoft.FSharp.Collections.FSharpList`1<T>>)
FNDA:2,System.Void ImageFunctions::requireThreeComponents(a,Image/Image`1<Microsoft.FSharp.Collections.FSharpList`1<T>>)
DA:1415,2
DA:1416,0
BRDA:1415,8,0,0
BRDA:1415,8,1,2
FN:1418,System.Byte ImageFunctions::clampByte(System.Double)
FNDA:8,System.Byte ImageFunctions::clampByte(System.Double)
DA:1419,8
DA:1420,6
DA:1421,2
BRDA:1419,11,0,2
BRDA:1419,11,1,4
BRDA:1420,26,0,2
BRDA:1420,26,1,2
FN:1423,Image/Image`1<Microsoft.FSharp.Collections.FSharpList`1<System.Byte>> ImageFunctions::vector3ToColor(System.Double,System.Double,Image/Image`1<Microsoft.FSharp.Collections.FSharpList`1<System.Double>>)
FNDA:1,Image/Image`1<Microsoft.FSharp.Collections.FSharpList`1<System.Byte>> ImageFunctions::vector3ToColor(System.Double,System.Double,Image/Image`1<Microsoft.FSharp.Collections.FSharpList`1<System.Double>>)
DA:1424,1
DA:1425,1
DA:1426,0
DA:1428,1
DA:1429,1
DA:1430,1
DA:1431,1
DA:1432,1
DA:1433,2
DA:1434,1
DA:1435,2
DA:1436,14
DA:1437,2
DA:1438,1
DA:1439,1
DA:1440,1
BRDA:1425,15,0,0
BRDA:1425,15,1,1
FN:1442,Image/Image`1<Microsoft.FSharp.Collections.FSharpList`1<System.Double>> ImageFunctions::colorToVector3(System.Double,System.Double,Image/Image`1<Microsoft.FSharp.Collections.FSharpList`1<System.Byte>>)
FNDA:1,Image/Image`1<Microsoft.FSharp.Collections.FSharpList`1<System.Double>> ImageFunctions::colorToVector3(System.Double,System.Double,Image/Image`1<Microsoft.FSharp.Collections.FSharpList`1<System.Byte>>)
DA:1443,1
DA:1444,1
DA:1445,0
DA:1447,1
DA:1448,1
DA:1449,1
DA:1450,1
DA:1451,1
DA:1452,2
DA:1453,1
DA:1454,2
DA:1455,8
DA:1456,2
DA:1457,1
DA:1458,1
DA:1459,1
BRDA:1444,15,0,0
BRDA:1444,15,1,1
FN:1461,Image/Image`1<Microsoft.FSharp.Collections.FSharpList`1<System.Double>> ImageFunctions::appendVectorElement(Image/Image`1<Microsoft.FSharp.Collections.FSharpList`1<System.Double>>,Image/Image`1<System.Double>)
FNDA:4,Image/Image`1<Microsoft.FSharp.Collections.FSharpList`1<System.Double>> ImageFunctions::appendVectorElement(Image/Image`1<Microsoft.FSharp.Collections.FSharpList`1<System.Double>>,Image/Image`1<System.Double>)
DA:1462,4
DA:1463,0
DA:1465,4
DA:1466,4
DA:1467,4
DA:1468,4
DA:1469,4
DA:1470,4
DA:1472,4
DA:1473,4
DA:1474,4
DA:1475,16
DA:1476,20
DA:1477,4
BRDA:1462,30,0,0
BRDA:1462,30,1,4
FN:1479,Image/Image`1<Microsoft.FSharp.Collections.FSharpList`1<System.Double>> ImageFunctions::mapVectorElements(Microsoft.FSharp.Core.FSharpFunc`2<System.Double,System.Double>,Image/Image`1<Microsoft.FSharp.Collections.FSharpList`1<System.Double>>)
FNDA:1,Image/Image`1<Microsoft.FSharp.Collections.FSharpList`1<System.Double>> ImageFunctions::mapVectorElements(Microsoft.FSharp.Core.FSharpFunc`2<System.Double,System.Double>,Image/Image`1<Microsoft.FSharp.Collections.FSharpList`1<System.Double>>)
DA:1480,1
DA:1481,1
DA:1482,1
DA:1483,1
DA:1484,4
DA:1485,4
DA:1486,5
DA:1487,1
FN:1489,System.Void ImageFunctions::ensureMatchingVectorImages(a,Image/Image`1<Microsoft.FSharp.Collections.FSharpList`1<System.Double>>,Image/Image`1<Microsoft.FSharp.Collections.FSharpList`1<System.Double>>)
FNDA:2,System.Void ImageFunctions::ensureMatchingVectorImages(a,Image/Image`1<Microsoft.FSharp.Collections.FSharpList`1<System.Double>>,Image/Image`1<Microsoft.FSharp.Collections.FSharpList`1<System.Double>>)
DA:1490,2
DA:1491,0
DA:1492,2
DA:1493,0
BRDA:1490,30,0,0
BRDA:1490,30,1,2
BRDA:1492,132,0,0
BRDA:1492,132,1,2
FN:1495,Image/Image`1<System.Double> ImageFunctions::vectorDot(Image/Image`1<Microsoft.FSharp.Collections.FSharpList`1<System.Double>>,Image/Image`1<Microsoft.FSharp.Collections.FSharpList`1<System.Double>>)
FNDA:1,Image/Image`1<System.Double> ImageFunctions::vectorDot(Image/Image`1<Microsoft.FSharp.Collections.FSharpList`1<System.Double>>,Image/Image`1<Microsoft.FSharp.Collections.FSharpList`1<System.Double>>)
DA:1496,1
DA:1497,1
DA:1498,1
DA:1499,1
DA:1500,1
DA:1501,4
DA:1502,4
DA:1503,8
DA:1504,5
DA:1505,1
FN:1507,Image/Image`1<Microsoft.FSharp.Collections.FSharpList`1<System.Double>> ImageFunctions::vectorCross3D(Image/Image`1<Microsoft.FSharp.Collections.FSharpList`1<System.Double>>,Image/Image`1<Microsoft.FSharp.Collections.FSharpList`1<System.Double>>)
FNDA:1,Image/Image`1<Microsoft.FSharp.Collections.FSharpList`1<System.Double>> ImageFunctions::vectorCross3D(Image/Image`1<Microsoft.FSharp.Collections.FSharpList`1<System.Double>>,Image/Image`1<Microsoft.FSharp.Collections.FSharpList`1<System.Double>>)
DA:1508,1
DA:1509,1
DA:1510,0
DA:1512,1
DA:1513,1
DA:1514,1
DA:1515,1
DA:1516,4
DA:1517,1
DA:1518,4
DA:1519,4
DA:1520,4
DA:1521,4
DA:1522,1
DA:1523,1
DA:1524,1
BRDA:1509,21,0,0
BRDA:1509,21,1,1
FN:1526,Image/Image`1<System.Double> ImageFunctions::vectorAngleTo(Microsoft.FSharp.Collections.FSharpList`1<System.Double>,Image/Image`1<Microsoft.FSharp.Collections.FSharpList`1<System.Double>>)
FNDA:0,Image/Image`1<System.Double> ImageFunctions::vectorAngleTo(Microsoft.FSharp.Collections.FSharpList`1<System.Double>,Image/Image`1<Microsoft.FSharp.Collections.FSharpList`1<System.Double>>)
DA:1527,0
DA:1528,0
DA:1530,0
DA:1531,0
DA:1532,0
DA:1534,0
DA:1535,0
DA:1536,0
DA:1537,0
DA:1538,0
DA:1539,0
DA:1540,0
DA:1541,0
DA:1542,0
DA:1543,0
DA:1544,0
DA:1545,0
DA:1546,0
DA:1547,0
DA:1548,0
DA:1549,0
DA:1550,0
DA:1551,0
DA:1552,0
BRDA:1527,13,0,0
BRDA:1527,13,1,0
BRDA:1530,101,0,0
BRDA:1530,101,1,0
BRDA:1530,179,1,0
BRDA:1530,179,0,0
BRDA:1531,211,0,0
BRDA:1531,211,1,0
FN:1554,Image/Image`1<Microsoft.FSharp.Collections.FSharpList`1<System.Double>> ImageFunctions::structureTensorOuterProduct(Image/Image`1<Microsoft.FSharp.Collections.FSharpList`1<System.Double>>)
FNDA:15,Image/Image`1<Microsoft.FSharp.Collections.FSharpList`1<System.Double>> ImageFunctions::structureTensorOuterProduct(Image/Image`1<Microsoft.FSharp.Collections.FSharpList`1<System.Double>>)
DA:1555,15
DA:1556,0
DA:1558,15
DA:1559,15
DA:1560,15
DA:1561,15
DA:1562,375
DA:1563,15
DA:1564,375
DA:1565,375
DA:1566,375
DA:1567,375
DA:1568,375
DA:1569,375
DA:1570,375
DA:1571,15
DA:1572,15
DA:1573,15
BRDA:1555,8,0,0
BRDA:1555,8,1,15
FN:1575,Image/Image`1<Microsoft.FSharp.Collections.FSharpList`1<System.Double>> ImageFunctions::smoothVectorElements3D(System.Double,Image/Image`1<Microsoft.FSharp.Collections.FSharpList`1<System.Double>>)
FNDA:5,Image/Image`1<Microsoft.FSharp.Collections.FSharpList`1<System.Double>> ImageFunctions::smoothVectorElements3D(System.Double,Image/Image`1<Microsoft.FSharp.Collections.FSharpList`1<System.Double>>)
DA:1576,5
DA:1577,0
DA:1578,5
DA:1579,0
DA:1582,15
DA:1583,5
DA:1585,5
DA:1587,5
DA:1588,5
DA:1589,35
DA:1590,5
DA:1591,5
DA:1592,5
DA:1593,5
DA:1594,40
DA:1595,40
BRDA:1576,8,0,0
BRDA:1576,8,1,5
BRDA:1578,77,0,0
BRDA:1578,77,1,5
BRDA:1582,137,0,5
BRDA:1582,137,1,0
BRDA:1594,274,1,30
BRDA:1594,274,0,5
BRDA:1595,335,1,30
BRDA:1595,335,0,5
FN:1597,Microsoft.FSharp.Collections.FSharpList`1<Image/Image`1<Microsoft.FSharp.Collections.FSharpList`1<System.Double>>> ImageFunctions::structureTensorEigenImages(Image/Image`1<Microsoft.FSharp.Collections.FSharpList`1<System.Double>>)
FNDA:0,Microsoft.FSharp.Collections.FSharpList`1<Image/Image`1<Microsoft.FSharp.Collections.FSharpList`1<System.Double>>> ImageFunctions::structureTensorEigenImages(Image/Image`1<Microsoft.FSharp.Collections.FSharpList`1<System.Double>>)
DA:1598,0
DA:1599,0
DA:1601,0
DA:1602,0
DA:1603,0
DA:1604,0
DA:1605,0
DA:1606,0
DA:1607,0
DA:1608,0
DA:1609,0
DA:1610,0
DA:1611,0
DA:1612,0
DA:1613,0
DA:1614,0
DA:1615,0
DA:1616,0
DA:1617,0
DA:1618,0
DA:1619,0
DA:1620,0
DA:1621,0
DA:1622,0
DA:1623,0
DA:1624,0
DA:1625,0
DA:1626,0
DA:1627,0
BRDA:1598,8,0,0
BRDA:1598,8,1,0
FN:1629,Image/Image`1<Microsoft.FSharp.Collections.FSharpList`1<System.Double>> ImageFunctions::structureTensorEigenMatrix(Image/Image`1<Microsoft.FSharp.Collections.FSharpList`1<System.Double>>)
FNDA:15,Image/Image`1<Microsoft.FSharp.Collections.FSharpList`1<System.Double>> ImageFunctions::structureTensorEigenMatrix(Image/Image`1<Microsoft.FSharp.Collections.FSharpList`1<System.Double>>)
DA:1630,15
DA:1631,0
DA:1633,15
DA:1634,15
DA:1635,15
DA:1636,15
DA:1637,375
DA:1638,15
DA:1639,375
DA:1640,375
DA:1641,375
DA:1642,375
DA:1643,375
DA:1644,750
DA:1645,15
DA:1646,375
DA:1647,1500
DA:1648,375
DA:1649,15
DA:1650,15
DA:1651,15
BRDA:1630,8,0,0
BRDA:1630,8,1,15
FN:1653,Image/Image`1<T> ImageFunctions::stack(Microsoft.FSharp.Collections.FSharpList`1<Image/Image`1<T>>)
FNDA:160,Image/Image`1<T> ImageFunctions::stack(Microsoft.FSharp.Collections.FSharpList`1<Image/Image`1<T>>)
DA:1654,160
DA:1655,0
DA:1657,160
DA:1658,1313
DA:1659,0
DA:1660,160
DA:1661,157
DA:1662,157
DA:1663,157
DA:1664,827
DA:1665,157
DA:1666,157
DA:1667,157
DA:1668,157
DA:1669,157
DA:1670,157
DA:1671,314
DA:1672,314
DA:1673,157
DA:1674,157
DA:1675,157
DA:1676,157
DA:1677,157
DA:1678,827
DA:1679,827
DA:1680,827
DA:1681,827
DA:1682,827
DA:1683,827
DA:1684,984
DA:1685,628
DA:1686,157
DA:1687,1141
DA:1689,3
DA:1690,6
BRDA:1654,8,1,0
BRDA:1654,8,0,160
BRDA:1658,69,0,0
BRDA:1658,69,1,160
BRDA:1660,91,0,157
BRDA:1665,231,1,827
BRDA:1664,171,0,0
BRDA:1664,171,1,827
BRDA:1665,231,0,157
BRDA:1684,440,1,827
BRDA:1684,440,0,157
BRDA:1660,91,1,3
FN:1692,Image/Image`1<T> ImageFunctions::extractSub(Microsoft.FSharp.Collections.FSharpList`1<System.UInt32>,Microsoft.FSharp.Collections.FSharpList`1<System.UInt32>,Image/Image`1<T>)
FNDA:6,Image/Image`1<T> ImageFunctions::extractSub(Microsoft.FSharp.Collections.FSharpList`1<System.UInt32>,Microsoft.FSharp.Collections.FSharpList`1<System.UInt32>,Image/Image`1<T>)
DA:1693,6
DA:1694,0
DA:1695,6
DA:1696,0
DA:1697,30
DA:1698,24
DA:1699,0
DA:1701,6
DA:1702,18
DA:1703,24
DA:1704,6
DA:1705,6
BRDA:1693,13,0,0
BRDA:1693,13,1,6
BRDA:1695,85,0,0
BRDA:1695,85,1,6
BRDA:1698,133,0,0
BRDA:1698,133,1,6
FN:1707,Image/Image`1<T> ImageFunctions::extractSlice(System.UInt32,System.Int32,Image/Image`1<T>)
FNDA:746,Image/Image`1<T> ImageFunctions::extractSlice(System.UInt32,System.Int32,Image/Image`1<T>)
DA:1708,746
DA:1709,0
DA:1710,746
DA:1711,746
DA:1713,746
DA:1714,746
DA:1715,746
DA:1716,2238
DA:1717,2238
DA:1718,746
DA:1719,746
DA:1720,746
BRDA:1708,8,0,0
BRDA:1708,8,1,746
BRDA:1713,39,0,0
BRDA:1713,39,1,746
BRDA:1714,113,0,0
BRDA:1714,113,1,746
FN:1722,Microsoft.FSharp.Collections.FSharpList`1<Image/Image`1<T>> ImageFunctions::unstack(System.UInt32,Image/Image`1<T>)
FNDA:77,Microsoft.FSharp.Collections.FSharpList`1<Image/Image`1<T>> ImageFunctions::unstack(System.UInt32,Image/Image`1<T>)
DA:1723,77
DA:1724,154
DA:1725,618
DA:1726,77
FN:1728,Microsoft.FSharp.Collections.FSharpList`1<Image/Image`1<T>> ImageFunctions::unstackSkipNTakeM(System.UInt32,System.UInt32,Image/Image`1<T>)
FNDA:98,Microsoft.FSharp.Collections.FSharpList`1<Image/Image`1<T>> ImageFunctions::unstackSkipNTakeM(System.UInt32,System.UInt32,Image/Image`1<T>)
DA:1729,98
DA:1730,98
DA:1731,0
DA:1732,196
DA:1733,98
DA:1734,98
DA:1735,0
DA:1736,292
DA:1737,98
BRDA:1730,12,0,0
BRDA:1730,12,1,98
BRDA:1733,85,0,0
BRDA:1733,85,1,98
BRDA:1734,103,0,0
BRDA:1734,103,1,98
FN:1740,ImageFunctions/FileInfo ImageFunctions::getFileInfo(System.String)
FNDA:97,ImageFunctions/FileInfo ImageFunctions::getFileInfo(System.String)
DA:1741,97
DA:1742,97
DA:1743,97
DA:1744,97
DA:1745,97
DA:1746,194
DA:1747,194
DA:1748,97
DA:1749,97
FN:1759,System.Collections.Generic.IEnumerable`1<System.Collections.Generic.IEnumerable`1<System.Double>> ImageFunctions::toSeqSeq(Image/Image`1<T>)
FNDA:0,System.Collections.Generic.IEnumerable`1<System.Collections.Generic.IEnumerable`1<System.Double>> ImageFunctions::toSeqSeq(Image/Image`1<T>)
DA:1760,0
DA:1761,0
DA:1762,0
DA:1763,0
DA:1764,0
FN:1766,Image/Image`1<S> ImageFunctions::permuteAxes(Microsoft.FSharp.Collections.FSharpList`1<System.UInt32>,Image/Image`1<T>)
FNDA:9,Image/Image`1<S> ImageFunctions::permuteAxes(Microsoft.FSharp.Collections.FSharpList`1<System.UInt32>,Image/Image`1<T>)
DA:1767,9
DA:1768,27
DA:1769,9
FN:1772,Image/Image`1<System.Numerics.Complex> ImageFunctions::FFTXY(Image/Image`1<T>)
FNDA:2,Image/Image`1<System.Numerics.Complex> ImageFunctions::FFTXY(Image/Image`1<T>)
DA:1773,2
DA:1774,0
DA:1775,2
DA:1776,2
DA:1777,2
DA:1778,2
BRDA:1773,8,0,0
BRDA:1773,8,1,2
FN:1781,Image/Image`1<System.Numerics.Complex> ImageFunctions::directionalFFT(System.UInt32,Image/Image`1<T>)
FNDA:0,Image/Image`1<System.Numerics.Complex> ImageFunctions::directionalFFT(System.UInt32,Image/Image`1<T>)
DA:1782,0
DA:1783,0
DA:1784,0
DA:1785,0
DA:1786,0
DA:1787,0
DA:1788,0
DA:1789,0
DA:1791,0
DA:1802,0
DA:1803,0
DA:1804,0
DA:1805,0
DA:1806,0
DA:1807,0
DA:1808,0
DA:1810,0
DA:1811,0
DA:1812,0
DA:1813,0
DA:1814,0
DA:1815,0
DA:1816,0
DA:1817,0
DA:1818,0
DA:1819,0
DA:1821,0
BRDA:1783,10,0,0
BRDA:1783,10,1,0
BRDA:1804,620,1,0
BRDA:1805,282,0,0
BRDA:1805,282,1,0
BRDA:1805,306,0,0
BRDA:1805,306,1,0
BRDA:1806,392,1,0
BRDA:1806,392,0,0
BRDA:1810,412,0,0
BRDA:1810,600,1,0
BRDA:1813,452,0,0
BRDA:1813,541,1,0
BRDA:1813,452,1,0
BRDA:1813,541,0,0
BRDA:1810,412,1,0
BRDA:1810,600,0,0
BRDA:1804,620,0,0
FN:1823,Image/Image`1<System.Numerics.Complex> ImageFunctions::directionalFFTComplex(System.UInt32,System.Boolean,Image/Image`1<System.Numerics.Complex>)
FNDA:6,Image/Image`1<System.Numerics.Complex> ImageFunctions::directionalFFTComplex(System.UInt32,System.Boolean,Image/Image`1<System.Numerics.Complex>)
DA:1824,6
DA:1825,6
DA:1826,0
DA:1828,6
DA:1829,6
DA:1830,6
DA:1842,12
DA:1843,6
DA:1844,12
DA:1845,12
DA:1847,28
DA:1848,16
DA:1849,48
DA:1850,224
DA:1851,48
DA:1853,48
DA:1854,32
DA:1855,96
DA:1856,64
DA:1857,64
DA:1859,224
DA:1860,32
DA:1862,6
BRDA:1825,10,0,0
BRDA:1825,10,1,6
BRDA:1844,154,0,5
BRDA:1844,154,1,1
BRDA:1845,182,0,5
BRDA:1845,182,1,1
BRDA:1847,579,1,16
BRDA:1848,258,0,0
BRDA:1848,258,1,16
BRDA:1848,282,0,0
BRDA:1848,282,1,16
BRDA:1849,371,1,32
BRDA:1849,371,0,16
BRDA:1853,391,0,32
BRDA:1853,559,1,32
BRDA:1855,416,0,64
BRDA:1855,506,1,64
BRDA:1855,416,1,32
BRDA:1855,506,0,32
BRDA:1853,391,1,16
BRDA:1853,559,0,16
BRDA:1847,579,0,6
FN:1864,Image/Image`1<System.Double> ImageFunctions::inverseFFTXY(Image/Image`1<System.Numerics.Complex>)
FNDA:2,Image/Image`1<System.Double> ImageFunctions::inverseFFTXY(Image/Image`1<System.Numerics.Complex>)
DA:1865,2
DA:1866,0
DA:1868,2
DA:1869,2
DA:1870,2
DA:1871,2
DA:1872,2
DA:1873,2
BRDA:1865,8,0,0
BRDA:1865,8,1,2
FN:1875,Image/Image`1<System.Numerics.Complex> ImageFunctions::shiftFFT(Image/Image`1<System.Numerics.Complex>)
FNDA:1,Image/Image`1<System.Numerics.Complex> ImageFunctions::shiftFFT(Image/Image`1<System.Numerics.Complex>)
DA:1876,1
DA:1877,1
DA:1878,11
DA:1880,8
DA:1881,32
DA:1882,8
DA:1883,1
BRDA:1878,113,1,8
BRDA:1878,113,0,1
FN:502,Image/Image`1<System.Double> ImageFunctions/derivative@503::Invoke(System.UInt32)
FNDA:63,Image/Image`1<System.Double> ImageFunctions/derivative@503::Invoke(System.UInt32)
DA:503,63
DA:504,63
DA:505,63
DA:506,63
DA:507,63
FN:952,System.Double ImageFunctions/toFloat@953T::Invoke(b)
FNDA:0,System.Double ImageFunctions/toFloat@953T::Invoke(b)
DA:953,0
FN:1090,System.Double ImageFunctions/moment@1091::Invoke(System.Double)
FNDA:6,System.Double ImageFunctions/moment@1091::Invoke(System.Double)
DA:1091,6
DA:1092,18
DA:1093,12
BRDA:1092,15,0,0
BRDA:1092,15,1,6
BRDA:1092,115,1,12
BRDA:1092,115,0,6
FN:1148,System.Double ImageFunctions/Pipe #1 stage #1 at line 1149@1149::Invoke(System.Int32,System.UInt64)
FNDA:0,System.Double ImageFunctions/Pipe #1 stage #1 at line 1149@1149::Invoke(System.Int32,System.UInt64)
DA:1149,0
FN:1147,System.Double ImageFunctions/moment@1148-1::Invoke(System.Double)
FNDA:0,System.Double ImageFunctions/moment@1148-1::Invoke(System.Double)
DA:1148,0
DA:1150,0
DA:1151,0
BRDA:1150,28,0,0
BRDA:1150,28,1,0
BRDA:1150,90,1,0
BRDA:1150,90,0,0
FN:1246,System.Double ImageFunctions/leftEdge@1247::Invoke(System.Int32)
FNDA:0,System.Double ImageFunctions/leftEdge@1247::Invoke(System.Int32)
DA:1247,0
FN:1580,System.UInt32 ImageFunctions/roundFloatToUint@1581::Invoke(System.Double)
FNDA:5,System.UInt32 ImageFunctions/roundFloatToUint@1581::Invoke(System.Double)
DA:1581,5
FN:1752,System.Double ImageFunctions/toFloat@1753-1::Invoke(System.Object)
FNDA:0,System.Double ImageFunctions/toFloat@1753-1::Invoke(System.Object)
DA:1753,0
DA:1754,0
DA:1755,0
DA:1756,0
DA:1757,0
DA:1758,0
DA:1759,0
BRDA:1753,13,0,0
BRDA:1753,26,0,0
BRDA:1753,39,0,0
BRDA:1753,54,0,0
BRDA:1753,13,1,0
BRDA:1753,26,1,0
BRDA:1753,39,1,0
BRDA:1753,54,1,0
BRDA:1753,69,0,0
BRDA:1753,69,1,0
FN:1799,Microsoft.FSharp.Collections.FSharpList`1<Microsoft.FSharp.Collections.FSharpList`1<System.UInt32>> ImageFunctions/baseCoords@1800-1::Invoke(System.UInt32)
FNDA:0,Microsoft.FSharp.Collections.FSharpList`1<Microsoft.FSharp.Collections.FSharpList`1<System.UInt32>> ImageFunctions/baseCoords@1800-1::Invoke(System.UInt32)
DA:1800,0
FN:1792,Microsoft.FSharp.Collections.FSharpList`1<Microsoft.FSharp.Collections.FSharpList`1<System.UInt32>> ImageFunctions/baseCoords@1793::Invoke(System.Int32,Microsoft.FSharp.Collections.FSharpList`1<System.UInt32>)
FNDA:0,Microsoft.FSharp.Collections.FSharpList`1<Microsoft.FSharp.Collections.FSharpList`1<System.UInt32>> ImageFunctions/baseCoords@1793::Invoke(System.Int32,Microsoft.FSharp.Collections.FSharpList`1<System.UInt32>)
DA:1793,0
DA:1794,0
DA:1796,0
DA:1797,0
DA:1799,0
BRDA:1793,8,0,0
BRDA:1793,8,1,0
BRDA:1796,35,0,0
BRDA:1796,35,1,0
BRDA:1799,70,0,0
BRDA:1799,70,1,0
BRDA:1799,132,1,0
BRDA:1799,132,0,0
FN:1839,Microsoft.FSharp.Collections.FSharpList`1<Microsoft.FSharp.Collections.FSharpList`1<System.UInt32>> ImageFunctions/baseCoords@1840-3::Invoke(System.UInt32)
FNDA:30,Microsoft.FSharp.Collections.FSharpList`1<Microsoft.FSharp.Collections.FSharpList`1<System.UInt32>> ImageFunctions/baseCoords@1840-3::Invoke(System.UInt32)
DA:1840,30
FN:1832,Microsoft.FSharp.Collections.FSharpList`1<Microsoft.FSharp.Collections.FSharpList`1<System.UInt32>> ImageFunctions/baseCoords@1833-2::Invoke(System.Int32,Microsoft.FSharp.Collections.FSharpList`1<System.UInt32>)
FNDA:40,Microsoft.FSharp.Collections.FSharpList`1<Microsoft.FSharp.Collections.FSharpList`1<System.UInt32>> ImageFunctions/baseCoords@1833-2::Invoke(System.Int32,Microsoft.FSharp.Collections.FSharpList`1<System.UInt32>)
DA:1833,40
DA:1834,16
DA:1836,24
DA:1837,14
DA:1839,10
BRDA:1833,8,0,16
BRDA:1833,8,1,24
BRDA:1836,35,0,14
BRDA:1836,35,1,10
BRDA:1839,70,0,0
BRDA:1839,70,1,10
BRDA:1839,132,1,20
BRDA:1839,132,0,10
LF:1295
LH:761
BRF:542
BRH:211
FNF:171
FNH:108
end_of_record
SF:/Users/jrh630/repositories/stackProcessing/src/Image/Image.fs
FN:343,System.UInt32 Image::getBytesPerComponent(System.Type)
FNDA:689,System.UInt32 Image::getBytesPerComponent(System.Type)
DA:344,689
DA:345,375
DA:346,375
DA:347,375
DA:348,396
DA:349,354
DA:350,354
DA:351,354
DA:352,354
DA:353,354
DA:354,633
DA:355,75
DA:356,75
DA:357,75
DA:358,104
DA:359,46
DA:360,89
DA:361,3
DA:362,3
DA:363,3
DA:364,6
DA:365,0
BRDA:344,17,0,157
BRDA:344,17,1,375
BRDA:345,38,0,0
BRDA:345,38,1,375
BRDA:346,59,0,0
BRDA:346,59,1,375
BRDA:347,80,0,0
BRDA:347,80,1,375
BRDA:348,101,0,21
BRDA:348,101,1,354
BRDA:349,122,0,0
BRDA:349,122,1,354
BRDA:350,143,0,0
BRDA:350,143,1,354
BRDA:351,164,0,0
BRDA:351,164,1,354
BRDA:352,185,0,0
BRDA:352,185,1,354
BRDA:353,206,0,0
BRDA:353,206,1,354
BRDA:354,227,0,279
BRDA:354,227,1,75
BRDA:355,248,0,0
BRDA:355,248,1,75
BRDA:356,269,0,0
BRDA:356,269,1,75
BRDA:357,290,0,0
BRDA:357,290,1,75
BRDA:358,311,0,29
BRDA:358,311,1,46
BRDA:359,332,0,0
BRDA:359,332,1,46
BRDA:360,353,0,43
BRDA:360,353,1,3
BRDA:361,374,0,0
BRDA:361,374,1,3
BRDA:362,395,0,0
BRDA:362,395,1,3
BRDA:363,416,0,0
BRDA:363,416,1,3
BRDA:364,437,0,3
BRDA:364,437,1,0
FN:367,System.UInt32 Image::getBytesPerSItkComponent(itk.simple.PixelIDValueEnum)
FNDA:12834,System.UInt32 Image::getBytesPerSItkComponent(itk.simple.PixelIDValueEnum)
DA:368,12834
DA:369,7700
DA:370,7702
DA:371,7698
DA:372,7833
DA:373,7569
DA:374,7557
DA:375,7557
DA:376,7557
DA:377,7557
DA:378,12177
DA:379,2937
DA:380,2937
DA:381,2937
DA:382,2937
DA:383,3138
DA:384,2736
DA:385,4766
DA:386,706
DA:387,706
DA:388,1098
DA:389,628
DA:390,0
DA:391,0
DA:392,0
DA:393,0
DA:394,0
BRDA:368,12,0,2567
BRDA:368,12,1,7700
BRDA:369,28,0,0
BRDA:369,28,1,7700
BRDA:370,44,0,2
BRDA:370,44,1,7698
BRDA:371,60,0,0
BRDA:371,60,1,7698
BRDA:372,76,0,135
BRDA:372,76,1,7563
BRDA:373,92,0,6
BRDA:373,92,1,7557
BRDA:374,108,0,0
BRDA:374,108,1,7557
BRDA:375,124,0,0
BRDA:375,124,1,7557
BRDA:376,140,0,0
BRDA:376,140,1,7557
BRDA:377,156,0,0
BRDA:377,156,1,7557
BRDA:378,172,0,4620
BRDA:378,172,1,2937
BRDA:379,188,0,0
BRDA:379,188,1,2937
BRDA:380,204,0,0
BRDA:380,204,1,2937
BRDA:381,220,0,0
BRDA:381,220,1,2937
BRDA:382,236,0,0
BRDA:382,236,1,2937
BRDA:383,252,0,201
BRDA:383,252,1,2736
BRDA:384,268,0,0
BRDA:384,268,1,2736
BRDA:385,284,0,2030
BRDA:385,284,1,706
BRDA:386,300,0,0
BRDA:386,300,1,706
BRDA:387,316,0,0
BRDA:387,316,1,706
BRDA:388,332,0,392
BRDA:388,332,1,314
BRDA:389,348,0,314
BRDA:389,348,1,0
BRDA:390,365,0,0
BRDA:390,365,1,0
BRDA:391,381,0,0
BRDA:391,381,1,0
BRDA:392,397,0,0
BRDA:392,397,1,0
BRDA:393,413,0,0
BRDA:393,413,1,0
FN:442,System.Boolean Image::equalOne(T)
FNDA:0,System.Boolean Image::equalOne(T)
DA:443,0
DA:444,0
DA:445,0
DA:446,0
DA:447,0
DA:448,0
DA:449,0
DA:450,0
DA:451,0
DA:452,0
DA:453,0
DA:454,0
DA:455,0
BRDA:443,18,0,0
BRDA:443,34,0,0
BRDA:443,50,0,0
BRDA:443,68,0,0
BRDA:443,86,0,0
BRDA:443,104,0,0
BRDA:443,122,0,0
BRDA:443,140,0,0
BRDA:443,158,0,0
BRDA:443,176,0,0
BRDA:443,18,1,0
BRDA:443,34,1,0
BRDA:443,50,1,0
BRDA:443,68,1,0
BRDA:443,86,1,0
BRDA:443,104,1,0
BRDA:443,122,1,0
BRDA:443,140,1,0
BRDA:443,158,1,0
BRDA:443,176,1,0
BRDA:443,194,0,0
BRDA:454,384,0,0
BRDA:454,384,1,0
BRDA:443,194,1,0
FN:460,System.Void Image::incTotalImages()
FNDA:7126,System.Void Image::incTotalImages()
DA:461,7126
DA:462,7126
BRDA:462,75,0,120
BRDA:462,75,1,3443
FN:463,System.Void Image::decTotalImages()
FNDA:6936,System.Void Image::decTotalImages()
DA:464,6936
FN:468,System.Void Image::incMemUsed(System.UInt32)
FNDA:13598,System.Void Image::incMemUsed(System.UInt32)
DA:469,13598
DA:470,13598
BRDA:470,75,0,113
BRDA:470,75,1,6686
FN:471,System.Void Image::decMemUsed(System.UInt32)
FNDA:6936,System.Void Image::decMemUsed(System.UInt32)
DA:472,6936
FN:474,System.UInt64 Image::currentRssBytes()
FNDA:0,System.UInt64 Image::currentRssBytes()
DA:475,0
DA:476,0
DA:477,0
FN:483,System.Void Image::resetRssProbe()
FNDA:0,System.Void Image::resetRssProbe()
DA:484,0
DA:485,0
DA:486,0
DA:487,0
FN:489,System.UInt64 Image::rssDeltaBytes()
FNDA:0,System.UInt64 Image::rssDeltaBytes()
DA:490,0
DA:491,0
BRDA:491,13,0,0
BRDA:491,13,1,0
FN:493,System.Tuple`2<System.UInt64,System.UInt64> Image::sampleRssDeltaBytes()
FNDA:0,System.Tuple`2<System.UInt64,System.UInt64> Image::sampleRssDeltaBytes()
DA:494,0
DA:495,0
DA:496,0
BRDA:495,16,0,0
BRDA:495,16,1,0
FN:498,System.Void Image::printDebugMessage(System.String)
FNDA:0,System.Void Image::printDebugMessage(System.String)
DA:499,0
DA:500,0
DA:501,0
DA:502,0
DA:503,0
DA:504,0
BRDA:500,23,0,0
BRDA:500,23,1,0
FN:1204,Image/Image`1<System.Double> Image::Re(Image/Image`1<System.Numerics.Complex>)
FNDA:4,Image/Image`1<System.Double> Image::Re(Image/Image`1<System.Numerics.Complex>)
DA:1205,4
DA:1206,4
FN:1208,Image/Image`1<System.Double> Image::Im(Image/Image`1<System.Numerics.Complex>)
FNDA:2,Image/Image`1<System.Double> Image::Im(Image/Image`1<System.Numerics.Complex>)
DA:1209,2
DA:1210,2
FN:1212,Image/Image`1<System.Double> Image::modulus(Image/Image`1<System.Numerics.Complex>)
FNDA:1,Image/Image`1<System.Double> Image::modulus(Image/Image`1<System.Numerics.Complex>)
DA:1213,1
DA:1214,1
DA:1215,1
FN:1217,Image/Image`1<System.Double> Image::arg(Image/Image`1<System.Numerics.Complex>)
FNDA:1,Image/Image`1<System.Double> Image::arg(Image/Image`1<System.Numerics.Complex>)
DA:1218,1
DA:1219,1
DA:1220,1
FN:1222,Image/Image`1<System.Numerics.Complex> Image::toComplex(Image/Image`1<System.Double>,Image/Image`1<System.Double>)
FNDA:47,Image/Image`1<System.Numerics.Complex> Image::toComplex(Image/Image`1<System.Double>,Image/Image`1<System.Double>)
DA:1223,47
FN:1225,Image/Image`1<System.Numerics.Complex> Image::polarToComplex(Image/Image`1<System.Double>,Image/Image`1<System.Double>)
FNDA:1,Image/Image`1<System.Numerics.Complex> Image::polarToComplex(Image/Image`1<System.Double>,Image/Image`1<System.Double>)
DA:1226,1
DA:1227,1
DA:1228,1
FN:1230,Image/Image`1<System.Numerics.Complex> Image::conjugate(Image/Image`1<System.Numerics.Complex>)
FNDA:1,Image/Image`1<System.Numerics.Complex> Image::conjugate(Image/Image`1<System.Numerics.Complex>)
DA:1231,1
DA:1232,1
DA:1233,1
DA:1234,1
DA:1235,1
DA:1236,1
DA:1237,1
DA:1238,1
DA:1239,1
DA:1240,1
DA:1241,1
FN:544,System.Void Image/Image`1::setDebugLevel(System.UInt32)
FNDA:2,System.Void Image/Image`1::setDebugLevel(System.UInt32)
DA:545,2
DA:546,2
DA:547,2
BRDA:546,9,0,0
BRDA:546,9,1,2
FN:548,System.Void Image/Image`1::setDebug(System.Boolean)
FNDA:0,System.Void Image/Image`1::setDebug(System.Boolean)
DA:549,0
BRDA:549,3,0,0
BRDA:549,3,1,0
FN:549,itk.simple.Image Image/Image`1::get_Image()
FNDA:111489,itk.simple.Image Image/Image`1::get_Image()
DA:550,111489
FN:550,System.String Image/Image`1::get_Name()
FNDA:0,System.String Image/Image`1::get_Name()
DA:551,0
FN:551,System.Int32 Image/Image`1::get_index()
FNDA:6392,System.Int32 Image/Image`1::get_index()
DA:552,6392
FN:553,System.Void Image/Image`1::SetImg(itk.simple.Image)
FNDA:3236,System.Void Image/Image`1::SetImg(itk.simple.Image)
DA:554,3236
FN:555,System.Int32 Image/Image`1::getNReferences()
FNDA:0,System.Int32 Image/Image`1::getNReferences()
DA:556,0
FN:557,System.Void Image/Image`1::incRefCount()
FNDA:307,System.Void Image/Image`1::incRefCount()
DA:558,307
DA:559,307
BRDA:558,6,0,0
BRDA:558,6,1,307
FN:561,System.Void Image/Image`1::decRefCount()
FNDA:3782,System.Void Image/Image`1::decRefCount()
DA:562,3782
DA:563,3782
DA:564,3782
DA:565,3468
DA:566,3468
DA:567,3468
DA:568,3468
DA:569,10404
BRDA:562,6,0,0
BRDA:562,6,1,3782
BRDA:564,55,0,3468
BRDA:567,86,0,0
BRDA:567,86,1,3468
BRDA:564,55,1,314
FN:571,System.UInt32 Image/Image`1::memoryEstimateSItk(itk.simple.Image)
FNDA:10267,System.UInt32 Image/Image`1::memoryEstimateSItk(itk.simple.Image)
DA:572,10267
DA:573,10267
DA:574,0
DA:576,10267
BRDA:573,16,0,0
BRDA:573,16,1,10267
FN:578,System.UInt64 Image/Image`1::memoryEstimate(System.UInt32,System.UInt32)
FNDA:381,System.UInt64 Image/Image`1::memoryEstimate(System.UInt32,System.UInt32)
DA:579,381
FN:580,Microsoft.FSharp.Collections.FSharpList`1<System.UInt32> Image/Image`1::GetSize()
FNDA:7710,Microsoft.FSharp.Collections.FSharpList`1<System.UInt32> Image/Image`1::GetSize()
DA:581,7710
FN:581,Image/ImageFacts Image/Image`1::GetFacts()
FNDA:0,Image/ImageFacts Image/Image`1::GetFacts()
DA:582,0
FN:582,System.UInt64 Image/Image`1::GetMemoryBytes()
FNDA:0,System.UInt64 Image/Image`1::GetMemoryBytes()
DA:583,0
FN:583,System.UInt32 Image/Image`1::GetDepth()
FNDA:426,System.UInt32 Image/Image`1::GetDepth()
DA:584,426
BRDA:584,16,0,373
BRDA:584,16,1,53
FN:584,System.UInt32 Image/Image`1::GetDimensions()
FNDA:2824,System.UInt32 Image/Image`1::GetDimensions()
DA:585,2824
FN:585,System.UInt32 Image/Image`1::GetHeight()
FNDA:502,System.UInt32 Image/Image`1::GetHeight()
DA:586,502
FN:586,System.UInt32 Image/Image`1::GetWidth()
FNDA:507,System.UInt32 Image/Image`1::GetWidth()
DA:587,507
FN:587,System.UInt32 Image/Image`1::GetNumberOfComponentsPerPixel()
FNDA:239,System.UInt32 Image/Image`1::GetNumberOfComponentsPerPixel()
DA:588,239
FN:590,System.String Image/Image`1::ToString()
FNDA:2,System.String Image/Image`1::ToString()
DA:591,2
DA:592,10
DA:593,2
DA:594,4
DA:595,2
BRDA:594,65,0,2
BRDA:594,65,1,0
FN:595,System.String Image/Image`1::get_Display()
FNDA:2,System.String Image/Image`1::get_Display()
DA:596,2
FN:607,Image/Image`1<T> Image/Image`1::ofSimpleITK(itk.simple.Image,Microsoft.FSharp.Core.FSharpOption`1<System.String>,Microsoft.FSharp.Core.FSharpOption`1<System.Int32>)
FNDA:3236,Image/Image`1<T> Image/Image`1::ofSimpleITK(itk.simple.Image,Microsoft.FSharp.Core.FSharpOption`1<System.String>,Microsoft.FSharp.Core.FSharpOption`1<System.Int32>)
DA:608,3236
DA:609,3236
DA:611,6472
DA:612,6534
DA:613,0
DA:614,3236
DA:616,3236
DA:617,3236
DA:618,3236
DA:619,3236
BRDA:612,60,0,62
BRDA:612,60,1,3174
BRDA:612,77,0,0
BRDA:612,77,1,3236
BRDA:618,190,0,0
BRDA:618,190,1,3236
FN:621,itk.simple.Image Image/Image`1::toSimpleITK()
FNDA:5604,itk.simple.Image Image/Image`1::toSimpleITK()
DA:622,5604
DA:623,0
DA:624,2744
BRDA:622,26,0,116
BRDA:622,26,1,2628
BRDA:622,48,0,0
BRDA:622,48,1,2744
FN:625,Image/Image`1<S> Image/Image`1::castTo()
FNDA:27,Image/Image`1<S> Image/Image`1::castTo()
DA:626,27
FN:626,Image/Image`1<System.Byte> Image/Image`1::toUInt8()
FNDA:0,Image/Image`1<System.Byte> Image/Image`1::toUInt8()
DA:627,0
FN:627,Image/Image`1<System.SByte> Image/Image`1::toInt8()
FNDA:0,Image/Image`1<System.SByte> Image/Image`1::toInt8()
DA:628,0
FN:628,Image/Image`1<System.UInt16> Image/Image`1::toUInt16()
FNDA:0,Image/Image`1<System.UInt16> Image/Image`1::toUInt16()
DA:629,0
FN:629,Image/Image`1<System.Int16> Image/Image`1::toInt16()
FNDA:0,Image/Image`1<System.Int16> Image/Image`1::toInt16()
DA:630,0
FN:630,Image/Image`1<System.UInt32> Image/Image`1::toUInt()
FNDA:0,Image/Image`1<System.UInt32> Image/Image`1::toUInt()
DA:631,0
FN:631,Image/Image`1<System.Int32> Image/Image`1::toInt()
FNDA:0,Image/Image`1<System.Int32> Image/Image`1::toInt()
DA:632,0
FN:632,Image/Image`1<System.UInt64> Image/Image`1::toUInt64()
FNDA:0,Image/Image`1<System.UInt64> Image/Image`1::toUInt64()
DA:633,0
FN:633,Image/Image`1<System.Int64> Image/Image`1::toInt64()
FNDA:0,Image/Image`1<System.Int64> Image/Image`1::toInt64()
DA:634,0
FN:634,Image/Image`1<System.Single> Image/Image`1::toFloat32()
FNDA:0,Image/Image`1<System.Single> Image/Image`1::toFloat32()
DA:635,0
FN:635,Image/Image`1<System.Double> Image/Image`1::toFloat()
FNDA:90,Image/Image`1<System.Double> Image/Image`1::toFloat()
DA:636,90
FN:636,Image/Image`1<System.Numerics.Complex> Image/Image`1::toComplex()
FNDA:0,Image/Image`1<System.Numerics.Complex> Image/Image`1::toComplex()
DA:637,0
FN:637,Image/Image`1<Microsoft.FSharp.Collections.FSharpList`1<System.Byte>> Image/Image`1::toVectorUInt8()
FNDA:0,Image/Image`1<Microsoft.FSharp.Collections.FSharpList`1<System.Byte>> Image/Image`1::toVectorUInt8()
DA:638,0
FN:638,Image/Image`1<Microsoft.FSharp.Collections.FSharpList`1<System.SByte>> Image/Image`1::toVectorInt8()
FNDA:0,Image/Image`1<Microsoft.FSharp.Collections.FSharpList`1<System.SByte>> Image/Image`1::toVectorInt8()
DA:639,0
FN:639,Image/Image`1<Microsoft.FSharp.Collections.FSharpList`1<System.UInt16>> Image/Image`1::toVectorUInt16()
FNDA:0,Image/Image`1<Microsoft.FSharp.Collections.FSharpList`1<System.UInt16>> Image/Image`1::toVectorUInt16()
DA:640,0
FN:640,Image/Image`1<Microsoft.FSharp.Collections.FSharpList`1<System.Int16>> Image/Image`1::toVectorInt16()
FNDA:0,Image/Image`1<Microsoft.FSharp.Collections.FSharpList`1<System.Int16>> Image/Image`1::toVectorInt16()
DA:641,0
FN:641,Image/Image`1<Microsoft.FSharp.Collections.FSharpList`1<System.UInt32>> Image/Image`1::toVectorUInt32()
FNDA:0,Image/Image`1<Microsoft.FSharp.Collections.FSharpList`1<System.UInt32>> Image/Image`1::toVectorUInt32()
DA:642,0
FN:642,Image/Image`1<Microsoft.FSharp.Collections.FSharpList`1<System.Int32>> Image/Image`1::toVectorInt32()
FNDA:0,Image/Image`1<Microsoft.FSharp.Collections.FSharpList`1<System.Int32>> Image/Image`1::toVectorInt32()
DA:643,0
FN:643,Image/Image`1<Microsoft.FSharp.Collections.FSharpList`1<System.UInt64>> Image/Image`1::toVectorUInt64()
FNDA:0,Image/Image`1<Microsoft.FSharp.Collections.FSharpList`1<System.UInt64>> Image/Image`1::toVectorUInt64()
DA:644,0
FN:644,Image/Image`1<Microsoft.FSharp.Collections.FSharpList`1<System.Int64>> Image/Image`1::toVectorInt64()
FNDA:0,Image/Image`1<Microsoft.FSharp.Collections.FSharpList`1<System.Int64>> Image/Image`1::toVectorInt64()
DA:645,0
FN:645,Image/Image`1<Microsoft.FSharp.Collections.FSharpList`1<System.Single>> Image/Image`1::toVectorFloat32()
FNDA:0,Image/Image`1<Microsoft.FSharp.Collections.FSharpList`1<System.Single>> Image/Image`1::toVectorFloat32()
DA:646,0
FN:646,Image/Image`1<Microsoft.FSharp.Collections.FSharpList`1<System.Double>> Image/Image`1::toVectorFloat64()
FNDA:0,Image/Image`1<Microsoft.FSharp.Collections.FSharpList`1<System.Double>> Image/Image`1::toVectorFloat64()
DA:647,0
FN:649,Image/Image`1<T> Image/Image`1::ofArray2D(T[0...,0...],Microsoft.FSharp.Core.FSharpOption`1<System.String>,Microsoft.FSharp.Core.FSharpOption`1<System.Int32>)
FNDA:334,Image/Image`1<T> Image/Image`1::ofArray2D(T[0...,0...],Microsoft.FSharp.Core.FSharpOption`1<System.String>,Microsoft.FSharp.Core.FSharpOption`1<System.Int32>)
DA:650,334
DA:651,334
DA:652,668
DA:653,334
DA:654,334
DA:655,334
DA:656,334
DA:657,334
DA:658,2120
DA:659,15331
DA:660,13545
DA:661,13545
DA:663,334
DA:665,0
DA:666,0
DA:667,0
BRDA:653,68,0,334
BRDA:658,119,0,1786
BRDA:658,187,1,1786
BRDA:659,134,0,13545
BRDA:659,173,1,13545
BRDA:659,134,1,1786
BRDA:659,173,0,1786
BRDA:658,119,1,334
BRDA:658,187,0,334
BRDA:653,68,1,0
FN:669,Image/Image`1<T> Image/Image`1::ofArray3D(T[0...,0...,0...],Microsoft.FSharp.Core.FSharpOption`1<System.String>,Microsoft.FSharp.Core.FSharpOption`1<System.Int32>)
FNDA:112,Image/Image`1<T> Image/Image`1::ofArray3D(T[0...,0...,0...],Microsoft.FSharp.Core.FSharpOption`1<System.String>,Microsoft.FSharp.Core.FSharpOption`1<System.Int32>)
DA:670,112
DA:671,112
DA:672,224
DA:673,112
DA:674,112
DA:675,112
DA:676,112
DA:677,112
DA:678,112
DA:679,527
DA:680,3672
DA:681,44628
DA:682,41371
DA:683,41371
DA:685,112
DA:687,0
DA:688,0
DA:689,0
BRDA:673,80,0,112
BRDA:679,143,0,415
BRDA:679,242,1,415
BRDA:680,158,0,3257
BRDA:680,228,1,3257
BRDA:681,173,0,41371
BRDA:681,214,1,41371
BRDA:681,173,1,3257
BRDA:681,214,0,3257
BRDA:680,158,1,415
BRDA:680,228,0,415
BRDA:679,143,1,112
BRDA:679,242,0,112
BRDA:673,80,1,0
[...]
DA:207,0
DA:208,0
FN:239,System.Boolean SlimPipeline/Pipe/ensureAvailable@240-2::Invoke(Microsoft.FSharp.Core.Unit)
FNDA:304,System.Boolean SlimPipeline/Pipe/ensureAvailable@240-2::Invoke(Microsoft.FSharp.Core.Unit)
DA:240,304
BRDA:240,17,0,88
BRDA:240,17,1,20
FN:241,Microsoft.FSharp.Control.FSharpAsync`1<Microsoft.FSharp.Core.Unit> SlimPipeline/Pipe/ensureAvailable@242-4::Invoke(System.Boolean)
FNDA:36,Microsoft.FSharp.Control.FSharpAsync`1<Microsoft.FSharp.Core.Unit> SlimPipeline/Pipe/ensureAvailable@242-4::Invoke(System.Boolean)
DA:242,36
DA:243,26
DA:245,10
BRDA:242,4,0,26
BRDA:242,4,1,10
FN:240,Microsoft.FSharp.Control.FSharpAsync`1<Microsoft.FSharp.Core.Unit> SlimPipeline/Pipe/ensureAvailable@241-3::Invoke(Microsoft.FSharp.Core.Unit)
FNDA:108,Microsoft.FSharp.Control.FSharpAsync`1<Microsoft.FSharp.Core.Unit> SlimPipeline/Pipe/ensureAvailable@241-3::Invoke(Microsoft.FSharp.Core.Unit)
DA:241,108
FN:238,Microsoft.FSharp.Control.FSharpAsync`1<Microsoft.FSharp.Core.Unit> SlimPipeline/Pipe/ensureAvailable@239::Invoke(System.Int64)
FNDA:72,Microsoft.FSharp.Control.FSharpAsync`1<Microsoft.FSharp.Core.Unit> SlimPipeline/Pipe/ensureAvailable@239::Invoke(System.Int64)
DA:239,72
FN:248,Microsoft.FSharp.Core.Unit SlimPipeline/Pipe/trimConsumedPrefix@249::Invoke(Microsoft.FSharp.Core.Unit)
FNDA:52,Microsoft.FSharp.Core.Unit SlimPipeline/Pipe/trimConsumedPrefix@249::Invoke(Microsoft.FSharp.Core.Unit)
DA:249,52
DA:250,52
DA:251,52
DA:252,26
DA:253,26
BRDA:249,26,0,6
BRDA:249,26,1,46
BRDA:251,53,0,26
BRDA:251,53,1,26
FN:271,Microsoft.FSharp.Control.FSharpAsync`1<Microsoft.FSharp.Core.Unit> SlimPipeline/Pipe/loop@272-4::Invoke(Microsoft.FSharp.Core.Unit)
FNDA:52,Microsoft.FSharp.Control.FSharpAsync`1<Microsoft.FSharp.Core.Unit> SlimPipeline/Pipe/loop@272-4::Invoke(Microsoft.FSharp.Core.Unit)
DA:272,52
DA:273,52
FN:266,Microsoft.FSharp.Control.FSharpAsync`1<Microsoft.FSharp.Core.Unit> SlimPipeline/Pipe/loop@267-3::Invoke(Microsoft.FSharp.Core.Unit)
FNDA:72,Microsoft.FSharp.Control.FSharpAsync`1<Microsoft.FSharp.Core.Unit> SlimPipeline/Pipe/loop@267-3::Invoke(Microsoft.FSharp.Core.Unit)
DA:267,72
DA:268,52
DA:269,52
DA:270,26
DA:271,26
DA:275,20
BRDA:267,33,0,52
BRDA:269,89,1,26
BRDA:269,89,0,26
BRDA:267,33,1,20
FN:276,Microsoft.FSharp.Control.FSharpAsync`1<a> SlimPipeline/Pipe/loop@277-8::Invoke(Microsoft.FSharp.Core.Unit)
FNDA:72,Microsoft.FSharp.Control.FSharpAsync`1<a> SlimPipeline/Pipe/loop@277-8::Invoke(Microsoft.FSharp.Core.Unit)
DA:277,72
FN:257,Microsoft.FSharp.Control.FSharpAsync`1<a> SlimPipeline/Pipe/loop@258-2::Invoke(SlimPipeline/Pipe/TeeMsg`1<T>)
FNDA:72,Microsoft.FSharp.Control.FSharpAsync`1<a> SlimPipeline/Pipe/loop@258-2::Invoke(SlimPipeline/Pipe/TeeMsg`1<T>)
DA:258,72
DA:261,72
DA:262,36
DA:263,36
DA:265,72
BRDA:261,36,1,36
BRDA:261,36,0,36
FN:255,Microsoft.FSharp.Control.FSharpAsync`1<a> SlimPipeline/Pipe/loop@258-1::Invoke(Microsoft.FSharp.Core.Unit)
FNDA:82,Microsoft.FSharp.Control.FSharpAsync`1<a> SlimPipeline/Pipe/loop@258-1::Invoke(Microsoft.FSharp.Core.Unit)
DA:256,82
FN:254,Microsoft.FSharp.Control.FSharpAsync`1<a> SlimPipeline/Pipe/loop@255T::Invoke(Microsoft.FSharp.Core.Unit)
FNDA:82,Microsoft.FSharp.Control.FSharpAsync`1<a> SlimPipeline/Pipe/loop@255T::Invoke(Microsoft.FSharp.Core.Unit)
DA:255,82
FN:230,Microsoft.FSharp.Control.FSharpAsync`1<Microsoft.FSharp.Core.Unit> SlimPipeline/Pipe/agent@231-1::Invoke(Microsoft.FSharp.Core.Unit)
FNDA:10,Microsoft.FSharp.Control.FSharpAsync`1<Microsoft.FSharp.Core.Unit> SlimPipeline/Pipe/agent@231-1::Invoke(Microsoft.FSharp.Core.Unit)
DA:231,10
DA:232,10
DA:233,10
DA:234,10
DA:235,10
DA:236,10
DA:280,10
FN:229,Microsoft.FSharp.Control.FSharpAsync`1<Microsoft.FSharp.Core.Unit> SlimPipeline/Pipe/agent@229::Invoke(Microsoft.FSharp.Control.FSharpMailboxProcessor`1<SlimPipeline/Pipe/TeeMsg`1<T>>)
FNDA:10,Microsoft.FSharp.Control.FSharpAsync`1<Microsoft.FSharp.Core.Unit> SlimPipeline/Pipe/agent@229::Invoke(Microsoft.FSharp.Control.FSharpMailboxProcessor`1<SlimPipeline/Pipe/TeeMsg`1<T>>)
DA:230,10
FN:285,System.Boolean SlimPipeline/Pipe/makeStream@286-2::Invoke(Microsoft.FSharp.Core.Unit)
FNDA:92,System.Boolean SlimPipeline/Pipe/makeStream@286-2::Invoke(Microsoft.FSharp.Core.Unit)
DA:286,92
FN:286,SlimPipeline/Pipe/TeeMsg`1<T> SlimPipeline/Pipe/makeStream@287-4::Invoke(Microsoft.FSharp.Control.FSharpAsyncReplyChannel`1<Microsoft.FSharp.Core.FSharpOption`1<T>>)
FNDA:144,SlimPipeline/Pipe/TeeMsg`1<T> SlimPipeline/Pipe/makeStream@287-4::Invoke(Microsoft.FSharp.Control.FSharpAsyncReplyChannel`1<Microsoft.FSharp.Core.FSharpOption`1<T>>)
DA:287,144
FN:287,System.Collections.Generic.IAsyncEnumerable`1<T> SlimPipeline/Pipe/makeStream@288-5::Invoke(Microsoft.FSharp.Core.FSharpOption`1<T>)
FNDA:72,System.Collections.Generic.IAsyncEnumerable`1<T> SlimPipeline/Pipe/makeStream@288-5::Invoke(Microsoft.FSharp.Core.FSharpOption`1<T>)
DA:288,72
DA:289,52
DA:290,20
BRDA:288,5,1,52
BRDA:288,5,0,20
FN:284,System.Collections.Generic.IAsyncEnumerable`1<T> SlimPipeline/Pipe/makeStream@285-1::Invoke(Microsoft.FSharp.Core.Unit)
FNDA:20,System.Collections.Generic.IAsyncEnumerable`1<T> SlimPipeline/Pipe/makeStream@285-1::Invoke(Microsoft.FSharp.Core.Unit)
DA:285,20
FN:283,System.Collections.Generic.IAsyncEnumerable`1<T> SlimPipeline/Pipe/makeStream@284::Invoke(SlimPipeline/Pipe/TeeSide)
FNDA:20,System.Collections.Generic.IAsyncEnumerable`1<T> SlimPipeline/Pipe/makeStream@284::Invoke(SlimPipeline/Pipe/TeeSide)
DA:284,20
FN:226,System.Tuple`2<System.Collections.Generic.IAsyncEnumerable`1<T>,System.Collections.Generic.IAsyncEnumerable`1<T>> SlimPipeline/Pipe/makeShared@227::Invoke(System.Collections.Generic.IAsyncEnumerable`1<In>)
FNDA:10,System.Tuple`2<System.Collections.Generic.IAsyncEnumerable`1<T>,System.Collections.Generic.IAsyncEnumerable`1<T>> SlimPipeline/Pipe/makeShared@227::Invoke(System.Collections.Generic.IAsyncEnumerable`1<In>)
DA:227,10
DA:229,10
DA:237,10
DA:238,10
DA:244,10
DA:246,10
DA:247,10
DA:248,10
DA:254,10
DA:257,10
DA:259,10
DA:260,10
DA:264,10
DA:266,10
DA:274,10
DA:276,10
DA:278,10
DA:279,10
DA:281,10
DA:293,10
FN:302,System.Tuple`2<System.Collections.Generic.IAsyncEnumerable`1<T>,System.Collections.Generic.IAsyncEnumerable`1<T>> SlimPipeline/Pipe/lazyStreams@303::Invoke(Microsoft.FSharp.Core.Unit)
FNDA:20,System.Tuple`2<System.Collections.Generic.IAsyncEnumerable`1<T>,System.Collections.Generic.IAsyncEnumerable`1<T>> SlimPipeline/Pipe/lazyStreams@303::Invoke(Microsoft.FSharp.Core.Unit)
DA:303,20
FN:295,System.Tuple`2<System.Collections.Generic.IAsyncEnumerable`1<T>,System.Collections.Generic.IAsyncEnumerable`1<T>> SlimPipeline/Pipe/getShared@296::Invoke(System.Collections.Generic.IAsyncEnumerable`1<In>)
FNDA:20,System.Tuple`2<System.Collections.Generic.IAsyncEnumerable`1<T>,System.Collections.Generic.IAsyncEnumerable`1<T>> SlimPipeline/Pipe/getShared@296::Invoke(System.Collections.Generic.IAsyncEnumerable`1<In>)
DA:296,20
DA:297,10
DA:299,10
DA:300,10
DA:301,0
DA:302,10
DA:304,10
DA:305,10
DA:306,10
BRDA:296,13,1,10
BRDA:296,13,0,10
BRDA:300,66,1,0
BRDA:300,66,0,10
FN:309,System.Collections.Generic.IAsyncEnumerable`1<b> SlimPipeline/Pipe/apply@310-11::Invoke(System.Boolean,System.Collections.Generic.IAsyncEnumerable`1<In>)
FNDA:20,System.Collections.Generic.IAsyncEnumerable`1<b> SlimPipeline/Pipe/apply@310-11::Invoke(System.Boolean,System.Collections.Generic.IAsyncEnumerable`1<In>)
DA:310,20
DA:311,20
FN:311,SlimPipeline/Pipe`2<In,b> SlimPipeline/Pipe/makeTeePipe@308TT::Invoke(a,Microsoft.FSharp.Core.FSharpFunc`2<System.Tuple`2<System.Collections.Generic.IAsyncEnumerable`1<T>,System.Collections.Generic.IAsyncEnumerable`1<T>>,System.Collections.Generic.IAsyncEnumerable`1<b>>)
FNDA:20,SlimPipeline/Pipe`2<In,b> SlimPipeline/Pipe/makeTeePipe@308TT::Invoke(a,Microsoft.FSharp.Core.FSharpFunc`2<System.Tuple`2<System.Collections.Generic.IAsyncEnumerable`1<T>,System.Collections.Generic.IAsyncEnumerable`1<T>>,System.Collections.Generic.IAsyncEnumerable`1<b>>)
DA:312,20
FN:316,a SlimPipeline/Pipe/apply@317-12T::Invoke(System.Boolean,a)
FNDA:10,a SlimPipeline/Pipe/apply@317-12T::Invoke(System.Boolean,a)
DA:317,10
FN:331,W SlimPipeline/Pipe/apply@331-14::Invoke(System.Tuple`2<U,V>)
FNDA:16,W SlimPipeline/Pipe/apply@331-14::Invoke(System.Tuple`2<U,V>)
DA:332,16
DA:333,22
FN:327,System.Collections.Generic.IAsyncEnumerable`1<W> SlimPipeline/Pipe/apply@328-13::Invoke(System.Boolean,System.Collections.Generic.IAsyncEnumerable`1<In>)
FNDA:6,System.Collections.Generic.IAsyncEnumerable`1<W> SlimPipeline/Pipe/apply@328-13::Invoke(System.Boolean,System.Collections.Generic.IAsyncEnumerable`1<In>)
DA:328,6
DA:329,6
DA:330,6
DA:331,6
FN:341,W SlimPipeline/Pipe/apply@342-16::Invoke(System.Tuple`2<U,V>)
FNDA:64,W SlimPipeline/Pipe/apply@342-16::Invoke(System.Tuple`2<U,V>)
DA:342,64
FN:339,System.Collections.Generic.IAsyncEnumerable`1<W> SlimPipeline/Pipe/apply@340-15::Invoke(System.Boolean,System.Collections.Generic.IAsyncEnumerable`1<In>)
FNDA:14,System.Collections.Generic.IAsyncEnumerable`1<W> SlimPipeline/Pipe/apply@340-15::Invoke(System.Boolean,System.Collections.Generic.IAsyncEnumerable`1<In>)
DA:340,14
DA:341,14
FN:346,System.Collections.Generic.IAsyncEnumerable`1<Out> SlimPipeline/Pipe/apply@347-17::Invoke(System.Boolean,System.Collections.Generic.IAsyncEnumerable`1<In>)
FNDA:81,System.Collections.Generic.IAsyncEnumerable`1<Out> SlimPipeline/Pipe/apply@347-17::Invoke(System.Boolean,System.Collections.Generic.IAsyncEnumerable`1<In>)
DA:347,81
FN:351,Microsoft.FSharp.Control.FSharpAsync`1<State> SlimPipeline/Pipe/reducer@351T::Invoke(a,System.Collections.Generic.IAsyncEnumerable`1<In>)
FNDA:10,Microsoft.FSharp.Control.FSharpAsync`1<State> SlimPipeline/Pipe/reducer@351T::Invoke(a,System.Collections.Generic.IAsyncEnumerable`1<In>)
DA:352,10
FN:357,Microsoft.FSharp.Control.FSharpAsync`1<Microsoft.FSharp.Core.Unit> SlimPipeline/Pipe/apply@358-21::Invoke(Microsoft.FSharp.Core.Unit)
FNDA:0,Microsoft.FSharp.Control.FSharpAsync`1<Microsoft.FSharp.Core.Unit> SlimPipeline/Pipe/apply@358-21::Invoke(Microsoft.FSharp.Core.Unit)
DA:358,0
FN:358,System.Collections.Generic.IAsyncEnumerable`1<Microsoft.FSharp.Core.Unit> SlimPipeline/Pipe/apply@359-22::Invoke(Microsoft.FSharp.Core.Unit)
FNDA:0,System.Collections.Generic.IAsyncEnumerable`1<Microsoft.FSharp.Core.Unit> SlimPipeline/Pipe/apply@359-22::Invoke(Microsoft.FSharp.Core.Unit)
DA:359,0
FN:356,System.Collections.Generic.IAsyncEnumerable`1<Microsoft.FSharp.Core.Unit> SlimPipeline/Pipe/apply@357-18::Invoke(System.Boolean,System.Collections.Generic.IAsyncEnumerable`1<T>)
FNDA:0,System.Collections.Generic.IAsyncEnumerable`1<Microsoft.FSharp.Core.Unit> SlimPipeline/Pipe/apply@357-18::Invoke(System.Boolean,System.Collections.Generic.IAsyncEnumerable`1<T>)
DA:357,0
FN:391,System.Boolean SlimPipeline/Pipe/Pipe #1 stage #3 at line 392@392::Invoke(AsyncSeqExtensions/WindowItem`1<T>)
FNDA:623,System.Boolean SlimPipeline/Pipe/Pipe #1 stage #3 at line 392@392::Invoke(AsyncSeqExtensions/WindowItem`1<T>)
DA:392,623
FN:395,T SlimPipeline/Pipe/items@396::Invoke(AsyncSeqExtensions/WindowItem`1<T>)
FNDA:1822,T SlimPipeline/Pipe/items@396::Invoke(AsyncSeqExtensions/WindowItem`1<T>)
DA:396,1822
FN:388,SlimPipeline/Window`1<T> SlimPipeline/Pipe/apply@387-24::Invoke(Microsoft.FSharp.Collections.FSharpList`1<AsyncSeqExtensions/WindowItem`1<T>>)
FNDA:249,SlimPipeline/Window`1<T> SlimPipeline/Pipe/apply@387-24::Invoke(Microsoft.FSharp.Collections.FSharpList`1<AsyncSeqExtensions/WindowItem`1<T>>)
DA:389,249
DA:390,249
DA:391,249
DA:393,249
DA:394,249
DA:397,305
BRDA:390,20,0,245
BRDA:390,20,1,4
BRDA:391,66,0,245
BRDA:391,66,1,4
BRDA:391,82,0,177
BRDA:391,82,1,72
FN:385,System.Collections.Generic.IAsyncEnumerable`1<SlimPipeline/Window`1<T>> SlimPipeline/Pipe/apply@384-23T::Invoke(a,System.Collections.Generic.IAsyncEnumerable`1<T>)
FNDA:56,System.Collections.Generic.IAsyncEnumerable`1<SlimPipeline/Window`1<T>> SlimPipeline/Pipe/apply@384-23T::Invoke(a,System.Collections.Generic.IAsyncEnumerable`1<T>)
DA:386,56
DA:387,56
DA:388,56
DA:395,56
FN:403,System.Collections.Generic.IAsyncEnumerable`1<T> SlimPipeline/Pipe/apply@403-25T::Invoke(a,System.Collections.Generic.IAsyncEnumerable`1<S>)
FNDA:116,System.Collections.Generic.IAsyncEnumerable`1<T> SlimPipeline/Pipe/apply@403-25T::Invoke(a,System.Collections.Generic.IAsyncEnumerable`1<S>)
DA:404,116
FN:425,Microsoft.FSharp.Control.FSharpAsync`1<Microsoft.FSharp.Core.Unit> SlimPipeline/Pipe/apply@426-30::Invoke(T)
FNDA:899,Microsoft.FSharp.Control.FSharpAsync`1<Microsoft.FSharp.Core.Unit> SlimPipeline/Pipe/apply@426-30::Invoke(T)
DA:426,899
FN:427,System.Collections.Generic.IAsyncEnumerable`1<Microsoft.FSharp.Core.Unit> SlimPipeline/Pipe/apply@428-32::Invoke(Microsoft.FSharp.Core.Unit)
FNDA:57,System.Collections.Generic.IAsyncEnumerable`1<Microsoft.FSharp.Core.Unit> SlimPipeline/Pipe/apply@428-32::Invoke(Microsoft.FSharp.Core.Unit)
DA:428,57
FN:423,System.Collections.Generic.IAsyncEnumerable`1<Microsoft.FSharp.Core.Unit> SlimPipeline/Pipe/apply@423-28T::Invoke(a,System.Collections.Generic.IAsyncEnumerable`1<T>)
FNDA:57,System.Collections.Generic.IAsyncEnumerable`1<Microsoft.FSharp.Core.Unit> SlimPipeline/Pipe/apply@423-28T::Invoke(a,System.Collections.Generic.IAsyncEnumerable`1<T>)
DA:424,57
FN:435,Microsoft.FSharp.Control.FSharpAsync`1<Microsoft.FSharp.Core.Unit> SlimPipeline/Pipe/apply@436-35::Invoke(System.Tuple`2<S,T>)
FNDA:0,Microsoft.FSharp.Control.FSharpAsync`1<Microsoft.FSharp.Core.Unit> SlimPipeline/Pipe/apply@436-35::Invoke(System.Tuple`2<S,T>)
DA:436,0
FN:437,System.Collections.Generic.IAsyncEnumerable`1<Microsoft.FSharp.Core.Unit> SlimPipeline/Pipe/apply@438-37::Invoke(Microsoft.FSharp.Core.Unit)
FNDA:0,System.Collections.Generic.IAsyncEnumerable`1<Microsoft.FSharp.Core.Unit> SlimPipeline/Pipe/apply@438-37::Invoke(Microsoft.FSharp.Core.Unit)
DA:438,0
FN:433,System.Collections.Generic.IAsyncEnumerable`1<Microsoft.FSharp.Core.Unit> SlimPipeline/Pipe/apply@433-33T::Invoke(a,System.Collections.Generic.IAsyncEnumerable`1<System.Tuple`2<S,T>>)
FNDA:0,System.Collections.Generic.IAsyncEnumerable`1<Microsoft.FSharp.Core.Unit> SlimPipeline/Pipe/apply@433-33T::Invoke(a,System.Collections.Generic.IAsyncEnumerable`1<System.Tuple`2<S,T>>)
DA:434,0
FN:121,SlimPipeline/ProfileTransition SlimPipeline/ProfileTransitionModule::create(SlimPipeline/Profile,SlimPipeline/Profile)
FNDA:1382,SlimPipeline/ProfileTransition SlimPipeline/ProfileTransitionModule::create(SlimPipeline/Profile,SlimPipeline/Profile)
DA:122,1382
DA:123,1382
DA:124,1382
DA:125,1382
FN:89,System.UInt64 SlimPipeline/ProfileModule::estimateUsage(SlimPipeline/Profile,System.UInt64)
FNDA:0,System.UInt64 SlimPipeline/ProfileModule::estimateUsage(SlimPipeline/Profile,System.UInt64)
DA:90,0
DA:91,0
DA:92,0
DA:93,0
DA:94,0
BRDA:90,8,0,0
BRDA:90,8,1,0
BRDA:90,8,2,0
BRDA:90,8,3,0
BRDA:90,8,4,0
FN:97,SlimPipeline/Profile SlimPipeline/ProfileModule::combine(SlimPipeline/Profile,SlimPipeline/Profile)
FNDA:561,SlimPipeline/Profile SlimPipeline/ProfileModule::combine(SlimPipeline/Profile,SlimPipeline/Profile)
DA:98,561
DA:101,1
DA:103,208
DA:105,352
DA:107,0
DA:109,0
DA:111,561
BRDA:98,19,0,146
BRDA:98,19,4,146
BRDA:98,63,0,1
BRDA:98,63,4,1
BRDA:98,63,2,0
BRDA:98,63,1,17
BRDA:98,19,3,205
BRDA:98,202,0,30
BRDA:98,202,4,30
BRDA:98,19,2,0
BRDA:98,297,0,0
BRDA:98,297,4,0
BRDA:98,19,1,210
BRDA:98,392,0,33
BRDA:98,392,4,33
BRDA:101,568,0,0
BRDA:101,568,1,1
BRDA:101,590,0,0
BRDA:101,590,1,1
BRDA:101,612,0,0
BRDA:101,612,1,1
BRDA:101,634,0,0
BRDA:101,634,1,1
BRDA:101,656,0,0
BRDA:101,656,1,1
BRDA:98,63,3,128
BRDA:98,202,1,352
BRDA:98,202,2,352
BRDA:98,202,3,352
BRDA:98,297,3,352
BRDA:98,392,3,352
BRDA:98,297,1,0
BRDA:98,297,2,0
BRDA:98,392,2,0
BRDA:98,392,1,0
FN:35,System.Boolean SlimPipeline/SingleOrPairModule::isSingle(SlimPipeline/SingleOrPair)
FNDA:0,System.Boolean SlimPipeline/SingleOrPairModule::isSingle(SlimPipeline/SingleOrPair)
DA:36,0
BRDA:36,8,0,0
BRDA:36,8,1,0
FN:38,SlimPipeline/SingleOrPair SlimPipeline/SingleOrPairModule::map(Microsoft.FSharp.Core.FSharpFunc`2<System.UInt64,System.UInt64>,SlimPipeline/SingleOrPair)
FNDA:422,SlimPipeline/SingleOrPair SlimPipeline/SingleOrPairModule::map(Microsoft.FSharp.Core.FSharpFunc`2<System.UInt64,System.UInt64>,SlimPipeline/SingleOrPair)
DA:39,422
DA:40,403
DA:41,19
BRDA:39,8,1,403
BRDA:39,8,0,19
FN:43,SlimPipeline/SingleOrPair SlimPipeline/SingleOrPairModule::mapPair(Microsoft.FSharp.Core.FSharpFunc`2<System.UInt64,System.UInt64>,Microsoft.FSharp.Core.FSharpFunc`2<System.UInt64,System.UInt64>,SlimPipeline/SingleOrPair)
FNDA:0,SlimPipeline/SingleOrPair SlimPipeline/SingleOrPairModule::mapPair(Microsoft.FSharp.Core.FSharpFunc`2<System.UInt64,System.UInt64>,Microsoft.FSharp.Core.FSharpFunc`2<System.UInt64,System.UInt64>,SlimPipeline/SingleOrPair)
DA:44,0
DA:45,0
DA:46,0
BRDA:44,8,1,0
BRDA:44,8,0,0
FN:48,SlimPipeline/SingleOrPair SlimPipeline/SingleOrPairModule::index1(SlimPipeline/SingleOrPair)
FNDA:22,SlimPipeline/SingleOrPair SlimPipeline/SingleOrPairModule::index1(SlimPipeline/SingleOrPair)
DA:49,22
DA:50,8
DA:51,14
BRDA:49,8,1,8
BRDA:49,8,0,14
FN:53,SlimPipeline/SingleOrPair SlimPipeline/SingleOrPairModule::index2(SlimPipeline/SingleOrPair)
FNDA:22,SlimPipeline/SingleOrPair SlimPipeline/SingleOrPairModule::index2(SlimPipeline/SingleOrPair)
DA:54,22
DA:55,6
DA:56,16
BRDA:54,8,1,6
BRDA:54,8,0,16
FN:58,System.UInt64 SlimPipeline/SingleOrPairModule::fst(SlimPipeline/SingleOrPair)
FNDA:3277,System.UInt64 SlimPipeline/SingleOrPairModule::fst(SlimPipeline/SingleOrPair)
DA:59,3277
DA:60,3277
DA:61,0
BRDA:59,8,1,3277
BRDA:59,8,0,0
FN:62,System.UInt64 SlimPipeline/SingleOrPairModule::snd(SlimPipeline/SingleOrPair)
FNDA:0,System.UInt64 SlimPipeline/SingleOrPairModule::snd(SlimPipeline/SingleOrPair)
DA:63,0
DA:64,0
DA:65,0
BRDA:63,8,1,0
BRDA:63,8,0,0
FN:67,SlimPipeline/SingleOrPair SlimPipeline/SingleOrPairModule::sum(SlimPipeline/SingleOrPair)
FNDA:3250,SlimPipeline/SingleOrPair SlimPipeline/SingleOrPairModule::sum(SlimPipeline/SingleOrPair)
DA:68,3250
DA:69,182
DA:70,3159
BRDA:68,8,0,91
BRDA:68,8,1,3159
FN:72,SlimPipeline/SingleOrPair SlimPipeline/SingleOrPairModule::add(SlimPipeline/SingleOrPair,SlimPipeline/SingleOrPair)
FNDA:39,SlimPipeline/SingleOrPair SlimPipeline/SingleOrPairModule::add(SlimPipeline/SingleOrPair,SlimPipeline/SingleOrPair)
DA:73,39
DA:74,39
DA:76,0
DA:77,0
BRDA:73,19,0,0
BRDA:73,44,0,0
BRDA:73,44,1,0
BRDA:73,19,1,39
BRDA:73,102,0,0
BRDA:73,102,1,39
FN:15,SlimPipeline/Window`1<a> SlimPipeline/Window::create(System.UInt32,System.UInt32,Microsoft.FSharp.Collections.FSharpList`1<a>)
FNDA:0,SlimPipeline/Window`1<a> SlimPipeline/Window::create(System.UInt32,System.UInt32,Microsoft.FSharp.Collections.FSharpList`1<a>)
DA:16,0
DA:17,0
DA:18,0
FN:20,SlimPipeline/Window`1<a> SlimPipeline/Window::createWithRelease(System.UInt32,System.UInt32,System.UInt32,Microsoft.FSharp.Collections.FSharpList`1<a>)
FNDA:249,SlimPipeline/Window`1<a> SlimPipeline/Window::createWithRelease(System.UInt32,System.UInt32,System.UInt32,Microsoft.FSharp.Collections.FSharpList`1<a>)
DA:21,249
DA:22,249
DA:23,249
FN:25,SlimPipeline/Window`1<a> SlimPipeline/Window::singleton(a)
FNDA:0,SlimPipeline/Window`1<a> SlimPipeline/Window::singleton(a)
DA:26,0
FN:28,Microsoft.FSharp.Collections.FSharpList`1<a> SlimPipeline/Window::emitItems(SlimPipeline/Window`1<a>)
FNDA:89,Microsoft.FSharp.Collections.FSharpList`1<a> SlimPipeline/Window::emitItems(SlimPipeline/Window`1<a>)
DA:29,89
DA:30,89
DA:31,89
DA:32,89
BRDA:32,62,0,89
BRDA:32,62,1,0
BRDA:32,78,0,88
BRDA:32,78,1,1
FN:463,System.Void <StartupCode$SlimPipeline>.$SlimPipeline::.cctor()
FNDA:1,System.Void <StartupCode$SlimPipeline>.$SlimPipeline::.cctor()
DA:464,1
DA:465,1
DA:466,1
DA:516,1
DA:518,1
DA:633,1
DA:634,1
DA:635,1
DA:636,1
DA:637,1
DA:638,1
DA:639,1
DA:640,1
DA:674,1
DA:675,1
DA:676,1
DA:677,1
DA:678,1
DA:679,1
DA:680,1
DA:691,1
DA:925,1
DA:955,1
DA:960,1
DA:961,1
DA:962,1
DA:963,1
DA:964,1
DA:1397,1
LF:943
LH:668
BRF:441
BRH:205
FNF:292
FNH:210
end_of_record