<?xml version="1.0" encoding="utf-8"?>
<coverage line-rate="0.8562000000000001" branch-rate="0.731" version="1.9" timestamp="1751486799" lines-covered="715" lines-valid="835" branches-covered="443" branches-valid="606">
  <sources>
    <source>/Users/jrh630/repositories/stackProcessing/Image/</source>
  </sources>
  <packages>
    <package name="Image" line-rate="0.8562000000000001" branch-rate="0.731" complexity="754">
      <classes>
        <class name="ImageFunctions" filename="ImageFunctions.fs" line-rate="0.8190000000000001" branch-rate="0.7051000000000001" complexity="136">
          <methods>
            <method name="imageAddScalar" signature="(Image/Image`1&lt;S&gt;,S)" line-rate="0" branch-rate="1" complexity="1">
              <lines>
                <line number="9" hits="0" branch="False" />
                <line number="10" hits="0" branch="False" />
              </lines>
            </method>
            <method name="scalarAddImage" signature="(S,Image/Image`1&lt;S&gt;)" line-rate="0" branch-rate="1" complexity="1">
              <lines>
                <line number="14" hits="0" branch="False" />
              </lines>
            </method>
            <method name="imageSubScalar" signature="(Image/Image`1&lt;S&gt;,S)" line-rate="0" branch-rate="1" complexity="1">
              <lines>
                <line number="18" hits="0" branch="False" />
                <line number="19" hits="0" branch="False" />
              </lines>
            </method>
            <method name="scalarSubImage" signature="(S,Image/Image`1&lt;S&gt;)" line-rate="0" branch-rate="1" complexity="1">
              <lines>
                <line number="23" hits="0" branch="False" />
                <line number="24" hits="0" branch="False" />
              </lines>
            </method>
            <method name="imageMulScalar" signature="(Image/Image`1&lt;S&gt;,S)" line-rate="0" branch-rate="1" complexity="1">
              <lines>
                <line number="28" hits="0" branch="False" />
                <line number="29" hits="0" branch="False" />
              </lines>
            </method>
            <method name="scalarMulImage" signature="(S,Image/Image`1&lt;S&gt;)" line-rate="0" branch-rate="1" complexity="1">
              <lines>
                <line number="33" hits="0" branch="False" />
              </lines>
            </method>
            <method name="imageDivScalar" signature="(Image/Image`1&lt;S&gt;,S)" line-rate="0" branch-rate="1" complexity="1">
              <lines>
                <line number="37" hits="0" branch="False" />
                <line number="38" hits="0" branch="False" />
              </lines>
            </method>
            <method name="scalarDivImage" signature="(S,Image/Image`1&lt;S&gt;)" line-rate="0" branch-rate="1" complexity="1">
              <lines>
                <line number="42" hits="0" branch="False" />
                <line number="43" hits="0" branch="False" />
              </lines>
            </method>
            <method name="imagePowScalar" signature="(Image/Image`1&lt;S&gt;,S)" line-rate="0" branch-rate="1" complexity="1">
              <lines>
                <line number="48" hits="0" branch="False" />
                <line number="49" hits="0" branch="False" />
              </lines>
            </method>
            <method name="scalarPowImage" signature="(S,Image/Image`1&lt;S&gt;)" line-rate="0" branch-rate="1" complexity="1">
              <lines>
                <line number="55" hits="0" branch="False" />
                <line number="56" hits="0" branch="False" />
              </lines>
            </method>
            <method name="sum" signature="(Image/Image`1&lt;T&gt;)" line-rate="0" branch-rate="1" complexity="1">
              <lines>
                <line number="61" hits="0" branch="False" />
                <line number="62" hits="0" branch="False" />
              </lines>
            </method>
            <method name="prod" signature="(Image/Image`1&lt;T&gt;)" line-rate="0" branch-rate="1" complexity="1">
              <lines>
                <line number="67" hits="0" branch="False" />
                <line number="68" hits="0" branch="False" />
              </lines>
            </method>
            <method name="dump" signature="(Image/Image`1&lt;T&gt;)" line-rate="1" branch-rate="1" complexity="1">
              <lines>
                <line number="71" hits="675" branch="False" />
              </lines>
            </method>
            <method name="squeeze" signature="(Image/Image`1&lt;T&gt;)" line-rate="1" branch-rate="1" complexity="1">
              <lines>
                <line number="77" hits="8" branch="False" />
                <line number="78" hits="8" branch="False" />
                <line number="79" hits="60" branch="False" />
                <line number="80" hits="24" branch="False" />
                <line number="81" hits="8" branch="False" />
              </lines>
            </method>
            <method name="expand" signature="(System.UInt32,S,Microsoft.FSharp.Collections.FSharpList`1&lt;S&gt;)" line-rate="1" branch-rate="1" complexity="2">
              <lines>
                <line number="84" hits="33" branch="True" condition-coverage="100% (2/2)">
                  <conditions>
                    <condition number="14" type="jump" coverage="100%" />
                  </conditions>
                </line>
              </lines>
            </method>
            <method name="concatAlong" signature="(System.UInt32,Image/Image`1&lt;T&gt;,Image/Image`1&lt;T&gt;)" line-rate="0.9129999999999999" branch-rate="0.7" complexity="10">
              <lines>
                <line number="88" hits="1" branch="True" condition-coverage="50% (1/2)">
                  <conditions>
                    <condition number="13" type="jump" coverage="50%" />
                  </conditions>
                </line>
                <line number="89" hits="0" branch="False" />
                <line number="90" hits="1" branch="True" condition-coverage="50% (1/2)">
                  <conditions>
                    <condition number="42" type="jump" coverage="50%" />
                  </conditions>
                </line>
                <line number="91" hits="0" branch="False" />
                <line number="93" hits="1" branch="False" />
                <line number="94" hits="1" branch="False" />
                <line number="95" hits="2" branch="False" />
                <line number="97" hits="1" branch="False" />
                <line number="98" hits="1" branch="False" />
                <line number="99" hits="5" branch="True" condition-coverage="75% (3/4)">
                  <conditions>
                    <condition number="166" type="jump" coverage="100%" />
                    <condition number="182" type="jump" coverage="50%" />
                  </conditions>
                </line>
                <line number="100" hits="1" branch="True" condition-coverage="100% (2/2)">
                  <conditions>
                    <condition number="245" type="jump" coverage="100%" />
                  </conditions>
                </line>
                <line number="102" hits="6" branch="False" />
                <line number="105" hits="1" branch="False" />
                <line number="106" hits="3" branch="False" />
                <line number="108" hits="1" branch="False" />
                <line number="110" hits="3" branch="False" />
                <line number="111" hits="3" branch="False" />
                <line number="112" hits="1" branch="False" />
                <line number="116" hits="6" branch="False" />
                <line number="117" hits="3" branch="False" />
                <line number="118" hits="3" branch="False" />
                <line number="119" hits="1" branch="False" />
                <line number="121" hits="1" branch="False" />
              </lines>
            </method>
            <method name="constantPad2D" signature="(Microsoft.FSharp.Collections.FSharpList`1&lt;System.UInt32&gt;,Microsoft.FSharp.Collections.FSharpList`1&lt;System.UInt32&gt;,System.Double,Image/Image`1&lt;T&gt;)" line-rate="0" branch-rate="0" complexity="4">
              <lines>
                <line number="124" hits="0" branch="True" condition-coverage="0% (0/4)">
                  <conditions>
                    <condition number="8" type="jump" coverage="0%" />
                    <condition number="27" type="jump" coverage="0%" />
                  </conditions>
                </line>
                <line number="125" hits="0" branch="False" />
                <line number="126" hits="0" branch="False" />
                <line number="127" hits="0" branch="False" />
                <line number="128" hits="0" branch="False" />
                <line number="129" hits="0" branch="False" />
                <line number="130" hits="0" branch="False" />
                <line number="131" hits="0" branch="False" />
              </lines>
            </method>
            <method name="makeUnaryImageOperatorWith" signature="(Microsoft.FSharp.Core.FSharpFunc`2&lt;Microsoft.FSharp.Core.Unit,Filter&gt;,Microsoft.FSharp.Core.FSharpFunc`2&lt;Filter,Microsoft.FSharp.Core.Unit&gt;,Microsoft.FSharp.Core.FSharpFunc`2&lt;Filter,Microsoft.FSharp.Core.FSharpFunc`2&lt;itk.simple.Image,itk.simple.Image&gt;&gt;,Image/Image`1&lt;T&gt;)" line-rate="0" branch-rate="1" complexity="1">
              <lines>
                <line number="141" hits="0" branch="False" />
                <line number="142" hits="0" branch="False" />
                <line number="143" hits="0" branch="False" />
              </lines>
            </method>
            <method name="makeUnaryImageOperator" signature="(Microsoft.FSharp.Core.FSharpFunc`2&lt;Microsoft.FSharp.Core.Unit,a&gt;,Microsoft.FSharp.Core.FSharpFunc`2&lt;a,Microsoft.FSharp.Core.FSharpFunc`2&lt;itk.simple.Image,itk.simple.Image&gt;&gt;)" line-rate="0" branch-rate="1" complexity="1">
              <lines>
                <line number="145" hits="0" branch="False" />
              </lines>
            </method>
            <method name="makeBinaryImageOperatorWith" signature="(Microsoft.FSharp.Core.FSharpFunc`2&lt;Microsoft.FSharp.Core.Unit,Filter&gt;,Microsoft.FSharp.Core.FSharpFunc`2&lt;Filter,Microsoft.FSharp.Core.Unit&gt;,Microsoft.FSharp.Core.FSharpFunc`2&lt;Filter,Microsoft.FSharp.Core.FSharpFunc`2&lt;itk.simple.Image,Microsoft.FSharp.Core.FSharpFunc`2&lt;itk.simple.Image,itk.simple.Image&gt;&gt;&gt;,Image/Image`1&lt;T&gt;,Image/Image`1&lt;T&gt;)" line-rate="0" branch-rate="1" complexity="1">
              <lines>
                <line number="153" hits="0" branch="False" />
                <line number="154" hits="0" branch="False" />
                <line number="155" hits="0" branch="False" />
                <line number="156" hits="0" branch="False" />
              </lines>
            </method>
            <method name="makeBinaryImageOperator" signature="(Microsoft.FSharp.Core.FSharpFunc`2&lt;Microsoft.FSharp.Core.Unit,a&gt;,Microsoft.FSharp.Core.FSharpFunc`2&lt;a,Microsoft.FSharp.Core.FSharpFunc`2&lt;itk.simple.Image,Microsoft.FSharp.Core.FSharpFunc`2&lt;itk.simple.Image,itk.simple.Image&gt;&gt;&gt;)" line-rate="0" branch-rate="1" complexity="1">
              <lines>
                <line number="158" hits="0" branch="False" />
              </lines>
            </method>
            <method name="absImage" signature="(Image/Image`1&lt;T&gt;)" line-rate="1" branch-rate="1" complexity="1">
              <lines>
                <line number="161" hits="96" branch="False" />
              </lines>
            </method>
            <method name="logImage" signature="(Image/Image`1&lt;T&gt;)" line-rate="1" branch-rate="1" complexity="1">
              <lines>
                <line number="162" hits="6" branch="False" />
              </lines>
            </method>
            <method name="log10Image" signature="(Image/Image`1&lt;T&gt;)" line-rate="1" branch-rate="1" complexity="1">
              <lines>
                <line number="163" hits="6" branch="False" />
              </lines>
            </method>
            <method name="expImage" signature="(Image/Image`1&lt;T&gt;)" line-rate="1" branch-rate="1" complexity="1">
              <lines>
                <line number="164" hits="6" branch="False" />
              </lines>
            </method>
            <method name="sqrtImage" signature="(Image/Image`1&lt;T&gt;)" line-rate="1" branch-rate="1" complexity="1">
              <lines>
                <line number="165" hits="6" branch="False" />
              </lines>
            </method>
            <method name="squareImage" signature="(Image/Image`1&lt;T&gt;)" line-rate="1" branch-rate="1" complexity="1">
              <lines>
                <line number="166" hits="6" branch="False" />
              </lines>
            </method>
            <method name="sinImage" signature="(Image/Image`1&lt;T&gt;)" line-rate="1" branch-rate="1" complexity="1">
              <lines>
                <line number="167" hits="6" branch="False" />
              </lines>
            </method>
            <method name="cosImage" signature="(Image/Image`1&lt;T&gt;)" line-rate="1" branch-rate="1" complexity="1">
              <lines>
                <line number="168" hits="6" branch="False" />
              </lines>
            </method>
            <method name="tanImage" signature="(Image/Image`1&lt;T&gt;)" line-rate="1" branch-rate="1" complexity="1">
              <lines>
                <line number="169" hits="6" branch="False" />
              </lines>
            </method>
            <method name="asinImage" signature="(Image/Image`1&lt;T&gt;)" line-rate="1" branch-rate="1" complexity="1">
              <lines>
                <line number="170" hits="6" branch="False" />
              </lines>
            </method>
            <method name="acosImage" signature="(Image/Image`1&lt;T&gt;)" line-rate="1" branch-rate="1" complexity="1">
              <lines>
                <line number="171" hits="6" branch="False" />
              </lines>
            </method>
            <method name="atanImage" signature="(Image/Image`1&lt;T&gt;)" line-rate="1" branch-rate="1" complexity="1">
              <lines>
                <line number="172" hits="6" branch="False" />
              </lines>
            </method>
            <method name="roundImage" signature="(Image/Image`1&lt;T&gt;)" line-rate="1" branch-rate="1" complexity="1">
              <lines>
                <line number="173" hits="6" branch="False" />
              </lines>
            </method>
            <method name="convolve" signature="(Microsoft.FSharp.Core.FSharpOption`1&lt;ImageFunctions/OutputRegionMode&gt;,Microsoft.FSharp.Core.FSharpOption`1&lt;ImageFunctions/BoundaryCondition&gt;)" line-rate="0.8539" branch-rate="1" complexity="1">
              <lines>
                <line number="190" hits="13" branch="False" />
                <line number="191" hits="13" branch="False" />
                <line number="192" hits="13" branch="False" />
                <line number="193" hits="13" branch="False" />
                <line number="194" hits="13" branch="False" />
                <line number="195" hits="0" branch="False" />
                <line number="196" hits="26" branch="False" />
                <line number="197" hits="13" branch="False" />
                <line number="198" hits="13" branch="False" />
                <line number="199" hits="0" branch="False" />
                <line number="200" hits="0" branch="False" />
                <line number="201" hits="26" branch="False" />
                <line number="202" hits="13" branch="False" />
                <line number="203" hits="13" branch="False" />
                <line number="204" hits="39" branch="False" />
                <line number="205" hits="39" branch="False" />
                <line number="206" hits="13" branch="False" />
                <line number="207" hits="0" branch="False" />
                <line number="208" hits="13" branch="False" />
                <line number="209" hits="13" branch="False" />
                <line number="210" hits="51" branch="False" />
                <line number="211" hits="4" branch="False" />
                <line number="212" hits="22" branch="False" />
                <line number="213" hits="1" branch="False" />
                <line number="214" hits="13" branch="False" />
                <line number="215" hits="8" branch="False" />
                <line number="216" hits="8" branch="False" />
                <line number="217" hits="8" branch="False" />
                <line number="218" hits="8" branch="False" />
                <line number="219" hits="0" branch="False" />
                <line number="220" hits="13" branch="False" />
                <line number="221" hits="8" branch="False" />
                <line number="222" hits="36" branch="False" />
                <line number="223" hits="36" branch="False" />
                <line number="224" hits="13" branch="False" />
                <line number="225" hits="13" branch="False" />
                <line number="226" hits="8" branch="False" />
                <line number="227" hits="0" branch="False" />
                <line number="228" hits="36" branch="False" />
                <line number="229" hits="44" branch="False" />
                <line number="230" hits="13" branch="False" />
                <line number="231" hits="32" branch="False" />
                <line number="232" hits="8" branch="False" />
                <line number="233" hits="16" branch="False" />
                <line number="234" hits="30" branch="False" />
                <line number="235" hits="14" branch="False" />
                <line number="236" hits="14" branch="False" />
                <line number="237" hits="45" branch="False" />
                <line number="238" hits="54" branch="False" />
                <line number="239" hits="20" branch="False" />
                <line number="240" hits="20" branch="False" />
                <line number="241" hits="60" branch="False" />
                <line number="242" hits="13" branch="False" />
                <line number="243" hits="60" branch="False" />
                <line number="244" hits="100" branch="False" />
                <line number="245" hits="60" branch="False" />
                <line number="246" hits="13" branch="False" />
                <line number="247" hits="0" branch="False" />
                <line number="248" hits="0" branch="False" />
                <line number="249" hits="0" branch="False" />
                <line number="250" hits="20" branch="False" />
                <line number="251" hits="42" branch="False" />
                <line number="252" hits="4" branch="False" />
                <line number="253" hits="4" branch="False" />
                <line number="254" hits="16" branch="False" />
                <line number="255" hits="27" branch="False" />
                <line number="256" hits="41" branch="False" />
                <line number="257" hits="19" branch="False" />
                <line number="258" hits="19" branch="False" />
                <line number="259" hits="57" branch="False" />
                <line number="260" hits="60" branch="False" />
                <line number="261" hits="72" branch="False" />
                <line number="262" hits="28" branch="False" />
                <line number="263" hits="28" branch="False" />
                <line number="264" hits="84" branch="False" />
                <line number="265" hits="13" branch="False" />
                <line number="266" hits="84" branch="False" />
                <line number="267" hits="196" branch="False" />
                <line number="268" hits="84" branch="False" />
                <line number="269" hits="13" branch="False" />
                <line number="270" hits="0" branch="False" />
                <line number="271" hits="0" branch="False" />
                <line number="272" hits="0" branch="False" />
                <line number="273" hits="28" branch="False" />
                <line number="274" hits="57" branch="False" />
                <line number="275" hits="4" branch="False" />
                <line number="276" hits="13" branch="False" />
                <line number="277" hits="0" branch="False" />
                <line number="278" hits="13" branch="False" />
              </lines>
            </method>
            <method name="conv" signature="(Image/Image`1&lt;T&gt;,Image/Image`1&lt;T&gt;)" line-rate="1" branch-rate="1" complexity="1">
              <lines>
                <line number="280" hits="2" branch="False" />
              </lines>
            </method>
            <method name="stensil" signature="(System.UInt32)" line-rate="0.7142000000000001" branch-rate="0.75" complexity="12">
              <lines>
                <line number="284" hits="54" branch="True" condition-coverage="100% (2/2)">
                  <conditions>
                    <condition number="3" type="jump" coverage="100%" />
                  </conditions>
                </line>
                <line number="285" hits="45" branch="True" condition-coverage="100% (2/2)">
                  <conditions>
                    <condition number="76" type="jump" coverage="100%" />
                  </conditions>
                </line>
                <line number="286" hits="36" branch="True" condition-coverage="100% (2/2)">
                  <conditions>
                    <condition number="129" type="jump" coverage="100%" />
                  </conditions>
                </line>
                <line number="287" hits="27" branch="True" condition-coverage="100% (2/2)">
                  <conditions>
                    <condition number="230" type="jump" coverage="100%" />
                  </conditions>
                </line>
                <line number="288" hits="18" branch="True" condition-coverage="50% (1/2)">
                  <conditions>
                    <condition number="311" type="jump" coverage="50%" />
                  </conditions>
                </line>
                <line number="289" hits="0" branch="True" condition-coverage="0% (0/2)">
                  <conditions>
                    <condition number="463" type="jump" coverage="0%" />
                  </conditions>
                </line>
                <line number="290" hits="0" branch="False" />
              </lines>
            </method>
            <method name="finiteDiffFilter2D" signature="(System.UInt32,System.UInt32)" line-rate="1" branch-rate="1" complexity="2">
              <lines>
                <line number="293" hits="10" branch="False" />
                <line number="294" hits="10" branch="False" />
                <line number="296" hits="10" branch="True" condition-coverage="100% (2/2)">
                  <conditions>
                    <condition number="16" type="jump" coverage="100%" />
                  </conditions>
                </line>
                <line number="297" hits="28" branch="False" />
                <line number="299" hits="28" branch="False" />
                <line number="300" hits="20" branch="False" />
              </lines>
            </method>
            <method name="finiteDiffFilter3D" signature="(System.UInt32,System.UInt32)" line-rate="1" branch-rate="1" complexity="4">
              <lines>
                <line number="303" hits="15" branch="False" />
                <line number="304" hits="15" branch="False" />
                <line number="306" hits="15" branch="True" condition-coverage="100% (2/2)">
                  <conditions>
                    <condition number="16" type="jump" coverage="100%" />
                  </conditions>
                </line>
                <line number="307" hits="28" branch="False" />
                <line number="308" hits="10" branch="True" condition-coverage="100% (2/2)">
                  <conditions>
                    <condition number="38" type="jump" coverage="100%" />
                  </conditions>
                </line>
                <line number="309" hits="28" branch="False" />
                <line number="311" hits="28" branch="False" />
                <line number="312" hits="30" branch="False" />
              </lines>
            </method>
            <method name="finiteDiffFilter4D" signature="(System.UInt32,System.UInt32)" line-rate="1" branch-rate="1" complexity="6">
              <lines>
                <line number="315" hits="20" branch="False" />
                <line number="316" hits="20" branch="False" />
                <line number="318" hits="20" branch="True" condition-coverage="100% (2/2)">
                  <conditions>
                    <condition number="16" type="jump" coverage="100%" />
                  </conditions>
                </line>
                <line number="319" hits="28" branch="False" />
                <line number="320" hits="15" branch="True" condition-coverage="100% (2/2)">
                  <conditions>
                    <condition number="39" type="jump" coverage="100%" />
                  </conditions>
                </line>
                <line number="321" hits="28" branch="False" />
                <line number="322" hits="10" branch="True" condition-coverage="100% (2/2)">
                  <conditions>
                    <condition number="62" type="jump" coverage="100%" />
                  </conditions>
                </line>
                <line number="323" hits="28" branch="False" />
                <line number="325" hits="28" branch="False" />
                <line number="326" hits="40" branch="False" />
              </lines>
            </method>
            <method name="gauss" signature="(System.UInt32,System.Double,Microsoft.FSharp.Core.FSharpOption`1&lt;System.UInt32&gt;)" line-rate="1" branch-rate="0.5" complexity="2">
              <lines>
                <line number="330" hits="2" branch="False" />
                <line number="331" hits="2" branch="True" condition-coverage="50% (1/2)">
                  <conditions>
                    <condition number="16" type="jump" coverage="50%" />
                  </conditions>
                </line>
                <line number="332" hits="6" branch="False" />
                <line number="333" hits="2" branch="False" />
                <line number="335" hits="6" branch="False" />
                <line number="336" hits="2" branch="False" />
                <line number="337" hits="2" branch="False" />
                <line number="338" hits="2" branch="False" />
              </lines>
            </method>
            <method name="discreteGaussian" signature="(System.UInt32,System.Double,Microsoft.FSharp.Core.FSharpOption`1&lt;System.UInt32&gt;,Microsoft.FSharp.Core.FSharpOption`1&lt;ImageFunctions/OutputRegionMode&gt;,Microsoft.FSharp.Core.FSharpOption`1&lt;ImageFunctions/BoundaryCondition&gt;)" line-rate="1" branch-rate="0.5" complexity="4">
              <lines>
                <line number="341" hits="2" branch="False" />
                <line number="342" hits="4" branch="True" condition-coverage="50% (1/2)">
                  <conditions>
                    <condition number="21" type="jump" coverage="50%" />
                  </conditions>
                </line>
                <line number="343" hits="4" branch="True" condition-coverage="50% (1/2)">
                  <conditions>
                    <condition number="61" type="jump" coverage="50%" />
                  </conditions>
                </line>
              </lines>
            </method>
            <method name="gradientConvolve" signature="(System.UInt32,System.UInt32)" line-rate="1" branch-rate="1" complexity="1">
              <lines>
                <line number="348" hits="1" branch="False" />
                <line number="349" hits="1" branch="False" />
                <line number="350" hits="1" branch="False" />
                <line number="351" hits="1" branch="False" />
                <line number="352" hits="1" branch="False" />
                <line number="353" hits="2" branch="False" />
              </lines>
            </method>
            <method name="binaryErode" signature="(System.UInt32)" line-rate="1" branch-rate="1" complexity="1">
              <lines>
                <line number="358" hits="1" branch="False" />
                <line number="359" hits="1" branch="False" />
                <line number="360" hits="1" branch="False" />
                <line number="361" hits="2" branch="False" />
              </lines>
            </method>
            <method name="binaryDilate" signature="(System.UInt32)" line-rate="1" branch-rate="1" complexity="1">
              <lines>
                <line number="365" hits="1" branch="False" />
                <line number="366" hits="1" branch="False" />
                <line number="367" hits="1" branch="False" />
                <line number="368" hits="2" branch="False" />
              </lines>
            </method>
            <method name="binaryOpening" signature="(System.UInt32)" line-rate="1" branch-rate="1" complexity="1">
              <lines>
                <line number="372" hits="1" branch="False" />
                <line number="373" hits="1" branch="False" />
                <line number="374" hits="1" branch="False" />
                <line number="375" hits="2" branch="False" />
              </lines>
            </method>
            <method name="binaryClosing" signature="(System.UInt32)" line-rate="1" branch-rate="1" complexity="1">
              <lines>
                <line number="379" hits="1" branch="False" />
                <line number="380" hits="1" branch="False" />
                <line number="381" hits="1" branch="False" />
                <line number="382" hits="2" branch="False" />
              </lines>
            </method>
            <method name="binaryFillHoles" signature="(Image/Image`1&lt;System.Byte&gt;)" line-rate="1" branch-rate="1" complexity="1">
              <lines>
                <line number="386" hits="1" branch="False" />
                <line number="387" hits="1" branch="False" />
              </lines>
            </method>
            <method name="connectedComponents" signature="(Image/Image`1&lt;System.Byte&gt;)" line-rate="1" branch-rate="1" complexity="1">
              <lines>
                <line number="392" hits="2" branch="False" />
                <line number="393" hits="2" branch="False" />
              </lines>
            </method>
            <method name="relabelComponents" signature="(System.UInt32)" line-rate="1" branch-rate="1" complexity="1">
              <lines>
                <line number="397" hits="1" branch="False" />
                <line number="398" hits="1" branch="False" />
                <line number="399" hits="1" branch="False" />
                <line number="400" hits="2" branch="False" />
              </lines>
            </method>
            <method name="labelShapeStatistics" signature="(Image/Image`1&lt;T&gt;)" line-rate="1" branch-rate="1" complexity="1">
              <lines>
                <line number="432" hits="1" branch="False" />
                <line number="433" hits="1" branch="False" />
                <line number="434" hits="1" branch="False" />
                <line number="435" hits="1" branch="False" />
                <line number="436" hits="2" branch="False" />
                <line number="437" hits="2" branch="False" />
                <line number="438" hits="2" branch="False" />
                <line number="439" hits="4" branch="False" />
                <line number="440" hits="4" branch="False" />
                <line number="441" hits="2" branch="False" />
                <line number="442" hits="2" branch="False" />
                <line number="443" hits="2" branch="False" />
                <line number="444" hits="4" branch="False" />
                <line number="445" hits="2" branch="False" />
                <line number="446" hits="2" branch="False" />
                <line number="447" hits="4" branch="False" />
                <line number="448" hits="2" branch="False" />
                <line number="449" hits="2" branch="False" />
                <line number="450" hits="4" branch="False" />
                <line number="451" hits="4" branch="False" />
                <line number="452" hits="4" branch="False" />
                <line number="453" hits="4" branch="False" />
                <line number="454" hits="2" branch="False" />
                <line number="455" hits="2" branch="False" />
                <line number="456" hits="2" branch="False" />
                <line number="457" hits="4" branch="False" />
                <line number="458" hits="4" branch="False" />
                <line number="459" hits="4" branch="False" />
                <line number="460" hits="4" branch="False" />
                <line number="461" hits="2" branch="False" />
                <line number="462" hits="2" branch="False" />
                <line number="463" hits="2" branch="False" />
                <line number="464" hits="1" branch="False" />
                <line number="465" hits="1" branch="False" />
              </lines>
            </method>
            <method name="signedDistanceMap" signature="(System.Byte,System.Byte,Image/Image`1&lt;System.Byte&gt;)" line-rate="1" branch-rate="1" complexity="1">
              <lines>
                <line number="473" hits="1" branch="False" />
                <line number="474" hits="1" branch="False" />
                <line number="475" hits="1" branch="False" />
                <line number="476" hits="1" branch="False" />
              </lines>
            </method>
            <method name="watershed" signature="(System.Double)" line-rate="1" branch-rate="1" complexity="1">
              <lines>
                <line number="480" hits="1" branch="False" />
                <line number="481" hits="1" branch="False" />
                <line number="482" hits="1" branch="False" />
                <line number="483" hits="1" branch="False" />
                <line number="484" hits="1" branch="False" />
                <line number="485" hits="2" branch="False" />
              </lines>
            </method>
            <method name="computeStats" signature="(Image/Image`1&lt;T&gt;)" line-rate="1" branch-rate="1" complexity="1">
              <lines>
                <line number="500" hits="3" branch="False" />
                <line number="501" hits="3" branch="False" />
                <line number="502" hits="3" branch="False" />
                <line number="503" hits="6" branch="False" />
                <line number="504" hits="3" branch="False" />
                <line number="505" hits="3" branch="False" />
                <line number="506" hits="3" branch="False" />
                <line number="507" hits="3" branch="False" />
                <line number="508" hits="3" branch="False" />
                <line number="509" hits="3" branch="False" />
                <line number="510" hits="3" branch="False" />
              </lines>
            </method>
            <method name="addComputeStats" signature="(ImageFunctions/ImageStats,ImageFunctions/ImageStats)" line-rate="1" branch-rate="1" complexity="1">
              <lines>
                <line number="514" hits="5" branch="False" />
                <line number="515" hits="1" branch="False" />
                <line number="516" hits="1" branch="False" />
                <line number="517" hits="1" branch="False" />
                <line number="518" hits="1" branch="False" />
                <line number="519" hits="1" branch="False" />
                <line number="520" hits="1" branch="False" />
                <line number="521" hits="1" branch="False" />
                <line number="522" hits="2" branch="False" />
                <line number="523" hits="1" branch="False" />
                <line number="524" hits="1" branch="False" />
                <line number="525" hits="1" branch="False" />
                <line number="526" hits="1" branch="False" />
                <line number="527" hits="1" branch="False" />
                <line number="528" hits="1" branch="False" />
                <line number="529" hits="1" branch="False" />
              </lines>
            </method>
            <method name="unique" signature="(Image/Image`1&lt;T&gt;)" line-rate="1" branch-rate="1" complexity="1">
              <lines>
                <line number="533" hits="4" branch="False" />
                <line number="534" hits="4" branch="False" />
                <line number="535" hits="4" branch="False" />
                <line number="536" hits="4" branch="False" />
              </lines>
            </method>
            <method name="otsuThreshold" signature="(Image/Image`1&lt;T&gt;)" line-rate="1" branch-rate="1" complexity="1">
              <lines>
                <line number="541" hits="1" branch="False" />
                <line number="542" hits="1" branch="False" />
                <line number="543" hits="1" branch="False" />
                <line number="544" hits="1" branch="False" />
              </lines>
            </method>
            <method name="otsuMultiThreshold" signature="(System.Byte)" line-rate="1" branch-rate="1" complexity="1">
              <lines>
                <line number="549" hits="1" branch="False" />
                <line number="550" hits="1" branch="False" />
                <line number="551" hits="1" branch="False" />
                <line number="552" hits="2" branch="False" />
              </lines>
            </method>
            <method name="momentsThreshold" signature="(Image/Image`1&lt;T&gt;)" line-rate="1" branch-rate="1" complexity="1">
              <lines>
                <line number="556" hits="1" branch="False" />
                <line number="557" hits="1" branch="False" />
                <line number="558" hits="1" branch="False" />
                <line number="559" hits="1" branch="False" />
              </lines>
            </method>
            <method name="generateCoordinateAxis" signature="(System.Int32,Microsoft.FSharp.Collections.FSharpList`1&lt;System.Int32&gt;)" line-rate="1" branch-rate="1" complexity="2">
              <lines>
                <line number="564" hits="3" branch="False" />
                <line number="565" hits="9" branch="False" />
                <line number="576" hits="3" branch="False" />
                <line number="577" hits="3" branch="False" />
                <line number="578" hits="24" branch="False" />
                <line number="579" hits="72" branch="False" />
                <line number="580" hits="27" branch="True" condition-coverage="100% (2/2)">
                  <conditions>
                    <condition number="143" type="jump" coverage="100%" />
                  </conditions>
                </line>
                <line number="582" hits="3" branch="False" />
              </lines>
            </method>
            <method name="histogram" signature="(Image/Image`1&lt;T&gt;)" line-rate="1" branch-rate="1" complexity="1">
              <lines>
                <line number="585" hits="3" branch="False" />
                <line number="586" hits="3" branch="False" />
                <line number="587" hits="3" branch="False" />
                <line number="588" hits="3" branch="False" />
                <line number="589" hits="14" branch="False" />
                <line number="590" hits="14" branch="False" />
                <line number="591" hits="14" branch="False" />
                <line number="592" hits="7" branch="False" />
                <line number="593" hits="7" branch="False" />
                <line number="594" hits="14" branch="False" />
                <line number="595" hits="3" branch="False" />
              </lines>
            </method>
            <method name="addHistogram" signature="(Microsoft.FSharp.Collections.FSharpMap`2&lt;T,System.UInt64&gt;,Microsoft.FSharp.Collections.FSharpMap`2&lt;T,System.UInt64&gt;)" line-rate="1" branch-rate="1" complexity="1">
              <lines>
                <line number="598" hits="1" branch="False" />
                <line number="599" hits="1" branch="False" />
                <line number="600" hits="2" branch="False" />
                <line number="601" hits="2" branch="False" />
                <line number="602" hits="2" branch="False" />
                <line number="603" hits="2" branch="False" />
                <line number="604" hits="2" branch="False" />
                <line number="605" hits="2" branch="False" />
                <line number="606" hits="1" branch="False" />
                <line number="607" hits="1" branch="False" />
              </lines>
            </method>
            <method name="map2pairs" signature="(Microsoft.FSharp.Collections.FSharpMap`2&lt;T,S&gt;)" line-rate="0" branch-rate="1" complexity="1">
              <lines>
                <line number="610" hits="0" branch="False" />
              </lines>
            </method>
            <method name="pairs2floats" signature="(Microsoft.FSharp.Collections.FSharpList`1&lt;System.Tuple`2&lt;T,S&gt;&gt;)" line-rate="0" branch-rate="1" complexity="1">
              <lines>
                <line number="616" hits="0" branch="False" />
              </lines>
            </method>
            <method name="pairs2ints" signature="(Microsoft.FSharp.Collections.FSharpList`1&lt;System.Tuple`2&lt;T,S&gt;&gt;)" line-rate="0" branch-rate="1" complexity="1">
              <lines>
                <line number="622" hits="0" branch="False" />
              </lines>
            </method>
            <method name="addNormalNoise" signature="(System.Double,System.Double)" line-rate="1" branch-rate="1" complexity="1">
              <lines>
                <line number="625" hits="1" branch="False" />
                <line number="626" hits="1" branch="False" />
                <line number="627" hits="1" branch="False" />
                <line number="628" hits="1" branch="False" />
                <line number="629" hits="1" branch="False" />
                <line number="630" hits="2" branch="False" />
              </lines>
            </method>
            <method name="threshold" signature="(System.Double,System.Double)" line-rate="1" branch-rate="1" complexity="1">
              <lines>
                <line number="633" hits="1" branch="False" />
                <line number="634" hits="1" branch="False" />
                <line number="635" hits="1" branch="False" />
                <line number="636" hits="1" branch="False" />
                <line number="637" hits="1" branch="False" />
                <line number="638" hits="2" branch="False" />
              </lines>
            </method>
            <method name="stack" signature="(Microsoft.FSharp.Collections.FSharpList`1&lt;Image/Image`1&lt;T&gt;&gt;)" line-rate="0.909" branch-rate="0.7777" complexity="18">
              <lines>
                <line number="641" hits="9" branch="True" condition-coverage="50% (1/2)">
                  <conditions>
                    <condition number="7" type="jump" coverage="50%" />
                  </conditions>
                </line>
                <line number="642" hits="0" branch="False" />
                <line number="643" hits="26" branch="True" condition-coverage="50% (1/2)">
                  <conditions>
                    <condition number="40" type="jump" coverage="50%" />
                  </conditions>
                </line>
                <line number="644" hits="9" branch="True" condition-coverage="50% (1/2)">
                  <conditions>
                    <condition number="51" type="jump" coverage="50%" />
                  </conditions>
                </line>
                <line number="645" hits="0" branch="False" />
                <line number="646" hits="26" branch="False" />
                <line number="647" hits="9" branch="True" condition-coverage="50% (1/2)">
                  <conditions>
                    <condition number="96" type="jump" coverage="50%" />
                  </conditions>
                </line>
                <line number="648" hits="0" branch="False" />
                <line number="650" hits="26" branch="False" />
                <line number="651" hits="9" branch="False" />
                <line number="652" hits="9" branch="False" />
                <line number="653" hits="17" branch="False" />
                <line number="654" hits="17" branch="False" />
                <line number="655" hits="131" branch="True" condition-coverage="100% (4/4)">
                  <conditions>
                    <condition number="230" type="jump" coverage="100%" />
                    <condition number="253" type="jump" coverage="100%" />
                  </conditions>
                </line>
                <line number="656" hits="1" branch="True" condition-coverage="100% (4/4)">
                  <conditions>
                    <condition number="315" type="jump" coverage="100%" />
                    <condition number="292" type="jump" coverage="100%" />
                  </conditions>
                </line>
                <line number="657" hits="17" branch="False" />
                <line number="658" hits="9" branch="False" />
                <line number="659" hits="65" branch="False" />
                <line number="660" hits="8" branch="False" />
                <line number="662" hits="8" branch="False" />
                <line number="663" hits="24" branch="False" />
                <line number="664" hits="31" branch="False" />
                <line number="665" hits="8" branch="False" />
                <line number="666" hits="8" branch="False" />
                <line number="667" hits="8" branch="False" />
                <line number="668" hits="105" branch="False" />
                <line number="669" hits="60" branch="False" />
                <line number="670" hits="45" branch="False" />
                <line number="671" hits="15" branch="False" />
                <line number="672" hits="15" branch="False" />
                <line number="673" hits="15" branch="True" condition-coverage="100% (2/2)">
                  <conditions>
                    <condition number="573" type="jump" coverage="100%" />
                  </conditions>
                </line>
                <line number="674" hits="8" branch="False" />
                <line number="675" hits="8" branch="False" />
              </lines>
            </method>
            <method name="extractSub" signature="(Microsoft.FSharp.Collections.FSharpList`1&lt;System.UInt32&gt;,Microsoft.FSharp.Collections.FSharpList`1&lt;System.UInt32&gt;,Image/Image`1&lt;T&gt;)" line-rate="0.7272" branch-rate="0.5" complexity="6">
              <lines>
                <line number="678" hits="5" branch="True" condition-coverage="50% (1/2)">
                  <conditions>
                    <condition number="13" type="jump" coverage="50%" />
                  </conditions>
                </line>
                <line number="679" hits="0" branch="False" />
                <line number="680" hits="5" branch="True" condition-coverage="50% (1/2)">
                  <conditions>
                    <condition number="85" type="jump" coverage="50%" />
                  </conditions>
                </line>
                <line number="681" hits="0" branch="False" />
                <line number="682" hits="24" branch="False" />
                <line number="683" hits="19" branch="True" condition-coverage="50% (1/2)">
                  <conditions>
                    <condition number="133" type="jump" coverage="50%" />
                  </conditions>
                </line>
                <line number="684" hits="0" branch="False" />
                <line number="686" hits="5" branch="False" />
                <line number="687" hits="15" branch="False" />
                <line number="688" hits="20" branch="False" />
                <line number="689" hits="5" branch="False" />
              </lines>
            </method>
            <method name="extractSlice" signature="(System.UInt32,Image/Image`1&lt;T&gt;)" line-rate="0.44439999999999996" branch-rate="0.5" complexity="4">
              <lines>
                <line number="692" hits="4" branch="True" condition-coverage="50% (1/2)">
                  <conditions>
                    <condition number="8" type="jump" coverage="50%" />
                  </conditions>
                </line>
                <line number="693" hits="0" branch="False" />
                <line number="694" hits="4" branch="False" />
                <line number="695" hits="4" branch="True" condition-coverage="50% (1/2)">
                  <conditions>
                    <condition number="40" type="jump" coverage="50%" />
                  </conditions>
                </line>
                <line number="697" hits="0" branch="False" />
                <line number="698" hits="0" branch="False" />
                <line number="699" hits="0" branch="False" />
                <line number="700" hits="0" branch="False" />
                <line number="702" hits="8" branch="False" />
              </lines>
            </method>
            <method name="unstack" signature="(Image/Image`1&lt;T&gt;)" line-rate="0.8" branch-rate="0.5" complexity="2">
              <lines>
                <line number="705" hits="1" branch="False" />
                <line number="706" hits="1" branch="True" condition-coverage="50% (1/2)">
                  <conditions>
                    <condition number="10" type="jump" coverage="50%" />
                  </conditions>
                </line>
                <line number="707" hits="0" branch="False" />
                <line number="708" hits="2" branch="False" />
                <line number="709" hits="3" branch="False" />
              </lines>
            </method>
            <method name="getFileInfo" signature="(System.String)" line-rate="0" branch-rate="1" complexity="1">
              <lines>
                <line number="713" hits="0" branch="False" />
                <line number="714" hits="0" branch="False" />
                <line number="715" hits="0" branch="False" />
                <line number="716" hits="0" branch="False" />
                <line number="717" hits="0" branch="False" />
                <line number="718" hits="0" branch="False" />
                <line number="719" hits="0" branch="False" />
                <line number="720" hits="0" branch="False" />
                <line number="721" hits="0" branch="False" />
              </lines>
            </method>
          </methods>
          <lines>
            <line number="9" hits="0" branch="False" />
            <line number="10" hits="0" branch="False" />
            <line number="14" hits="0" branch="False" />
            <line number="18" hits="0" branch="False" />
            <line number="19" hits="0" branch="False" />
            <line number="23" hits="0" branch="False" />
            <line number="24" hits="0" branch="False" />
            <line number="28" hits="0" branch="False" />
            <line number="29" hits="0" branch="False" />
            <line number="33" hits="0" branch="False" />
            <line number="37" hits="0" branch="False" />
            <line number="38" hits="0" branch="False" />
            <line number="42" hits="0" branch="False" />
            <line number="43" hits="0" branch="False" />
            <line number="48" hits="0" branch="False" />
            <line number="49" hits="0" branch="False" />
            <line number="55" hits="0" branch="False" />
            <line number="56" hits="0" branch="False" />
            <line number="61" hits="0" branch="False" />
            <line number="62" hits="0" branch="False" />
            <line number="67" hits="0" branch="False" />
            <line number="68" hits="0" branch="False" />
            <line number="71" hits="675" branch="False" />
            <line number="77" hits="8" branch="False" />
            <line number="78" hits="8" branch="False" />
            <line number="79" hits="60" branch="False" />
            <line number="80" hits="24" branch="False" />
            <line number="81" hits="8" branch="False" />
            <line number="84" hits="33" branch="True" condition-coverage="100% (2/2)">
              <conditions>
                <condition number="14" type="jump" coverage="100%" />
              </conditions>
            </line>
            <line number="88" hits="1" branch="True" condition-coverage="50% (1/2)">
              <conditions>
                <condition number="13" type="jump" coverage="50%" />
              </conditions>
            </line>
            <line number="89" hits="0" branch="False" />
            <line number="90" hits="1" branch="True" condition-coverage="50% (1/2)">
              <conditions>
                <condition number="42" type="jump" coverage="50%" />
              </conditions>
            </line>
            <line number="91" hits="0" branch="False" />
            <line number="93" hits="1" branch="False" />
            <line number="94" hits="1" branch="False" />
            <line number="95" hits="2" branch="False" />
            <line number="97" hits="1" branch="False" />
            <line number="98" hits="1" branch="False" />
            <line number="99" hits="5" branch="True" condition-coverage="75% (3/4)">
              <conditions>
                <condition number="166" type="jump" coverage="100%" />
                <condition number="182" type="jump" coverage="50%" />
              </conditions>
            </line>
            <line number="100" hits="1" branch="True" condition-coverage="100% (2/2)">
              <conditions>
                <condition number="245" type="jump" coverage="100%" />
              </conditions>
            </line>
            <line number="102" hits="6" branch="False" />
            <line number="105" hits="1" branch="False" />
            <line number="106" hits="3" branch="False" />
            <line number="108" hits="1" branch="False" />
            <line number="110" hits="3" branch="False" />
            <line number="111" hits="3" branch="False" />
            <line number="112" hits="1" branch="False" />
            <line number="116" hits="6" branch="False" />
            <line number="117" hits="3" branch="False" />
            <line number="118" hits="3" branch="False" />
            <line number="119" hits="1" branch="False" />
            <line number="121" hits="1" branch="False" />
            <line number="124" hits="0" branch="True" condition-coverage="0% (0/4)">
              <conditions>
                <condition number="8" type="jump" coverage="0%" />
                <condition number="27" type="jump" coverage="0%" />
              </conditions>
            </line>
            <line number="125" hits="0" branch="False" />
            <line number="126" hits="0" branch="False" />
            <line number="127" hits="0" branch="False" />
            <line number="128" hits="0" branch="False" />
            <line number="129" hits="0" branch="False" />
            <line number="130" hits="0" branch="False" />
            <line number="131" hits="0" branch="False" />
            <line number="141" hits="0" branch="False" />
            <line number="142" hits="0" branch="False" />
            <line number="143" hits="0" branch="False" />
            <line number="145" hits="0" branch="False" />
            <line number="153" hits="0" branch="False" />
            <line number="154" hits="0" branch="False" />
            <line number="155" hits="0" branch="False" />
            <line number="156" hits="0" branch="False" />
            <line number="158" hits="0" branch="False" />
            <line number="161" hits="96" branch="False" />
            <line number="162" hits="6" branch="False" />
            <line number="163" hits="6" branch="False" />
            <line number="164" hits="6" branch="False" />
            <line number="165" hits="6" branch="False" />
            <line number="166" hits="6" branch="False" />
            <line number="167" hits="6" branch="False" />
            <line number="168" hits="6" branch="False" />
            <line number="169" hits="6" branch="False" />
            <line number="170" hits="6" branch="False" />
            <line number="171" hits="6" branch="False" />
            <line number="172" hits="6" branch="False" />
            <line number="173" hits="6" branch="False" />
            <line number="190" hits="13" branch="False" />
            <line number="191" hits="13" branch="False" />
            <line number="192" hits="13" branch="False" />
            <line number="193" hits="13" branch="False" />
            <line number="194" hits="13" branch="False" />
            <line number="195" hits="0" branch="False" />
            <line number="196" hits="26" branch="False" />
            <line number="197" hits="13" branch="False" />
            <line number="198" hits="13" branch="False" />
            <line number="199" hits="0" branch="False" />
            <line number="200" hits="0" branch="False" />
            <line number="201" hits="26" branch="False" />
            <line number="202" hits="13" branch="False" />
            <line number="203" hits="13" branch="False" />
            <line number="204" hits="39" branch="False" />
            <line number="205" hits="39" branch="False" />
            <line number="206" hits="13" branch="False" />
            <line number="207" hits="0" branch="False" />
            <line number="208" hits="13" branch="False" />
            <line number="209" hits="13" branch="False" />
            <line number="210" hits="51" branch="False" />
            <line number="211" hits="4" branch="False" />
            <line number="212" hits="22" branch="False" />
            <line number="213" hits="1" branch="False" />
            <line number="214" hits="13" branch="False" />
            <line number="215" hits="8" branch="False" />
            <line number="216" hits="8" branch="False" />
            <line number="217" hits="8" branch="False" />
            <line number="218" hits="8" branch="False" />
            <line number="219" hits="0" branch="False" />
            <line number="220" hits="13" branch="False" />
            <line number="221" hits="8" branch="False" />
            <line number="222" hits="36" branch="False" />
            <line number="223" hits="36" branch="False" />
            <line number="224" hits="13" branch="False" />
            <line number="225" hits="13" branch="False" />
            <line number="226" hits="8" branch="False" />
            <line number="227" hits="0" branch="False" />
            <line number="228" hits="36" branch="False" />
            <line number="229" hits="44" branch="False" />
            <line number="230" hits="13" branch="False" />
            <line number="231" hits="32" branch="False" />
            <line number="232" hits="8" branch="False" />
            <line number="233" hits="16" branch="False" />
            <line number="234" hits="30" branch="False" />
            <line number="235" hits="14" branch="False" />
            <line number="236" hits="14" branch="False" />
            <line number="237" hits="45" branch="False" />
            <line number="238" hits="54" branch="False" />
            <line number="239" hits="20" branch="False" />
            <line number="240" hits="20" branch="False" />
            <line number="241" hits="60" branch="False" />
            <line number="242" hits="13" branch="False" />
            <line number="243" hits="60" branch="False" />
            <line number="244" hits="100" branch="False" />
            <line number="245" hits="60" branch="False" />
            <line number="246" hits="13" branch="False" />
            <line number="247" hits="0" branch="False" />
            <line number="248" hits="0" branch="False" />
            <line number="249" hits="0" branch="False" />
            <line number="250" hits="20" branch="False" />
            <line number="251" hits="42" branch="False" />
            <line number="252" hits="4" branch="False" />
            <line number="253" hits="4" branch="False" />
            <line number="254" hits="16" branch="False" />
            <line number="255" hits="27" branch="False" />
            <line number="256" hits="41" branch="False" />
            <line number="257" hits="19" branch="False" />
            <line number="258" hits="19" branch="False" />
            <line number="259" hits="57" branch="False" />
            <line number="260" hits="60" branch="False" />
            <line number="261" hits="72" branch="False" />
            <line number="262" hits="28" branch="False" />
            <line number="263" hits="28" branch="False" />
            <line number="264" hits="84" branch="False" />
            <line number="265" hits="13" branch="False" />
            <line number="266" hits="84" branch="False" />
            <line number="267" hits="196" branch="False" />
            <line number="268" hits="84" branch="False" />
            <line number="269" hits="13" branch="False" />
            <line number="270" hits="0" branch="False" />
            <line number="271" hits="0" branch="False" />
            <line number="272" hits="0" branch="False" />
            <line number="273" hits="28" branch="False" />
            <line number="274" hits="57" branch="False" />
            <line number="275" hits="4" branch="False" />
            <line number="276" hits="13" branch="False" />
            <line number="277" hits="0" branch="False" />
            <line number="278" hits="13" branch="False" />
            <line number="280" hits="2" branch="False" />
            <line number="284" hits="54" branch="True" condition-coverage="100% (2/2)">
              <conditions>
                <condition number="3" type="jump" coverage="100%" />
              </conditions>
            </line>
            <line number="285" hits="45" branch="True" condition-coverage="100% (2/2)">
              <conditions>
                <condition number="76" type="jump" coverage="100%" />
              </conditions>
            </line>
            <line number="286" hits="36" branch="True" condition-coverage="100% (2/2)">
              <conditions>
                <condition number="129" type="jump" coverage="100%" />
              </conditions>
            </line>
            <line number="287" hits="27" branch="True" condition-coverage="100% (2/2)">
              <conditions>
                <condition number="230" type="jump" coverage="100%" />
              </conditions>
            </line>
            <line number="288" hits="18" branch="True" condition-coverage="50% (1/2)">
              <conditions>
                <condition number="311" type="jump" coverage="50%" />
              </conditions>
            </line>
            <line number="289" hits="0" branch="True" condition-coverage="0% (0/2)">
              <conditions>
                <condition number="463" type="jump" coverage="0%" />
              </conditions>
            </line>
            <line number="290" hits="0" branch="False" />
            <line number="293" hits="10" branch="False" />
            <line number="294" hits="10" branch="False" />
            <line number="296" hits="10" branch="True" condition-coverage="100% (2/2)">
              <conditions>
                <condition number="16" type="jump" coverage="100%" />
              </conditions>
            </line>
            <line number="297" hits="28" branch="False" />
            <line number="299" hits="28" branch="False" />
            <line number="300" hits="20" branch="False" />
            <line number="303" hits="15" branch="False" />
            <line number="304" hits="15" branch="False" />
            <line number="306" hits="15" branch="True" condition-coverage="100% (2/2)">
              <conditions>
                <condition number="16" type="jump" coverage="100%" />
              </conditions>
            </line>
            <line number="307" hits="28" branch="False" />
            <line number="308" hits="10" branch="True" condition-coverage="100% (2/2)">
              <conditions>
                <condition number="38" type="jump" coverage="100%" />
              </conditions>
            </line>
            <line number="309" hits="28" branch="False" />
            <line number="311" hits="28" branch="False" />
            <line number="312" hits="30" branch="False" />
            <line number="315" hits="20" branch="False" />
            <line number="316" hits="20" branch="False" />
            <line number="318" hits="20" branch="True" condition-coverage="100% (2/2)">
              <conditions>
                <condition number="16" type="jump" coverage="100%" />
              </conditions>
            </line>
            <line number="319" hits="28" branch="False" />
            <line number="320" hits="15" branch="True" condition-coverage="100% (2/2)">
              <conditions>
                <condition number="39" type="jump" coverage="100%" />
              </conditions>
            </line>
            <line number="321" hits="28" branch="False" />
            <line number="322" hits="10" branch="True" condition-coverage="100% (2/2)">
              <conditions>
                <condition number="62" type="jump" coverage="100%" />
              </conditions>
            </line>
            <line number="323" hits="28" branch="False" />
            <line number="325" hits="28" branch="False" />
            <line number="326" hits="40" branch="False" />
            <line number="330" hits="2" branch="False" />
            <line number="331" hits="2" branch="True" condition-coverage="50% (1/2)">
              <conditions>
                <condition number="16" type="jump" coverage="50%" />
              </conditions>
            </line>
            <line number="332" hits="6" branch="False" />
            <line number="333" hits="2" branch="False" />
            <line number="335" hits="6" branch="False" />
            <line number="336" hits="2" branch="False" />
            <line number="337" hits="2" branch="False" />
            <line number="338" hits="2" branch="False" />
            <line number="341" hits="2" branch="False" />
            <line number="342" hits="4" branch="True" condition-coverage="50% (1/2)">
              <conditions>
                <condition number="21" type="jump" coverage="50%" />
              </conditions>
            </line>
            <line number="343" hits="4" branch="True" condition-coverage="50% (1/2)">
              <conditions>
                <condition number="61" type="jump" coverage="50%" />
              </conditions>
            </line>
            <line number="348" hits="1" branch="False" />
            <line number="349" hits="1" branch="False" />
            <line number="350" hits="1" branch="False" />
            <line number="351" hits="1" branch="False" />
            <line number="352" hits="1" branch="False" />
            <line number="353" hits="2" branch="False" />
            <line number="358" hits="1" branch="False" />
            <line number="359" hits="1" branch="False" />
            <line number="360" hits="1" branch="False" />
            <line number="361" hits="2" branch="False" />
            <line number="365" hits="1" branch="False" />
            <line number="366" hits="1" branch="False" />
            <line number="367" hits="1" branch="False" />
            <line number="368" hits="2" branch="False" />
            <line number="372" hits="1" branch="False" />
            <line number="373" hits="1" branch="False" />
            <line number="374" hits="1" branch="False" />
            <line number="375" hits="2" branch="False" />
            <line number="379" hits="1" branch="False" />
            <line number="380" hits="1" branch="False" />
            <line number="381" hits="1" branch="False" />
            <line number="382" hits="2" branch="False" />
            <line number="386" hits="1" branch="False" />
            <line number="387" hits="1" branch="False" />
            <line number="392" hits="2" branch="False" />
            <line number="393" hits="2" branch="False" />
            <line number="397" hits="1" branch="False" />
            <line number="398" hits="1" branch="False" />
            <line number="399" hits="1" branch="False" />
            <line number="400" hits="2" branch="False" />
            <line number="432" hits="1" branch="False" />
            <line number="433" hits="1" branch="False" />
            <line number="434" hits="1" branch="False" />
            <line number="435" hits="1" branch="False" />
            <line number="436" hits="2" branch="False" />
            <line number="437" hits="2" branch="False" />
            <line number="438" hits="2" branch="False" />
            <line number="439" hits="4" branch="False" />
            <line number="440" hits="4" branch="False" />
            <line number="441" hits="2" branch="False" />
            <line number="442" hits="2" branch="False" />
            <line number="443" hits="2" branch="False" />
            <line number="444" hits="4" branch="False" />
            <line number="445" hits="2" branch="False" />
            <line number="446" hits="2" branch="False" />
            <line number="447" hits="4" branch="False" />
            <line number="448" hits="2" branch="False" />
            <line number="449" hits="2" branch="False" />
            <line number="450" hits="4" branch="False" />
            <line number="451" hits="4" branch="False" />
            <line number="452" hits="4" branch="False" />
            <line number="453" hits="4" branch="False" />
            <line number="454" hits="2" branch="False" />
            <line number="455" hits="2" branch="False" />
            <line number="456" hits="2" branch="False" />
            <line number="457" hits="4" branch="False" />
            <line number="458" hits="4" branch="False" />
            <line number="459" hits="4" branch="False" />
            <line number="460" hits="4" branch="False" />
            <line number="461" hits="2" branch="False" />
            <line number="462" hits="2" branch="False" />
            <line number="463" hits="2" branch="False" />
            <line number="464" hits="1" branch="False" />
            <line number="465" hits="1" branch="False" />
            <line number="473" hits="1" branch="False" />
            <line number="474" hits="1" branch="False" />
            <line number="475" hits="1" branch="False" />
            <line number="476" hits="1" branch="False" />
            <line number="480" hits="1" branch="False" />
            <line number="481" hits="1" branch="False" />
            <line number="482" hits="1" branch="False" />
            <line number="483" hits="1" branch="False" />
            <line number="484" hits="1" branch="False" />
            <line number="485" hits="2" branch="False" />
            <line number="500" hits="3" branch="False" />
            <line number="501" hits="3" branch="False" />
            <line number="502" hits="3" branch="False" />
            <line number="503" hits="6" branch="False" />
            <line number="504" hits="3" branch="False" />
            <line number="505" hits="3" branch="False" />
            <line number="506" hits="3" branch="False" />
            <line number="507" hits="3" branch="False" />
            <line number="508" hits="3" branch="False" />
            <line number="509" hits="3" branch="False" />
            <line number="510" hits="3" branch="False" />
            <line number="514" hits="5" branch="False" />
            <line number="515" hits="1" branch="False" />
            <line number="516" hits="1" branch="False" />
            <line number="517" hits="1" branch="False" />
            <line number="518" hits="1" branch="False" />
            <line number="519" hits="1" branch="False" />
            <line number="520" hits="1" branch="False" />
            <line number="521" hits="1" branch="False" />
            <line number="522" hits="2" branch="False" />
            <line number="523" hits="1" branch="False" />
            <line number="524" hits="1" branch="False" />
            <line number="525" hits="1" branch="False" />
            <line number="526" hits="1" branch="False" />
            <line number="527" hits="1" branch="False" />
            <line number="528" hits="1" branch="False" />
            <line number="529" hits="1" branch="False" />
            <line number="533" hits="4" branch="False" />
            <line number="534" hits="4" branch="False" />
            <line number="535" hits="4" branch="False" />
            <line number="536" hits="4" branch="False" />
            <line number="541" hits="1" branch="False" />
            <line number="542" hits="1" branch="False" />
            <line number="543" hits="1" branch="False" />
            <line number="544" hits="1" branch="False" />
            <line number="549" hits="1" branch="False" />
            <line number="550" hits="1" branch="False" />
            <line number="551" hits="1" branch="False" />
            <line number="552" hits="2" branch="False" />
            <line number="556" hits="1" branch="False" />
            <line number="557" hits="1" branch="False" />
            <line number="558" hits="1" branch="False" />
            <line number="559" hits="1" branch="False" />
            <line number="564" hits="3" branch="False" />
            <line number="565" hits="9" branch="False" />
            <line number="576" hits="3" branch="False" />
            <line number="577" hits="3" branch="False" />
            <line number="578" hits="24" branch="False" />
            <line number="579" hits="72" branch="False" />
            <line number="580" hits="27" branch="True" condition-coverage="100% (2/2)">
              <conditions>
                <condition number="143" type="jump" coverage="100%" />
              </conditions>
            </line>
            <line number="582" hits="3" branch="False" />
            <line number="585" hits="3" branch="False" />
            <line number="586" hits="3" branch="False" />
            <line number="587" hits="3" branch="False" />
            <line number="588" hits="3" branch="False" />
            <line number="589" hits="14" branch="False" />
            <line number="590" hits="14" branch="False" />
            <line number="591" hits="14" branch="False" />
            <line number="592" hits="7" branch="False" />
            <line number="593" hits="7" branch="False" />
            <line number="594" hits="14" branch="False" />
            <line number="595" hits="3" branch="False" />
            <line number="598" hits="1" branch="False" />
            <line number="599" hits="1" branch="False" />
            <line number="600" hits="2" branch="False" />
            <line number="601" hits="2" branch="False" />
            <line number="602" hits="2" branch="False" />
            <line number="603" hits="2" branch="False" />
            <line number="604" hits="2" branch="False" />
            <line number="605" hits="2" branch="False" />
            <line number="606" hits="1" branch="False" />
            <line number="607" hits="1" branch="False" />
            <line number="610" hits="0" branch="False" />
            <line number="616" hits="0" branch="False" />
            <line number="622" hits="0" branch="False" />
            <line number="625" hits="1" branch="False" />
            <line number="626" hits="1" branch="False" />
            <line number="627" hits="1" branch="False" />
            <line number="628" hits="1" branch="False" />
            <line number="629" hits="1" branch="False" />
            <line number="630" hits="2" branch="False" />
            <line number="633" hits="1" branch="False" />
            <line number="634" hits="1" branch="False" />
            <line number="635" hits="1" branch="False" />
            <line number="636" hits="1" branch="False" />
            <line number="637" hits="1" branch="False" />
            <line number="638" hits="2" branch="False" />
            <line number="641" hits="9" branch="True" condition-coverage="50% (1/2)">
              <conditions>
                <condition number="7" type="jump" coverage="50%" />
              </conditions>
            </line>
            <line number="642" hits="0" branch="False" />
            <line number="643" hits="26" branch="True" condition-coverage="50% (1/2)">
              <conditions>
                <condition number="40" type="jump" coverage="50%" />
              </conditions>
            </line>
            <line number="644" hits="9" branch="True" condition-coverage="50% (1/2)">
              <conditions>
                <condition number="51" type="jump" coverage="50%" />
              </conditions>
            </line>
            <line number="645" hits="0" branch="False" />
            <line number="646" hits="26" branch="False" />
            <line number="647" hits="9" branch="True" condition-coverage="50% (1/2)">
              <conditions>
                <condition number="96" type="jump" coverage="50%" />
              </conditions>
            </line>
            <line number="648" hits="0" branch="False" />
            <line number="650" hits="26" branch="False" />
            <line number="651" hits="9" branch="False" />
            <line number="652" hits="9" branch="False" />
            <line number="653" hits="17" branch="False" />
            <line number="654" hits="17" branch="False" />
            <line number="655" hits="131" branch="True" condition-coverage="100% (4/4)">
              <conditions>
                <condition number="230" type="jump" coverage="100%" />
                <condition number="253" type="jump" coverage="100%" />
              </conditions>
            </line>
            <line number="656" hits="1" branch="True" condition-coverage="100% (4/4)">
              <conditions>
                <condition number="315" type="jump" coverage="100%" />
                <condition number="292" type="jump" coverage="100%" />
              </conditions>
            </line>
            <line number="657" hits="17" branch="False" />
            <line number="658" hits="9" branch="False" />
            <line number="659" hits="65" branch="False" />
            <line number="660" hits="8" branch="False" />
            <line number="662" hits="8" branch="False" />
            <line number="663" hits="24" branch="False" />
            <line number="664" hits="31" branch="False" />
            <line number="665" hits="8" branch="False" />
            <line number="666" hits="8" branch="False" />
            <line number="667" hits="8" branch="False" />
            <line number="668" hits="105" branch="False" />
            <line number="669" hits="60" branch="False" />
            <line number="670" hits="45" branch="False" />
            <line number="671" hits="15" branch="False" />
            <line number="672" hits="15" branch="False" />
            <line number="673" hits="15" branch="True" condition-coverage="100% (2/2)">
              <conditions>
                <condition number="573" type="jump" coverage="100%" />
              </conditions>
            </line>
[...]
              </conditions>
            </line>
            <line number="103" hits="2486" branch="True" condition-coverage="100% (2/2)">
              <conditions>
                <condition number="180" type="jump" coverage="100%" />
              </conditions>
            </line>
            <line number="104" hits="2306" branch="True" condition-coverage="100% (2/2)">
              <conditions>
                <condition number="208" type="jump" coverage="100%" />
              </conditions>
            </line>
            <line number="105" hits="2166" branch="True" condition-coverage="100% (2/2)">
              <conditions>
                <condition number="236" type="jump" coverage="100%" />
              </conditions>
            </line>
            <line number="106" hits="3379" branch="True" condition-coverage="100% (2/2)">
              <conditions>
                <condition number="264" type="jump" coverage="100%" />
              </conditions>
            </line>
            <line number="111" hits="77" branch="True" condition-coverage="100% (2/2)">
              <conditions>
                <condition number="292" type="jump" coverage="100%" />
              </conditions>
            </line>
            <line number="112" hits="73" branch="True" condition-coverage="100% (2/2)">
              <conditions>
                <condition number="325" type="jump" coverage="100%" />
              </conditions>
            </line>
            <line number="113" hits="69" branch="True" condition-coverage="100% (2/2)">
              <conditions>
                <condition number="358" type="jump" coverage="100%" />
              </conditions>
            </line>
            <line number="114" hits="65" branch="True" condition-coverage="100% (2/2)">
              <conditions>
                <condition number="391" type="jump" coverage="100%" />
              </conditions>
            </line>
            <line number="115" hits="61" branch="True" condition-coverage="100% (2/2)">
              <conditions>
                <condition number="424" type="jump" coverage="100%" />
              </conditions>
            </line>
            <line number="116" hits="62" branch="True" condition-coverage="100% (2/2)">
              <conditions>
                <condition number="457" type="jump" coverage="100%" />
              </conditions>
            </line>
            <line number="117" hits="48" branch="True" condition-coverage="100% (2/2)">
              <conditions>
                <condition number="490" type="jump" coverage="100%" />
              </conditions>
            </line>
            <line number="118" hits="44" branch="True" condition-coverage="100% (2/2)">
              <conditions>
                <condition number="523" type="jump" coverage="100%" />
              </conditions>
            </line>
            <line number="119" hits="49" branch="True" condition-coverage="100% (2/2)">
              <conditions>
                <condition number="556" type="jump" coverage="100%" />
              </conditions>
            </line>
            <line number="120" hits="46" branch="True" condition-coverage="50% (1/2)">
              <conditions>
                <condition number="589" type="jump" coverage="50%" />
              </conditions>
            </line>
            <line number="121" hits="0" branch="False" />
            <line number="125" hits="7339" branch="True" condition-coverage="100% (2/2)">
              <conditions>
                <condition number="12" type="jump" coverage="100%" />
              </conditions>
            </line>
            <line number="126" hits="6640" branch="True" condition-coverage="100% (2/2)">
              <conditions>
                <condition number="39" type="jump" coverage="100%" />
              </conditions>
            </line>
            <line number="127" hits="6137" branch="True" condition-coverage="100% (2/2)">
              <conditions>
                <condition number="66" type="jump" coverage="100%" />
              </conditions>
            </line>
            <line number="128" hits="5824" branch="True" condition-coverage="100% (2/2)">
              <conditions>
                <condition number="93" type="jump" coverage="100%" />
              </conditions>
            </line>
            <line number="129" hits="5445" branch="True" condition-coverage="100% (2/2)">
              <conditions>
                <condition number="120" type="jump" coverage="100%" />
              </conditions>
            </line>
            <line number="130" hits="5426" branch="True" condition-coverage="100% (2/2)">
              <conditions>
                <condition number="147" type="jump" coverage="100%" />
              </conditions>
            </line>
            <line number="131" hits="4343" branch="True" condition-coverage="100% (2/2)">
              <conditions>
                <condition number="174" type="jump" coverage="100%" />
              </conditions>
            </line>
            <line number="132" hits="3992" branch="True" condition-coverage="100% (2/2)">
              <conditions>
                <condition number="201" type="jump" coverage="100%" />
              </conditions>
            </line>
            <line number="133" hits="3715" branch="True" condition-coverage="100% (2/2)">
              <conditions>
                <condition number="228" type="jump" coverage="100%" />
              </conditions>
            </line>
            <line number="134" hits="5721" branch="True" condition-coverage="100% (2/2)">
              <conditions>
                <condition number="255" type="jump" coverage="100%" />
              </conditions>
            </line>
            <line number="139" hits="85" branch="True" condition-coverage="100% (2/2)">
              <conditions>
                <condition number="282" type="jump" coverage="100%" />
              </conditions>
            </line>
            <line number="140" hits="81" branch="True" condition-coverage="100% (2/2)">
              <conditions>
                <condition number="317" type="jump" coverage="100%" />
              </conditions>
            </line>
            <line number="141" hits="77" branch="True" condition-coverage="100% (2/2)">
              <conditions>
                <condition number="352" type="jump" coverage="100%" />
              </conditions>
            </line>
            <line number="142" hits="73" branch="True" condition-coverage="100% (2/2)">
              <conditions>
                <condition number="387" type="jump" coverage="100%" />
              </conditions>
            </line>
            <line number="143" hits="69" branch="True" condition-coverage="100% (2/2)">
              <conditions>
                <condition number="422" type="jump" coverage="100%" />
              </conditions>
            </line>
            <line number="144" hits="80" branch="True" condition-coverage="100% (2/2)">
              <conditions>
                <condition number="459" type="jump" coverage="100%" />
              </conditions>
            </line>
            <line number="145" hits="56" branch="True" condition-coverage="100% (2/2)">
              <conditions>
                <condition number="496" type="jump" coverage="100%" />
              </conditions>
            </line>
            <line number="146" hits="52" branch="True" condition-coverage="100% (2/2)">
              <conditions>
                <condition number="533" type="jump" coverage="100%" />
              </conditions>
            </line>
            <line number="147" hits="75" branch="True" condition-coverage="100% (2/2)">
              <conditions>
                <condition number="570" type="jump" coverage="100%" />
              </conditions>
            </line>
            <line number="148" hits="92" branch="True" condition-coverage="50% (1/2)">
              <conditions>
                <condition number="607" type="jump" coverage="50%" />
              </conditions>
            </line>
            <line number="150" hits="0" branch="False" />
            <line number="154" hits="66" branch="True" condition-coverage="50% (1/2)">
              <conditions>
                <condition number="3" type="jump" coverage="50%" />
              </conditions>
            </line>
            <line number="155" hits="33" branch="True" condition-coverage="50% (1/2)">
              <conditions>
                <condition number="35" type="jump" coverage="50%" />
              </conditions>
            </line>
            <line number="156" hits="33" branch="True" condition-coverage="50% (1/2)">
              <conditions>
                <condition number="56" type="jump" coverage="50%" />
              </conditions>
            </line>
            <line number="157" hits="33" branch="True" condition-coverage="50% (1/2)">
              <conditions>
                <condition number="77" type="jump" coverage="50%" />
              </conditions>
            </line>
            <line number="158" hits="33" branch="True" condition-coverage="50% (1/2)">
              <conditions>
                <condition number="98" type="jump" coverage="50%" />
              </conditions>
            </line>
            <line number="159" hits="33" branch="True" condition-coverage="50% (1/2)">
              <conditions>
                <condition number="119" type="jump" coverage="50%" />
              </conditions>
            </line>
            <line number="160" hits="33" branch="True" condition-coverage="50% (1/2)">
              <conditions>
                <condition number="140" type="jump" coverage="50%" />
              </conditions>
            </line>
            <line number="161" hits="33" branch="True" condition-coverage="50% (1/2)">
              <conditions>
                <condition number="161" type="jump" coverage="50%" />
              </conditions>
            </line>
            <line number="162" hits="33" branch="True" condition-coverage="50% (1/2)">
              <conditions>
                <condition number="183" type="jump" coverage="50%" />
              </conditions>
            </line>
            <line number="163" hits="33" branch="True" condition-coverage="50% (1/2)">
              <conditions>
                <condition number="205" type="jump" coverage="50%" />
              </conditions>
            </line>
            <line number="164" hits="66" branch="True" condition-coverage="50% (1/2)">
              <conditions>
                <condition number="230" type="jump" coverage="50%" />
              </conditions>
            </line>
            <line number="169" hits="0" branch="True" condition-coverage="0% (0/2)">
              <conditions>
                <condition number="259" type="jump" coverage="0%" />
              </conditions>
            </line>
            <line number="170" hits="0" branch="True" condition-coverage="0% (0/2)">
              <conditions>
                <condition number="286" type="jump" coverage="0%" />
              </conditions>
            </line>
            <line number="171" hits="0" branch="True" condition-coverage="0% (0/2)">
              <conditions>
                <condition number="313" type="jump" coverage="0%" />
              </conditions>
            </line>
            <line number="172" hits="0" branch="True" condition-coverage="0% (0/2)">
              <conditions>
                <condition number="340" type="jump" coverage="0%" />
              </conditions>
            </line>
            <line number="173" hits="0" branch="True" condition-coverage="0% (0/2)">
              <conditions>
                <condition number="367" type="jump" coverage="0%" />
              </conditions>
            </line>
            <line number="174" hits="0" branch="True" condition-coverage="0% (0/2)">
              <conditions>
                <condition number="394" type="jump" coverage="0%" />
              </conditions>
            </line>
            <line number="175" hits="0" branch="True" condition-coverage="0% (0/2)">
              <conditions>
                <condition number="421" type="jump" coverage="0%" />
              </conditions>
            </line>
            <line number="176" hits="0" branch="True" condition-coverage="0% (0/2)">
              <conditions>
                <condition number="449" type="jump" coverage="0%" />
              </conditions>
            </line>
            <line number="177" hits="0" branch="True" condition-coverage="0% (0/2)">
              <conditions>
                <condition number="477" type="jump" coverage="0%" />
              </conditions>
            </line>
            <line number="178" hits="0" branch="True" condition-coverage="0% (0/2)">
              <conditions>
                <condition number="508" type="jump" coverage="0%" />
              </conditions>
            </line>
            <line number="180" hits="0" branch="False" />
            <line number="188" hits="0" branch="True" condition-coverage="0% (0/2)">
              <conditions>
                <condition number="12" type="jump" coverage="0%" />
              </conditions>
            </line>
            <line number="190" hits="0" branch="True" condition-coverage="0% (0/2)">
              <conditions>
                <condition number="52" type="jump" coverage="0%" />
              </conditions>
            </line>
            <line number="191" hits="0" branch="True" condition-coverage="0% (0/2)">
              <conditions>
                <condition number="92" type="jump" coverage="0%" />
              </conditions>
            </line>
            <line number="192" hits="0" branch="True" condition-coverage="0% (0/2)">
              <conditions>
                <condition number="132" type="jump" coverage="0%" />
              </conditions>
            </line>
            <line number="193" hits="0" branch="False" />
            <line number="196" hits="13" branch="True" condition-coverage="100% (2/2)">
              <conditions>
                <condition number="17" type="jump" coverage="100%" />
              </conditions>
            </line>
            <line number="197" hits="10" branch="True" condition-coverage="100% (2/2)">
              <conditions>
                <condition number="38" type="jump" coverage="100%" />
              </conditions>
            </line>
            <line number="198" hits="8" branch="True" condition-coverage="50% (1/2)">
              <conditions>
                <condition number="59" type="jump" coverage="50%" />
              </conditions>
            </line>
            <line number="199" hits="8" branch="True" condition-coverage="50% (1/2)">
              <conditions>
                <condition number="80" type="jump" coverage="50%" />
              </conditions>
            </line>
            <line number="200" hits="9" branch="True" condition-coverage="100% (2/2)">
              <conditions>
                <condition number="101" type="jump" coverage="100%" />
              </conditions>
            </line>
            <line number="201" hits="8" branch="True" condition-coverage="100% (2/2)">
              <conditions>
                <condition number="122" type="jump" coverage="100%" />
              </conditions>
            </line>
            <line number="202" hits="6" branch="True" condition-coverage="50% (1/2)">
              <conditions>
                <condition number="143" type="jump" coverage="50%" />
              </conditions>
            </line>
            <line number="203" hits="6" branch="True" condition-coverage="50% (1/2)">
              <conditions>
                <condition number="164" type="jump" coverage="50%" />
              </conditions>
            </line>
            <line number="204" hits="7" branch="True" condition-coverage="100% (2/2)">
              <conditions>
                <condition number="185" type="jump" coverage="100%" />
              </conditions>
            </line>
            <line number="205" hits="6" branch="True" condition-coverage="100% (2/2)">
              <conditions>
                <condition number="206" type="jump" coverage="100%" />
              </conditions>
            </line>
            <line number="206" hits="5" branch="True" condition-coverage="100% (2/2)">
              <conditions>
                <condition number="227" type="jump" coverage="100%" />
              </conditions>
            </line>
            <line number="207" hits="3" branch="True" condition-coverage="50% (1/2)">
              <conditions>
                <condition number="248" type="jump" coverage="50%" />
              </conditions>
            </line>
            <line number="208" hits="3" branch="True" condition-coverage="50% (1/2)">
              <conditions>
                <condition number="269" type="jump" coverage="50%" />
              </conditions>
            </line>
            <line number="209" hits="3" branch="True" condition-coverage="50% (1/2)">
              <conditions>
                <condition number="290" type="jump" coverage="50%" />
              </conditions>
            </line>
            <line number="210" hits="4" branch="True" condition-coverage="100% (2/2)">
              <conditions>
                <condition number="311" type="jump" coverage="100%" />
              </conditions>
            </line>
            <line number="211" hits="3" branch="True" condition-coverage="100% (2/2)">
              <conditions>
                <condition number="332" type="jump" coverage="100%" />
              </conditions>
            </line>
            <line number="212" hits="2" branch="True" condition-coverage="50% (1/2)">
              <conditions>
                <condition number="353" type="jump" coverage="50%" />
              </conditions>
            </line>
            <line number="213" hits="0" branch="True" condition-coverage="0% (0/2)">
              <conditions>
                <condition number="374" type="jump" coverage="0%" />
              </conditions>
            </line>
            <line number="214" hits="0" branch="True" condition-coverage="0% (0/2)">
              <conditions>
                <condition number="395" type="jump" coverage="0%" />
              </conditions>
            </line>
            <line number="215" hits="0" branch="True" condition-coverage="0% (0/2)">
              <conditions>
                <condition number="416" type="jump" coverage="0%" />
              </conditions>
            </line>
            <line number="216" hits="0" branch="True" condition-coverage="0% (0/2)">
              <conditions>
                <condition number="437" type="jump" coverage="0%" />
              </conditions>
            </line>
            <line number="217" hits="0" branch="False" />
          </lines>
        </class>
        <class name="Image/unzip@462" filename="Image.fs" line-rate="1" branch-rate="1" complexity="2">
          <methods />
          <lines />
        </class>
        <class name="Image/forAll@497" filename="Image.fs" line-rate="1" branch-rate="1" complexity="2">
          <methods />
          <lines />
        </class>
        <class name="Image/InternalHelpers/flatIndices@78" filename="Image.fs" line-rate="1" branch-rate="0.7058" complexity="17">
          <methods />
          <lines />
        </class>
        <class name="Image/InternalHelpers/flatIndices@83-1" filename="Image.fs" line-rate="1" branch-rate="0.7082999999999999" complexity="24">
          <methods />
          <lines />
        </class>
        <class name="Image/InternalHelpers/flatIndices@89-2" filename="Image.fs" line-rate="1" branch-rate="0.7095999999999999" complexity="31">
          <methods />
          <lines />
        </class>
      </classes>
    </package>
  </packages>
</coverage>