SF:/Users/jrh630/repositories/stackProcessing/src/Studio.Graph/BuiltInCatalog.fs
FN:22,Studio.Graph.Port Studio.Graph.BuiltInCatalog::makePort(System.String,Studio.Graph.PortType)
FNDA:120,Studio.Graph.Port Studio.Graph.BuiltInCatalog::makePort(System.String,Studio.Graph.PortType)
DA:23,120
DA:24,120
FN:26,Studio.Graph.Parameter Studio.Graph.BuiltInCatalog::makeParameter(System.String,System.String,System.String,Studio.Graph.BasicType)
FNDA:148,Studio.Graph.Parameter Studio.Graph.BuiltInCatalog::makeParameter(System.String,System.String,System.String,Studio.Graph.BasicType)
DA:27,148
DA:28,148
DA:29,148
DA:30,148
FN:35,Studio.Graph.Parameter Studio.Graph.BuiltInCatalog::suffixParameter(System.String)
FNDA:10,Studio.Graph.Parameter Studio.Graph.BuiltInCatalog::suffixParameter(System.String)
DA:36,10
FN:53,System.String Studio.Graph.BuiltInCatalog::numericDefaultValue(Studio.Graph.NumericType)
FNDA:6,System.String Studio.Graph.BuiltInCatalog::numericDefaultValue(Studio.Graph.NumericType)
DA:54,6
DA:60,0
DA:62,0
DA:63,0
DA:65,6
DA:66,0
BRDA:54,7,0,0
BRDA:54,7,2,0
BRDA:54,7,3,0
BRDA:54,7,4,0
BRDA:54,7,5,0
BRDA:54,7,6,0
BRDA:54,7,7,0
BRDA:54,7,8,0
BRDA:54,7,9,0
BRDA:54,7,10,0
BRDA:54,7,1,6
BRDA:54,7,11,6
BRDA:54,7,12,0
FN:68,System.String Studio.Graph.BuiltInCatalog::scalarDefaultValue(Studio.Graph.BasicType)
FNDA:1,System.String Studio.Graph.BuiltInCatalog::scalarDefaultValue(Studio.Graph.BasicType)
DA:69,1
DA:70,0
DA:71,0
DA:72,0
DA:73,0
DA:74,1
BRDA:69,8,0,0
BRDA:69,8,2,0
BRDA:69,8,3,0
BRDA:69,8,4,0
BRDA:69,8,5,0
BRDA:69,8,1,1
FN:76,Studio.Graph.Function Studio.Graph.BuiltInCatalog::makeGenericScalar()
FNDA:1,Studio.Graph.Function Studio.Graph.BuiltInCatalog::makeGenericScalar()
DA:77,1
DA:78,1
DA:79,1
DA:80,1
DA:81,1
DA:82,1
DA:83,1
DA:84,1
DA:85,1
DA:86,1
DA:87,1
FN:89,Studio.Graph.Function Studio.Graph.BuiltInCatalog::makeFileDirectory()
FNDA:1,Studio.Graph.Function Studio.Graph.BuiltInCatalog::makeFileDirectory()
DA:90,1
DA:91,1
DA:92,1
DA:93,1
DA:94,1
DA:95,1
DA:96,1
DA:97,1
DA:98,1
DA:99,1
DA:100,1
FN:102,Studio.Graph.Function Studio.Graph.BuiltInCatalog::makeScalarOp()
FNDA:1,Studio.Graph.Function Studio.Graph.BuiltInCatalog::makeScalarOp()
DA:103,1
DA:104,1
DA:105,1
DA:106,1
DA:107,1
DA:108,1
DA:109,1
DA:110,1
DA:111,1
DA:112,1
DA:113,1
DA:114,1
DA:115,1
FN:117,Studio.Graph.Function Studio.Graph.BuiltInCatalog::makeScalarFunction()
FNDA:1,Studio.Graph.Function Studio.Graph.BuiltInCatalog::makeScalarFunction()
DA:118,1
DA:119,1
DA:120,1
DA:121,1
DA:122,1
DA:123,1
DA:124,1
DA:125,1
DA:126,1
DA:127,1
DA:128,1
FN:130,Studio.Graph.Function Studio.Graph.BuiltInCatalog::makeGenericRead()
FNDA:1,Studio.Graph.Function Studio.Graph.BuiltInCatalog::makeGenericRead()
DA:131,1
DA:132,1
DA:133,1
DA:134,1
DA:135,1
DA:136,1
DA:137,1
DA:138,1
DA:139,1
DA:140,1
DA:141,1
DA:142,1
DA:143,1
FN:145,Studio.Graph.Function Studio.Graph.BuiltInCatalog::makeGenericReadRandom()
FNDA:1,Studio.Graph.Function Studio.Graph.BuiltInCatalog::makeGenericReadRandom()
DA:146,1
DA:147,1
DA:148,1
DA:149,1
DA:150,1
DA:151,1
DA:152,1
DA:153,1
DA:154,1
DA:155,1
DA:156,1
DA:157,1
DA:158,1
DA:159,1
FN:161,Studio.Graph.Function Studio.Graph.BuiltInCatalog::makeGenericReadSlab()
FNDA:1,Studio.Graph.Function Studio.Graph.BuiltInCatalog::makeGenericReadSlab()
DA:162,1
DA:163,1
DA:164,1
DA:165,1
DA:166,1
DA:167,1
DA:168,1
DA:169,1
DA:170,1
DA:171,1
DA:172,1
DA:173,1
DA:174,1
FN:176,Studio.Graph.Function Studio.Graph.BuiltInCatalog::makeGenericReadZarrSlab()
FNDA:1,Studio.Graph.Function Studio.Graph.BuiltInCatalog::makeGenericReadZarrSlab()
DA:177,1
DA:178,1
DA:179,1
DA:180,1
DA:181,1
DA:182,1
DA:183,1
DA:184,1
DA:185,1
DA:186,1
DA:187,1
DA:188,1
DA:189,1
DA:190,1
DA:191,1
DA:192,1
DA:193,1
DA:194,1
FN:196,Studio.Graph.Function Studio.Graph.BuiltInCatalog::makeGenericReadNexusSlab()
FNDA:1,Studio.Graph.Function Studio.Graph.BuiltInCatalog::makeGenericReadNexusSlab()
DA:197,1
DA:198,1
DA:199,1
DA:200,1
DA:201,1
DA:202,1
DA:203,1
DA:204,1
DA:205,1
DA:206,1
DA:207,1
DA:208,1
DA:209,1
DA:210,1
DA:211,1
DA:212,1
DA:213,1
FN:215,Studio.Graph.Function Studio.Graph.BuiltInCatalog::makeGenericCast()
FNDA:1,Studio.Graph.Function Studio.Graph.BuiltInCatalog::makeGenericCast()
DA:216,1
DA:217,1
DA:218,1
DA:219,1
DA:220,1
DA:221,1
DA:222,1
DA:223,1
DA:224,1
DA:225,1
DA:226,1
FN:228,Studio.Graph.Function Studio.Graph.BuiltInCatalog::makeGenericZero()
FNDA:1,Studio.Graph.Function Studio.Graph.BuiltInCatalog::makeGenericZero()
DA:229,1
DA:230,1
DA:231,1
DA:232,1
DA:233,1
DA:234,1
DA:235,1
DA:236,1
DA:237,1
DA:238,1
DA:239,1
DA:240,1
DA:241,1
DA:242,1
FN:244,Studio.Graph.Function Studio.Graph.BuiltInCatalog::makeGenericCreateByEuler2DTransform()
FNDA:1,Studio.Graph.Function Studio.Graph.BuiltInCatalog::makeGenericCreateByEuler2DTransform()
DA:245,1
DA:246,1
DA:247,1
DA:248,1
DA:249,1
DA:250,1
DA:251,1
DA:252,1
DA:253,1
DA:254,1
DA:255,1
DA:256,1
DA:257,1
DA:258,1
DA:259,1
DA:260,1
FN:262,Studio.Graph.Function Studio.Graph.BuiltInCatalog::makeScalarImageOperation(System.String,System.String,System.String,Microsoft.FSharp.Collections.FSharpList`1<System.String>)
FNDA:2,Studio.Graph.Function Studio.Graph.BuiltInCatalog::makeScalarImageOperation(System.String,System.String,System.String,Microsoft.FSharp.Collections.FSharpList`1<System.String>)
DA:263,2
DA:264,2
DA:265,2
DA:266,2
DA:267,2
DA:268,2
DA:269,2
DA:270,2
DA:271,2
DA:272,2
DA:273,2
DA:274,2
FN:276,Studio.Graph.Function Studio.Graph.BuiltInCatalog::makeGenericAddNormalNoise()
FNDA:1,Studio.Graph.Function Studio.Graph.BuiltInCatalog::makeGenericAddNormalNoise()
DA:277,1
DA:278,1
DA:279,1
DA:280,1
DA:281,1
DA:282,1
DA:283,1
DA:284,1
DA:285,1
DA:286,1
DA:287,1
DA:288,1
FN:290,Studio.Graph.Function Studio.Graph.BuiltInCatalog::makePairOperation(System.String,System.String,System.String,Microsoft.FSharp.Collections.FSharpList`1<System.String>,Microsoft.FSharp.Collections.FSharpList`1<Studio.Graph.Parameter>)
FNDA:1,Studio.Graph.Function Studio.Graph.BuiltInCatalog::makePairOperation(System.String,System.String,System.String,Microsoft.FSharp.Collections.FSharpList`1<System.String>,Microsoft.FSharp.Collections.FSharpList`1<Studio.Graph.Parameter>)
DA:291,1
DA:292,1
DA:293,1
DA:294,1
DA:295,1
DA:296,1
DA:297,1
DA:298,1
DA:299,1
FN:843,Microsoft.FSharp.Core.FSharpOption`1<Studio.Graph.Function> Studio.Graph.BuiltInCatalog::tryFind(System.String)
FNDA:65,Microsoft.FSharp.Core.FSharpOption`1<Studio.Graph.Function> Studio.Graph.BuiltInCatalog::tryFind(System.String)
DA:844,65
DA:845,65
FN:847,Studio.Graph.Function Studio.Graph.BuiltInCatalog::find(System.String)
FNDA:0,Studio.Graph.Function Studio.Graph.BuiltInCatalog::find(System.String)
DA:848,0
DA:849,0
DA:850,0
BRDA:848,8,1,0
BRDA:848,8,0,0
FN:839,System.Tuple`2<System.String,Studio.Graph.Function> Studio.Graph.BuiltInCatalog/Pipe #3 stage #1 at line 840@840::Invoke(Studio.Graph.Function)
FNDA:54,System.Tuple`2<System.String,Studio.Graph.Function> Studio.Graph.BuiltInCatalog/Pipe #3 stage #1 at line 840@840::Invoke(Studio.Graph.Function)
DA:840,54
FN:3,System.Void <StartupCode$Studio-Graph>.$BuiltInCatalog::.cctor()
FNDA:1,System.Void <StartupCode$Studio-Graph>.$BuiltInCatalog::.cctor()
DA:4,1
DA:5,1
DA:6,1
DA:7,1
DA:8,1
DA:9,1
DA:10,1
DA:11,1
DA:12,1
DA:13,1
DA:14,1
DA:15,1
DA:16,1
DA:17,1
DA:18,1
DA:19,1
DA:20,1
DA:32,1
DA:33,1
DA:38,1
DA:39,1
DA:41,1
DA:42,1
DA:44,1
DA:45,1
DA:47,1
DA:48,1
DA:50,1
DA:51,1
DA:301,1
DA:302,1
DA:303,1
DA:304,1
DA:305,1
DA:306,1
DA:307,1
DA:308,1
DA:309,1
DA:310,1
DA:311,1
DA:312,1
DA:313,1
DA:314,1
DA:315,1
DA:316,1
DA:317,1
DA:318,1
DA:319,1
DA:320,1
DA:321,1
DA:322,1
DA:323,1
DA:324,1
DA:325,1
DA:326,1
DA:327,1
DA:328,1
DA:329,1
DA:330,1
DA:331,1
DA:332,1
DA:333,1
DA:334,1
DA:335,1
DA:336,1
DA:337,1
DA:338,1
DA:339,1
DA:340,1
DA:341,1
DA:342,1
DA:343,1
DA:344,1
DA:345,1
DA:346,1
DA:347,1
DA:348,1
DA:349,1
DA:350,1
DA:351,1
DA:352,1
DA:353,1
DA:354,1
DA:355,1
DA:356,1
DA:357,1
DA:358,1
DA:359,1
DA:360,1
DA:361,1
DA:362,1
DA:363,1
DA:364,1
DA:365,1
DA:366,1
DA:367,1
DA:368,1
DA:369,1
DA:370,1
DA:371,1
DA:372,1
DA:373,1
DA:374,1
DA:375,1
DA:376,1
DA:377,1
DA:378,1
DA:379,1
DA:380,1
DA:381,1
DA:382,1
DA:383,1
DA:384,1
DA:385,1
DA:386,1
DA:387,1
DA:388,1
DA:389,1
DA:390,1
DA:391,1
DA:392,1
DA:393,1
DA:394,1
DA:395,1
DA:396,1
DA:397,1
DA:398,1
DA:399,1
DA:400,1
DA:401,1
DA:402,1
DA:403,1
DA:404,1
DA:405,1
DA:406,1
DA:407,1
DA:408,1
DA:409,1
DA:410,1
DA:411,1
DA:412,1
DA:413,1
DA:414,1
DA:415,1
DA:416,1
DA:417,1
DA:418,1
DA:419,1
DA:420,1
DA:421,1
DA:422,1
DA:423,1
DA:424,1
DA:425,1
DA:426,1
DA:427,1
DA:428,1
DA:429,1
DA:430,1
DA:431,1
DA:432,1
DA:433,1
DA:434,1
DA:435,1
DA:436,1
DA:437,1
DA:438,1
DA:439,1
DA:440,1
DA:441,1
DA:442,1
DA:443,1
DA:444,1
DA:445,1
DA:446,1
DA:447,1
DA:448,1
DA:449,1
DA:450,1
DA:451,1
DA:452,1
DA:453,1
DA:454,1
DA:455,1
DA:456,1
DA:457,1
DA:458,1
DA:459,1
DA:460,1
DA:461,1
DA:462,1
DA:463,1
DA:464,1
DA:465,1
DA:466,1
DA:467,1
DA:468,1
DA:469,1
DA:470,1
DA:471,1
DA:472,1
DA:473,1
DA:474,1
DA:475,1
DA:476,1
DA:477,1
DA:478,1
DA:479,1
DA:480,1
DA:481,1
DA:482,1
DA:483,1
DA:484,1
DA:485,1
DA:486,1
DA:487,1
DA:488,1
DA:489,1
DA:490,1
DA:491,1
DA:492,1
DA:493,1
DA:494,1
DA:495,1
DA:496,1
DA:497,1
DA:498,1
DA:499,1
DA:500,1
DA:501,1
DA:502,1
DA:503,1
DA:504,1
DA:505,1
DA:506,1
DA:507,1
DA:508,1
DA:509,1
DA:510,1
DA:511,1
DA:512,1
DA:513,1
DA:514,1
DA:515,1
DA:516,1
DA:517,1
DA:518,1
DA:519,1
DA:520,1
DA:521,1
DA:522,1
DA:523,1
DA:524,1
DA:525,1
DA:526,1
DA:527,1
DA:528,1
DA:529,1
DA:530,1
DA:531,1
DA:532,1
DA:533,1
DA:534,1
DA:535,1
DA:536,1
DA:537,1
DA:538,1
DA:539,1
DA:540,1
DA:541,1
DA:542,1
DA:543,1
DA:544,1
DA:545,1
DA:546,1
DA:547,1
DA:548,1
DA:549,1
DA:550,1
DA:551,1
DA:552,1
DA:553,1
DA:554,1
DA:555,1
DA:556,1
DA:557,1
DA:558,1
DA:559,1
DA:560,1
DA:561,1
DA:562,1
DA:563,1
DA:564,1
DA:565,1
DA:566,1
DA:567,1
DA:568,1
DA:569,1
DA:570,1
DA:571,1
DA:572,1
DA:573,1
DA:574,1
DA:575,1
DA:576,1
DA:577,1
DA:578,1
DA:579,1
DA:580,1
DA:581,1
DA:582,1
DA:583,1
DA:584,1
DA:585,1
DA:586,1
DA:587,1
DA:588,1
DA:589,1
DA:590,1
DA:591,1
DA:592,1
DA:593,1
DA:594,1
DA:595,1
DA:596,1
DA:597,1
DA:598,1
DA:599,1
DA:600,1
DA:601,1
DA:602,1
DA:603,1
DA:604,1
DA:605,1
DA:606,1
DA:607,1
DA:608,1
DA:609,1
DA:610,1
DA:611,1
DA:612,1
DA:613,1
DA:614,1
DA:615,1
DA:616,1
DA:617,1
DA:618,1
DA:619,1
DA:620,1
DA:621,1
DA:622,1
DA:623,1
DA:624,1
DA:625,1
DA:626,1
DA:627,1
DA:628,1
DA:629,1
DA:630,1
DA:631,1
DA:632,1
DA:633,1
DA:634,1
DA:635,1
DA:636,1
DA:637,1
DA:638,1
DA:639,1
DA:640,1
DA:641,1
DA:642,1
DA:643,1
DA:644,1
DA:645,1
DA:646,1
DA:647,1
DA:648,1
DA:649,1
DA:650,1
DA:651,1
DA:652,1
DA:653,1
DA:654,1
DA:655,1
DA:656,1
DA:657,1
DA:658,1
DA:659,1
DA:660,1
DA:661,1
DA:662,1
DA:663,1
DA:664,1
DA:665,1
DA:666,1
DA:667,1
DA:668,1
DA:669,1
DA:670,1
DA:671,1
DA:672,1
DA:673,1
DA:674,1
DA:675,1
DA:676,1
DA:677,1
DA:678,1
DA:679,1
DA:680,1
DA:681,1
DA:682,1
DA:683,1
DA:684,1
DA:685,1
DA:686,1
DA:687,1
DA:688,1
DA:689,1
DA:690,1
DA:691,1
DA:692,1
DA:693,1
DA:694,1
DA:695,1
DA:696,1
DA:697,1
DA:698,1
DA:699,1
DA:700,1
DA:701,1
DA:702,1
DA:703,1
DA:704,1
DA:705,1
DA:706,1
DA:707,1
DA:708,1
DA:709,1
DA:710,1
DA:711,1
DA:712,1
DA:713,1
DA:714,1
DA:715,1
DA:716,1
DA:717,1
DA:718,1
DA:719,1
DA:720,1
DA:721,1
DA:722,1
DA:723,1
DA:724,1
DA:725,1
DA:726,1
DA:727,1
DA:728,1
DA:729,1
DA:730,1
DA:731,1
DA:732,1
DA:733,1
DA:734,1
DA:735,1
DA:736,1
DA:737,1
DA:738,1
DA:739,1
DA:740,1
DA:741,1
DA:742,1
DA:743,1
DA:744,1
DA:745,1
DA:746,1
DA:747,1
DA:748,1
DA:749,1
DA:750,1
DA:751,1
DA:752,1
DA:753,1
DA:754,1
DA:755,1
DA:756,1
DA:757,1
DA:758,1
DA:759,1
DA:760,1
DA:761,1
DA:762,1
DA:763,1
DA:764,1
DA:765,1
DA:766,1
DA:767,1
DA:768,1
DA:769,1
DA:770,1
DA:771,1
DA:772,1
DA:773,1
DA:774,1
DA:775,1
DA:776,1
DA:777,1
DA:778,1
DA:779,1
DA:780,1
DA:781,1
DA:782,1
DA:783,1
DA:784,1
DA:785,1
DA:786,1
DA:787,1
DA:788,1
DA:789,1
DA:790,1
DA:791,1
DA:792,1
DA:793,1
DA:794,1
DA:795,1
DA:796,1
DA:797,1
DA:798,1
DA:799,1
DA:800,1
DA:801,1
DA:802,1
DA:803,1
DA:804,1
DA:805,1
DA:806,1
DA:807,1
DA:808,1
DA:809,1
DA:810,1
DA:811,1
DA:812,1
DA:813,1
DA:814,1
DA:815,1
DA:816,1
DA:817,1
DA:818,1
DA:819,1
DA:820,1
DA:821,1
DA:822,1
DA:823,1
DA:824,1
DA:825,1
DA:826,1
DA:827,1
DA:828,1
DA:829,1
DA:830,1
DA:831,1
DA:832,1
DA:833,1
DA:834,1
DA:835,1
DA:836,1
DA:839,1
DA:841,1
BRDA:32,330,0,1
BRDA:32,335,0,1
BRDA:32,341,0,1
BRDA:32,330,1,0
BRDA:32,335,1,0
BRDA:32,341,1,0
BRDA:32,356,0,0
BRDA:32,356,1,0
LF:787
LH:776
BRF:29
BRH:6
FNF:24
FNH:23
end_of_record
SF:/Users/jrh630/repositories/stackProcessing/src/Studio.Graph/Persistence.fs
FN:12,System.String Studio.Graph.PipelineGraphStorage::serialize(Studio.Graph.SavedGraph)
FNDA:0,System.String Studio.Graph.PipelineGraphStorage::serialize(Studio.Graph.SavedGraph)
DA:13,0
FN:15,Studio.Graph.SavedGraph Studio.Graph.PipelineGraphStorage::deserialize(System.String)
FNDA:0,Studio.Graph.SavedGraph Studio.Graph.PipelineGraphStorage::deserialize(System.String)
DA:16,0
DA:18,0
DA:19,0
DA:21,0
BRDA:18,26,0,0
BRDA:18,26,1,0
BRDA:18,34,0,0
BRDA:18,34,1,0
FN:23,System.Threading.Tasks.Task Studio.Graph.PipelineGraphStorage::writeJsonAsync(System.IO.Stream,Studio.Graph.SavedGraph)
FNDA:0,System.Threading.Tasks.Task Studio.Graph.PipelineGraphStorage::writeJsonAsync(System.IO.Stream,Studio.Graph.SavedGraph)
DA:24,0
DA:25,0
DA:26,0
DA:27,0
DA:28,0
DA:29,0
DA:30,0
DA:31,0
DA:32,0
DA:33,0
FN:35,System.Threading.Tasks.Task`1<Studio.Graph.SavedGraph> Studio.Graph.PipelineGraphStorage::readJsonAsync(System.IO.Stream)
FNDA:0,System.Threading.Tasks.Task`1<Studio.Graph.SavedGraph> Studio.Graph.PipelineGraphStorage::readJsonAsync(System.IO.Stream)
DA:36,0
FN:42,System.Void Studio.Graph.PipelineGraphStorage::save(System.String,Studio.Graph.SavedGraph)
FNDA:0,System.Void Studio.Graph.PipelineGraphStorage::save(System.String,Studio.Graph.SavedGraph)
DA:43,0
FN:45,Studio.Graph.SavedGraph Studio.Graph.PipelineGraphStorage::load(System.String)
FNDA:0,Studio.Graph.SavedGraph Studio.Graph.PipelineGraphStorage::load(System.String)
DA:46,0
FN:36,System.Void Studio.Graph.PipelineGraphStorage/readJsonAsync@36::MoveNext()
FNDA:0,System.Void Studio.Graph.PipelineGraphStorage/readJsonAsync@36::MoveNext()
DA:37,0
DA:38,0
DA:39,0
BRDA:37,10,1,0
BRDA:37,10,0,0
BRDA:37,28,1,0
BRDA:37,28,0,0
BRDA:37,77,1,0
BRDA:37,77,0,0
BRDA:38,140,1,0
BRDA:38,145,0,0
BRDA:38,145,1,0
BRDA:38,140,0,0
BRDA:38,172,0,0
BRDA:38,172,1,0
BRDA:39,246,0,0
BRDA:39,246,1,0
BRDA:39,296,0,0
BRDA:39,296,1,0
BRDA:39,304,1,0
BRDA:39,304,0,0
BRDA:39,348,0,0
BRDA:39,370,0,0
BRDA:39,370,1,0
BRDA:39,378,1,0
BRDA:39,378,0,0
BRDA:39,348,1,0
BRDA:39,415,0,0
BRDA:39,415,1,0
BRDA:39,432,0,0
BRDA:39,432,1,0
BRDA:39,482,0,0
BRDA:39,482,1,0
FN:8,System.Void <StartupCode$Studio-Graph>.$Persistence::.cctor()
FNDA:0,System.Void <StartupCode$Studio-Graph>.$Persistence::.cctor()
DA:9,0
DA:10,0
LF:23
LH:0
BRF:87
BRH:0
FNF:8
FNH:0
end_of_record
SF:/Users/jrh630/repositories/stackProcessing/src/Studio.Graph/Domain.fs
FN:282,System.Boolean Studio.Graph.FunctionDefinition::matches(System.String,Studio.Graph.Function)
FNDA:0,System.Boolean Studio.Graph.FunctionDefinition::matches(System.String,Studio.Graph.Function)
DA:283,0
DA:284,0
DA:285,0
DA:286,0
DA:287,0
DA:288,0
BRDA:283,13,0,0
BRDA:283,13,1,0
BRDA:284,32,0,0
BRDA:284,32,1,0
BRDA:285,51,0,0
BRDA:285,51,1,0
BRDA:286,70,0,0
BRDA:286,70,1,0
BRDA:287,89,0,0
BRDA:287,89,1,0
FN:280,System.Boolean Studio.Graph.FunctionDefinition/contains@281::Invoke(System.String)
FNDA:0,System.Boolean Studio.Graph.FunctionDefinition/contains@281::Invoke(System.String)
DA:281,0
FN:187,Studio.Graph.PortType Studio.Graph.PortTypeModule::numericToImage(Studio.Graph.NumericType)
FNDA:0,Studio.Graph.PortType Studio.Graph.PortTypeModule::numericToImage(Studio.Graph.NumericType)
DA:188,0
DA:189,0
DA:190,0
DA:191,0
DA:192,0
DA:193,0
DA:194,0
DA:195,0
DA:196,0
DA:197,0
DA:198,0
DA:199,0
DA:200,0
BRDA:188,7,0,0
BRDA:188,7,1,0
BRDA:188,7,2,0
BRDA:188,7,3,0
BRDA:188,7,4,0
BRDA:188,7,5,0
BRDA:188,7,6,0
BRDA:188,7,7,0
BRDA:188,7,8,0
BRDA:188,7,9,0
BRDA:188,7,10,0
BRDA:188,7,11,0
BRDA:188,7,12,0
FN:202,System.Boolean Studio.Graph.PortTypeModule::canConnect(Studio.Graph.PortType,Studio.Graph.PortType)
FNDA:0,System.Boolean Studio.Graph.PortTypeModule::canConnect(Studio.Graph.PortType,Studio.Graph.PortType)
DA:203,0
DA:205,0
DA:206,0
DA:207,0
DA:208,0
BRDA:203,19,0,0
BRDA:203,19,2,0
BRDA:203,19,3,0
BRDA:203,19,4,0
BRDA:203,19,6,0
BRDA:203,19,1,0
BRDA:203,87,1,0
BRDA:203,142,1,0
BRDA:203,19,5,0
BRDA:203,60,0,0
BRDA:203,87,5,0
BRDA:203,142,0,0
BRDA:203,158,0,0
BRDA:203,60,1,0
BRDA:203,87,0,0
BRDA:203,87,2,0
BRDA:203,87,3,0
BRDA:203,87,4,0
BRDA:203,87,6,0
BRDA:203,158,1,0
FN:134,System.String Studio.Graph.BasicTypeModule::toString(Studio.Graph.BasicType)
FNDA:0,System.String Studio.Graph.BasicTypeModule::toString(Studio.Graph.BasicType)
DA:135,0
DA:136,0
DA:137,0
DA:138,0
DA:139,0
DA:140,0
DA:141,0
DA:142,0
DA:143,0
DA:144,0
DA:145,0
DA:146,0
DA:147,0
DA:148,0
DA:149,0
DA:150,0
DA:151,0
BRDA:135,8,0,0
BRDA:135,8,1,0
BRDA:135,51,0,0
BRDA:135,51,1,0
BRDA:135,51,2,0
BRDA:135,51,3,0
BRDA:135,51,4,0
BRDA:135,51,5,0
BRDA:135,51,6,0
BRDA:135,51,7,0
BRDA:135,51,8,0
BRDA:135,51,9,0
BRDA:135,51,10,0
BRDA:135,51,11,0
BRDA:135,51,12,0
BRDA:135,8,2,0
BRDA:135,8,3,0
BRDA:135,8,4,0
BRDA:135,8,5,0
FN:153,Microsoft.FSharp.Core.FSharpOption`1<Studio.Graph.BasicType> Studio.Graph.BasicTypeModule::tryParse(System.String)
FNDA:8,Microsoft.FSharp.Core.FSharpOption`1<Studio.Graph.BasicType> Studio.Graph.BasicTypeModule::tryParse(System.String)
DA:154,8
DA:155,0
DA:156,0
DA:157,0
DA:158,0
DA:159,0
DA:160,0
DA:161,0
DA:162,0
DA:163,0
DA:164,0
DA:165,4
DA:166,0
DA:167,0
DA:168,4
DA:170,0
DA:171,0
DA:172,0
BRDA:154,13,0,8
BRDA:154,29,0,8
BRDA:154,45,0,8
BRDA:154,61,0,8
BRDA:154,77,0,8
BRDA:154,93,0,8
BRDA:154,109,0,8
BRDA:154,125,0,8
BRDA:154,141,0,8
BRDA:154,157,0,8
BRDA:154,173,0,4
BRDA:154,189,0,4
BRDA:154,205,0,4
BRDA:154,221,0,0
BRDA:154,237,0,0
BRDA:154,253,0,0
BRDA:154,13,1,0
BRDA:154,29,1,0
BRDA:154,45,1,0
BRDA:154,61,1,0
BRDA:154,77,1,0
BRDA:154,93,1,0
BRDA:154,109,1,0
BRDA:154,125,1,0
BRDA:154,141,1,0
BRDA:154,157,1,0
BRDA:154,173,1,4
BRDA:154,189,1,0
BRDA:154,205,1,0
BRDA:154,221,1,4
BRDA:154,237,1,0
BRDA:154,253,1,0
BRDA:154,269,0,0
BRDA:154,269,1,0
FN:103,System.String Studio.Graph.ImageFileFormat::normalizeSuffix(System.String)
FNDA:0,System.String Studio.Graph.ImageFileFormat::normalizeSuffix(System.String)
DA:104,0
DA:106,0
DA:107,0
DA:109,0
BRDA:106,20,0,0
BRDA:106,20,1,0
FN:111,Microsoft.FSharp.Core.FSharpOption`1<Studio.Graph.ImageFileFormat/Format> Studio.Graph.ImageFileFormat::tryFind(System.String)
FNDA:0,Microsoft.FSharp.Core.FSharpOption`1<Studio.Graph.ImageFileFormat/Format> Studio.Graph.ImageFileFormat::tryFind(System.String)
DA:112,0
DA:114,0
DA:115,0
FN:117,Microsoft.FSharp.Collections.FSharpList`1<Studio.Graph.NumericType> Studio.Graph.ImageFileFormat::supportedTypes(System.String)
FNDA:0,Microsoft.FSharp.Collections.FSharpList`1<Studio.Graph.NumericType> Studio.Graph.ImageFileFormat::supportedTypes(System.String)
DA:118,0
DA:119,0
DA:120,0
BRDA:119,10,1,0
BRDA:119,10,0,0
BRDA:120,54,1,0
BRDA:120,54,0,0
FN:122,System.Boolean Studio.Graph.ImageFileFormat::supports(System.String,Studio.Graph.NumericType)
FNDA:0,System.Boolean Studio.Graph.ImageFileFormat::supports(System.String,Studio.Graph.NumericType)
DA:123,0
DA:124,0
FN:94,System.Boolean Studio.Graph.ImageFileFormat/readFormats@94::Invoke(Studio.Graph.ImageFileFormat/Format)
FNDA:0,System.Boolean Studio.Graph.ImageFileFormat/readFormats@94::Invoke(Studio.Graph.ImageFileFormat/Format)
DA:95,0
DA:96,0
DA:97,0
DA:98,0
BRDA:95,16,0,0
BRDA:95,16,1,0
BRDA:96,42,0,0
BRDA:96,42,1,0
BRDA:97,68,0,0
BRDA:97,68,1,0
FN:100,System.String Studio.Graph.ImageFileFormat/suffixes@101::Invoke(Studio.Graph.ImageFileFormat/Format)
FNDA:0,System.String Studio.Graph.ImageFileFormat/suffixes@101::Invoke(Studio.Graph.ImageFileFormat/Format)
DA:101,0
FN:18,System.String Studio.Graph.NumericTypeModule::toString(Studio.Graph.NumericType)
FNDA:0,System.String Studio.Graph.NumericTypeModule::toString(Studio.Graph.NumericType)
DA:19,0
DA:20,0
DA:21,0
DA:22,0
DA:23,0
DA:24,0
DA:25,0
DA:26,0
DA:27,0
DA:28,0
DA:29,0
DA:30,0
DA:31,0
BRDA:19,7,0,0
BRDA:19,7,1,0
BRDA:19,7,2,0
BRDA:19,7,3,0
BRDA:19,7,4,0
BRDA:19,7,5,0
BRDA:19,7,6,0
BRDA:19,7,7,0
BRDA:19,7,8,0
BRDA:19,7,9,0
BRDA:19,7,10,0
BRDA:19,7,11,0
BRDA:19,7,12,0
FN:33,Microsoft.FSharp.Core.FSharpOption`1<Studio.Graph.NumericType> Studio.Graph.NumericTypeModule::tryParse(System.String)
FNDA:0,Microsoft.FSharp.Core.FSharpOption`1<Studio.Graph.NumericType> Studio.Graph.NumericTypeModule::tryParse(System.String)
DA:34,0
DA:35,0
DA:36,0
DA:37,0
DA:38,0
DA:39,0
DA:40,0
DA:41,0
DA:42,0
DA:43,0
DA:44,0
DA:45,0
DA:46,0
DA:47,0
BRDA:34,13,0,0
BRDA:34,29,0,0
BRDA:34,45,0,0
BRDA:34,61,0,0
BRDA:34,77,0,0
BRDA:34,93,0,0
BRDA:34,109,0,0
BRDA:34,125,0,0
BRDA:34,141,0,0
BRDA:34,157,0,0
BRDA:34,173,0,0
BRDA:34,13,1,0
BRDA:34,29,1,0
BRDA:34,45,1,0
BRDA:34,61,1,0
BRDA:34,77,1,0
BRDA:34,93,1,0
BRDA:34,109,1,0
BRDA:34,125,1,0
BRDA:34,141,1,0
BRDA:34,157,1,0
BRDA:34,173,1,0
BRDA:34,189,0,0
BRDA:34,189,1,0
FN:54,System.Void <StartupCode$Studio-Graph>.$Domain::.cctor()
FNDA:0,System.Void <StartupCode$Studio-Graph>.$Domain::.cctor()
DA:55,0
DA:56,0
DA:57,0
DA:58,0
DA:59,0
DA:60,0
DA:61,0
DA:62,0
DA:63,0
DA:64,0
DA:65,0
DA:67,0
DA:68,0
DA:69,0
DA:70,0
DA:71,0
DA:72,0
DA:73,0
DA:74,0
DA:75,0
DA:77,0
DA:78,0
DA:79,0
DA:80,0
DA:81,0
DA:82,0
DA:83,0
DA:84,0
DA:85,0
DA:86,0
DA:87,0
DA:88,0
DA:90,0
DA:91,0
DA:92,0
DA:93,0
DA:94,0
LF:141
LH:3
BRF:145
BRH:15
FNF:15
FNH:1
end_of_record
SF:/Users/jrh630/repositories/stackProcessing/src/Studio.Compiler/PipelineCodeGenerator.fs
FN:19,System.String Studio.Compiler.PipelineCodeGenerator::savedParamValue(System.String,Studio.Graph.SavedNode)
FNDA:200,System.String Studio.Compiler.PipelineCodeGenerator::savedParamValue(System.String,Studio.Graph.SavedNode)
DA:20,200
DA:21,707
DA:22,400
DA:23,200
BRDA:22,29,1,0
BRDA:22,29,0,200
BRDA:23,78,1,0
BRDA:23,78,0,200
FN:25,System.String Studio.Compiler.PipelineCodeGenerator::quote(System.String)
FNDA:72,System.String Studio.Compiler.PipelineCodeGenerator::quote(System.String)
DA:26,72
FN:28,System.Boolean Studio.Compiler.PipelineCodeGenerator::hasSuffix(Microsoft.FSharp.Collections.FSharpList`1<System.String>,System.String)
FNDA:22,System.Boolean Studio.Compiler.PipelineCodeGenerator::hasSuffix(Microsoft.FSharp.Collections.FSharpList`1<System.String>,System.String)
DA:29,22
DA:30,44
FN:32,System.String Studio.Compiler.PipelineCodeGenerator::float64Literal(System.String)
FNDA:10,System.String Studio.Compiler.PipelineCodeGenerator::float64Literal(System.String)
DA:33,10
DA:34,10
DA:36,20
DA:37,10
DA:38,3
DA:39,3
DA:40,3
DA:41,13
DA:42,7
DA:44,3
BRDA:36,21,0,0
BRDA:36,21,1,10
BRDA:37,40,0,7
BRDA:37,40,1,3
BRDA:38,59,0,7
BRDA:38,59,1,3
BRDA:39,77,0,7
BRDA:39,77,1,3
BRDA:40,95,0,7
BRDA:40,95,1,3
BRDA:41,113,0,7
BRDA:41,113,1,3
FN:46,Microsoft.FSharp.Core.FSharpOption`1<System.String> Studio.Compiler.PipelineCodeGenerator::standardNumericConstant(System.String)
FNDA:45,Microsoft.FSharp.Core.FSharpOption`1<System.String> Studio.Compiler.PipelineCodeGenerator::standardNumericConstant(System.String)
DA:47,45
DA:48,1
DA:49,2
DA:50,42
BRDA:47,23,0,44
BRDA:47,23,1,1
BRDA:47,36,0,2
BRDA:47,36,1,42
FN:52,System.String Studio.Compiler.PipelineCodeGenerator::numericLiteral(Studio.Graph.NumericType,System.String)
FNDA:45,System.String Studio.Compiler.PipelineCodeGenerator::numericLiteral(Studio.Graph.NumericType,System.String)
DA:53,45
DA:55,45
DA:57,3
DA:58,0
DA:59,0
DA:60,0
DA:61,0
DA:62,0
DA:63,0
DA:64,0
DA:65,0
DA:66,0
DA:68,3
DA:69,0
DA:71,42
DA:73,0
DA:75,0
DA:77,0
DA:79,0
DA:81,44
DA:83,10
DA:85,0
DA:87,0
DA:89,0
DA:92,10
DA:94,0
DA:95,0
DA:96,0
DA:98,0
BRDA:55,15,1,3
BRDA:57,38,0,0
BRDA:57,38,2,0
BRDA:57,38,3,0
BRDA:57,38,4,0
BRDA:57,38,5,0
BRDA:57,38,6,0
BRDA:57,38,7,0
BRDA:57,38,8,0
BRDA:57,38,9,0
BRDA:57,38,10,0
BRDA:57,38,1,3
BRDA:57,38,11,3
BRDA:57,38,12,0
BRDA:55,15,0,42
BRDA:71,225,0,0
BRDA:71,225,2,0
BRDA:73,300,0,0
BRDA:73,300,1,0
BRDA:71,225,3,0
BRDA:75,338,0,0
BRDA:75,338,1,0
BRDA:71,225,4,0
BRDA:77,376,0,0
BRDA:77,376,1,0
BRDA:71,225,5,0
BRDA:79,414,0,0
BRDA:79,414,1,0
BRDA:71,225,6,22
BRDA:81,452,0,0
BRDA:81,452,1,22
BRDA:71,225,7,10
BRDA:71,225,8,0
BRDA:85,492,0,0
BRDA:85,492,1,0
BRDA:71,225,9,0
BRDA:87,530,0,0
BRDA:87,530,1,0
BRDA:71,225,10,0
BRDA:89,568,0,0
BRDA:89,568,1,0
BRDA:71,225,1,10
BRDA:71,225,11,10
BRDA:71,225,12,0
BRDA:94,609,0,0
BRDA:94,609,1,0
BRDA:95,628,0,0
BRDA:95,628,1,0
FN:100,System.String Studio.Compiler.PipelineCodeGenerator::literalValue(Studio.Graph.BasicType,System.String)
FNDA:8,System.String Studio.Compiler.PipelineCodeGenerator::literalValue(Studio.Graph.BasicType,System.String)
DA:101,8
DA:102,4
DA:103,0
DA:104,4
DA:105,0
DA:106,0
BRDA:101,8,0,4
BRDA:101,8,1,4
BRDA:101,8,2,0
BRDA:101,8,3,4
BRDA:101,8,4,0
BRDA:101,8,5,0
FN:108,System.String Studio.Compiler.PipelineCodeGenerator::scalarValueLiteral(Studio.Graph.SavedNode)
FNDA:7,System.String Studio.Compiler.PipelineCodeGenerator::scalarValueLiteral(Studio.Graph.SavedNode)
DA:109,7
DA:112,7
DA:113,7
DA:115,7
DA:116,7
DA:117,0
BRDA:115,34,0,7
BRDA:115,34,1,0
FN:119,System.String Studio.Compiler.PipelineCodeGenerator::optionUInt(System.String)
FNDA:1,System.String Studio.Compiler.PipelineCodeGenerator::optionUInt(System.String)
DA:120,1
DA:121,3
DA:122,0
DA:123,1
DA:124,0
DA:126,1
BRDA:121,14,0,0
BRDA:121,14,1,1
BRDA:121,33,0,0
BRDA:121,33,1,1
BRDA:123,54,0,0
BRDA:123,54,1,1
FN:128,System.String Studio.Compiler.PipelineCodeGenerator::optionQualified(a,System.String)
FNDA:2,System.String Studio.Compiler.PipelineCodeGenerator::optionQualified(a,System.String)
DA:129,2
DA:131,6
DA:132,0
DA:135,4
DA:136,0
DA:137,2
DA:138,0
DA:140,2
DA:143,4
DA:145,2
BRDA:131,14,0,0
BRDA:131,14,1,2
BRDA:131,33,0,0
BRDA:131,33,1,2
BRDA:135,54,0,0
BRDA:135,54,1,2
BRDA:135,73,0,0
BRDA:135,73,1,2
BRDA:137,111,0,0
BRDA:137,111,1,2
BRDA:143,144,0,0
BRDA:143,144,1,2
FN:147,System.String Studio.Compiler.PipelineCodeGenerator::pixelTypeNameFromSuffix(System.String)
FNDA:18,System.String Studio.Compiler.PipelineCodeGenerator::pixelTypeNameFromSuffix(System.String)
DA:148,18
DA:149,13
DA:150,0
DA:151,2
DA:152,0
DA:153,0
DA:154,0
DA:155,0
DA:156,0
DA:157,0
DA:158,3
DA:159,0
DA:160,0
BRDA:148,13,0,5
BRDA:148,29,0,5
BRDA:148,45,0,3
BRDA:148,61,0,3
BRDA:148,77,0,3
BRDA:148,90,0,3
BRDA:148,103,0,3
BRDA:148,116,0,3
BRDA:148,129,0,3
BRDA:148,142,0,0
BRDA:148,13,1,13
BRDA:148,29,1,0
BRDA:148,45,1,2
BRDA:148,61,1,0
BRDA:148,77,1,0
BRDA:148,90,1,0
BRDA:148,103,1,0
BRDA:148,116,1,0
BRDA:148,129,1,0
BRDA:148,142,1,3
BRDA:148,155,0,0
BRDA:148,155,1,0
FN:162,System.String Studio.Compiler.PipelineCodeGenerator::pixelTypeNameFromParameter(System.String,System.String,Studio.Graph.SavedNode)
FNDA:18,System.String Studio.Compiler.PipelineCodeGenerator::pixelTypeNameFromParameter(System.String,System.String,Studio.Graph.SavedNode)
DA:163,18
DA:165,18
DA:166,0
DA:168,18
BRDA:165,15,0,0
BRDA:165,15,1,18
FN:170,System.String Studio.Compiler.PipelineCodeGenerator::uint64Literal(System.String)
FNDA:18,System.String Studio.Compiler.PipelineCodeGenerator::uint64Literal(System.String)
DA:171,18
DA:173,18
DA:174,0
DA:176,18
BRDA:173,20,0,0
BRDA:173,20,1,18
FN:178,System.String Studio.Compiler.PipelineCodeGenerator::sourcePrefix(System.String,a)
FNDA:18,System.String Studio.Compiler.PipelineCodeGenerator::sourcePrefix(System.String,a)
DA:179,18
FN:181,Microsoft.FSharp.Core.FSharpOption`1<System.String> Studio.Compiler.PipelineCodeGenerator::pairFunctionName(System.String)
FNDA:76,Microsoft.FSharp.Core.FSharpOption`1<System.String> Studio.Compiler.PipelineCodeGenerator::pairFunctionName(System.String)
DA:182,76
DA:183,0
DA:184,0
DA:185,76
BRDA:182,13,0,76
BRDA:182,13,1,0
BRDA:182,26,0,0
BRDA:182,26,1,76
FN:187,System.String Studio.Compiler.PipelineCodeGenerator::imageOpImageFunctionName(Studio.Graph.SavedNode)
FNDA:6,System.String Studio.Compiler.PipelineCodeGenerator::imageOpImageFunctionName(Studio.Graph.SavedNode)
DA:188,6
DA:189,0
DA:190,2
DA:191,0
DA:192,2
DA:193,2
DA:194,0
BRDA:188,23,0,6
BRDA:188,36,0,4
BRDA:188,49,0,4
BRDA:188,62,0,2
BRDA:188,23,1,0
BRDA:188,36,1,2
BRDA:188,49,1,0
BRDA:188,62,1,2
BRDA:188,75,0,2
BRDA:188,75,1,0
FN:196,Microsoft.FSharp.Core.FSharpOption`1<System.String> Studio.Compiler.PipelineCodeGenerator::pairStageFunctionName(Studio.Graph.SavedNode)
FNDA:82,Microsoft.FSharp.Core.FSharpOption`1<System.String> Studio.Compiler.PipelineCodeGenerator::pairStageFunctionName(Studio.Graph.SavedNode)
DA:197,82
DA:198,6
DA:199,76
BRDA:197,18,0,6
BRDA:197,18,1,76
FN:202,System.String Studio.Compiler.PipelineCodeGenerator::safeIdentifier(System.String)
FNDA:1,System.String Studio.Compiler.PipelineCodeGenerator::safeIdentifier(System.String)
DA:203,1
DA:204,3
DA:205,1
DA:207,1
FN:210,Microsoft.FSharp.Core.FSharpOption`1<System.String> Studio.Compiler.PipelineCodeGenerator::scalarImageFunctionName(Studio.Graph.SavedNode)
FNDA:0,Microsoft.FSharp.Core.FSharpOption`1<System.String> Studio.Compiler.PipelineCodeGenerator::scalarImageFunctionName(Studio.Graph.SavedNode)
DA:211,0
DA:215,0
DA:216,0
DA:218,0
DA:219,0
DA:220,0
DA:221,0
DA:222,0
DA:223,0
DA:224,0
DA:225,0
DA:226,0
DA:227,0
BRDA:211,23,0,0
BRDA:211,36,0,0
BRDA:211,49,0,0
BRDA:211,49,1,0
BRDA:211,36,1,0
BRDA:211,23,1,0
BRDA:211,62,0,0
BRDA:211,62,1,0
BRDA:218,120,0,0
BRDA:218,138,0,0
BRDA:218,159,0,0
BRDA:218,180,0,0
BRDA:218,120,1,0
BRDA:218,227,0,0
BRDA:218,248,0,0
BRDA:218,266,0,0
BRDA:218,284,0,0
BRDA:218,138,1,0
BRDA:218,159,1,0
BRDA:218,180,1,0
BRDA:218,201,0,0
BRDA:218,248,1,0
BRDA:218,266,1,0
BRDA:218,284,1,0
BRDA:218,302,0,0
BRDA:218,201,1,0
BRDA:218,227,1,0
BRDA:218,302,1,0
FN:229,System.Boolean Studio.Compiler.PipelineCodeGenerator::isScalarImageFunction(System.String)
FNDA:44,System.Boolean Studio.Compiler.PipelineCodeGenerator::isScalarImageFunction(System.String)
DA:230,44
BRDA:230,11,0,0
BRDA:230,11,1,22
FN:235,System.String Studio.Compiler.PipelineCodeGenerator::unaryImageFunctionName(Studio.Graph.SavedNode)
FNDA:3,System.String Studio.Compiler.PipelineCodeGenerator::unaryImageFunctionName(Studio.Graph.SavedNode)
DA:236,3
DA:238,9
DA:239,3
DA:241,0
BRDA:238,67,0,3
BRDA:238,67,1,0
FN:243,System.String Studio.Compiler.PipelineCodeGenerator::scalarTypeName(Studio.Graph.SavedNode)
FNDA:10,System.String Studio.Compiler.PipelineCodeGenerator::scalarTypeName(Studio.Graph.SavedNode)
DA:244,10
DA:245,2
DA:246,8
BRDA:244,18,0,2
BRDA:244,18,1,8
FN:248,Studio.Graph.SavedParameter Studio.Compiler.PipelineCodeGenerator::scalarParameter(System.String,System.String)
FNDA:2,Studio.Graph.SavedParameter Studio.Compiler.PipelineCodeGenerator::scalarParameter(System.String,System.String)
DA:249,2
DA:250,2
DA:251,2
FN:254,Studio.Graph.SavedGraph Studio.Compiler.PipelineCodeGenerator::replaceFileDirectorySelectors(Studio.Graph.SavedGraph)
FNDA:21,Studio.Graph.SavedGraph Studio.Compiler.PipelineCodeGenerator::replaceFileDirectorySelectors(Studio.Graph.SavedGraph)
DA:255,21
DA:256,21
DA:257,72
DA:258,1
DA:259,1
DA:260,1
DA:261,1
DA:262,1
DA:263,21
DA:264,92
DA:266,21
BRDA:256,15,0,0
BRDA:256,15,1,21
BRDA:264,193,1,72
BRDA:257,77,0,1
BRDA:257,77,1,71
BRDA:264,193,0,21
FN:268,Microsoft.FSharp.Collections.FSharpMap`2<System.String,System.String> Studio.Compiler.PipelineCodeGenerator::scalarNames(Studio.Graph.SavedNode[])
FNDA:21,Microsoft.FSharp.Collections.FSharpMap`2<System.String,System.String> Studio.Compiler.PipelineCodeGenerator::scalarNames(Studio.Graph.SavedNode[])
DA:269,21
DA:270,21
DA:271,21
DA:272,7
DA:273,38
DA:274,21
FN:276,Microsoft.FSharp.Core.FSharpOption`1<System.String> Studio.Compiler.PipelineCodeGenerator::computeStatsFieldName(System.Int32)
FNDA:19,Microsoft.FSharp.Core.FSharpOption`1<System.String> Studio.Compiler.PipelineCodeGenerator::computeStatsFieldName(System.Int32)
DA:277,19
DA:278,19
FN:280,Microsoft.FSharp.Core.FSharpOption`1<System.String> Studio.Compiler.PipelineCodeGenerator::stackInfoFieldExpression(a,System.Int32)
FNDA:3,Microsoft.FSharp.Core.FSharpOption`1<System.String> Studio.Compiler.PipelineCodeGenerator::stackInfoFieldExpression(a,System.Int32)
DA:281,3
DA:282,3
DA:283,3
DA:284,3
DA:285,3
DA:286,3
DA:287,3
DA:288,3
FN:290,Microsoft.FSharp.Core.FSharpOption`1<System.String> Studio.Compiler.PipelineCodeGenerator::chunkInfoFieldExpression(a,System.Int32)
FNDA:5,Microsoft.FSharp.Core.FSharpOption`1<System.String> Studio.Compiler.PipelineCodeGenerator::chunkInfoFieldExpression(a,System.Int32)
DA:291,5
DA:292,5
DA:293,5
DA:294,5
DA:295,5
DA:296,5
DA:297,5
DA:298,5
DA:299,5
DA:300,5
DA:301,5
FN:303,System.Boolean Studio.Compiler.PipelineCodeGenerator::isTranslationTableNode(Studio.Graph.SavedNode)
FNDA:11,System.Boolean Studio.Compiler.PipelineCodeGenerator::isTranslationTableNode(Studio.Graph.SavedNode)
DA:304,11
FN:306,System.Boolean Studio.Compiler.PipelineCodeGenerator::isHistogramDataNode(Studio.Graph.SavedNode)
FNDA:11,System.Boolean Studio.Compiler.PipelineCodeGenerator::isHistogramDataNode(Studio.Graph.SavedNode)
DA:307,11
FN:309,System.Boolean Studio.Compiler.PipelineCodeGenerator::isStackInfoNode(Studio.Graph.SavedNode)
FNDA:11,System.Boolean Studio.Compiler.PipelineCodeGenerator::isStackInfoNode(Studio.Graph.SavedNode)
DA:310,11
FN:312,System.Boolean Studio.Compiler.PipelineCodeGenerator::isChunkInfoNode(Studio.Graph.SavedNode)
FNDA:26,System.Boolean Studio.Compiler.PipelineCodeGenerator::isChunkInfoNode(Studio.Graph.SavedNode)
DA:313,26
BRDA:313,16,0,3
BRDA:313,16,1,8
BRDA:313,39,0,4
BRDA:313,39,1,7
FN:316,Studio.Compiler.PipelineCodeGenerator/ParameterExpression Studio.Compiler.PipelineCodeGenerator::parameterExpression(Studio.Graph.SavedGraph,Microsoft.FSharp.Collections.FSharpMap`2<System.String,Studio.Graph.SavedNode>,Microsoft.FSharp.Collections.FSharpMap`2<System.String,System.String>,Microsoft.FSharp.Collections.FSharpMap`2<System.String,System.String>,Microsoft.FSharp.Collections.FSharpMap`2<System.String,System.String>,Microsoft.FSharp.Collections.FSharpMap`2<System.String,System.String>,Microsoft.FSharp.Collections.FSharpMap`2<System.String,System.String>,Microsoft.FSharp.Collections.FSharpMap`2<System.String,System.String>,Studio.Graph.SavedNode,System.Int32,System.String)
FNDA:160,Studio.Compiler.PipelineCodeGenerator/ParameterExpression Studio.Compiler.PipelineCodeGenerator::parameterExpression(Studio.Graph.SavedGraph,Microsoft.FSharp.Collections.FSharpMap`2<System.String,Studio.Graph.SavedNode>,Microsoft.FSharp.Collections.FSharpMap`2<System.String,System.String>,Microsoft.FSharp.Collections.FSharpMap`2<System.String,System.String>,Microsoft.FSharp.Collections.FSharpMap`2<System.String,System.String>,Microsoft.FSharp.Collections.FSharpMap`2<System.String,System.String>,Microsoft.FSharp.Collections.FSharpMap`2<System.String,System.String>,Microsoft.FSharp.Collections.FSharpMap`2<System.String,System.String>,Studio.Graph.SavedNode,System.Int32,System.String)
DA:317,160
DA:318,160
DA:319,425
DA:320,122
DA:321,216
DA:322,160
DA:323,23
DA:324,160
DA:325,24
DA:326,160
DA:327,33
DA:328,2
DA:329,160
DA:330,27
DA:331,0
DA:332,160
DA:333,27
DA:334,1
DA:335,160
DA:336,8
DA:337,8
DA:338,11
DA:339,8
DA:340,5
DA:341,5
DA:342,18
DA:343,160
DA:344,160
DA:346,160
DA:348,22
DA:349,22
DA:351,138
DA:352,138
BRDA:322,34,1,137
BRDA:322,34,0,23
BRDA:323,83,0,11
BRDA:323,83,1,12
BRDA:323,97,0,11
BRDA:327,171,0,2
BRDA:327,189,0,2
BRDA:327,171,1,9
BRDA:327,189,1,9
BRDA:330,266,1,0
BRDA:330,266,0,9
BRDA:333,319,1,1
BRDA:333,319,0,8
BRDA:338,375,1,5
BRDA:338,375,0,3
BRDA:339,423,1,5
BRDA:342,453,1,0
BRDA:342,453,0,5
BRDA:339,423,0,3
BRDA:323,97,1,0
BRDA:346,508,1,22
BRDA:346,508,0,138
FN:354,System.Tuple`2<System.String,System.String> Studio.Compiler.PipelineCodeGenerator::scalarBinding(Studio.Graph.SavedGraph,Microsoft.FSharp.Collections.FSharpMap`2<System.String,Studio.Graph.SavedNode>,Microsoft.FSharp.Collections.FSharpMap`2<System.String,System.String>,Microsoft.FSharp.Collections.FSharpMap`2<System.String,System.String>,Microsoft.FSharp.Collections.FSharpMap`2<System.String,System.String>,Microsoft.FSharp.Collections.FSharpMap`2<System.String,System.String>,Microsoft.FSharp.Collections.FSharpMap`2<System.String,System.String>,Microsoft.FSharp.Collections.FSharpMap`2<System.String,System.String>,Studio.Graph.SavedNode)
FNDA:20,System.Tuple`2<System.String,System.String> Studio.Compiler.PipelineCodeGenerator::scalarBinding(Studio.Graph.SavedGraph,Microsoft.FSharp.Collections.FSharpMap`2<System.String,Studio.Graph.SavedNode>,Microsoft.FSharp.Collections.FSharpMap`2<System.String,System.String>,Microsoft.FSharp.Collections.FSharpMap`2<System.String,System.String>,Microsoft.FSharp.Collections.FSharpMap`2<System.String,System.String>,Microsoft.FSharp.Collections.FSharpMap`2<System.String,System.String>,Microsoft.FSharp.Collections.FSharpMap`2<System.String,System.String>,Microsoft.FSharp.Collections.FSharpMap`2<System.String,System.String>,Studio.Graph.SavedNode)
DA:355,20
DA:358,10
DA:367,1
DA:371,1
DA:372,0
DA:375,1
DA:376,1
DA:377,1
DA:383,1
DA:384,1
DA:385,1
DA:388,2
DA:389,6
DA:390,4
DA:391,2
DA:394,2
DA:395,2
DA:397,0
DA:399,2
DA:400,1
DA:401,1
DA:403,7
DA:405,10
BRDA:358,35,0,9
BRDA:358,35,1,1
BRDA:367,105,0,1
BRDA:367,119,0,1
BRDA:367,133,0,1
BRDA:367,133,1,0
BRDA:367,119,1,0
BRDA:367,105,1,0
BRDA:367,147,0,1
BRDA:367,147,1,0
BRDA:377,227,1,0
BRDA:377,227,0,1
BRDA:358,48,0,2
BRDA:390,392,1,0
BRDA:390,392,0,2
BRDA:391,470,1,0
BRDA:391,470,0,2
BRDA:394,497,0,2
BRDA:394,497,1,0
BRDA:399,555,0,1
BRDA:399,555,1,1
BRDA:358,48,1,7
FN:417,System.Tuple`2<System.String,System.String> Studio.Compiler.PipelineCodeGenerator::stackInfoBinding(Studio.Graph.SavedGraph,Microsoft.FSharp.Collections.FSharpMap`2<System.String,Studio.Graph.SavedNode>,Microsoft.FSharp.Collections.FSharpMap`2<System.String,System.String>,Microsoft.FSharp.Collections.FSharpMap`2<System.String,System.String>,Microsoft.FSharp.Collections.FSharpMap`2<System.String,System.String>,Microsoft.FSharp.Collections.FSharpMap`2<System.String,System.String>,Microsoft.FSharp.Collections.FSharpMap`2<System.String,System.String>,Microsoft.FSharp.Collections.FSharpMap`2<System.String,System.String>,Studio.Graph.SavedNode)
FNDA:2,System.Tuple`2<System.String,System.String> Studio.Compiler.PipelineCodeGenerator::stackInfoBinding(Studio.Graph.SavedGraph,Microsoft.FSharp.Collections.FSharpMap`2<System.String,Studio.Graph.SavedNode>,Microsoft.FSharp.Collections.FSharpMap`2<System.String,System.String>,Microsoft.FSharp.Collections.FSharpMap`2<System.String,System.String>,Microsoft.FSharp.Collections.FSharpMap`2<System.String,System.String>,Microsoft.FSharp.Collections.FSharpMap`2<System.String,System.String>,Microsoft.FSharp.Collections.FSharpMap`2<System.String,System.String>,Microsoft.FSharp.Collections.FSharpMap`2<System.String,System.String>,Studio.Graph.SavedNode)
DA:418,2
DA:419,1
DA:420,1
DA:421,1
FN:433,System.Tuple`2<System.String,System.String> Studio.Compiler.PipelineCodeGenerator::chunkInfoBinding(Studio.Graph.SavedGraph,Microsoft.FSharp.Collections.FSharpMap`2<System.String,Studio.Graph.SavedNode>,Microsoft.FSharp.Collections.FSharpMap`2<System.String,System.String>,Microsoft.FSharp.Collections.FSharpMap`2<System.String,System.String>,Microsoft.FSharp.Collections.FSharpMap`2<System.String,System.String>,Microsoft.FSharp.Collections.FSharpMap`2<System.String,System.String>,Microsoft.FSharp.Collections.FSharpMap`2<System.String,System.String>,Microsoft.FSharp.Collections.FSharpMap`2<System.String,System.String>,Studio.Graph.SavedNode)
FNDA:6,System.Tuple`2<System.String,System.String> Studio.Compiler.PipelineCodeGenerator::chunkInfoBinding(Studio.Graph.SavedGraph,Microsoft.FSharp.Collections.FSharpMap`2<System.String,Studio.Graph.SavedNode>,Microsoft.FSharp.Collections.FSharpMap`2<System.String,System.String>,Microsoft.FSharp.Collections.FSharpMap`2<System.String,System.String>,Microsoft.FSharp.Collections.FSharpMap`2<System.String,System.String>,Microsoft.FSharp.Collections.FSharpMap`2<System.String,System.String>,Microsoft.FSharp.Collections.FSharpMap`2<System.String,System.String>,Microsoft.FSharp.Collections.FSharpMap`2<System.String,System.String>,Studio.Graph.SavedNode)
DA:434,6
DA:435,3
DA:437,3
DA:438,1
DA:439,1
DA:440,1
DA:441,2
DA:442,1
DA:443,1
DA:444,1
DA:445,1
DA:446,1
DA:448,1
DA:449,1
BRDA:437,75,0,1
BRDA:437,75,1,2
BRDA:441,215,0,1
BRDA:441,215,1,1
FN:599,System.String Studio.Compiler.PipelineCodeGenerator::savedElementLine(Studio.Graph.SavedGraph,Microsoft.FSharp.Collections.FSharpMap`2<System.String,Studio.Graph.SavedNode>,Microsoft.FSharp.Collections.FSharpMap`2<System.String,System.String>,Microsoft.FSharp.Collections.FSharpMap`2<System.String,System.String>,Microsoft.FSharp.Collections.FSharpMap`2<System.String,System.String>,Microsoft.FSharp.Collections.FSharpMap`2<System.String,System.String>,Microsoft.FSharp.Collections.FSharpMap`2<System.String,System.String>,Microsoft.FSharp.Collections.FSharpMap`2<System.String,System.String>,Studio.Graph.SavedNode)
FNDA:54,System.String Studio.Compiler.PipelineCodeGenerator::savedElementLine(Studio.Graph.SavedGraph,Microsoft.FSharp.Collections.FSharpMap`2<System.String,Studio.Graph.SavedNode>,Microsoft.FSharp.Collections.FSharpMap`2<System.String,System.String>,Microsoft.FSharp.Collections.FSharpMap`2<System.String,System.String>,Microsoft.FSharp.Collections.FSharpMap`2<System.String,System.String>,Microsoft.FSharp.Collections.FSharpMap`2<System.String,System.String>,Microsoft.FSharp.Collections.FSharpMap`2<System.String,System.String>,Microsoft.FSharp.Collections.FSharpMap`2<System.String,System.String>,Studio.Graph.SavedNode)
DA:600,54
DA:602,0
DA:603,0
DA:604,0
DA:605,0
DA:606,0
DA:607,0
DA:609,0
DA:610,0
DA:611,0
DA:612,0
DA:613,0
DA:614,0
DA:615,0
DA:616,0
DA:617,0
DA:618,0
DA:620,0
DA:624,0
DA:628,0
DA:630,0
DA:632,0
DA:633,0
DA:634,0
DA:635,0
DA:636,0
DA:637,0
DA:638,0
DA:639,0
DA:640,0
DA:641,0
DA:642,0
DA:643,0
DA:644,0
DA:645,0
DA:646,0
DA:647,0
DA:649,0
DA:650,0
DA:651,0
DA:652,0
DA:653,0
DA:654,0
DA:656,1
DA:657,1
DA:658,1
DA:659,1
DA:660,2
DA:662,1
DA:663,1
DA:664,1
DA:665,1
DA:666,1
DA:667,1
DA:668,1
DA:669,1
DA:670,1
DA:671,2
DA:673,1
DA:674,1
DA:675,1
DA:676,1
DA:677,1
DA:678,1
DA:679,1
DA:680,1
DA:681,2
DA:683,15
DA:684,15
DA:685,15
DA:686,15
DA:687,30
DA:689,1
DA:690,1
DA:691,1
DA:692,1
DA:693,1
DA:694,1
DA:696,2
DA:697,2
DA:698,2
DA:699,2
DA:700,2
DA:701,2
DA:702,2
DA:703,2
DA:704,2
DA:705,2
DA:706,2
DA:708,0
DA:709,0
DA:710,0
DA:712,1
DA:713,1
DA:714,1
DA:715,1
DA:718,1
DA:719,1
DA:720,6
DA:721,2
DA:722,4
DA:723,2
DA:724,1
DA:725,3
DA:726,2
DA:727,2
DA:728,1
DA:730,1
DA:733,1
DA:734,3
DA:735,1
DA:736,4
DA:737,1
DA:738,1
DA:739,3
DA:740,2
DA:741,1
DA:742,1
DA:743,1
DA:744,4
DA:745,1
DA:746,1
DA:747,2
DA:748,1
DA:750,1
DA:753,1
DA:754,3
DA:755,1
DA:756,5
DA:757,1
DA:758,1
DA:759,1
DA:760,2
DA:761,1
DA:762,2
DA:763,1
DA:764,3
DA:765,1
DA:766,1
DA:767,1
DA:768,1
DA:769,1
DA:770,1
DA:771,1
DA:772,2
DA:773,1
DA:775,1
DA:776,1
DA:778,0
DA:779,0
DA:782,6
DA:783,26
DA:784,6
DA:785,54
DA:786,13
DA:787,6
DA:788,13
DA:789,6
DA:792,6
DA:794,6
DA:796,0
DA:798,1
DA:800,1
DA:801,1
DA:802,1
DA:804,0
DA:806,1
DA:808,0
DA:809,22
DA:810,0
DA:811,0
DA:812,44
DA:813,0
DA:815,0
DA:816,0
DA:817,0
DA:818,0
DA:819,0
DA:821,1
DA:822,2
DA:823,2
DA:824,2
DA:825,1
DA:827,0
DA:828,0
DA:830,0
DA:831,0
DA:832,0
DA:833,0
DA:835,1
DA:836,1
DA:838,1
DA:840,0
DA:841,0
DA:842,0
DA:844,1
DA:845,1
DA:846,1
DA:848,0
DA:849,0
DA:851,0
DA:852,0
DA:854,0
DA:855,0
DA:857,0
DA:858,0
DA:860,1
DA:861,1
DA:863,1
DA:864,1
DA:865,1
DA:867,1
DA:868,1
DA:869,1
DA:871,1
DA:872,1
DA:874,1
DA:875,1
DA:877,1
DA:878,1
DA:880,1
DA:881,1
DA:883,0
DA:884,0
DA:885,0
DA:887,0
DA:888,0
DA:889,0
DA:891,0
DA:892,0
DA:893,0
DA:894,0
DA:895,0
DA:896,0
DA:897,0
DA:898,0
DA:899,0
DA:900,0
DA:902,0
DA:903,0
DA:904,0
DA:906,11
DA:907,11
DA:908,11
DA:910,0
BRDA:600,115,0,54
BRDA:600,132,0,54
BRDA:600,149,0,54
BRDA:600,166,0,53
BRDA:600,183,0,52
BRDA:600,200,0,51
BRDA:600,217,0,36
BRDA:600,234,0,35
BRDA:600,251,0,33
BRDA:600,268,0,33
BRDA:600,285,0,32
BRDA:600,302,0,31
BRDA:600,319,0,25
BRDA:600,336,0,25
BRDA:600,353,0,24
BRDA:600,370,0,23
BRDA:600,387,0,23
BRDA:600,404,0,22
BRDA:600,421,0,22
BRDA:600,438,0,0
BRDA:809,451,0,0
BRDA:600,438,1,22
BRDA:812,501,0,1
BRDA:809,514,0,1
BRDA:812,539,0,0
BRDA:809,514,1,0
BRDA:812,501,1,21
BRDA:812,574,0,0
BRDA:809,587,0,0
BRDA:812,612,0,0
BRDA:809,587,1,0
BRDA:812,574,1,21
BRDA:812,647,0,0
BRDA:809,660,0,0
BRDA:812,685,0,0
BRDA:809,660,1,0
BRDA:812,647,1,21
BRDA:812,720,0,1
BRDA:809,733,0,1
BRDA:812,758,0,0
BRDA:809,733,1,0
BRDA:812,720,1,20
BRDA:812,793,0,1
BRDA:809,806,0,1
BRDA:812,831,0,0
BRDA:809,806,1,0
BRDA:812,793,1,19
BRDA:812,866,0,0
BRDA:809,879,0,0
BRDA:812,904,0,0
BRDA:809,879,1,0
BRDA:812,866,1,19
BRDA:812,939,0,1
BRDA:809,952,0,1
BRDA:812,977,0,0
BRDA:809,952,1,0
BRDA:812,939,1,18
BRDA:812,1012,0,0
BRDA:809,1025,0,0
BRDA:812,1050,0,0
BRDA:809,1025,1,0
BRDA:812,1012,1,18
BRDA:812,1085,0,0
BRDA:809,1098,0,0
BRDA:812,1123,0,0
BRDA:809,1098,1,0
BRDA:812,1085,1,18
BRDA:812,1158,0,0
BRDA:809,1171,0,0
BRDA:812,1196,0,0
BRDA:809,1171,1,0
BRDA:812,1158,1,18
BRDA:812,1231,0,0
BRDA:809,1244,0,0
BRDA:812,1269,0,0
BRDA:809,1244,1,0
BRDA:812,1231,1,18
BRDA:812,1304,0,1
BRDA:809,1317,0,1
BRDA:812,1342,0,0
BRDA:809,1317,1,0
BRDA:812,1304,1,17
BRDA:812,1377,0,1
BRDA:809,1390,0,1
BRDA:812,1415,0,0
BRDA:809,1390,1,0
BRDA:812,1377,1,16
BRDA:812,1450,0,1
BRDA:809,1463,0,1
BRDA:812,1488,0,0
BRDA:809,1463,1,0
BRDA:812,1450,1,15
BRDA:812,1523,0,1
BRDA:809,1536,0,1
BRDA:812,1561,0,0
BRDA:809,1536,1,0
BRDA:812,1523,1,14
BRDA:812,1596,0,1
BRDA:809,1609,0,1
BRDA:812,1634,0,0
BRDA:809,1609,1,0
BRDA:812,1596,1,13
BRDA:812,1669,0,1
BRDA:809,1682,0,1
BRDA:812,1707,0,0
BRDA:809,1682,1,0
BRDA:812,1669,1,12
BRDA:812,1742,0,1
BRDA:809,1755,0,1
BRDA:812,1780,0,0
BRDA:809,1755,1,0
BRDA:812,1742,1,11
BRDA:812,1815,0,0
BRDA:809,1828,0,0
BRDA:812,1853,0,0
BRDA:809,1828,1,0
BRDA:812,1815,1,11
BRDA:812,1888,0,0
BRDA:809,1901,0,0
BRDA:812,1926,0,0
BRDA:809,1901,1,0
BRDA:812,1888,1,11
BRDA:812,1961,0,0
BRDA:809,1974,0,0
BRDA:812,1999,0,0
BRDA:809,1974,1,0
BRDA:812,1961,1,11
BRDA:812,2034,0,0
BRDA:809,2047,0,0
BRDA:812,2072,0,0
BRDA:809,2047,1,0
BRDA:812,2034,1,11
BRDA:812,2107,0,11
BRDA:809,2120,0,11
BRDA:812,2145,0,0
BRDA:809,2120,1,0
BRDA:812,2107,1,0
BRDA:809,2179,0,0
BRDA:812,2204,0,0
BRDA:809,2179,1,0
BRDA:600,115,1,0
BRDA:600,132,1,0
BRDA:620,2563,0,0
BRDA:620,2577,0,0
BRDA:620,2591,0,0
BRDA:620,2605,0,0
BRDA:620,2619,0,0
BRDA:620,2563,1,0
BRDA:620,2577,1,0
BRDA:620,2591,1,0
BRDA:620,2605,1,0
BRDA:620,2619,1,0
BRDA:620,2633,0,0
BRDA:620,2633,1,0
BRDA:600,149,1,0
BRDA:600,166,1,1
BRDA:600,183,1,1
BRDA:600,200,1,1
BRDA:600,217,1,15
BRDA:600,234,1,1
BRDA:600,251,1,2
BRDA:600,268,1,0
BRDA:600,285,1,1
BRDA:600,302,1,1
BRDA:730,4658,1,1
BRDA:748,4743,1,0
BRDA:748,4743,0,1
BRDA:730,4658,0,0
BRDA:600,319,1,6
BRDA:600,336,1,0
BRDA:600,353,1,1
BRDA:600,370,1,1
BRDA:600,387,1,0
BRDA:600,404,1,1
BRDA:600,421,1,0
BRDA:809,451,1,0
BRDA:812,479,0,0
BRDA:812,479,1,0
BRDA:812,539,1,1
BRDA:812,612,1,0
BRDA:812,685,1,0
BRDA:812,758,1,1
BRDA:812,831,1,1
BRDA:812,904,1,0
BRDA:812,977,1,1
BRDA:812,1050,1,0
BRDA:812,1123,1,0
BRDA:812,1196,1,0
BRDA:812,1269,1,0
BRDA:812,1342,1,1
BRDA:812,1415,1,1
BRDA:812,1488,1,1
BRDA:812,1561,1,1
BRDA:812,1634,1,1
BRDA:812,1707,1,1
BRDA:812,1780,1,1
BRDA:812,1853,1,0
BRDA:812,1926,1,0
BRDA:812,1999,1,0
BRDA:812,2072,1,0
BRDA:812,2145,1,11
BRDA:812,2204,1,0
FN:912,System.String Studio.Compiler.PipelineCodeGenerator::generateSavedGraph(Studio.Graph.SavedGraph)
FNDA:21,System.String Studio.Compiler.PipelineCodeGenerator::generateSavedGraph(Studio.Graph.SavedGraph)
DA:913,21
DA:914,21
DA:915,135
DA:917,21
DA:918,222
DA:920,21
DA:922,21
DA:923,21
DA:924,123
DA:925,22
DA:926,21
DA:927,66
DA:928,32
DA:929,23
DA:932,21
DA:933,22
DA:934,21
DA:937,21
DA:938,21
DA:939,123
DA:940,22
DA:941,21
DA:942,66
DA:943,21
DA:944,21
DA:947,21
DA:948,21
DA:949,21
DA:952,21
DA:953,21
DA:954,123
DA:955,22
DA:956,21
DA:957,66
DA:958,21
DA:959,22
DA:962,21
DA:963,22
DA:964,21
DA:967,21
DA:968,21
DA:969,123
DA:970,22
DA:971,21
DA:972,66
DA:973,21
DA:974,24
DA:977,21
DA:978,22
DA:979,21
DA:982,21
DA:983,21
DA:984,123
DA:985,22
DA:986,21
DA:987,66
DA:988,21
DA:989,26
DA:992,21
DA:993,24
DA:994,21
DA:996,21
DA:999,21
DA:1000,121
DA:1003,21
DA:1004,21
DA:1005,124
DA:1006,60
DA:1007,13
DA:1008,1
DA:1009,21
DA:1010,11
DA:1011,21
DA:1012,65
DA:1013,21
DA:1199,21
DA:1200,21
DA:1201,72
DA:1202,65
DA:1203,64
DA:1204,62
DA:1205,61
DA:1206,60
DA:1207,59
DA:1208,174
DA:1209,171
DA:1210,168
DA:1211,168
DA:1212,165
DA:1213,165
DA:1214,291
DA:1216,21
DA:1217,65
DA:1297,186
DA:1300,114
DA:1302,41
DA:1304,42
DA:1306,21
DA:1307,2
DA:1309,42
DA:1311,21
DA:1312,2
DA:1313,2
DA:1314,2
DA:1315,2
DA:1316,2
DA:1317,2
DA:1318,2
DA:1319,2
DA:1320,2
DA:1321,2
DA:1322,2
DA:1323,2
DA:1325,21
DA:1326,0
DA:1327,0
DA:1328,0
DA:1329,0
DA:1330,0
DA:1332,21
DA:1334,21
DA:1335,11
DA:1336,43
DA:1337,22
DA:1339,21
DA:1340,21
DA:1341,22
DA:1342,2
DA:1343,21
DA:1344,65
DA:1346,21
BRDA:1217,746,0,0
BRDA:1217,746,1,21
BRDA:1217,840,1,22
BRDA:1217,840,0,21
BRDA:1297,908,0,0
BRDA:1297,908,1,21
BRDA:1297,1009,1,72
BRDA:1297,958,0,0
BRDA:1297,958,1,72
BRDA:1297,992,1,92
BRDA:1297,992,0,1
BRDA:1297,1009,0,21
BRDA:1300,1034,0,0
BRDA:1300,1034,1,21
BRDA:1300,1111,1,72
BRDA:1300,1094,1,93
BRDA:1300,1094,0,0
BRDA:1300,1111,0,21
BRDA:1302,1119,0,1
BRDA:1302,1119,1,20
BRDA:1306,1150,0,1
BRDA:1306,1150,1,20
BRDA:1311,1188,0,1
BRDA:1311,1188,1,20
BRDA:1325,1399,0,0
BRDA:1325,1399,1,21
BRDA:1334,1501,0,11
BRDA:1336,1518,0,0
BRDA:1336,1518,1,11
BRDA:1336,1579,1,16
BRDA:1336,1579,0,11
BRDA:1334,1501,1,10
FN:361,System.Boolean Studio.Compiler.PipelineCodeGenerator/Pipe #1 stage #1 at line 362@362::Invoke(Studio.Graph.SavedParameter)
FNDA:9,System.Boolean Studio.Compiler.PipelineCodeGenerator/Pipe #1 stage #1 at line 362@362::Invoke(Studio.Graph.SavedParameter)
DA:362,9
FN:360,Studio.Compiler.PipelineCodeGenerator/ParameterExpression Studio.Compiler.PipelineCodeGenerator/parameterExpression@361::Invoke(System.String)
FNDA:2,Studio.Compiler.PipelineCodeGenerator/ParameterExpression Studio.Compiler.PipelineCodeGenerator/parameterExpression@361::Invoke(System.String)
DA:361,2
DA:363,4
DA:364,2
BRDA:363,34,1,0
BRDA:363,34,0,2
BRDA:364,148,1,0
BRDA:364,148,0,2
FN:379,System.String Studio.Compiler.PipelineCodeGenerator/typedParameter@380::Invoke(System.String)
FNDA:2,System.String Studio.Compiler.PipelineCodeGenerator/typedParameter@380::Invoke(System.String)
DA:380,2
DA:381,4
BRDA:381,20,0,1
BRDA:381,20,1,1
FN:409,System.Boolean Studio.Compiler.PipelineCodeGenerator/Pipe #1 stage #1 at line 410@410::Invoke(Studio.Graph.SavedParameter)
FNDA:5,System.Boolean Studio.Compiler.PipelineCodeGenerator/Pipe #1 stage #1 at line 410@410::Invoke(Studio.Graph.SavedParameter)
DA:410,5
FN:408,Studio.Compiler.PipelineCodeGenerator/ParameterExpression Studio.Compiler.PipelineCodeGenerator/parameterExpression@409-1::Invoke(System.String)
FNDA:2,Studio.Compiler.PipelineCodeGenerator/ParameterExpression Studio.Compiler.PipelineCodeGenerator/parameterExpression@409-1::Invoke(System.String)
DA:409,2
DA:411,4
DA:412,2
BRDA:411,34,1,0
BRDA:411,34,0,2
BRDA:412,148,1,0
BRDA:412,148,0,2
FN:414,System.String Studio.Compiler.PipelineCodeGenerator/stringArgument@415::Invoke(System.String)
FNDA:2,System.String Studio.Compiler.PipelineCodeGenerator/stringArgument@415::Invoke(System.String)
DA:415,2
DA:416,4
BRDA:416,20,0,1
BRDA:416,20,1,1
FN:425,System.Boolean Studio.Compiler.PipelineCodeGenerator/Pipe #1 stage #1 at line 426@426::Invoke(Studio.Graph.SavedParameter)
FNDA:34,System.Boolean Studio.Compiler.PipelineCodeGenerator/Pipe #1 stage #1 at line 426@426::Invoke(Studio.Graph.SavedParameter)
DA:426,34
FN:424,Studio.Compiler.PipelineCodeGenerator/ParameterExpression Studio.Compiler.PipelineCodeGenerator/parameterExpression@425-2::Invoke(System.String)
FNDA:10,Studio.Compiler.PipelineCodeGenerator/ParameterExpression Studio.Compiler.PipelineCodeGenerator/parameterExpression@425-2::Invoke(System.String)
DA:425,10
DA:427,20
DA:428,10
BRDA:427,34,1,0
BRDA:427,34,0,10
BRDA:428,148,1,0
BRDA:428,148,0,10
FN:430,System.String Studio.Compiler.PipelineCodeGenerator/stringArgument@431-1::Invoke(System.String)
FNDA:5,System.String Studio.Compiler.PipelineCodeGenerator/stringArgument@431-1::Invoke(System.String)
DA:431,5
DA:432,10
BRDA:432,20,0,0
BRDA:432,20,1,5
FN:453,System.Boolean Studio.Compiler.PipelineCodeGenerator/Pipe #1 stage #1 at line 454@454::Invoke(Studio.Graph.SavedParameter)
FNDA:579,System.Boolean Studio.Compiler.PipelineCodeGenerator/Pipe #1 stage #1 at line 454@454::Invoke(Studio.Graph.SavedParameter)
DA:454,579
FN:452,Studio.Compiler.PipelineCodeGenerator/ParameterExpression Studio.Compiler.PipelineCodeGenerator/parameterExpressionForNode@453::Invoke(Studio.Graph.SavedNode,System.String)
FNDA:144,Studio.Compiler.PipelineCodeGenerator/ParameterExpression Studio.Compiler.PipelineCodeGenerator/parameterExpressionForNode@453::Invoke(Studio.Graph.SavedNode,System.String)
DA:453,144
DA:455,288
DA:456,144
BRDA:455,29,1,0
BRDA:455,29,0,144
BRDA:456,138,1,0
BRDA:456,138,0,144
FN:458,Studio.Compiler.PipelineCodeGenerator/ParameterExpression Studio.Compiler.PipelineCodeGenerator/parameterExpression@459-3::Invoke(System.String)
FNDA:65,Studio.Compiler.PipelineCodeGenerator/ParameterExpression Studio.Compiler.PipelineCodeGenerator/parameterExpression@459-3::Invoke(System.String)
DA:459,65
FN:462,Microsoft.FSharp.Core.FSharpOption`1<Studio.Graph.BasicType> Studio.Compiler.PipelineCodeGenerator/configuredNumericType@463::Invoke(Microsoft.FSharp.Core.Unit)
FNDA:0,Microsoft.FSharp.Core.FSharpOption`1<Studio.Graph.BasicType> Studio.Compiler.PipelineCodeGenerator/configuredNumericType@463::Invoke(Microsoft.FSharp.Core.Unit)
DA:463,0
DA:464,0
DA:465,0
BRDA:465,27,1,0
BRDA:465,27,0,0
FN:477,System.Boolean Studio.Compiler.PipelineCodeGenerator/Pipe #1 stage #1 at line 478@478::Invoke(Studio.Graph.Parameter)
FNDA:292,System.Boolean Studio.Compiler.PipelineCodeGenerator/Pipe #1 stage #1 at line 478@478::Invoke(Studio.Graph.Parameter)
DA:478,292
FN:466,Microsoft.FSharp.Core.FSharpOption`1<Studio.Graph.BasicType> Studio.Compiler.PipelineCodeGenerator/dynamicParameterTypeForNode@462::Invoke(Studio.Graph.SavedNode,System.String)
FNDA:64,Microsoft.FSharp.Core.FSharpOption`1<Studio.Graph.BasicType> Studio.Compiler.PipelineCodeGenerator/dynamicParameterTypeForNode@462::Invoke(Studio.Graph.SavedNode,System.String)
DA:467,64
DA:469,0
DA:471,0
DA:472,0
DA:473,0
DA:475,64
DA:476,64
DA:477,64
DA:479,192
BRDA:467,36,0,0
BRDA:467,54,0,0
BRDA:467,75,0,0
BRDA:467,96,0,0
BRDA:467,36,1,64
BRDA:472,140,0,0
BRDA:472,158,0,0
BRDA:472,176,0,0
BRDA:472,193,0,0
BRDA:472,140,1,64
BRDA:472,220,0,0
BRDA:472,237,0,0
BRDA:467,54,1,0
BRDA:467,75,1,0
BRDA:472,158,1,0
BRDA:472,114,0,0
BRDA:467,96,1,64
BRDA:472,114,1,64
BRDA:472,176,1,64
BRDA:472,193,1,64
BRDA:472,220,1,64
BRDA:472,237,1,64
BRDA:476,306,1,0
BRDA:476,306,0,64
BRDA:479,367,1,0
BRDA:479,367,0,64
FN:481,System.String Studio.Compiler.PipelineCodeGenerator/parameterValueForNode@482::Invoke(Studio.Graph.SavedNode,System.String)
FNDA:79,System.String Studio.Compiler.PipelineCodeGenerator/parameterValueForNode@482::Invoke(Studio.Graph.SavedNode,System.String)
DA:482,79
DA:484,79
DA:485,15
DA:487,64
DA:489,41
DA:491,0
DA:493,0
DA:495,0
DA:498,23
BRDA:484,21,0,15
BRDA:484,21,1,64
BRDA:487,45,1,64
BRDA:487,62,0,41
BRDA:487,62,1,41
BRDA:487,62,2,0
BRDA:487,62,5,0
BRDA:487,62,4,0
BRDA:487,45,0,23
BRDA:487,62,3,23
FN:500,System.String Studio.Compiler.PipelineCodeGenerator/parameterValue@501::Invoke(System.String)
FNDA:78,System.String Studio.Compiler.PipelineCodeGenerator/parameterValue@501::Invoke(System.String)
DA:501,78
FN:503,System.String Studio.Compiler.PipelineCodeGenerator/quotedParameter@504::Invoke(System.String)
FNDA:65,System.String Studio.Compiler.PipelineCodeGenerator/quotedParameter@504::Invoke(System.String)
DA:504,65
DA:505,130
BRDA:505,20,0,3
BRDA:505,20,1,62
FN:507,System.String Studio.Compiler.PipelineCodeGenerator/stringParameter@508::Invoke(System.String)
FNDA:0,System.String Studio.Compiler.PipelineCodeGenerator/stringParameter@508::Invoke(System.String)
DA:508,0
DA:509,0
BRDA:509,20,0,0
BRDA:509,20,1,0
FN:513,System.Boolean Studio.Compiler.PipelineCodeGenerator/Pipe #1 stage #1 at line 513@513::Invoke(Studio.Graph.SavedEdge)
FNDA:34,System.Boolean Studio.Compiler.PipelineCodeGenerator/Pipe #1 stage #1 at line 513@513::Invoke(Studio.Graph.SavedEdge)
DA:514,34
DA:515,24
DA:516,39
BRDA:514,22,0,24
BRDA:514,22,1,10
BRDA:515,45,0,24
BRDA:515,45,1,10
FN:543,System.Boolean Studio.Compiler.PipelineCodeGenerator/Pipe #1 stage #1 at line 544@544::Invoke(Studio.Graph.SavedParameter)
FNDA:0,System.Boolean Studio.Compiler.PipelineCodeGenerator/Pipe #1 stage #1 at line 544@544::Invoke(Studio.Graph.SavedParameter)
DA:544,0
FN:511,System.String Studio.Compiler.PipelineCodeGenerator/printInputNameForNode@512::Invoke(Studio.Graph.SavedNode,System.String,System.Int32)
FNDA:15,System.String Studio.Compiler.PipelineCodeGenerator/printInputNameForNode@512::Invoke(Studio.Graph.SavedNode,System.String,System.Int32)
DA:512,15
DA:513,15
DA:517,15
DA:518,15
DA:519,15
DA:520,8
DA:521,8
DA:522,1
DA:523,1
DA:524,9
DA:525,1
DA:526,10
DA:527,1
DA:528,1
DA:529,12
DA:530,15
DA:531,7
DA:532,7
DA:533,7
DA:534,7
DA:535,2
DA:536,5
DA:537,2
DA:538,7
DA:539,10
DA:540,15
DA:541,15
DA:542,15
DA:543,0
DA:545,15
DA:546,15
DA:547,15
DA:548,15
DA:549,15
DA:550,1
DA:551,15
DA:552,29
DA:553,15
DA:554,15
BRDA:517,35,1,0
BRDA:517,35,0,15
BRDA:518,84,0,7
BRDA:518,84,1,8
BRDA:521,128,1,1
BRDA:524,165,1,0
BRDA:524,165,0,1
BRDA:526,213,1,0
BRDA:526,213,0,1
BRDA:529,272,1,0
BRDA:529,272,0,1
BRDA:521,128,0,7
BRDA:518,98,0,7
BRDA:533,352,1,0
BRDA:533,352,0,7
BRDA:534,395,0,2
BRDA:534,395,1,5
BRDA:536,423,0,2
BRDA:536,423,1,3
BRDA:518,98,1,0
BRDA:542,466,1,0
BRDA:545,507,1,0
BRDA:545,507,0,0
BRDA:542,466,0,15
BRDA:546,554,1,0
BRDA:546,554,0,15
BRDA:549,594,0,1
BRDA:549,594,1,14
BRDA:553,661,1,0
BRDA:553,661,0,15
BRDA:553,691,0,15
BRDA:553,691,1,0
BRDA:554,716,1,0
BRDA:554,716,0,15
FN:556,System.String Studio.Compiler.PipelineCodeGenerator/printInputName@557::Invoke(System.String,System.Int32)
FNDA:13,System.String Studio.Compiler.PipelineCodeGenerator/printInputName@557::Invoke(System.String,System.Int32)
DA:557,13
FN:561,Microsoft.FSharp.Collections.FSharpList`1<System.Tuple`2<System.String,System.String>> Studio.Compiler.PipelineCodeGenerator/Pipe #1 stage #1 at line 562@562::Invoke(System.Tuple`3<System.String,System.String,System.String>)
FNDA:21,Microsoft.FSharp.Collections.FSharpList`1<System.Tuple`2<System.String,System.String>> Studio.Compiler.PipelineCodeGenerator/Pipe #1 stage #1 at line 562@562::Invoke(System.Tuple`3<System.String,System.String,System.String>)
DA:562,21
FN:565,System.String Studio.Compiler.PipelineCodeGenerator/escapeText@566::Invoke(System.String)
FNDA:9,System.String Studio.Compiler.PipelineCodeGenerator/escapeText@566::Invoke(System.String)
DA:566,9
DA:567,9
DA:568,9
DA:569,9
DA:570,9
DA:571,9
DA:572,9
DA:573,9
DA:574,9
DA:575,9
DA:576,9
FN:560,System.String Studio.Compiler.PipelineCodeGenerator/interpolatedStringExpression@560::Invoke(System.String,Microsoft.FSharp.Collections.FSharpList`1<System.Tuple`3<System.String,System.String,System.String>>)
FNDA:7,System.String Studio.Compiler.PipelineCodeGenerator/interpolatedStringExpression@560::Invoke(System.String,Microsoft.FSharp.Collections.FSharpList`1<System.Tuple`3<System.String,System.String,System.String>>)
DA:561,7
DA:563,7
DA:578,7
DA:579,7
DA:581,35
DA:582,14
DA:583,18
DA:585,14
DA:587,42
DA:589,28
DA:591,0
DA:593,14
DA:595,7
DA:596,0
DA:598,7
BRDA:581,279,1,14
BRDA:582,88,0,9
BRDA:582,88,1,5
BRDA:587,173,1,14
BRDA:587,173,0,0
BRDA:581,279,0,7
BRDA:595,317,0,0
BRDA:595,317,1,7
FN:1015,Microsoft.FSharp.Core.FSharpOption`1<System.String> Studio.Compiler.PipelineCodeGenerator/bindingNameForOutput@1016::Invoke(Studio.Graph.SavedEdge)
FNDA:4,Microsoft.FSharp.Core.FSharpOption`1<System.String> Studio.Compiler.PipelineCodeGenerator/bindingNameForOutput@1016::Invoke(Studio.Graph.SavedEdge)
DA:1016,4
DA:1018,8
DA:1020,0
DA:1021,0
DA:1023,0
DA:1024,0
DA:1026,0
DA:1027,0
DA:1029,0
DA:1030,0
DA:1031,0
DA:1033,0
BRDA:1016,18,0,0
BRDA:1016,18,1,4
BRDA:1016,31,0,0
BRDA:1020,80,1,0
BRDA:1020,80,0,0
BRDA:1023,130,1,0
BRDA:1023,130,0,0
BRDA:1026,181,1,0
BRDA:1026,181,0,0
BRDA:1029,232,1,0
BRDA:1029,232,0,0
BRDA:1016,31,1,0
FN:1037,Microsoft.FSharp.Core.FSharpOption`1<System.String> Studio.Compiler.PipelineCodeGenerator/Pipe #1 stage #1 at line 1037@1037::Invoke(Studio.Graph.SavedEdge)
FNDA:96,Microsoft.FSharp.Core.FSharpOption`1<System.String> Studio.Compiler.PipelineCodeGenerator/Pipe #1 stage #1 at line 1037@1037::Invoke(Studio.Graph.SavedEdge)
DA:1038,96
DA:1039,4
DA:1041,58
BRDA:1038,23,0,4
BRDA:1038,23,1,42
BRDA:1038,46,0,4
BRDA:1038,46,1,42
FN:1035,Microsoft.FSharp.Collections.FSharpSet`1<System.String> Studio.Compiler.PipelineCodeGenerator/parameterBindingDependencies@1036::Invoke(Studio.Graph.SavedNode)
FNDA:16,Microsoft.FSharp.Collections.FSharpSet`1<System.String> Studio.Compiler.PipelineCodeGenerator/parameterBindingDependencies@1036::Invoke(Studio.Graph.SavedNode)
DA:1036,16
DA:1037,16
DA:1040,16
DA:1042,16
FN:1052,System.Boolean Studio.Compiler.PipelineCodeGenerator/Pipe #3 stage #1 at line 1053@1053::Invoke(Studio.Graph.SavedEdge)
FNDA:2,System.Boolean Studio.Compiler.PipelineCodeGenerator/Pipe #3 stage #1 at line 1053@1053::Invoke(Studio.Graph.SavedEdge)
DA:1053,2
FN:1053,Microsoft.FSharp.Core.FSharpOption`1<Studio.Graph.SavedNode> Studio.Compiler.PipelineCodeGenerator/Pipe #3 stage #2 at line 1054@1054::Invoke(Studio.Graph.SavedEdge)
FNDA:2,Microsoft.FSharp.Core.FSharpOption`1<Studio.Graph.SavedNode> Studio.Compiler.PipelineCodeGenerator/Pipe #3 stage #2 at line 1054@1054::Invoke(Studio.Graph.SavedEdge)
DA:1054,2
FN:1044,Microsoft.FSharp.Collections.FSharpSet`1<System.String> Studio.Compiler.PipelineCodeGenerator/pipelineBindingDependencies@1045::Invoke(Microsoft.FSharp.Collections.FSharpSet`1<System.String>,Studio.Graph.SavedNode)
FNDA:6,Microsoft.FSharp.Collections.FSharpSet`1<System.String> Studio.Compiler.PipelineCodeGenerator/pipelineBindingDependencies@1045::Invoke(Microsoft.FSharp.Collections.FSharpSet`1<System.String>,Studio.Graph.SavedNode)
DA:1045,6
DA:1046,0
DA:1048,4
DA:1049,2
DA:1052,2
DA:1055,2
DA:1056,2
DA:1058,2
BRDA:1045,15,0,0
BRDA:1045,15,1,2
BRDA:1055,114,0,0
BRDA:1055,114,1,2
BRDA:1055,181,1,0
BRDA:1055,181,0,2
FN:1060,System.String Studio.Compiler.PipelineCodeGenerator/indentBlock@1061::Invoke(System.Int32,System.String)
FNDA:14,System.String Studio.Compiler.PipelineCodeGenerator/indentBlock@1061::Invoke(System.Int32,System.String)
DA:1061,14
DA:1063,14
DA:1064,94
DA:1065,14
BRDA:1064,47,0,0
BRDA:1064,47,1,14
BRDA:1064,131,1,40
BRDA:1064,98,0,0
BRDA:1064,98,1,40
BRDA:1064,131,0,14
FN:1067,System.String Studio.Compiler.PipelineCodeGenerator/parenthesizeBlock@1068::Invoke(System.String)
FNDA:6,System.String Studio.Compiler.PipelineCodeGenerator/parenthesizeBlock@1068::Invoke(System.String)
DA:1068,6
FN:1071,System.Boolean Studio.Compiler.PipelineCodeGenerator/incomingDataEdge@1072-1::Invoke(Studio.Graph.SavedEdge)
FNDA:373,System.Boolean Studio.Compiler.PipelineCodeGenerator/incomingDataEdge@1072-1::Invoke(Studio.Graph.SavedEdge)
DA:1072,373
BRDA:1072,17,0,72
BRDA:1072,17,1,130
FN:1070,Microsoft.FSharp.Core.FSharpOption`1<Studio.Graph.SavedEdge> Studio.Compiler.PipelineCodeGenerator/incomingDataEdge@1071::Invoke(System.String,System.Int32)
FNDA:99,Microsoft.FSharp.Core.FSharpOption`1<Studio.Graph.SavedEdge> Studio.Compiler.PipelineCodeGenerator/incomingDataEdge@1071::Invoke(System.String,System.Int32)
DA:1071,99
FN:1074,System.Boolean Studio.Compiler.PipelineCodeGenerator/sameOutputEdge@1075::Invoke(Studio.Graph.SavedEdge,Studio.Graph.SavedEdge)
FNDA:3,System.Boolean Studio.Compiler.PipelineCodeGenerator/sameOutputEdge@1075::Invoke(Studio.Graph.SavedEdge,Studio.Graph.SavedEdge)
DA:1075,3
DA:1076,0
DA:1077,0
BRDA:1075,17,0,0
BRDA:1075,17,1,3
BRDA:1076,38,0,0
BRDA:1076,38,1,3
FN:1079,Microsoft.FSharp.Core.FSharpOption`1<System.String> Studio.Compiler.PipelineCodeGenerator/stageCall@1080::Invoke(Studio.Graph.SavedNode)
FNDA:0,Microsoft.FSharp.Core.FSharpOption`1<System.String> Studio.Compiler.PipelineCodeGenerator/stageCall@1080::Invoke(Studio.Graph.SavedNode)
DA:1080,0
DA:1082,0
DA:1083,0
DA:1084,0
DA:1085,0
DA:1087,0
BRDA:1082,68,0,0
BRDA:1082,68,1,0
BRDA:1084,96,0,0
BRDA:1084,96,1,0
FN:1089,System.String Studio.Compiler.PipelineCodeGenerator/composeStages@1090::Invoke(System.String,System.String)
FNDA:0,System.String Studio.Compiler.PipelineCodeGenerator/composeStages@1090::Invoke(System.String,System.String)
DA:1090,0
FN:1092,System.String Studio.Compiler.PipelineCodeGenerator/formatStageTuple@1093::Invoke(System.String,System.String)
FNDA:0,System.String Studio.Compiler.PipelineCodeGenerator/formatStageTuple@1093::Invoke(System.String,System.String)
DA:1093,0
DA:1094,0
DA:1096,0
BRDA:1093,14,0,0
BRDA:1093,14,1,0
BRDA:1093,34,0,0
BRDA:1093,34,1,0
FN:1104,System.String Studio.Compiler.PipelineCodeGenerator/inputExpression@1105::Invoke(System.Int32)
FNDA:33,System.String Studio.Compiler.PipelineCodeGenerator/inputExpression@1105::Invoke(System.Int32)
DA:1105,33
DA:1107,99
DA:1108,33
DA:1109,0
DA:1110,0
BRDA:1105,25,1,33
BRDA:1107,62,1,33
BRDA:1107,62,0,0
BRDA:1105,25,0,0
FN:1112,Microsoft.FSharp.Core.FSharpOption`1<System.String> Studio.Compiler.PipelineCodeGenerator/branchStageExpression@1113::Invoke(Studio.Graph.SavedEdge,Microsoft.FSharp.Collections.FSharpSet`1<System.String>,Studio.Graph.SavedNode)
FNDA:0,Microsoft.FSharp.Core.FSharpOption`1<System.String> Studio.Compiler.PipelineCodeGenerator/branchStageExpression@1113::Invoke(Studio.Graph.SavedEdge,Microsoft.FSharp.Collections.FSharpSet`1<System.String>,Studio.Graph.SavedNode)
DA:1113,0
DA:1114,0
DA:1116,0
DA:1118,0
DA:1119,0
DA:1120,0
DA:1122,0
DA:1123,0
DA:1124,0
DA:1125,0
DA:1127,0
BRDA:1113,15,0,0
BRDA:1113,15,1,0
BRDA:1118,76,0,0
BRDA:1118,95,0,0
BRDA:1119,140,0,0
BRDA:1119,140,1,0
BRDA:1124,226,1,0
BRDA:1124,226,0,0
BRDA:1125,261,1,0
BRDA:1125,261,0,0
BRDA:1118,76,1,0
BRDA:1118,95,1,0
FN:1129,Microsoft.FSharp.Core.FSharpOption`1<System.String> Studio.Compiler.PipelineCodeGenerator/sharedFanOutExpression@1130::Invoke(Microsoft.FSharp.Core.Unit)
FNDA:3,Microsoft.FSharp.Core.FSharpOption`1<System.String> Studio.Compiler.PipelineCodeGenerator/sharedFanOutExpression@1130::Invoke(Microsoft.FSharp.Core.Unit)
DA:1130,3
DA:1131,3
DA:1132,0
DA:1133,0
DA:1134,0
DA:1135,0
DA:1136,0
DA:1137,0
DA:1138,0
DA:1140,15
DA:1142,3
DA:1143,0
DA:1144,0
DA:1146,0
DA:1148,0
DA:1149,0
DA:1150,0
DA:1151,0
DA:1152,0
DA:1153,3
DA:1154,0
DA:1155,0
BRDA:1130,58,0,3
BRDA:1130,76,0,3
BRDA:1131,117,0,0
BRDA:1134,168,1,0
BRDA:1134,168,0,0
BRDA:1138,254,1,0
BRDA:1138,254,0,0
BRDA:1131,117,1,3
BRDA:1140,458,0,3
BRDA:1140,479,0,3
BRDA:1142,563,0,0
BRDA:1142,584,0,0
BRDA:1143,631,0,0
BRDA:1144,681,1,0
BRDA:1146,755,0,0
BRDA:1146,776,0,0
BRDA:1150,848,1,0
BRDA:1150,848,0,0
BRDA:1146,755,1,0
BRDA:1146,776,1,0
BRDA:1144,681,0,0
BRDA:1142,563,1,3
BRDA:1142,584,1,3
BRDA:1143,631,1,3
BRDA:1140,458,1,0
BRDA:1140,479,1,0
BRDA:1130,58,1,0
BRDA:1130,76,1,0
FN:1098,System.String Studio.Compiler.PipelineCodeGenerator/pipelineExpression@1099::Invoke(Microsoft.FSharp.Collections.FSharpSet`1<System.String>,Studio.Graph.SavedNode)
FNDA:171,System.String Studio.Compiler.PipelineCodeGenerator/pipelineExpression@1099::Invoke(Microsoft.FSharp.Collections.FSharpSet`1<System.String>,Studio.Graph.SavedNode)
DA:1099,171
DA:1100,0
DA:1102,114
DA:1157,57
DA:1158,114
DA:1159,3
DA:1161,0
DA:1163,6
DA:1164,3
DA:1165,3
DA:1166,3
DA:1167,3
DA:1168,3
DA:1170,54
DA:1172,54
DA:1174,27
DA:1175,27
DA:1177,27
BRDA:1099,15,0,0
BRDA:1099,15,1,57
BRDA:1158,179,0,3
BRDA:1159,200,1,0
BRDA:1159,200,0,3
BRDA:1158,179,1,54
BRDA:1172,542,1,27
BRDA:1172,542,0,27
FN:1180,System.String Studio.Compiler.PipelineCodeGenerator/appendSinkIfTerminalWrite@1181::Invoke(Studio.Graph.SavedNode,System.String)
FNDA:22,System.String Studio.Compiler.PipelineCodeGenerator/appendSinkIfTerminalWrite@1181::Invoke(Studio.Graph.SavedNode,System.String)
DA:1181,22
DA:1188,14
DA:1190,0
DA:1192,1
DA:1194,0
DA:1196,7
BRDA:1181,18,0,11
BRDA:1181,34,0,11
BRDA:1181,47,0,10
BRDA:1181,60,0,8
BRDA:1181,73,0,8
BRDA:1181,86,0,8
BRDA:1181,99,0,8
BRDA:1181,112,0,7
BRDA:1181,18,1,14
BRDA:1181,34,1,14
BRDA:1181,47,1,14
BRDA:1181,60,1,14
BRDA:1181,73,1,14
BRDA:1181,86,1,14
BRDA:1181,99,1,0
BRDA:1181,112,1,1
BRDA:1181,128,0,0
BRDA:1181,128,1,7
FN:1287,Microsoft.FSharp.Core.FSharpOption`1<Studio.Compiler.PipelineCodeGenerator/NamedBinding> Studio.Compiler.PipelineCodeGenerator/Pipe #1 stage #1 at line 1288@1288::Invoke(System.String)
FNDA:24,Microsoft.FSharp.Core.FSharpOption`1<Studio.Compiler.PipelineCodeGenerator/NamedBinding> Studio.Compiler.PipelineCodeGenerator/Pipe #1 stage #1 at line 1288@1288::Invoke(System.String)
DA:1288,24
FN:1285,Microsoft.FSharp.Core.Unit Studio.Compiler.PipelineCodeGenerator/visit@1286::Invoke(Studio.Compiler.PipelineCodeGenerator/NamedBinding)
FNDA:20,Microsoft.FSharp.Core.Unit Studio.Compiler.PipelineCodeGenerator/visit@1286::Invoke(Studio.Compiler.PipelineCodeGenerator/NamedBinding)
DA:1286,20
DA:1287,16
DA:1289,16
DA:1291,16
BRDA:1286,18,0,16
BRDA:1286,18,1,4
FN:1220,Studio.Compiler.PipelineCodeGenerator/NamedBinding[] Studio.Compiler.PipelineCodeGenerator/orderedBindings@1220::Invoke(Microsoft.FSharp.Core.Unit)
FNDA:21,Studio.Compiler.PipelineCodeGenerator/NamedBinding[] Studio.Compiler.PipelineCodeGenerator/orderedBindings@1220::Invoke(Microsoft.FSharp.Core.Unit)
DA:1221,21
DA:1222,21
DA:1223,2
DA:1224,1
DA:1225,1
DA:1226,21
DA:1227,22
DA:1228,2
DA:1229,22
DA:1232,21
DA:1233,21
DA:1234,10
DA:1235,21
DA:1236,31
DA:1237,20
DA:1238,31
DA:1241,21
DA:1242,21
DA:1243,0
DA:1244,0
DA:1245,0
DA:1246,21
DA:1247,21
DA:1248,0
DA:1249,21
DA:1252,21
DA:1253,21
DA:1254,2
DA:1255,1
DA:1256,1
DA:1257,21
DA:1258,22
DA:1259,2
DA:1260,22
DA:1263,21
DA:1264,21
DA:1265,1
DA:1266,21
DA:1267,22
DA:1268,2
DA:1269,22
DA:1272,21
DA:1273,21
DA:1274,3
DA:1275,21
DA:1276,24
DA:1277,6
DA:1278,24
DA:1280,21
DA:1281,79
DA:1282,21
DA:1283,21
DA:1293,42
DA:1294,42
BRDA:1222,15,0,0
BRDA:1222,15,1,21
BRDA:1228,255,1,1
BRDA:1228,255,0,21
BRDA:1233,281,0,0
BRDA:1233,281,1,21
BRDA:1237,454,1,10
BRDA:1237,454,0,21
BRDA:1242,482,0,0
BRDA:1242,482,1,21
BRDA:1248,727,1,0
BRDA:1248,727,0,21
BRDA:1253,755,0,0
BRDA:1253,755,1,21
BRDA:1259,1000,1,1
BRDA:1259,1000,0,21
BRDA:1264,1028,0,0
BRDA:1264,1028,1,21
BRDA:1268,1201,1,1
BRDA:1268,1201,0,21
BRDA:1273,1229,0,0
BRDA:1273,1229,1,21
BRDA:1277,1402,1,3
BRDA:1277,1402,0,21
BRDA:1281,1479,0,0
BRDA:1281,1479,1,21
BRDA:1281,1555,1,16
BRDA:1281,1555,0,21
BRDA:1293,1612,0,0
BRDA:1293,1612,1,21
BRDA:1293,1660,1,16
BRDA:1293,1660,0,21
FN:231,System.Void <StartupCode$Studio-Compiler>.$PipelineCodeGenerator::.cctor()
FNDA:1,System.Void <StartupCode$Studio-Compiler>.$PipelineCodeGenerator::.cctor()
DA:232,1
DA:233,1
LF:927
LH:687
BRF:842
BRH:484
FNF:87
FNH:79
end_of_record