SF:/Users/jrh630/repositories/stackProcessing/src/Studio.Graph/BuiltInCatalog.fs
FN:29,Studio.Graph.Port Studio.Graph.BuiltInCatalog::makePort(System.String,Studio.Graph.PortType)
FNDA:312,Studio.Graph.Port Studio.Graph.BuiltInCatalog::makePort(System.String,Studio.Graph.PortType)
DA:30,312
DA:31,312
FN:33,Studio.Graph.Parameter Studio.Graph.BuiltInCatalog::makeParameter(System.String,System.String,System.String,Studio.Graph.BasicType)
FNDA:410,Studio.Graph.Parameter Studio.Graph.BuiltInCatalog::makeParameter(System.String,System.String,System.String,Studio.Graph.BasicType)
DA:34,410
DA:35,410
DA:36,410
DA:37,410
FN:42,Studio.Graph.Parameter Studio.Graph.BuiltInCatalog::suffixParameter(System.String)
FNDA:14,Studio.Graph.Parameter Studio.Graph.BuiltInCatalog::suffixParameter(System.String)
DA:43,14
FN:90,System.String Studio.Graph.BuiltInCatalog::coordinateDescription(a)
FNDA:3,System.String Studio.Graph.BuiltInCatalog::coordinateDescription(a)
DA:91,3
FN:216,System.String Studio.Graph.BuiltInCatalog::numericDefaultValue(Studio.Graph.NumericType)
FNDA:6,System.String Studio.Graph.BuiltInCatalog::numericDefaultValue(Studio.Graph.NumericType)
DA:217,6
DA:223,0
DA:225,0
DA:226,0
DA:228,6
DA:229,0
BRDA:217,7,0,0
BRDA:217,7,2,0
BRDA:217,7,3,0
BRDA:217,7,4,0
BRDA:217,7,5,0
BRDA:217,7,6,0
BRDA:217,7,7,0
BRDA:217,7,8,0
BRDA:217,7,9,0
BRDA:217,7,10,0
BRDA:217,7,1,6
BRDA:217,7,11,6
BRDA:217,7,12,0
FN:231,System.String Studio.Graph.BuiltInCatalog::scalarDefaultValue(Studio.Graph.BasicType)
FNDA:1,System.String Studio.Graph.BuiltInCatalog::scalarDefaultValue(Studio.Graph.BasicType)
DA:232,1
DA:233,0
DA:234,0
DA:235,0
DA:236,0
DA:237,1
BRDA:232,8,0,0
BRDA:232,8,2,0
BRDA:232,8,3,0
BRDA:232,8,4,0
BRDA:232,8,5,0
BRDA:232,8,1,1
FN:239,Studio.Graph.Function Studio.Graph.BuiltInCatalog::makeGenericScalar()
FNDA:1,Studio.Graph.Function Studio.Graph.BuiltInCatalog::makeGenericScalar()
DA:240,1
DA:241,1
DA:242,1
DA:243,1
DA:244,1
DA:245,1
DA:246,1
DA:247,1
DA:248,1
DA:249,1
DA:250,1
FN:252,Studio.Graph.Function Studio.Graph.BuiltInCatalog::makeFileDirectory()
FNDA:1,Studio.Graph.Function Studio.Graph.BuiltInCatalog::makeFileDirectory()
DA:253,1
DA:254,1
DA:255,1
DA:256,1
DA:257,1
DA:258,1
DA:259,1
DA:260,1
DA:261,1
DA:262,1
DA:263,1
FN:265,Studio.Graph.Function Studio.Graph.BuiltInCatalog::makeScalarOp()
FNDA:1,Studio.Graph.Function Studio.Graph.BuiltInCatalog::makeScalarOp()
DA:266,1
DA:267,1
DA:268,1
DA:269,1
DA:270,1
DA:271,1
DA:272,1
DA:273,1
DA:274,1
DA:275,1
DA:276,1
DA:277,1
DA:278,1
FN:280,Studio.Graph.Function Studio.Graph.BuiltInCatalog::makeScalarFunction()
FNDA:1,Studio.Graph.Function Studio.Graph.BuiltInCatalog::makeScalarFunction()
DA:281,1
DA:282,1
DA:283,1
DA:284,1
DA:285,1
DA:286,1
DA:287,1
DA:288,1
DA:289,1
DA:290,1
DA:291,1
FN:293,Studio.Graph.Function Studio.Graph.BuiltInCatalog::makeGenericRead()
FNDA:1,Studio.Graph.Function Studio.Graph.BuiltInCatalog::makeGenericRead()
DA:294,1
DA:295,1
DA:296,1
DA:297,1
DA:298,1
DA:299,1
DA:300,1
DA:301,1
DA:302,1
DA:303,1
DA:304,1
DA:305,1
DA:306,1
FN:308,Studio.Graph.Function Studio.Graph.BuiltInCatalog::makeGenericReadVolume()
FNDA:1,Studio.Graph.Function Studio.Graph.BuiltInCatalog::makeGenericReadVolume()
DA:309,1
DA:310,1
DA:311,1
DA:312,1
DA:313,1
DA:314,1
DA:315,1
DA:316,1
DA:317,1
DA:318,1
DA:319,1
DA:320,1
FN:322,Studio.Graph.Function Studio.Graph.BuiltInCatalog::makeGenericReadRandom()
FNDA:1,Studio.Graph.Function Studio.Graph.BuiltInCatalog::makeGenericReadRandom()
DA:323,1
DA:324,1
DA:325,1
DA:326,1
DA:327,1
DA:328,1
DA:329,1
DA:330,1
DA:331,1
DA:332,1
DA:333,1
DA:334,1
DA:335,1
DA:336,1
FN:338,Studio.Graph.Function Studio.Graph.BuiltInCatalog::makeGenericEstimateHistogram()
FNDA:1,Studio.Graph.Function Studio.Graph.BuiltInCatalog::makeGenericEstimateHistogram()
DA:339,1
DA:340,1
DA:341,1
DA:342,1
DA:343,1
DA:344,1
DA:345,1
DA:346,1
DA:347,1
DA:348,1
DA:349,1
DA:350,1
DA:351,1
DA:352,1
DA:353,1
DA:354,1
DA:355,1
DA:356,1
DA:357,1
DA:358,1
DA:359,1
FN:361,Studio.Graph.Function Studio.Graph.BuiltInCatalog::makeGenericReadRange()
FNDA:1,Studio.Graph.Function Studio.Graph.BuiltInCatalog::makeGenericReadRange()
DA:362,1
DA:363,1
DA:364,1
DA:365,1
DA:366,1
DA:367,1
DA:368,1
DA:369,1
DA:370,1
DA:371,1
DA:372,1
DA:373,1
DA:374,1
DA:375,1
DA:376,1
DA:377,1
FN:379,Studio.Graph.Function Studio.Graph.BuiltInCatalog::makeGenericReadSlab()
FNDA:1,Studio.Graph.Function Studio.Graph.BuiltInCatalog::makeGenericReadSlab()
DA:380,1
DA:381,1
DA:382,1
DA:383,1
DA:384,1
DA:385,1
DA:386,1
DA:387,1
DA:388,1
DA:389,1
DA:390,1
DA:391,1
DA:392,1
FN:394,Studio.Graph.Function Studio.Graph.BuiltInCatalog::makeGenericReadZarrSlab()
FNDA:1,Studio.Graph.Function Studio.Graph.BuiltInCatalog::makeGenericReadZarrSlab()
DA:395,1
DA:396,1
DA:397,1
DA:398,1
DA:399,1
DA:400,1
DA:401,1
DA:402,1
DA:403,1
DA:404,1
DA:405,1
DA:406,1
DA:407,1
DA:408,1
DA:409,1
DA:410,1
DA:411,1
DA:412,1
FN:414,Studio.Graph.Function Studio.Graph.BuiltInCatalog::makeGenericReadNexusSlab()
FNDA:1,Studio.Graph.Function Studio.Graph.BuiltInCatalog::makeGenericReadNexusSlab()
DA:415,1
DA:416,1
DA:417,1
DA:418,1
DA:419,1
DA:420,1
DA:421,1
DA:422,1
DA:423,1
DA:424,1
DA:425,1
DA:426,1
DA:427,1
DA:428,1
DA:429,1
DA:430,1
DA:431,1
FN:433,Studio.Graph.Function Studio.Graph.BuiltInCatalog::makeGenericCast()
FNDA:1,Studio.Graph.Function Studio.Graph.BuiltInCatalog::makeGenericCast()
DA:434,1
DA:435,1
DA:436,1
DA:437,1
DA:438,1
DA:439,1
DA:440,1
DA:441,1
DA:442,1
DA:443,1
DA:444,1
FN:446,Studio.Graph.Function Studio.Graph.BuiltInCatalog::makeGenericZero()
FNDA:1,Studio.Graph.Function Studio.Graph.BuiltInCatalog::makeGenericZero()
DA:447,1
DA:448,1
DA:449,1
DA:450,1
DA:451,1
DA:452,1
DA:453,1
DA:454,1
DA:455,1
DA:456,1
DA:457,1
DA:458,1
DA:459,1
DA:460,1
FN:462,Studio.Graph.Function Studio.Graph.BuiltInCatalog::makeGenericNormalNoise()
FNDA:1,Studio.Graph.Function Studio.Graph.BuiltInCatalog::makeGenericNormalNoise()
DA:463,1
DA:464,1
DA:465,1
DA:466,1
DA:467,1
DA:468,1
DA:469,1
DA:470,1
DA:471,1
DA:472,1
DA:473,1
DA:474,1
DA:475,1
DA:476,1
DA:477,1
DA:478,1
FN:480,Studio.Graph.Function Studio.Graph.BuiltInCatalog::makeGenericSaltAndPepperNoise()
FNDA:1,Studio.Graph.Function Studio.Graph.BuiltInCatalog::makeGenericSaltAndPepperNoise()
DA:481,1
DA:482,1
DA:483,1
DA:484,1
DA:485,1
DA:486,1
DA:487,1
DA:488,1
DA:489,1
DA:490,1
DA:491,1
DA:492,1
DA:493,1
DA:494,1
DA:495,1
FN:497,Studio.Graph.Function Studio.Graph.BuiltInCatalog::makeGenericShotNoise()
FNDA:1,Studio.Graph.Function Studio.Graph.BuiltInCatalog::makeGenericShotNoise()
DA:498,1
DA:499,1
DA:500,1
DA:501,1
DA:502,1
DA:503,1
DA:504,1
DA:505,1
DA:506,1
DA:507,1
DA:508,1
DA:509,1
DA:510,1
DA:511,1
DA:512,1
FN:514,Studio.Graph.Function Studio.Graph.BuiltInCatalog::makeGenericSpeckleNoise()
FNDA:1,Studio.Graph.Function Studio.Graph.BuiltInCatalog::makeGenericSpeckleNoise()
DA:515,1
DA:516,1
DA:517,1
DA:518,1
DA:519,1
DA:520,1
DA:521,1
DA:522,1
DA:523,1
DA:524,1
DA:525,1
DA:526,1
DA:527,1
DA:528,1
DA:529,1
FN:531,Studio.Graph.Function Studio.Graph.BuiltInCatalog::makeGenericCreateByEuler2DTransform()
FNDA:1,Studio.Graph.Function Studio.Graph.BuiltInCatalog::makeGenericCreateByEuler2DTransform()
DA:532,1
DA:533,1
DA:534,1
DA:535,1
DA:536,1
DA:537,1
DA:538,1
DA:539,1
DA:540,1
DA:541,1
DA:542,1
DA:543,1
DA:544,1
DA:545,1
DA:546,1
DA:547,1
FN:549,Studio.Graph.Function Studio.Graph.BuiltInCatalog::makeScalarImageOperation(System.String,System.String,System.String,Microsoft.FSharp.Collections.FSharpList`1<System.String>)
FNDA:2,Studio.Graph.Function Studio.Graph.BuiltInCatalog::makeScalarImageOperation(System.String,System.String,System.String,Microsoft.FSharp.Collections.FSharpList`1<System.String>)
DA:550,2
DA:551,2
DA:552,2
DA:553,2
DA:554,2
DA:555,2
DA:556,2
DA:557,2
DA:558,2
DA:559,2
DA:560,2
DA:561,2
FN:563,Studio.Graph.Function Studio.Graph.BuiltInCatalog::makeGenericAddNormalNoise()
FNDA:1,Studio.Graph.Function Studio.Graph.BuiltInCatalog::makeGenericAddNormalNoise()
DA:564,1
DA:565,1
DA:566,1
DA:567,1
DA:568,1
DA:569,1
DA:570,1
DA:571,1
DA:572,1
DA:573,1
DA:574,1
DA:575,1
FN:577,Studio.Graph.Function Studio.Graph.BuiltInCatalog::makeGenericAddSaltAndPepperNoise()
FNDA:1,Studio.Graph.Function Studio.Graph.BuiltInCatalog::makeGenericAddSaltAndPepperNoise()
DA:578,1
DA:579,1
DA:580,1
DA:581,1
DA:582,1
DA:583,1
DA:584,1
DA:585,1
DA:586,1
DA:587,1
DA:588,1
FN:590,Studio.Graph.Function Studio.Graph.BuiltInCatalog::makeGenericAddShotNoise()
FNDA:1,Studio.Graph.Function Studio.Graph.BuiltInCatalog::makeGenericAddShotNoise()
DA:591,1
DA:592,1
DA:593,1
DA:594,1
DA:595,1
DA:596,1
DA:597,1
DA:598,1
DA:599,1
DA:600,1
DA:601,1
FN:603,Studio.Graph.Function Studio.Graph.BuiltInCatalog::makeGenericAddSpeckleNoise()
FNDA:1,Studio.Graph.Function Studio.Graph.BuiltInCatalog::makeGenericAddSpeckleNoise()
DA:604,1
DA:605,1
DA:606,1
DA:607,1
DA:608,1
DA:609,1
DA:610,1
DA:611,1
DA:612,1
DA:613,1
DA:614,1
FN:616,Studio.Graph.Function Studio.Graph.BuiltInCatalog::makePairOperation(System.String,System.String,System.String,Microsoft.FSharp.Collections.FSharpList`1<System.String>,Microsoft.FSharp.Collections.FSharpList`1<Studio.Graph.Parameter>)
FNDA:1,Studio.Graph.Function Studio.Graph.BuiltInCatalog::makePairOperation(System.String,System.String,System.String,Microsoft.FSharp.Collections.FSharpList`1<System.String>,Microsoft.FSharp.Collections.FSharpList`1<Studio.Graph.Parameter>)
DA:617,1
DA:618,1
DA:619,1
DA:620,1
DA:621,1
DA:622,1
DA:623,1
DA:624,1
DA:625,1
FN:2251,Microsoft.FSharp.Core.FSharpOption`1<Studio.Graph.Function> Studio.Graph.BuiltInCatalog::tryFind(System.String)
FNDA:1173,Microsoft.FSharp.Core.FSharpOption`1<Studio.Graph.Function> Studio.Graph.BuiltInCatalog::tryFind(System.String)
DA:2252,1173
DA:2253,1173
FN:2255,Studio.Graph.Function Studio.Graph.BuiltInCatalog::find(System.String)
FNDA:0,Studio.Graph.Function Studio.Graph.BuiltInCatalog::find(System.String)
DA:2256,0
DA:2257,0
DA:2258,0
BRDA:2256,8,1,0
BRDA:2256,8,0,0
FN:2247,System.Tuple`2<System.String,Studio.Graph.Function> Studio.Graph.BuiltInCatalog/Pipe #3 stage #1 at line 2248@2248::Invoke(Studio.Graph.Function)
FNDA:145,System.Tuple`2<System.String,Studio.Graph.Function> Studio.Graph.BuiltInCatalog/Pipe #3 stage #1 at line 2248@2248::Invoke(Studio.Graph.Function)
DA:2248,145
FN:3,System.Void <StartupCode$Studio-Graph>.$BuiltInCatalog::.cctor()
FNDA:1,System.Void <StartupCode$Studio-Graph>.$BuiltInCatalog::.cctor()
DA:4,1
DA:5,1
DA:6,1
DA:7,1
DA:8,1
DA:9,1
DA:10,1
DA:11,1
DA:12,1
DA:13,1
DA:14,1
DA:15,1
DA:16,1
DA:17,1
DA:18,1
DA:19,1
DA:20,1
DA:21,1
DA:22,1
DA:23,1
DA:24,1
DA:25,1
DA:26,1
DA:27,1
DA:39,1
DA:40,1
DA:45,1
DA:46,1
DA:48,1
DA:49,1
DA:51,1
DA:52,1
DA:54,1
DA:55,1
DA:57,1
DA:58,1
DA:60,1
DA:61,1
DA:63,1
DA:64,1
DA:66,1
DA:67,1
DA:69,1
DA:70,1
DA:72,1
DA:73,1
DA:75,1
DA:76,1
DA:78,1
DA:79,1
DA:81,1
DA:82,1
DA:84,1
DA:85,1
DA:87,1
DA:88,1
DA:93,1
DA:94,1
DA:96,1
DA:97,1
DA:99,1
DA:100,1
DA:102,1
DA:103,1
DA:105,1
DA:106,1
DA:108,1
DA:109,1
DA:111,1
DA:112,1
DA:114,1
DA:115,1
DA:117,1
DA:118,1
DA:120,1
DA:121,1
DA:123,1
DA:124,1
DA:126,1
DA:127,1
DA:129,1
DA:130,1
DA:132,1
DA:133,1
DA:135,1
DA:136,1
DA:138,1
DA:139,1
DA:141,1
DA:142,1
DA:144,1
DA:145,1
DA:147,1
DA:148,1
DA:150,1
DA:151,1
DA:153,1
DA:154,1
DA:156,1
DA:157,1
DA:159,1
DA:160,1
DA:162,1
DA:163,1
DA:165,1
DA:166,1
DA:168,1
DA:169,1
DA:171,1
DA:172,1
DA:174,1
DA:175,1
DA:177,1
DA:178,1
DA:180,1
DA:181,1
DA:183,1
DA:184,1
DA:186,1
DA:187,1
DA:189,1
DA:190,1
DA:192,1
DA:193,1
DA:195,1
DA:196,1
DA:198,1
DA:199,1
DA:201,1
DA:202,1
DA:204,1
DA:205,1
DA:207,1
DA:208,1
DA:210,1
DA:211,1
DA:213,1
DA:214,1
DA:627,1
DA:628,1
DA:629,1
DA:630,1
DA:631,1
DA:632,1
DA:633,1
DA:634,1
DA:635,1
DA:636,1
DA:637,1
DA:638,1
DA:639,1
DA:640,1
DA:641,1
DA:642,1
DA:643,1
DA:644,1
DA:645,1
DA:646,1
DA:647,1
DA:648,1
DA:649,1
DA:650,1
DA:651,1
DA:652,1
DA:653,1
DA:654,1
DA:655,1
DA:656,1
DA:657,1
DA:658,1
DA:659,1
DA:660,1
DA:661,1
DA:662,1
DA:663,1
DA:664,1
DA:665,1
DA:666,1
DA:667,1
DA:668,1
DA:669,1
DA:670,1
DA:671,1
DA:672,1
DA:673,1
DA:674,1
DA:675,1
DA:676,1
DA:677,1
DA:678,1
DA:679,1
DA:680,1
DA:681,1
DA:682,1
DA:683,1
DA:684,1
DA:685,1
DA:686,1
DA:687,1
DA:688,1
DA:689,1
DA:690,1
DA:691,1
DA:692,1
DA:693,1
DA:694,1
DA:695,1
DA:696,1
DA:697,1
DA:698,1
DA:699,1
DA:700,1
DA:701,1
DA:702,1
DA:703,1
DA:704,1
DA:705,1
DA:706,1
DA:707,1
DA:708,1
DA:709,1
DA:710,1
DA:711,1
DA:712,1
DA:713,1
DA:714,1
DA:715,1
DA:716,1
DA:717,1
DA:718,1
DA:719,1
DA:720,1
DA:721,1
DA:722,1
DA:723,1
DA:724,1
DA:725,1
DA:726,1
DA:727,1
DA:728,1
DA:729,1
DA:730,1
DA:731,1
DA:732,1
DA:733,1
DA:734,1
DA:735,1
DA:736,1
DA:737,1
DA:738,1
DA:739,1
DA:740,1
DA:741,1
DA:742,1
DA:743,1
DA:744,1
DA:745,1
DA:746,1
DA:747,1
DA:748,1
DA:749,1
DA:750,1
DA:751,1
DA:752,1
DA:753,1
DA:754,1
DA:755,1
DA:756,1
DA:757,1
DA:758,1
DA:759,1
DA:760,1
DA:761,1
DA:762,1
DA:763,1
DA:764,1
DA:765,1
DA:766,1
DA:767,1
DA:768,1
DA:769,1
DA:770,1
DA:771,1
DA:772,1
DA:773,1
DA:774,1
DA:775,1
DA:776,1
DA:777,1
DA:778,1
DA:779,1
DA:780,1
DA:781,1
DA:782,1
DA:783,1
DA:784,1
DA:785,1
DA:786,1
DA:787,1
DA:788,1
DA:789,1
DA:790,1
DA:791,1
DA:792,1
DA:793,1
DA:794,1
DA:795,1
DA:796,1
DA:797,1
DA:798,1
DA:799,1
DA:800,1
DA:801,1
DA:802,1
DA:803,1
DA:804,1
DA:805,1
DA:806,1
DA:807,1
DA:808,1
DA:809,1
DA:810,1
DA:811,1
DA:812,1
DA:813,1
DA:814,1
DA:815,1
DA:816,1
DA:817,1
DA:818,1
DA:819,1
DA:820,1
DA:821,1
DA:822,1
DA:823,1
DA:824,1
DA:825,1
DA:826,1
DA:827,1
DA:828,1
DA:829,1
DA:830,1
DA:831,1
DA:832,1
DA:833,1
DA:834,1
DA:835,1
DA:836,1
DA:837,1
DA:838,1
DA:839,1
DA:840,1
DA:841,1
DA:842,1
DA:843,1
DA:844,1
DA:845,1
DA:846,1
DA:847,1
DA:848,1
DA:849,1
DA:850,1
DA:851,1
DA:852,1
DA:853,1
DA:854,1
DA:855,1
DA:856,1
DA:857,1
DA:858,1
DA:859,1
DA:860,1
DA:861,1
DA:862,1
DA:863,1
DA:864,1
DA:865,1
DA:866,1
DA:867,1
DA:868,1
DA:869,1
DA:870,1
DA:871,1
DA:872,1
DA:873,1
DA:874,1
DA:875,1
DA:876,1
DA:877,1
DA:878,1
DA:879,1
DA:880,1
DA:881,1
DA:882,1
DA:883,1
DA:884,1
DA:885,1
DA:886,1
DA:887,1
DA:888,1
DA:889,1
DA:890,1
DA:891,1
DA:892,1
DA:893,1
DA:894,1
DA:895,1
DA:896,1
DA:897,1
DA:898,1
DA:899,1
DA:900,1
DA:901,1
DA:902,1
DA:903,1
DA:904,1
DA:905,1
DA:906,1
DA:907,1
DA:908,1
DA:909,1
DA:910,1
DA:911,1
DA:912,1
DA:913,1
DA:914,1
DA:915,1
DA:916,1
DA:917,1
DA:918,1
DA:919,1
DA:920,1
DA:921,1
DA:922,1
DA:923,1
DA:924,1
DA:925,1
DA:926,1
DA:927,1
DA:928,1
DA:929,1
DA:930,1
DA:931,1
DA:932,1
DA:933,1
DA:934,1
DA:935,1
DA:936,1
DA:937,1
DA:938,1
DA:939,1
DA:940,1
DA:941,1
DA:942,1
DA:943,1
DA:944,1
DA:945,1
DA:946,1
DA:947,1
DA:948,1
DA:949,1
DA:950,1
DA:951,1
DA:952,1
DA:953,1
DA:954,1
DA:955,1
DA:956,1
DA:957,1
DA:958,1
DA:959,1
DA:960,1
DA:961,1
DA:962,1
DA:963,1
DA:964,1
DA:965,1
DA:966,1
DA:967,1
DA:968,1
DA:969,1
DA:970,1
DA:971,1
DA:972,1
DA:973,1
DA:974,1
DA:975,1
DA:976,1
DA:977,1
DA:978,1
DA:979,1
DA:980,1
DA:981,1
DA:982,1
DA:983,1
DA:984,1
DA:985,1
DA:986,1
DA:987,1
DA:988,1
DA:989,1
DA:990,1
DA:991,1
DA:992,1
DA:993,1
DA:994,1
DA:995,1
DA:996,1
DA:997,1
DA:998,1
DA:999,1
DA:1000,1
DA:1001,1
DA:1002,1
DA:1003,1
DA:1004,1
DA:1005,1
DA:1006,1
DA:1007,1
DA:1008,1
DA:1009,1
DA:1010,1
DA:1011,1
DA:1012,1
DA:1013,1
DA:1014,1
DA:1015,1
DA:1016,1
DA:1017,1
DA:1018,1
DA:1019,1
DA:1020,1
DA:1021,1
DA:1022,1
DA:1023,1
DA:1024,1
DA:1025,1
DA:1026,1
DA:1027,1
DA:1028,1
DA:1029,1
DA:1030,1
DA:1031,1
DA:1032,1
DA:1033,1
DA:1034,1
DA:1035,1
DA:1036,1
DA:1037,1
DA:1038,1
DA:1039,1
DA:1040,1
DA:1041,1
DA:1042,1
DA:1043,1
DA:1044,1
DA:1045,1
DA:1046,1
DA:1047,1
DA:1048,1
DA:1049,1
DA:1050,1
DA:1051,1
DA:1052,1
DA:1053,1
DA:1054,1
DA:1055,1
DA:1056,1
DA:1057,1
DA:1058,1
DA:1059,1
DA:1060,1
DA:1061,1
DA:1062,1
DA:1063,1
DA:1064,1
DA:1065,1
DA:1066,1
DA:1067,1
DA:1068,1
DA:1069,1
DA:1070,1
DA:1071,1
DA:1072,1
DA:1073,1
DA:1074,1
DA:1075,1
DA:1076,1
DA:1077,1
DA:1078,1
DA:1079,1
DA:1080,1
DA:1081,1
DA:1082,1
DA:1083,1
DA:1084,1
DA:1085,1
DA:1086,1
DA:1087,1
DA:1088,1
DA:1089,1
DA:1090,1
DA:1091,1
DA:1092,1
DA:1093,1
DA:1094,1
DA:1095,1
DA:1096,1
DA:1097,1
DA:1098,1
DA:1099,1
DA:1100,1
DA:1101,1
DA:1102,1
DA:1103,1
DA:1104,1
DA:1105,1
DA:1106,1
DA:1107,1
DA:1108,1
DA:1109,1
DA:1110,1
DA:1111,1
DA:1112,1
DA:1113,1
DA:1114,1
DA:1115,1
DA:1116,1
DA:1117,1
DA:1118,1
DA:1119,1
DA:1120,1
DA:1121,1
DA:1122,1
DA:1123,1
DA:1124,1
DA:1125,1
DA:1126,1
DA:1127,1
DA:1128,1
DA:1129,1
DA:1130,1
DA:1131,1
DA:1132,1
DA:1133,1
DA:1134,1
DA:1135,1
DA:1136,1
DA:1137,1
DA:1138,1
DA:1139,1
DA:1140,1
DA:1141,1
DA:1142,1
DA:1143,1
DA:1144,1
DA:1145,1
DA:1146,1
DA:1147,1
DA:1148,1
DA:1149,1
DA:1150,1
DA:1151,1
DA:1152,1
DA:1153,1
DA:1154,1
DA:1155,1
DA:1156,1
DA:1157,1
DA:1158,1
DA:1159,1
DA:1160,1
DA:1161,1
DA:1162,1
DA:1163,1
DA:1164,1
DA:1165,1
DA:1166,1
DA:1167,1
DA:1168,1
DA:1169,1
DA:1170,1
DA:1171,1
DA:1172,1
DA:1173,1
DA:1174,1
DA:1175,1
DA:1176,1
DA:1177,1
DA:1178,1
DA:1179,1
DA:1180,1
DA:1181,1
DA:1182,1
DA:1183,1
DA:1184,1
DA:1185,1
DA:1186,1
DA:1187,1
DA:1188,1
DA:1189,1
DA:1190,1
DA:1191,1
DA:1192,1
DA:1193,1
DA:1194,1
DA:1195,1
DA:1196,1
DA:1197,1
DA:1198,1
DA:1199,1
DA:1200,1
DA:1201,1
DA:1202,1
DA:1203,1
DA:1204,1
DA:1205,1
DA:1206,1
DA:1207,1
DA:1208,1
DA:1209,1
DA:1210,1
DA:1211,1
DA:1212,1
DA:1213,1
DA:1214,1
DA:1215,1
DA:1216,1
DA:1217,1
DA:1218,1
DA:1219,1
DA:1220,1
DA:1221,1
DA:1222,1
DA:1223,1
DA:1224,1
DA:1225,1
DA:1226,1
DA:1227,1
DA:1228,1
DA:1229,1
DA:1230,1
DA:1231,1
DA:1232,1
DA:1233,1
DA:1234,1
DA:1235,1
DA:1236,1
DA:1237,1
DA:1238,1
DA:1239,1
DA:1240,1
DA:1241,1
DA:1242,1
DA:1243,1
DA:1244,1
DA:1245,1
DA:1246,1
DA:1247,1
DA:1248,1
DA:1249,1
DA:1250,1
DA:1251,1
DA:1252,1
DA:1253,1
DA:1254,1
DA:1255,1
DA:1256,1
DA:1257,1
DA:1258,1
DA:1259,1
DA:1260,1
DA:1261,1
DA:1262,1
DA:1263,1
DA:1264,1
DA:1265,1
DA:1266,1
DA:1267,1
DA:1268,1
DA:1269,1
DA:1270,1
DA:1271,1
DA:1272,1
DA:1273,1
DA:1274,1
DA:1275,1
DA:1276,1
DA:1277,1
DA:1278,1
DA:1279,1
DA:1280,1
DA:1281,1
DA:1282,1
DA:1283,1
DA:1284,1
DA:1285,1
DA:1286,1
DA:1287,1
DA:1288,1
DA:1289,1
DA:1290,1
DA:1291,1
DA:1292,1
DA:1293,1
DA:1294,1
DA:1295,1
DA:1296,1
DA:1297,1
DA:1298,1
DA:1299,1
DA:1300,1
DA:1301,1
DA:1302,1
DA:1303,1
DA:1304,1
DA:1305,1
DA:1306,1
DA:1307,1
DA:1308,1
DA:1309,1
DA:1310,1
DA:1311,1
DA:1312,1
DA:1313,1
DA:1314,1
DA:1315,1
DA:1316,1
DA:1317,1
DA:1318,1
DA:1319,1
DA:1320,1
DA:1321,1
DA:1322,1
DA:1323,1
DA:1324,1
DA:1325,1
DA:1326,1
DA:1327,1
DA:1328,1
DA:1329,1
DA:1330,1
DA:1331,1
DA:1332,1
DA:1333,1
DA:1334,1
DA:1335,1
DA:1336,1
DA:1337,1
DA:1338,1
DA:1339,1
DA:1340,1
DA:1341,1
DA:1342,1
DA:1343,1
DA:1344,1
DA:1345,1
DA:1346,1
DA:1347,1
DA:1348,1
DA:1349,1
DA:1350,1
DA:1351,1
DA:1352,1
DA:1353,1
DA:1354,1
DA:1355,1
DA:1356,1
DA:1357,1
DA:1358,1
DA:1359,1
DA:1360,1
DA:1361,1
DA:1362,1
DA:1363,1
DA:1364,1
DA:1365,1
DA:1366,1
DA:1367,1
DA:1368,1
DA:1369,1
DA:1370,1
DA:1371,1
DA:1372,1
DA:1373,1
DA:1374,1
DA:1375,1
DA:1376,1
DA:1377,1
DA:1378,1
DA:1379,1
DA:1380,1
DA:1381,1
DA:1382,1
DA:1383,1
DA:1384,1
DA:1385,1
DA:1386,1
DA:1387,1
DA:1388,1
DA:1389,1
DA:1390,1
DA:1391,1
DA:1392,1
DA:1393,1
DA:1394,1
DA:1395,1
DA:1396,1
DA:1397,1
DA:1398,1
DA:1399,1
DA:1400,1
DA:1401,1
DA:1402,1
DA:1403,1
DA:1404,1
DA:1405,1
DA:1406,1
DA:1407,1
DA:1408,1
DA:1409,1
DA:1410,1
DA:1411,1
DA:1412,1
DA:1413,1
DA:1414,1
DA:1415,1
DA:1416,1
DA:1417,1
DA:1418,1
DA:1419,1
DA:1420,1
DA:1421,1
DA:1422,1
DA:1423,1
DA:1424,1
DA:1425,1
DA:1426,1
DA:1427,1
DA:1428,1
DA:1429,1
DA:1430,1
DA:1431,1
DA:1432,1
DA:1433,1
DA:1434,1
DA:1435,1
DA:1436,1
DA:1437,1
DA:1438,1
DA:1439,1
DA:1440,1
DA:1441,1
DA:1442,1
DA:1443,1
DA:1444,1
DA:1445,1
DA:1446,1
DA:1447,1
DA:1448,1
DA:1449,1
DA:1450,1
DA:1451,1
DA:1452,1
DA:1453,1
DA:1454,1
DA:1455,1
DA:1456,1
DA:1457,1
DA:1458,1
DA:1459,1
DA:1460,1
DA:1461,1
DA:1462,1
DA:1463,1
DA:1464,1
DA:1465,1
DA:1466,1
DA:1467,1
DA:1468,1
DA:1469,1
DA:1470,1
DA:1471,1
DA:1472,1
DA:1473,1
DA:1474,1
DA:1475,1
DA:1476,1
DA:1477,1
DA:1478,1
DA:1479,1
DA:1480,1
DA:1481,1
DA:1482,1
DA:1483,1
DA:1484,1
DA:1485,1
DA:1486,1
DA:1487,1
DA:1488,1
DA:1489,1
DA:1490,1
DA:1491,1
DA:1492,1
DA:1493,1
DA:1494,1
DA:1495,1
DA:1496,1
DA:1497,1
DA:1498,1
DA:1499,1
DA:1500,1
DA:1501,1
DA:1502,1
DA:1503,1
DA:1504,1
DA:1505,1
DA:1506,1
DA:1507,1
DA:1508,1
DA:1509,1
DA:1510,1
DA:1511,1
DA:1512,1
DA:1513,1
DA:1514,1
DA:1515,1
DA:1516,1
DA:1517,1
DA:1518,1
DA:1519,1
DA:1520,1
DA:1521,1
DA:1522,1
DA:1523,1
DA:1524,1
DA:1525,1
DA:1526,1
DA:1527,1
DA:1528,1
DA:1529,1
DA:1530,1
DA:1531,1
DA:1532,1
DA:1533,1
DA:1534,1
DA:1535,1
DA:1536,1
DA:1537,1
DA:1538,1
DA:1539,1
DA:1540,1
DA:1541,1
DA:1542,1
DA:1543,1
DA:1544,1
DA:1545,1
DA:1546,1
DA:1547,1
DA:1548,1
DA:1549,1
DA:1550,1
DA:1551,1
DA:1552,1
DA:1553,1
DA:1554,1
DA:1555,1
DA:1556,1
DA:1557,1
DA:1558,1
DA:1559,1
DA:1560,1
DA:1561,1
DA:1562,1
DA:1563,1
DA:1564,1
DA:1565,1
DA:1566,1
DA:1567,1
DA:1568,1
DA:1569,1
DA:1570,1
DA:1571,1
DA:1572,1
DA:1573,1
DA:1574,1
DA:1575,1
DA:1576,1
DA:1577,1
DA:1578,1
DA:1579,1
DA:1580,1
DA:1581,1
DA:1582,1
DA:1583,1
DA:1584,1
DA:1585,1
DA:1586,1
DA:1587,1
DA:1588,1
DA:1589,1
DA:1590,1
DA:1591,1
DA:1592,1
DA:1593,1
DA:1594,1
DA:1595,1
DA:1596,1
DA:1597,1
DA:1598,1
DA:1599,1
DA:1600,1
DA:1601,1
DA:1602,1
DA:1603,1
DA:1604,1
DA:1605,1
DA:1606,1
DA:1607,1
DA:1608,1
DA:1609,1
DA:1610,1
DA:1611,1
DA:1612,1
DA:1613,1
DA:1614,1
DA:1615,1
DA:1616,1
DA:1617,1
DA:1618,1
DA:1619,1
DA:1620,1
DA:1621,1
DA:1622,1
DA:1623,1
DA:1624,1
DA:1625,1
DA:1626,1
DA:1627,1
DA:1628,1
DA:1629,1
DA:1630,1
DA:1631,1
DA:1632,1
DA:1633,1
DA:1634,1
DA:1635,1
DA:1636,1
DA:1637,1
DA:1638,1
DA:1639,1
DA:1640,1
DA:1641,1
DA:1642,1
DA:1643,1
DA:1644,1
DA:1645,1
DA:1646,1
DA:1647,1
DA:1648,1
DA:1649,1
DA:1650,1
DA:1651,1
DA:1652,1
DA:1653,1
DA:1654,1
DA:1655,1
DA:1656,1
DA:1657,1
DA:1658,1
DA:1659,1
DA:1660,1
DA:1661,1
DA:1662,1
DA:1663,1
DA:1664,1
DA:1665,1
DA:1666,1
DA:1667,1
DA:1668,1
DA:1669,1
DA:1670,1
DA:1671,1
DA:1672,1
DA:1673,1
DA:1674,1
DA:1675,1
DA:1676,1
DA:1677,1
DA:1678,1
DA:1679,1
DA:1680,1
DA:1681,1
DA:1682,1
DA:1683,1
DA:1684,1
DA:1685,1
DA:1686,1
DA:1687,1
DA:1688,1
DA:1689,1
DA:1690,1
DA:1691,1
DA:1692,1
DA:1693,1
DA:1694,1
DA:1695,1
DA:1696,1
DA:1697,1
DA:1698,1
DA:1699,1
DA:1700,1
DA:1701,1
DA:1702,1
DA:1703,1
DA:1704,1
DA:1705,1
DA:1706,1
DA:1707,1
DA:1708,1
DA:1709,1
DA:1710,1
DA:1711,1
DA:1712,1
DA:1713,1
DA:1714,1
DA:1715,1
DA:1716,1
DA:1717,1
DA:1718,1
DA:1719,1
DA:1720,1
DA:1721,1
DA:1722,1
DA:1723,1
DA:1724,1
DA:1725,1
DA:1726,1
DA:1727,1
DA:1728,1
DA:1729,1
DA:1730,1
DA:1731,1
DA:1732,1
DA:1733,1
DA:1734,1
DA:1735,1
DA:1736,1
DA:1737,1
DA:1738,1
DA:1739,1
DA:1740,1
DA:1741,1
DA:1742,1
DA:1743,1
DA:1744,1
DA:1745,1
DA:1746,1
DA:1747,1
DA:1748,1
DA:1749,1
DA:1750,1
DA:1751,1
DA:1752,1
DA:1753,1
DA:1754,1
DA:1755,1
DA:1756,1
DA:1757,1
DA:1758,1
DA:1759,1
DA:1760,1
DA:1761,1
DA:1762,1
DA:1763,1
DA:1764,1
DA:1765,1
DA:1766,1
DA:1767,1
DA:1768,1
DA:1769,1
DA:1770,1
DA:1771,1
DA:1772,1
DA:1773,1
DA:1774,1
DA:1775,1
DA:1776,1
DA:1777,1
DA:1778,1
DA:1779,1
DA:1780,1
DA:1781,1
DA:1782,1
DA:1783,1
DA:1784,1
DA:1785,1
DA:1786,1
DA:1787,1
DA:1788,1
DA:1789,1
DA:1790,1
DA:1791,1
DA:1792,1
DA:1793,1
DA:1794,1
DA:1795,1
DA:1796,1
DA:1797,1
DA:1798,1
DA:1799,1
DA:1800,1
DA:1801,1
DA:1802,1
DA:1803,1
DA:1804,1
DA:1805,1
DA:1806,1
DA:1807,1
DA:1808,1
DA:1809,1
DA:1810,1
DA:1811,1
DA:1812,1
DA:1813,1
DA:1814,1
DA:1815,1
DA:1816,1
DA:1817,1
DA:1818,1
DA:1819,1
DA:1820,1
DA:1821,1
DA:1822,1
DA:1823,1
DA:1824,1
DA:1825,1
DA:1826,1
DA:1827,1
DA:1828,1
DA:1829,1
DA:1830,1
DA:1831,1
DA:1832,1
DA:1833,1
DA:1834,1
DA:1835,1
DA:1836,1
DA:1837,1
DA:1838,1
DA:1839,1
DA:1840,1
DA:1841,1
DA:1842,1
DA:1843,1
DA:1844,1
DA:1845,1
DA:1846,1
DA:1847,1
DA:1848,1
DA:1849,1
DA:1850,1
DA:1851,1
DA:1852,1
DA:1853,1
DA:1854,1
DA:1855,1
DA:1856,1
DA:1857,1
DA:1858,1
DA:1859,1
DA:1860,1
DA:1861,1
DA:1862,1
DA:1863,1
DA:1864,1
DA:1865,1
DA:1866,1
DA:1867,1
DA:1868,1
DA:1869,1
DA:1870,1
DA:1871,1
DA:1872,1
DA:1873,1
DA:1874,1
DA:1875,1
DA:1876,1
DA:1877,1
DA:1878,1
DA:1879,1
DA:1880,1
DA:1881,1
DA:1882,1
DA:1883,1
DA:1884,1
DA:1885,1
DA:1886,1
DA:1887,1
DA:1888,1
DA:1889,1
DA:1890,1
DA:1891,1
DA:1892,1
DA:1893,1
DA:1894,1
DA:1895,1
DA:1896,1
DA:1897,1
DA:1898,1
DA:1899,1
DA:1900,1
DA:1901,1
DA:1902,1
DA:1903,1
DA:1904,1
DA:1905,1
DA:1906,1
DA:1907,1
DA:1908,1
DA:1909,1
DA:1910,1
DA:1911,1
DA:1912,1
DA:1913,1
DA:1914,1
DA:1915,1
DA:1916,1
DA:1917,1
DA:1918,1
DA:1919,1
DA:1920,1
DA:1921,1
DA:1922,1
DA:1923,1
DA:1924,1
DA:1925,1
DA:1926,1
DA:1927,1
DA:1928,1
DA:1929,1
DA:1930,1
DA:1931,1
DA:1932,1
DA:1933,1
DA:1934,1
DA:1935,1
DA:1936,1
DA:1937,1
DA:1938,1
DA:1939,1
DA:1940,1
DA:1941,1
DA:1942,1
DA:1943,1
DA:1944,1
DA:1945,1
DA:1946,1
DA:1947,1
DA:1948,1
DA:1949,1
DA:1950,1
DA:1951,1
DA:1952,1
DA:1953,1
DA:1954,1
DA:1955,1
DA:1956,1
DA:1957,1
DA:1958,1
DA:1959,1
DA:1960,1
DA:1961,1
DA:1962,1
DA:1963,1
DA:1964,1
DA:1965,1
DA:1966,1
DA:1967,1
DA:1968,1
DA:1969,1
DA:1970,1
DA:1971,1
DA:1972,1
DA:1973,1
DA:1974,1
DA:1975,1
DA:1976,1
DA:1977,1
DA:1978,1
DA:1979,1
DA:1980,1
DA:1981,1
DA:1982,1
DA:1983,1
DA:1984,1
DA:1985,1
DA:1986,1
DA:1987,1
DA:1988,1
DA:1989,1
DA:1990,1
DA:1991,1
DA:1992,1
DA:1993,1
DA:1994,1
DA:1995,1
DA:1996,1
DA:1997,1
DA:1998,1
DA:1999,1
DA:2000,1
DA:2001,1
DA:2002,1
DA:2003,1
DA:2004,1
DA:2005,1
DA:2006,1
DA:2007,1
DA:2008,1
DA:2009,1
DA:2010,1
DA:2011,1
DA:2012,1
DA:2013,1
DA:2014,1
DA:2015,1
DA:2016,1
DA:2017,1
DA:2018,1
DA:2019,1
DA:2020,1
DA:2021,1
DA:2022,1
DA:2023,1
DA:2024,1
DA:2025,1
DA:2026,1
DA:2027,1
DA:2028,1
DA:2029,1
DA:2030,1
DA:2031,1
DA:2032,1
DA:2033,1
DA:2034,1
DA:2035,1
DA:2036,1
DA:2037,1
DA:2038,1
DA:2039,1
DA:2040,1
DA:2041,1
DA:2042,1
DA:2043,1
DA:2044,1
DA:2045,1
DA:2046,1
DA:2047,1
DA:2048,1
DA:2049,1
DA:2050,1
DA:2051,1
DA:2052,1
DA:2053,1
DA:2054,1
DA:2055,1
DA:2056,1
DA:2057,1
DA:2058,1
DA:2059,1
DA:2060,1
DA:2061,1
DA:2062,1
DA:2063,1
DA:2064,1
DA:2065,1
DA:2066,1
DA:2067,1
DA:2068,1
DA:2069,1
DA:2070,1
DA:2071,1
DA:2072,1
DA:2073,1
DA:2074,1
DA:2075,1
DA:2076,1
DA:2077,1
DA:2078,1
DA:2079,1
DA:2080,1
DA:2081,1
DA:2082,1
DA:2083,1
DA:2084,1
DA:2085,1
DA:2086,1
DA:2087,1
DA:2088,1
DA:2089,1
DA:2090,1
DA:2091,1
DA:2092,1
DA:2093,1
DA:2094,1
DA:2095,1
DA:2096,1
DA:2097,1
DA:2098,1
DA:2099,1
DA:2100,1
DA:2101,1
DA:2102,1
DA:2103,1
DA:2104,1
DA:2105,1
DA:2106,1
DA:2107,1
DA:2108,1
DA:2109,1
DA:2110,1
DA:2111,1
DA:2112,1
DA:2113,1
DA:2114,1
DA:2115,1
DA:2116,1
DA:2117,1
DA:2118,1
DA:2119,1
DA:2120,1
DA:2121,1
DA:2122,1
DA:2123,1
DA:2124,1
DA:2125,1
DA:2126,1
DA:2127,1
DA:2128,1
DA:2129,1
DA:2130,1
DA:2131,1
DA:2132,1
DA:2133,1
DA:2134,1
DA:2135,1
DA:2136,1
DA:2137,1
DA:2138,1
DA:2139,1
DA:2140,1
DA:2141,1
DA:2142,1
DA:2143,1
DA:2144,1
DA:2145,1
DA:2146,1
DA:2147,1
DA:2148,1
DA:2149,1
DA:2150,1
DA:2151,1
DA:2152,1
DA:2153,1
DA:2154,1
DA:2155,1
DA:2156,1
DA:2157,1
DA:2158,1
DA:2159,1
DA:2160,1
DA:2161,1
DA:2162,1
DA:2163,1
DA:2164,1
DA:2165,1
DA:2166,1
DA:2167,1
DA:2168,1
DA:2169,1
DA:2170,1
DA:2171,1
DA:2172,1
DA:2173,1
DA:2174,1
DA:2175,1
DA:2176,1
DA:2177,1
DA:2178,1
DA:2179,1
DA:2180,1
DA:2181,1
DA:2182,1
DA:2183,1
DA:2184,1
DA:2185,1
DA:2186,1
DA:2187,1
DA:2188,1
DA:2189,1
DA:2190,1
DA:2191,1
DA:2192,1
DA:2193,1
DA:2194,1
DA:2195,1
DA:2196,1
DA:2197,1
DA:2198,1
DA:2199,1
DA:2200,1
DA:2201,1
DA:2202,1
DA:2203,1
DA:2204,1
DA:2205,1
DA:2206,1
DA:2207,1
DA:2208,1
DA:2209,1
DA:2210,1
DA:2211,1
DA:2212,1
DA:2213,1
DA:2214,1
DA:2215,1
DA:2216,1
DA:2217,1
DA:2218,1
DA:2219,1
DA:2220,1
DA:2221,1
DA:2222,1
DA:2223,1
DA:2224,1
DA:2225,1
DA:2226,1
DA:2227,1
DA:2228,1
DA:2229,1
DA:2230,1
DA:2231,1
DA:2232,1
DA:2233,1
DA:2234,1
DA:2235,1
DA:2236,1
DA:2237,1
DA:2238,1
DA:2239,1
DA:2240,1
DA:2241,1
DA:2242,1
DA:2243,1
DA:2244,1
DA:2247,1
DA:2249,1
BRDA:39,456,0,1
BRDA:39,461,0,1
BRDA:39,467,0,1
BRDA:39,456,1,0
BRDA:39,461,1,0
BRDA:39,467,1,0
BRDA:39,482,0,0
BRDA:39,482,1,0
LF:2122
LH:2111
BRF:29
BRH:6
FNF:35
FNH:34
end_of_record
SF:/Users/jrh630/repositories/stackProcessing/src/Studio.Graph/Persistence.fs
FN:12,System.String Studio.Graph.PipelineGraphStorage::serialize(Studio.Graph.SavedGraph)
FNDA:144,System.String Studio.Graph.PipelineGraphStorage::serialize(Studio.Graph.SavedGraph)
DA:13,144
FN:15,Studio.Graph.SavedGraph Studio.Graph.PipelineGraphStorage::deserialize(System.String)
FNDA:144,Studio.Graph.SavedGraph Studio.Graph.PipelineGraphStorage::deserialize(System.String)
DA:16,144
DA:18,144
DA:19,0
DA:21,144
BRDA:18,26,0,0
BRDA:18,26,1,144
BRDA:18,34,0,0
BRDA:18,34,1,144
FN:23,System.Threading.Tasks.Task Studio.Graph.PipelineGraphStorage::writeJsonAsync(System.IO.Stream,Studio.Graph.SavedGraph)
FNDA:0,System.Threading.Tasks.Task Studio.Graph.PipelineGraphStorage::writeJsonAsync(System.IO.Stream,Studio.Graph.SavedGraph)
DA:24,0
DA:25,0
DA:26,0
DA:27,0
DA:28,0
DA:29,0
DA:30,0
DA:31,0
DA:32,0
DA:33,0
FN:35,System.Threading.Tasks.Task`1<Studio.Graph.SavedGraph> Studio.Graph.PipelineGraphStorage::readJsonAsync(System.IO.Stream)
FNDA:0,System.Threading.Tasks.Task`1<Studio.Graph.SavedGraph> Studio.Graph.PipelineGraphStorage::readJsonAsync(System.IO.Stream)
DA:36,0
FN:42,System.Void Studio.Graph.PipelineGraphStorage::save(System.String,Studio.Graph.SavedGraph)
FNDA:0,System.Void Studio.Graph.PipelineGraphStorage::save(System.String,Studio.Graph.SavedGraph)
DA:43,0
FN:45,Studio.Graph.SavedGraph Studio.Graph.PipelineGraphStorage::load(System.String)
FNDA:0,Studio.Graph.SavedGraph Studio.Graph.PipelineGraphStorage::load(System.String)
DA:46,0
FN:36,System.Void Studio.Graph.PipelineGraphStorage/readJsonAsync@36::MoveNext()
FNDA:0,System.Void Studio.Graph.PipelineGraphStorage/readJsonAsync@36::MoveNext()
DA:37,0
DA:38,0
DA:39,0
BRDA:37,10,1,0
BRDA:37,10,0,0
BRDA:37,28,1,0
BRDA:37,28,0,0
BRDA:37,77,1,0
BRDA:37,77,0,0
BRDA:38,140,1,0
BRDA:38,145,0,0
BRDA:38,145,1,0
BRDA:38,140,0,0
BRDA:38,172,0,0
BRDA:38,172,1,0
BRDA:39,246,0,0
BRDA:39,246,1,0
BRDA:39,296,0,0
BRDA:39,296,1,0
BRDA:39,304,1,0
BRDA:39,304,0,0
BRDA:39,348,0,0
BRDA:39,370,0,0
BRDA:39,370,1,0
BRDA:39,378,1,0
BRDA:39,378,0,0
BRDA:39,348,1,0
BRDA:39,415,0,0
BRDA:39,415,1,0
BRDA:39,432,0,0
BRDA:39,432,1,0
BRDA:39,482,0,0
BRDA:39,482,1,0
FN:8,System.Void <StartupCode$Studio-Graph>.$Persistence::.cctor()
FNDA:1,System.Void <StartupCode$Studio-Graph>.$Persistence::.cctor()
DA:9,1
DA:10,1
LF:23
LH:6
BRF:87
BRH:2
FNF:8
FNH:3
end_of_record
SF:/Users/jrh630/repositories/stackProcessing/src/Studio.Graph/Domain.fs
FN:282,System.Boolean Studio.Graph.FunctionDefinition::matches(System.String,Studio.Graph.Function)
FNDA:0,System.Boolean Studio.Graph.FunctionDefinition::matches(System.String,Studio.Graph.Function)
DA:283,0
DA:284,0
DA:285,0
DA:286,0
DA:287,0
DA:288,0
BRDA:283,13,0,0
BRDA:283,13,1,0
BRDA:284,32,0,0
BRDA:284,32,1,0
BRDA:285,51,0,0
BRDA:285,51,1,0
BRDA:286,70,0,0
BRDA:286,70,1,0
BRDA:287,89,0,0
BRDA:287,89,1,0
FN:280,System.Boolean Studio.Graph.FunctionDefinition/contains@281::Invoke(System.String)
FNDA:0,System.Boolean Studio.Graph.FunctionDefinition/contains@281::Invoke(System.String)
DA:281,0
FN:187,Studio.Graph.PortType Studio.Graph.PortTypeModule::numericToImage(Studio.Graph.NumericType)
FNDA:0,Studio.Graph.PortType Studio.Graph.PortTypeModule::numericToImage(Studio.Graph.NumericType)
DA:188,0
DA:189,0
DA:190,0
DA:191,0
DA:192,0
DA:193,0
DA:194,0
DA:195,0
DA:196,0
DA:197,0
DA:198,0
DA:199,0
DA:200,0
BRDA:188,7,0,0
BRDA:188,7,1,0
BRDA:188,7,2,0
BRDA:188,7,3,0
BRDA:188,7,4,0
BRDA:188,7,5,0
BRDA:188,7,6,0
BRDA:188,7,7,0
BRDA:188,7,8,0
BRDA:188,7,9,0
BRDA:188,7,10,0
BRDA:188,7,11,0
BRDA:188,7,12,0
FN:202,System.Boolean Studio.Graph.PortTypeModule::canConnect(Studio.Graph.PortType,Studio.Graph.PortType)
FNDA:0,System.Boolean Studio.Graph.PortTypeModule::canConnect(Studio.Graph.PortType,Studio.Graph.PortType)
DA:203,0
DA:205,0
DA:206,0
DA:207,0
DA:208,0
BRDA:203,19,0,0
BRDA:203,19,2,0
BRDA:203,19,3,0
BRDA:203,19,4,0
BRDA:203,19,6,0
BRDA:203,19,1,0
BRDA:203,87,1,0
BRDA:203,142,1,0
BRDA:203,19,5,0
BRDA:203,60,0,0
BRDA:203,87,5,0
BRDA:203,142,0,0
BRDA:203,158,0,0
BRDA:203,60,1,0
BRDA:203,87,0,0
BRDA:203,87,2,0
BRDA:203,87,3,0
BRDA:203,87,4,0
BRDA:203,87,6,0
BRDA:203,158,1,0
FN:134,System.String Studio.Graph.BasicTypeModule::toString(Studio.Graph.BasicType)
FNDA:0,System.String Studio.Graph.BasicTypeModule::toString(Studio.Graph.BasicType)
DA:135,0
DA:136,0
DA:137,0
DA:138,0
DA:139,0
DA:140,0
DA:141,0
DA:142,0
DA:143,0
DA:144,0
DA:145,0
DA:146,0
DA:147,0
DA:148,0
DA:149,0
DA:150,0
DA:151,0
BRDA:135,8,0,0
BRDA:135,8,1,0
BRDA:135,51,0,0
BRDA:135,51,1,0
BRDA:135,51,2,0
BRDA:135,51,3,0
BRDA:135,51,4,0
BRDA:135,51,5,0
BRDA:135,51,6,0
BRDA:135,51,7,0
BRDA:135,51,8,0
BRDA:135,51,9,0
BRDA:135,51,10,0
BRDA:135,51,11,0
BRDA:135,51,12,0
BRDA:135,8,2,0
BRDA:135,8,3,0
BRDA:135,8,4,0
BRDA:135,8,5,0
FN:153,Microsoft.FSharp.Core.FSharpOption`1<Studio.Graph.BasicType> Studio.Graph.BasicTypeModule::tryParse(System.String)
FNDA:11,Microsoft.FSharp.Core.FSharpOption`1<Studio.Graph.BasicType> Studio.Graph.BasicTypeModule::tryParse(System.String)
DA:154,11
DA:155,0
DA:156,0
DA:157,0
DA:158,0
DA:159,0
DA:160,0
DA:161,0
DA:162,0
DA:163,0
DA:164,0
DA:165,6
DA:166,0
DA:167,0
DA:168,5
DA:170,0
DA:171,0
DA:172,0
BRDA:154,13,0,11
BRDA:154,29,0,11
BRDA:154,45,0,11
BRDA:154,61,0,11
BRDA:154,77,0,11
BRDA:154,93,0,11
BRDA:154,109,0,11
BRDA:154,125,0,11
BRDA:154,141,0,11
BRDA:154,157,0,11
BRDA:154,173,0,5
BRDA:154,189,0,5
BRDA:154,205,0,5
BRDA:154,221,0,0
BRDA:154,237,0,0
BRDA:154,253,0,0
BRDA:154,13,1,0
BRDA:154,29,1,0
BRDA:154,45,1,0
BRDA:154,61,1,0
BRDA:154,77,1,0
BRDA:154,93,1,0
BRDA:154,109,1,0
BRDA:154,125,1,0
BRDA:154,141,1,0
BRDA:154,157,1,0
BRDA:154,173,1,6
BRDA:154,189,1,0
BRDA:154,205,1,0
BRDA:154,221,1,5
BRDA:154,237,1,0
BRDA:154,253,1,0
BRDA:154,269,0,0
BRDA:154,269,1,0
FN:103,System.String Studio.Graph.ImageFileFormat::normalizeSuffix(System.String)
FNDA:0,System.String Studio.Graph.ImageFileFormat::normalizeSuffix(System.String)
DA:104,0
DA:106,0
DA:107,0
DA:109,0
BRDA:106,20,0,0
BRDA:106,20,1,0
FN:111,Microsoft.FSharp.Core.FSharpOption`1<Studio.Graph.ImageFileFormat/Format> Studio.Graph.ImageFileFormat::tryFind(System.String)
FNDA:0,Microsoft.FSharp.Core.FSharpOption`1<Studio.Graph.ImageFileFormat/Format> Studio.Graph.ImageFileFormat::tryFind(System.String)
DA:112,0
DA:114,0
DA:115,0
FN:117,Microsoft.FSharp.Collections.FSharpList`1<Studio.Graph.NumericType> Studio.Graph.ImageFileFormat::supportedTypes(System.String)
FNDA:0,Microsoft.FSharp.Collections.FSharpList`1<Studio.Graph.NumericType> Studio.Graph.ImageFileFormat::supportedTypes(System.String)
DA:118,0
DA:119,0
DA:120,0
BRDA:119,10,1,0
BRDA:119,10,0,0
BRDA:120,54,1,0
BRDA:120,54,0,0
FN:122,System.Boolean Studio.Graph.ImageFileFormat::supports(System.String,Studio.Graph.NumericType)
FNDA:0,System.Boolean Studio.Graph.ImageFileFormat::supports(System.String,Studio.Graph.NumericType)
DA:123,0
DA:124,0
FN:94,System.Boolean Studio.Graph.ImageFileFormat/readFormats@94::Invoke(Studio.Graph.ImageFileFormat/Format)
FNDA:0,System.Boolean Studio.Graph.ImageFileFormat/readFormats@94::Invoke(Studio.Graph.ImageFileFormat/Format)
DA:95,0
DA:96,0
DA:97,0
DA:98,0
BRDA:95,16,0,0
BRDA:95,16,1,0
BRDA:96,42,0,0
BRDA:96,42,1,0
BRDA:97,68,0,0
BRDA:97,68,1,0
FN:100,System.String Studio.Graph.ImageFileFormat/suffixes@101::Invoke(Studio.Graph.ImageFileFormat/Format)
FNDA:0,System.String Studio.Graph.ImageFileFormat/suffixes@101::Invoke(Studio.Graph.ImageFileFormat/Format)
DA:101,0
FN:18,System.String Studio.Graph.NumericTypeModule::toString(Studio.Graph.NumericType)
FNDA:143,System.String Studio.Graph.NumericTypeModule::toString(Studio.Graph.NumericType)
DA:19,143
DA:20,0
DA:21,22
DA:22,0
DA:23,0
DA:24,0
DA:25,0
DA:26,0
DA:27,4
DA:28,0
DA:29,2
DA:30,115
DA:31,0
BRDA:19,7,0,0
BRDA:19,7,1,0
BRDA:19,7,2,22
BRDA:19,7,3,0
BRDA:19,7,4,0
BRDA:19,7,5,0
BRDA:19,7,6,0
BRDA:19,7,7,0
BRDA:19,7,8,4
BRDA:19,7,9,0
BRDA:19,7,10,2
BRDA:19,7,11,115
BRDA:19,7,12,0
FN:33,Microsoft.FSharp.Core.FSharpOption`1<Studio.Graph.NumericType> Studio.Graph.NumericTypeModule::tryParse(System.String)
FNDA:44,Microsoft.FSharp.Core.FSharpOption`1<Studio.Graph.NumericType> Studio.Graph.NumericTypeModule::tryParse(System.String)
DA:34,44
DA:35,0
DA:36,0
DA:37,0
DA:38,0
DA:39,0
DA:40,0
DA:41,0
DA:42,2
DA:43,0
DA:44,2
DA:45,40
DA:46,0
DA:47,0
BRDA:34,13,0,44
BRDA:34,29,0,44
BRDA:34,45,0,44
BRDA:34,61,0,44
BRDA:34,77,0,44
BRDA:34,93,0,44
BRDA:34,109,0,44
BRDA:34,125,0,42
BRDA:34,141,0,42
BRDA:34,157,0,40
BRDA:34,173,0,0
BRDA:34,13,1,0
BRDA:34,29,1,0
BRDA:34,45,1,0
BRDA:34,61,1,0
BRDA:34,77,1,0
BRDA:34,93,1,0
BRDA:34,109,1,0
BRDA:34,125,1,2
BRDA:34,141,1,0
BRDA:34,157,1,2
BRDA:34,173,1,40
BRDA:34,189,0,0
BRDA:34,189,1,0
FN:54,System.Void <StartupCode$Studio-Graph>.$Domain::.cctor()
FNDA:0,System.Void <StartupCode$Studio-Graph>.$Domain::.cctor()
DA:55,0
DA:56,0
DA:57,0
DA:58,0
DA:59,0
DA:60,0
DA:61,0
DA:62,0
DA:63,0
DA:64,0
DA:65,0
DA:67,0
DA:68,0
DA:69,0
DA:70,0
DA:71,0
DA:72,0
DA:73,0
DA:74,0
DA:75,0
DA:77,0
DA:78,0
DA:79,0
DA:80,0
DA:81,0
DA:82,0
DA:83,0
DA:84,0
DA:85,0
DA:86,0
DA:87,0
DA:88,0
DA:90,0
DA:91,0
DA:92,0
DA:93,0
DA:94,0
LF:141
LH:12
BRF:145
BRH:32
FNF:15
FNH:3
end_of_record
SF:/Users/jrh630/repositories/stackProcessing/src/Studio.Compiler/PipelineCodeGenerator.fs
FN:19,System.String Studio.Compiler.PipelineCodeGenerator::savedParamValue(System.String,Studio.Graph.SavedNode)
FNDA:2238,System.String Studio.Compiler.PipelineCodeGenerator::savedParamValue(System.String,Studio.Graph.SavedNode)
DA:20,2238
DA:21,8027
DA:22,4476
DA:23,2238
BRDA:22,29,1,0
BRDA:22,29,0,2238
BRDA:23,78,1,0
BRDA:23,78,0,2238
FN:25,System.String Studio.Compiler.PipelineCodeGenerator::quote(System.String)
FNDA:579,System.String Studio.Compiler.PipelineCodeGenerator::quote(System.String)
DA:26,579
FN:28,System.Boolean Studio.Compiler.PipelineCodeGenerator::hasSuffix(Microsoft.FSharp.Collections.FSharpList`1<System.String>,System.String)
FNDA:680,System.Boolean Studio.Compiler.PipelineCodeGenerator::hasSuffix(Microsoft.FSharp.Collections.FSharpList`1<System.String>,System.String)
DA:29,680
DA:30,1360
FN:32,System.String Studio.Compiler.PipelineCodeGenerator::float64Literal(System.String)
FNDA:185,System.String Studio.Compiler.PipelineCodeGenerator::float64Literal(System.String)
DA:33,185
DA:34,185
DA:36,370
DA:37,185
DA:38,9
DA:39,9
DA:40,9
DA:41,192
DA:42,178
DA:44,7
BRDA:36,21,0,0
BRDA:36,21,1,185
BRDA:37,40,0,176
BRDA:37,40,1,9
BRDA:38,59,0,176
BRDA:38,59,1,9
BRDA:39,77,0,176
BRDA:39,77,1,9
BRDA:40,95,0,178
BRDA:40,95,1,7
BRDA:41,113,0,178
BRDA:41,113,1,7
FN:46,Microsoft.FSharp.Core.FSharpOption`1<System.String> Studio.Compiler.PipelineCodeGenerator::standardNumericConstant(System.String)
FNDA:912,Microsoft.FSharp.Core.FSharpOption`1<System.String> Studio.Compiler.PipelineCodeGenerator::standardNumericConstant(System.String)
DA:47,912
DA:48,1
DA:49,2
DA:50,909
BRDA:47,23,0,911
BRDA:47,23,1,1
BRDA:47,36,0,2
BRDA:47,36,1,909
FN:52,System.String Studio.Compiler.PipelineCodeGenerator::numericLiteral(Studio.Graph.NumericType,System.String)
FNDA:912,System.String Studio.Compiler.PipelineCodeGenerator::numericLiteral(Studio.Graph.NumericType,System.String)
DA:53,912
DA:55,912
DA:57,3
DA:58,0
DA:59,0
DA:60,0
DA:61,0
DA:62,0
DA:63,0
DA:64,0
DA:65,0
DA:66,0
DA:68,3
DA:69,0
DA:71,909
DA:73,0
DA:75,0
DA:77,0
DA:79,0
DA:81,1350
DA:83,44
DA:85,8
DA:87,0
DA:89,2
DA:92,185
DA:94,0
DA:95,0
DA:96,0
DA:98,0
BRDA:55,15,1,3
BRDA:57,38,0,0
BRDA:57,38,2,0
BRDA:57,38,3,0
BRDA:57,38,4,0
BRDA:57,38,5,0
BRDA:57,38,6,0
BRDA:57,38,7,0
BRDA:57,38,8,0
BRDA:57,38,9,0
BRDA:57,38,10,0
BRDA:57,38,1,3
BRDA:57,38,11,3
BRDA:57,38,12,0
BRDA:55,15,0,909
BRDA:71,225,0,0
BRDA:71,225,2,0
BRDA:73,300,0,0
BRDA:73,300,1,0
BRDA:71,225,3,0
BRDA:75,338,0,0
BRDA:75,338,1,0
BRDA:71,225,4,0
BRDA:77,376,0,0
BRDA:77,376,1,0
BRDA:71,225,5,0
BRDA:79,414,0,0
BRDA:79,414,1,0
BRDA:71,225,6,675
BRDA:81,452,0,0
BRDA:81,452,1,675
BRDA:71,225,7,44
BRDA:71,225,8,4
BRDA:85,492,0,0
BRDA:85,492,1,4
BRDA:71,225,9,0
BRDA:87,530,0,0
BRDA:87,530,1,0
BRDA:71,225,10,1
BRDA:89,568,0,1
BRDA:89,568,1,0
BRDA:71,225,1,185
BRDA:71,225,11,185
BRDA:71,225,12,0
BRDA:94,609,0,0
BRDA:94,609,1,0
BRDA:95,628,0,0
BRDA:95,628,1,0
FN:100,System.String Studio.Compiler.PipelineCodeGenerator::literalValue(Studio.Graph.BasicType,System.String)
FNDA:13,System.String Studio.Compiler.PipelineCodeGenerator::literalValue(Studio.Graph.BasicType,System.String)
DA:101,13
DA:102,8
DA:103,0
DA:104,5
DA:105,0
DA:106,0
BRDA:101,8,0,8
BRDA:101,8,1,8
BRDA:101,8,2,0
BRDA:101,8,3,5
BRDA:101,8,4,0
BRDA:101,8,5,0
FN:108,System.String Studio.Compiler.PipelineCodeGenerator::scalarValueLiteral(Studio.Graph.SavedNode)
FNDA:9,System.String Studio.Compiler.PipelineCodeGenerator::scalarValueLiteral(Studio.Graph.SavedNode)
DA:109,9
DA:112,9
DA:113,9
DA:115,9
DA:116,9
DA:117,0
BRDA:115,34,0,9
BRDA:115,34,1,0
FN:119,System.String Studio.Compiler.PipelineCodeGenerator::optionUInt(System.String)
FNDA:4,System.String Studio.Compiler.PipelineCodeGenerator::optionUInt(System.String)
DA:120,4
DA:121,12
DA:122,3
DA:123,1
DA:124,0
DA:126,1
BRDA:121,14,0,0
BRDA:121,14,1,4
BRDA:121,33,0,3
BRDA:121,33,1,1
BRDA:123,54,0,0
BRDA:123,54,1,1
FN:128,System.String Studio.Compiler.PipelineCodeGenerator::optionQualified(a,System.String)
FNDA:8,System.String Studio.Compiler.PipelineCodeGenerator::optionQualified(a,System.String)
DA:129,8
DA:131,24
DA:132,6
DA:135,4
DA:136,0
DA:137,2
DA:138,0
DA:140,2
DA:143,4
DA:145,2
BRDA:131,14,0,0
BRDA:131,14,1,8
BRDA:131,33,0,6
BRDA:131,33,1,2
BRDA:135,54,0,0
BRDA:135,54,1,2
BRDA:135,73,0,0
BRDA:135,73,1,2
BRDA:137,111,0,0
BRDA:137,111,1,2
BRDA:143,144,0,0
BRDA:143,144,1,2
FN:147,System.String Studio.Compiler.PipelineCodeGenerator::pixelTypeNameFromSuffix(System.String)
FNDA:334,System.String Studio.Compiler.PipelineCodeGenerator::pixelTypeNameFromSuffix(System.String)
DA:148,334
DA:149,50
DA:150,0
DA:151,11
DA:152,0
DA:153,0
DA:154,0
DA:155,6
DA:156,0
DA:157,15
DA:158,252
DA:159,0
DA:160,0
BRDA:148,13,0,284
BRDA:148,29,0,284
BRDA:148,45,0,273
BRDA:148,61,0,273
BRDA:148,77,0,273
BRDA:148,90,0,273
BRDA:148,103,0,267
BRDA:148,116,0,267
BRDA:148,129,0,252
BRDA:148,142,0,0
BRDA:148,13,1,50
BRDA:148,29,1,0
BRDA:148,45,1,11
BRDA:148,61,1,0
BRDA:148,77,1,0
BRDA:148,90,1,0
BRDA:148,103,1,6
BRDA:148,116,1,0
BRDA:148,129,1,15
BRDA:148,142,1,252
BRDA:148,155,0,0
BRDA:148,155,1,0
FN:162,System.String Studio.Compiler.PipelineCodeGenerator::pixelTypeNameFromParameter(System.String,System.String,Studio.Graph.SavedNode)
FNDA:334,System.String Studio.Compiler.PipelineCodeGenerator::pixelTypeNameFromParameter(System.String,System.String,Studio.Graph.SavedNode)
DA:163,334
DA:165,334
DA:166,0
DA:168,334
BRDA:165,15,0,0
BRDA:165,15,1,334
FN:170,System.String Studio.Compiler.PipelineCodeGenerator::uint64Literal(System.String)
FNDA:263,System.String Studio.Compiler.PipelineCodeGenerator::uint64Literal(System.String)
DA:171,263
DA:173,263
DA:174,0
DA:176,263
BRDA:173,20,0,0
BRDA:173,20,1,263
FN:178,System.String Studio.Compiler.PipelineCodeGenerator::sourcePrefix(System.String,a)
FNDA:262,System.String Studio.Compiler.PipelineCodeGenerator::sourcePrefix(System.String,a)
DA:179,262
FN:181,Microsoft.FSharp.Core.FSharpOption`1<System.String> Studio.Compiler.PipelineCodeGenerator::pairFunctionName(System.String)
FNDA:955,Microsoft.FSharp.Core.FSharpOption`1<System.String> Studio.Compiler.PipelineCodeGenerator::pairFunctionName(System.String)
DA:182,955
DA:183,0
DA:184,0
DA:185,955
BRDA:182,13,0,955
BRDA:182,13,1,0
BRDA:182,26,0,0
BRDA:182,26,1,955
FN:187,System.String Studio.Compiler.PipelineCodeGenerator::imageOpImageFunctionName(Studio.Graph.SavedNode)
FNDA:10,System.String Studio.Compiler.PipelineCodeGenerator::imageOpImageFunctionName(Studio.Graph.SavedNode)
DA:188,10
DA:189,0
DA:190,4
DA:191,0
DA:192,2
DA:193,2
DA:194,2
BRDA:188,23,0,10
BRDA:188,36,0,6
BRDA:188,49,0,6
BRDA:188,62,0,4
BRDA:188,23,1,0
BRDA:188,36,1,4
BRDA:188,49,1,0
BRDA:188,62,1,2
BRDA:188,75,0,2
BRDA:188,75,1,2
FN:196,Microsoft.FSharp.Core.FSharpOption`1<System.String> Studio.Compiler.PipelineCodeGenerator::pairStageFunctionName(Studio.Graph.SavedNode)
FNDA:1047,Microsoft.FSharp.Core.FSharpOption`1<System.String> Studio.Compiler.PipelineCodeGenerator::pairStageFunctionName(Studio.Graph.SavedNode)
DA:197,1047
DA:198,10
DA:199,22
DA:200,4
DA:201,34
DA:202,4
DA:203,4
DA:204,4
DA:206,8
DA:207,8
DA:208,8
DA:209,8
DA:210,8
DA:211,4
DA:213,4
DA:215,4
DA:216,0
DA:217,0
DA:218,2
DA:219,0
DA:220,0
DA:221,2
DA:222,4
DA:225,2
DA:226,0
DA:227,0
DA:228,2
DA:229,2
DA:230,955
BRDA:197,18,0,1037
BRDA:197,34,0,1015
BRDA:197,50,0,1011
BRDA:197,66,0,977
BRDA:197,82,0,973
BRDA:197,98,0,969
BRDA:197,111,0,965
BRDA:197,124,0,961
BRDA:197,137,0,957
BRDA:197,18,1,10
BRDA:197,34,1,22
BRDA:197,50,1,4
BRDA:197,66,1,34
BRDA:197,82,1,4
BRDA:197,98,1,4
BRDA:197,111,1,4
BRDA:197,124,1,4
BRDA:197,137,1,4
BRDA:215,511,0,4
BRDA:215,528,0,4
BRDA:215,545,0,4
BRDA:215,562,0,4
BRDA:215,579,0,4
BRDA:215,596,0,4
BRDA:215,610,0,2
BRDA:215,624,0,2
BRDA:215,638,0,2
BRDA:215,652,0,2
BRDA:215,666,0,2
BRDA:215,511,1,0
BRDA:215,528,1,0
BRDA:215,545,1,0
BRDA:215,562,1,0
BRDA:215,579,1,0
BRDA:215,596,1,0
BRDA:215,610,1,2
BRDA:215,624,1,2
BRDA:215,638,1,0
BRDA:215,652,1,0
BRDA:215,666,1,0
BRDA:215,680,0,0
BRDA:215,680,1,2
BRDA:197,153,0,2
BRDA:225,782,0,2
BRDA:225,796,0,2
BRDA:225,810,0,2
BRDA:225,782,1,0
BRDA:225,796,1,0
BRDA:225,810,1,0
BRDA:225,824,0,0
BRDA:225,824,1,2
BRDA:197,153,1,955
FN:232,System.String Studio.Compiler.PipelineCodeGenerator::pairCompositionOperator(Studio.Graph.SavedNode)
FNDA:46,System.String Studio.Compiler.PipelineCodeGenerator::pairCompositionOperator(Studio.Graph.SavedNode)
DA:233,46
DA:236,5
DA:237,41
BRDA:233,18,0,41
BRDA:233,31,0,41
BRDA:233,18,1,5
BRDA:233,31,1,5
BRDA:233,44,0,5
BRDA:233,44,1,41
FN:240,System.String Studio.Compiler.PipelineCodeGenerator::safeIdentifier(System.String)
FNDA:2,System.String Studio.Compiler.PipelineCodeGenerator::safeIdentifier(System.String)
DA:241,2
DA:242,72
DA:243,2
DA:245,2
FN:248,Microsoft.FSharp.Core.FSharpOption`1<System.String> Studio.Compiler.PipelineCodeGenerator::scalarImageFunctionName(Studio.Graph.SavedNode)
FNDA:2,Microsoft.FSharp.Core.FSharpOption`1<System.String> Studio.Compiler.PipelineCodeGenerator::scalarImageFunctionName(Studio.Graph.SavedNode)
DA:249,2
DA:253,2
DA:254,0
DA:256,2
DA:257,0
DA:258,0
DA:259,1
DA:260,0
DA:261,0
DA:262,0
DA:263,1
DA:264,0
DA:265,0
BRDA:249,23,0,2
BRDA:249,36,0,2
BRDA:249,49,0,0
BRDA:249,49,1,2
BRDA:249,36,1,0
BRDA:249,23,1,0
BRDA:249,62,0,0
BRDA:249,62,1,0
BRDA:256,120,0,1
BRDA:256,138,0,1
BRDA:256,159,0,1
BRDA:256,180,0,0
BRDA:256,120,1,1
BRDA:256,227,0,1
BRDA:256,248,0,1
BRDA:256,266,0,1
BRDA:256,284,0,0
BRDA:256,138,1,0
BRDA:256,159,1,0
BRDA:256,180,1,1
BRDA:256,201,0,0
BRDA:256,248,1,0
BRDA:256,266,1,0
BRDA:256,284,1,1
BRDA:256,302,0,0
BRDA:256,201,1,0
BRDA:256,227,1,0
BRDA:256,302,1,0
FN:267,System.Boolean Studio.Compiler.PipelineCodeGenerator::isScalarImageFunction(System.String)
FNDA:566,System.Boolean Studio.Compiler.PipelineCodeGenerator::isScalarImageFunction(System.String)
DA:268,566
BRDA:268,11,0,2
BRDA:268,11,1,282
FN:273,System.String Studio.Compiler.PipelineCodeGenerator::unaryImageFunctionName(Studio.Graph.SavedNode)
FNDA:5,System.String Studio.Compiler.PipelineCodeGenerator::unaryImageFunctionName(Studio.Graph.SavedNode)
DA:274,5
DA:276,15
DA:277,5
DA:279,0
BRDA:276,67,0,5
BRDA:276,67,1,0
FN:281,System.String Studio.Compiler.PipelineCodeGenerator::scalarFunctionExpression(System.String,a)
FNDA:3,System.String Studio.Compiler.PipelineCodeGenerator::scalarFunctionExpression(System.String,a)
DA:282,3
DA:283,0
DA:284,0
DA:285,0
DA:286,0
DA:287,1
DA:288,0
DA:289,0
DA:290,0
DA:291,0
DA:292,0
DA:293,0
DA:294,1
DA:295,1
BRDA:282,13,0,3
BRDA:282,29,0,3
BRDA:282,45,0,3
BRDA:282,61,0,3
BRDA:282,77,0,2
BRDA:282,93,0,2
BRDA:282,109,0,2
BRDA:282,125,0,2
BRDA:282,141,0,2
BRDA:282,157,0,2
BRDA:282,173,0,2
BRDA:282,13,1,0
BRDA:282,29,1,0
BRDA:282,45,1,0
BRDA:282,61,1,0
BRDA:282,77,1,1
BRDA:282,93,1,0
BRDA:282,109,1,0
BRDA:282,125,1,0
BRDA:282,141,1,0
BRDA:282,157,1,0
BRDA:282,173,1,0
BRDA:282,189,0,1
BRDA:282,189,1,1
FN:297,System.String Studio.Compiler.PipelineCodeGenerator::comparisonStageFunctionName(Studio.Graph.SavedNode)
FNDA:0,System.String Studio.Compiler.PipelineCodeGenerator::comparisonStageFunctionName(Studio.Graph.SavedNode)
DA:298,0
DA:299,0
DA:300,0
DA:301,0
DA:302,0
DA:303,0
DA:304,0
BRDA:298,23,0,0
BRDA:298,39,0,0
BRDA:298,55,0,0
BRDA:298,71,0,0
BRDA:298,87,0,0
BRDA:298,100,0,0
BRDA:298,113,0,0
BRDA:298,126,0,0
BRDA:298,139,0,0
BRDA:298,152,0,0
BRDA:298,165,0,0
BRDA:298,23,1,0
BRDA:298,39,1,0
BRDA:298,55,1,0
BRDA:298,71,1,0
BRDA:298,87,1,0
BRDA:298,100,1,0
BRDA:298,113,1,0
BRDA:298,126,1,0
BRDA:298,139,1,0
BRDA:298,152,1,0
BRDA:298,165,1,0
BRDA:298,178,0,0
BRDA:298,178,1,0
FN:306,System.String Studio.Compiler.PipelineCodeGenerator::maskLogicStageFunctionName(Studio.Graph.SavedNode)
FNDA:0,System.String Studio.Compiler.PipelineCodeGenerator::maskLogicStageFunctionName(Studio.Graph.SavedNode)
DA:307,0
DA:308,0
DA:309,0
DA:310,0
BRDA:307,23,0,0
BRDA:307,36,0,0
BRDA:307,49,0,0
BRDA:307,23,1,0
BRDA:307,36,1,0
BRDA:307,49,1,0
BRDA:307,62,0,0
BRDA:307,62,1,0
FN:312,System.String Studio.Compiler.PipelineCodeGenerator::scalarTypeName(Studio.Graph.SavedNode)
FNDA:17,System.String Studio.Compiler.PipelineCodeGenerator::scalarTypeName(Studio.Graph.SavedNode)
DA:313,17
DA:314,3
DA:316,3
DA:317,11
BRDA:313,18,0,14
BRDA:313,31,0,12
BRDA:313,18,1,3
BRDA:313,31,1,3
BRDA:313,44,0,3
BRDA:313,44,1,11
FN:319,Studio.Graph.SavedParameter Studio.Compiler.PipelineCodeGenerator::scalarParameter(System.String,System.String)
FNDA:4,Studio.Graph.SavedParameter Studio.Compiler.PipelineCodeGenerator::scalarParameter(System.String,System.String)
DA:320,4
DA:321,4
DA:322,4
FN:325,Studio.Graph.SavedGraph Studio.Compiler.PipelineCodeGenerator::replaceFileDirectorySelectors(Studio.Graph.SavedGraph)
FNDA:220,Studio.Graph.SavedGraph Studio.Compiler.PipelineCodeGenerator::replaceFileDirectorySelectors(Studio.Graph.SavedGraph)
DA:326,220
DA:327,220
DA:328,748
DA:329,2
DA:330,2
DA:331,2
DA:332,2
DA:333,2
DA:334,220
DA:335,966
DA:337,220
BRDA:327,15,0,0
BRDA:327,15,1,220
BRDA:335,193,1,748
BRDA:328,77,0,2
BRDA:328,77,1,746
BRDA:335,193,0,220
FN:339,Microsoft.FSharp.Collections.FSharpMap`2<System.String,System.String> Studio.Compiler.PipelineCodeGenerator::scalarNames(Studio.Graph.SavedNode[])
FNDA:220,Microsoft.FSharp.Collections.FSharpMap`2<System.String,System.String> Studio.Compiler.PipelineCodeGenerator::scalarNames(Studio.Graph.SavedNode[])
DA:340,220
DA:341,220
DA:342,220
DA:343,14
DA:344,251
DA:345,220
FN:347,Microsoft.FSharp.Core.FSharpOption`1<System.String> Studio.Compiler.PipelineCodeGenerator::computeStatsFieldName(System.Int32)
FNDA:27,Microsoft.FSharp.Core.FSharpOption`1<System.String> Studio.Compiler.PipelineCodeGenerator::computeStatsFieldName(System.Int32)
DA:348,27
DA:349,27
FN:351,System.Boolean Studio.Compiler.PipelineCodeGenerator::isSingleValueReducerNode(Studio.Graph.SavedNode)
FNDA:56,System.Boolean Studio.Compiler.PipelineCodeGenerator::isSingleValueReducerNode(Studio.Graph.SavedNode)
DA:352,56
DA:353,54
DA:354,52
DA:355,52
DA:356,43
DA:357,41
BRDA:352,16,0,2
BRDA:352,16,1,54
BRDA:353,39,0,4
BRDA:353,39,1,52
BRDA:354,62,0,4
BRDA:354,62,1,52
BRDA:355,85,0,13
BRDA:355,85,1,43
BRDA:356,108,0,15
BRDA:356,108,1,41
FN:359,Microsoft.FSharp.Core.FSharpOption`1<System.String> Studio.Compiler.PipelineCodeGenerator::stackInfoFieldExpression(a,System.Int32)
FNDA:4,Microsoft.FSharp.Core.FSharpOption`1<System.String> Studio.Compiler.PipelineCodeGenerator::stackInfoFieldExpression(a,System.Int32)
DA:360,4
DA:361,4
DA:362,4
DA:363,4
DA:364,4
DA:365,4
DA:366,4
DA:367,4
FN:369,Microsoft.FSharp.Core.FSharpOption`1<System.String> Studio.Compiler.PipelineCodeGenerator::chunkInfoFieldExpression(a,System.Int32)
FNDA:8,Microsoft.FSharp.Core.FSharpOption`1<System.String> Studio.Compiler.PipelineCodeGenerator::chunkInfoFieldExpression(a,System.Int32)
DA:370,8
DA:371,8
DA:372,8
DA:373,8
DA:374,8
DA:375,8
DA:376,8
DA:377,8
DA:378,8
DA:379,8
DA:380,8
FN:382,System.Boolean Studio.Compiler.PipelineCodeGenerator::isTranslationTableNode(Studio.Graph.SavedNode)
FNDA:44,System.Boolean Studio.Compiler.PipelineCodeGenerator::isTranslationTableNode(Studio.Graph.SavedNode)
DA:383,44
FN:385,System.Boolean Studio.Compiler.PipelineCodeGenerator::isHistogramDataNode(Studio.Graph.SavedNode)
FNDA:78,System.Boolean Studio.Compiler.PipelineCodeGenerator::isHistogramDataNode(Studio.Graph.SavedNode)
DA:386,78
BRDA:386,16,0,10
BRDA:386,16,1,34
FN:388,System.Boolean Studio.Compiler.PipelineCodeGenerator::isQuantilesNode(Studio.Graph.SavedNode)
FNDA:44,System.Boolean Studio.Compiler.PipelineCodeGenerator::isQuantilesNode(Studio.Graph.SavedNode)
DA:389,44
FN:391,System.Boolean Studio.Compiler.PipelineCodeGenerator::isStackInfoNode(Studio.Graph.SavedNode)
FNDA:44,System.Boolean Studio.Compiler.PipelineCodeGenerator::isStackInfoNode(Studio.Graph.SavedNode)
DA:392,44
FN:394,System.Boolean Studio.Compiler.PipelineCodeGenerator::isChunkInfoNode(Studio.Graph.SavedNode)
FNDA:122,System.Boolean Studio.Compiler.PipelineCodeGenerator::isChunkInfoNode(Studio.Graph.SavedNode)
DA:395,122
BRDA:395,16,0,4
BRDA:395,16,1,40
BRDA:395,39,0,6
BRDA:395,39,1,38
FN:397,Microsoft.FSharp.Core.FSharpOption`1<System.String> Studio.Compiler.PipelineCodeGenerator::quantileFieldExpression(a,System.Int32)
FNDA:8,Microsoft.FSharp.Core.FSharpOption`1<System.String> Studio.Compiler.PipelineCodeGenerator::quantileFieldExpression(a,System.Int32)
DA:398,8
BRDA:398,3,0,2
BRDA:398,3,1,0
BRDA:398,14,0,2
BRDA:398,14,1,0
FN:400,Microsoft.FSharp.Core.FSharpOption`1<System.String> Studio.Compiler.PipelineCodeGenerator::histogramFieldExpression(Microsoft.FSharp.Collections.FSharpMap`2<System.String,Studio.Graph.SavedNode>,System.String,System.String,System.Int32)
FNDA:42,Microsoft.FSharp.Core.FSharpOption`1<System.String> Studio.Compiler.PipelineCodeGenerator::histogramFieldExpression(Microsoft.FSharp.Collections.FSharpMap`2<System.String,Studio.Graph.SavedNode>,System.String,System.String,System.Int32)
DA:401,42
DA:402,14
DA:403,4
DA:404,2
DA:405,1
DA:406,1
DA:407,0
DA:408,0
DA:410,20
BRDA:401,12,0,14
BRDA:402,42,0,4
BRDA:403,57,1,2
BRDA:403,57,2,1
BRDA:403,57,3,1
BRDA:403,57,4,0
BRDA:403,57,0,0
BRDA:401,12,1,10
BRDA:402,42,1,10
BRDA:410,251,0,10
BRDA:410,251,1,0
FN:413,Studio.Compiler.PipelineCodeGenerator/ParameterExpression Studio.Compiler.PipelineCodeGenerator::parameterExpression(Studio.Graph.SavedGraph,Microsoft.FSharp.Collections.FSharpMap`2<System.String,Studio.Graph.SavedNode>,Microsoft.FSharp.Collections.FSharpMap`2<System.String,System.String>,Microsoft.FSharp.Collections.FSharpMap`2<System.String,System.String>,Microsoft.FSharp.Collections.FSharpMap`2<System.String,System.String>,Microsoft.FSharp.Collections.FSharpMap`2<System.String,System.String>,Microsoft.FSharp.Collections.FSharpMap`2<System.String,System.String>,Microsoft.FSharp.Collections.FSharpMap`2<System.String,System.String>,Microsoft.FSharp.Collections.FSharpMap`2<System.String,System.String>,Studio.Graph.SavedNode,System.Int32,System.String)
FNDA:1826,Studio.Compiler.PipelineCodeGenerator/ParameterExpression Studio.Compiler.PipelineCodeGenerator::parameterExpression(Studio.Graph.SavedGraph,Microsoft.FSharp.Collections.FSharpMap`2<System.String,Studio.Graph.SavedNode>,Microsoft.FSharp.Collections.FSharpMap`2<System.String,System.String>,Microsoft.FSharp.Collections.FSharpMap`2<System.String,System.String>,Microsoft.FSharp.Collections.FSharpMap`2<System.String,System.String>,Microsoft.FSharp.Collections.FSharpMap`2<System.String,System.String>,Microsoft.FSharp.Collections.FSharpMap`2<System.String,System.String>,Microsoft.FSharp.Collections.FSharpMap`2<System.String,System.String>,Microsoft.FSharp.Collections.FSharpMap`2<System.String,System.String>,Studio.Graph.SavedNode,System.Int32,System.String)
DA:414,1826
DA:415,1826
DA:416,5034
DA:417,865
DA:418,1933
DA:419,1826
DA:420,64
DA:421,1826
DA:422,38
DA:423,1826
DA:424,135
DA:425,1826
DA:426,45
DA:427,39
DA:428,3
DA:429,9
DA:430,0
DA:431,1826
DA:432,90
DA:433,2
DA:434,1826
DA:435,84
DA:436,14
DA:437,1826
DA:438,42
DA:439,2
DA:440,1826
DA:441,12
DA:442,12
DA:443,16
DA:444,12
DA:445,8
DA:446,8
DA:447,28
DA:448,1826
DA:449,1826
DA:451,1826
DA:453,63
DA:454,63
DA:456,1763
DA:457,1763
BRDA:419,34,1,1762
BRDA:419,34,0,64
BRDA:420,83,0,45
BRDA:420,83,1,19
BRDA:420,97,0,45
BRDA:424,149,0,15
BRDA:426,189,0,15
BRDA:427,214,0,12
BRDA:427,214,1,3
BRDA:427,231,0,3
BRDA:427,231,1,12
BRDA:428,259,0,3
BRDA:429,314,1,0
BRDA:429,314,0,3
BRDA:426,189,1,0
BRDA:428,259,1,0
BRDA:424,149,1,30
BRDA:432,397,1,2
BRDA:432,397,0,28
BRDA:435,450,1,14
BRDA:435,450,0,14
BRDA:438,518,1,2
BRDA:438,518,0,12
BRDA:443,581,1,8
BRDA:443,581,0,4
BRDA:444,629,1,8
BRDA:447,659,1,0
BRDA:447,659,0,8
BRDA:444,629,0,4
BRDA:420,97,1,0
BRDA:451,714,1,63
BRDA:451,714,0,1763
FN:459,System.Tuple`2<System.String,System.String> Studio.Compiler.PipelineCodeGenerator::scalarBinding(Studio.Graph.SavedGraph,Microsoft.FSharp.Collections.FSharpMap`2<System.String,Studio.Graph.SavedNode>,Microsoft.FSharp.Collections.FSharpMap`2<System.String,System.String>,Microsoft.FSharp.Collections.FSharpMap`2<System.String,System.String>,Microsoft.FSharp.Collections.FSharpMap`2<System.String,System.String>,Microsoft.FSharp.Collections.FSharpMap`2<System.String,System.String>,Microsoft.FSharp.Collections.FSharpMap`2<System.String,System.String>,Microsoft.FSharp.Collections.FSharpMap`2<System.String,System.String>,Microsoft.FSharp.Collections.FSharpMap`2<System.String,System.String>,Studio.Graph.SavedNode)
FNDA:34,System.Tuple`2<System.String,System.String> Studio.Compiler.PipelineCodeGenerator::scalarBinding(Studio.Graph.SavedGraph,Microsoft.FSharp.Collections.FSharpMap`2<System.String,Studio.Graph.SavedNode>,Microsoft.FSharp.Collections.FSharpMap`2<System.String,System.String>,Microsoft.FSharp.Collections.FSharpMap`2<System.String,System.String>,Microsoft.FSharp.Collections.FSharpMap`2<System.String,System.String>,Microsoft.FSharp.Collections.FSharpMap`2<System.String,System.String>,Microsoft.FSharp.Collections.FSharpMap`2<System.String,System.String>,Microsoft.FSharp.Collections.FSharpMap`2<System.String,System.String>,Microsoft.FSharp.Collections.FSharpMap`2<System.String,System.String>,Studio.Graph.SavedNode)
DA:460,34
DA:463,17
DA:472,2
DA:476,2
DA:477,0
DA:480,2
DA:481,2
DA:482,2
DA:488,2
DA:489,2
DA:490,2
DA:493,3
DA:494,9
DA:495,6
DA:496,3
DA:499,3
DA:500,2
DA:502,1
DA:504,3
DA:508,3
DA:509,2
DA:511,1
DA:514,3
DA:515,6
DA:516,6
DA:517,3
DA:519,3
DA:521,9
DA:523,17
BRDA:463,35,0,15
BRDA:463,48,0,12
BRDA:463,64,0,10
BRDA:463,35,1,2
BRDA:472,139,0,2
BRDA:472,153,0,2
BRDA:472,167,0,1
BRDA:472,167,1,1
BRDA:472,153,1,0
BRDA:472,139,1,0
BRDA:472,181,0,1
BRDA:472,181,1,0
BRDA:482,261,1,0
BRDA:482,261,0,2
BRDA:463,48,1,3
BRDA:495,426,1,0
BRDA:495,426,0,3
BRDA:496,506,1,0
BRDA:496,506,0,3
BRDA:499,533,0,2
BRDA:499,533,1,1
BRDA:463,64,1,3
BRDA:463,80,0,3
BRDA:508,608,0,2
BRDA:508,608,1,1
BRDA:516,663,1,0
BRDA:516,663,0,3
BRDA:517,750,1,0
BRDA:517,750,0,3
BRDA:463,80,1,9
FN:535,System.Tuple`2<System.String,System.String> Studio.Compiler.PipelineCodeGenerator::stackInfoBinding(Studio.Graph.SavedGraph,Microsoft.FSharp.Collections.FSharpMap`2<System.String,Studio.Graph.SavedNode>,Microsoft.FSharp.Collections.FSharpMap`2<System.String,System.String>,Microsoft.FSharp.Collections.FSharpMap`2<System.String,System.String>,Microsoft.FSharp.Collections.FSharpMap`2<System.String,System.String>,Microsoft.FSharp.Collections.FSharpMap`2<System.String,System.String>,Microsoft.FSharp.Collections.FSharpMap`2<System.String,System.String>,Microsoft.FSharp.Collections.FSharpMap`2<System.String,System.String>,Microsoft.FSharp.Collections.FSharpMap`2<System.String,System.String>,Studio.Graph.SavedNode)
FNDA:4,System.Tuple`2<System.String,System.String> Studio.Compiler.PipelineCodeGenerator::stackInfoBinding(Studio.Graph.SavedGraph,Microsoft.FSharp.Collections.FSharpMap`2<System.String,Studio.Graph.SavedNode>,Microsoft.FSharp.Collections.FSharpMap`2<System.String,System.String>,Microsoft.FSharp.Collections.FSharpMap`2<System.String,System.String>,Microsoft.FSharp.Collections.FSharpMap`2<System.String,System.String>,Microsoft.FSharp.Collections.FSharpMap`2<System.String,System.String>,Microsoft.FSharp.Collections.FSharpMap`2<System.String,System.String>,Microsoft.FSharp.Collections.FSharpMap`2<System.String,System.String>,Microsoft.FSharp.Collections.FSharpMap`2<System.String,System.String>,Studio.Graph.SavedNode)
DA:536,4
DA:537,2
DA:538,2
DA:539,2
FN:551,System.Tuple`2<System.String,System.String> Studio.Compiler.PipelineCodeGenerator::chunkInfoBinding(Studio.Graph.SavedGraph,Microsoft.FSharp.Collections.FSharpMap`2<System.String,Studio.Graph.SavedNode>,Microsoft.FSharp.Collections.FSharpMap`2<System.String,System.String>,Microsoft.FSharp.Collections.FSharpMap`2<System.String,System.String>,Microsoft.FSharp.Collections.FSharpMap`2<System.String,System.String>,Microsoft.FSharp.Collections.FSharpMap`2<System.String,System.String>,Microsoft.FSharp.Collections.FSharpMap`2<System.String,System.String>,Microsoft.FSharp.Collections.FSharpMap`2<System.String,System.String>,Microsoft.FSharp.Collections.FSharpMap`2<System.String,System.String>,Studio.Graph.SavedNode)
FNDA:12,System.Tuple`2<System.String,System.String> Studio.Compiler.PipelineCodeGenerator::chunkInfoBinding(Studio.Graph.SavedGraph,Microsoft.FSharp.Collections.FSharpMap`2<System.String,Studio.Graph.SavedNode>,Microsoft.FSharp.Collections.FSharpMap`2<System.String,System.String>,Microsoft.FSharp.Collections.FSharpMap`2<System.String,System.String>,Microsoft.FSharp.Collections.FSharpMap`2<System.String,System.String>,Microsoft.FSharp.Collections.FSharpMap`2<System.String,System.String>,Microsoft.FSharp.Collections.FSharpMap`2<System.String,System.String>,Microsoft.FSharp.Collections.FSharpMap`2<System.String,System.String>,Microsoft.FSharp.Collections.FSharpMap`2<System.String,System.String>,Studio.Graph.SavedNode)
DA:552,12
DA:553,6
DA:555,6
DA:556,2
DA:557,2
DA:558,2
DA:559,4
DA:560,2
DA:561,2
DA:562,2
DA:563,2
DA:564,2
DA:566,2
DA:567,2
BRDA:555,77,0,2
BRDA:555,77,1,4
BRDA:559,217,0,2
BRDA:559,217,1,2
FN:717,System.String Studio.Compiler.PipelineCodeGenerator::savedElementLine(Studio.Graph.SavedGraph,Microsoft.FSharp.Collections.FSharpMap`2<System.String,Studio.Graph.SavedNode>,Microsoft.FSharp.Collections.FSharpMap`2<System.String,System.String>,Microsoft.FSharp.Collections.FSharpMap`2<System.String,System.String>,Microsoft.FSharp.Collections.FSharpMap`2<System.String,System.String>,Microsoft.FSharp.Collections.FSharpMap`2<System.String,System.String>,Microsoft.FSharp.Collections.FSharpMap`2<System.String,System.String>,Microsoft.FSharp.Collections.FSharpMap`2<System.String,System.String>,Microsoft.FSharp.Collections.FSharpMap`2<System.String,System.String>,Studio.Graph.SavedNode)
FNDA:680,System.String Studio.Compiler.PipelineCodeGenerator::savedElementLine(Studio.Graph.SavedGraph,Microsoft.FSharp.Collections.FSharpMap`2<System.String,Studio.Graph.SavedNode>,Microsoft.FSharp.Collections.FSharpMap`2<System.String,System.String>,Microsoft.FSharp.Collections.FSharpMap`2<System.String,System.String>,Microsoft.FSharp.Collections.FSharpMap`2<System.String,System.String>,Microsoft.FSharp.Collections.FSharpMap`2<System.String,System.String>,Microsoft.FSharp.Collections.FSharpMap`2<System.String,System.String>,Microsoft.FSharp.Collections.FSharpMap`2<System.String,System.String>,Microsoft.FSharp.Collections.FSharpMap`2<System.String,System.String>,Studio.Graph.SavedNode)
DA:718,680
DA:720,144
DA:721,144
DA:722,144
DA:723,144
DA:724,144
DA:725,288
DA:727,2
DA:728,2
DA:729,2
DA:730,2
DA:731,4
DA:733,2
DA:734,2
DA:735,2
DA:736,2
DA:737,4
DA:739,2
DA:740,2
DA:741,2
DA:742,2
DA:743,4
DA:745,2
DA:746,2
DA:747,2
DA:748,2
DA:749,2
DA:750,2
DA:751,2
DA:752,4
DA:754,2
DA:755,2
DA:756,2
DA:757,2
DA:758,2
DA:759,2
DA:760,4
DA:762,2
DA:763,2
DA:764,2
DA:765,2
DA:766,2
DA:767,2
DA:768,4
DA:770,2
DA:771,2
DA:772,2
DA:773,2
DA:774,2
DA:775,2
DA:776,4
DA:778,1
DA:779,1
DA:780,1
DA:781,1
DA:782,1
DA:783,1
DA:784,1
DA:785,1
DA:786,1
DA:787,1
DA:789,1
DA:793,0
DA:797,0
DA:799,1
DA:801,1
DA:802,1
DA:803,1
DA:804,1
DA:805,1
DA:806,1
DA:807,1
DA:808,1
DA:809,1
DA:810,1
DA:811,1
DA:812,1
DA:813,1
DA:814,1
DA:815,1
DA:816,1
DA:818,2
DA:819,2
DA:820,2
DA:821,2
DA:822,2
DA:823,4
DA:825,2
DA:826,2
DA:827,2
DA:828,2
DA:829,2
DA:830,2
DA:831,2
DA:832,2
DA:833,4
DA:835,2
DA:836,2
DA:837,2
DA:838,2
DA:839,2
DA:840,2
DA:841,2
DA:842,4
DA:844,2
DA:845,2
DA:846,2
DA:847,2
DA:848,4
DA:850,2
DA:851,2
DA:852,2
DA:853,2
DA:854,2
DA:855,2
DA:856,2
DA:857,2
DA:858,2
DA:859,4
DA:861,2
DA:862,2
DA:863,2
DA:864,2
DA:865,2
DA:866,2
DA:867,2
DA:868,2
DA:869,4
DA:871,11
DA:872,11
DA:873,22
DA:875,78
DA:876,78
DA:877,78
DA:878,78
DA:879,156
DA:881,3
DA:882,3
DA:883,3
DA:884,6
DA:886,2
DA:887,2
DA:888,2
DA:889,2
DA:890,2
DA:891,2
DA:893,2
DA:894,2
DA:895,2
DA:896,2
DA:897,2
DA:898,2
DA:900,2
DA:901,2
DA:902,2
DA:903,2
DA:904,2
DA:905,2
DA:907,3
DA:908,3
DA:909,3
DA:910,3
DA:911,3
DA:912,3
DA:913,3
DA:914,3
DA:915,3
DA:916,3
DA:917,3
DA:919,2
DA:920,2
DA:922,3
DA:923,3
DA:924,3
DA:926,16
DA:927,16
DA:928,16
DA:930,5
DA:931,5
DA:932,5
DA:934,5
DA:935,5
DA:936,1
DA:937,1
DA:938,3
DA:940,2
DA:941,2
DA:942,2
DA:943,2
DA:944,2
DA:945,2
DA:946,2
DA:947,2
DA:948,2
DA:949,2
DA:951,1
DA:952,1
DA:953,1
DA:955,2
DA:956,2
DA:957,2
DA:958,2
DA:961,2
DA:962,2
DA:963,10
DA:964,3
DA:965,6
DA:966,2
DA:967,2
DA:968,6
DA:969,3
DA:970,3
DA:971,2
DA:973,2
DA:976,1
DA:977,3
DA:978,1
DA:979,4
DA:980,1
DA:981,1
DA:982,3
DA:983,2
DA:984,1
DA:985,1
DA:986,1
DA:987,4
DA:988,1
DA:989,1
DA:990,2
DA:991,1
DA:993,1
DA:996,1
DA:997,3
DA:998,1
DA:999,5
DA:1000,1
DA:1001,1
DA:1002,1
DA:1003,2
DA:1004,1
DA:1005,2
DA:1006,1
DA:1007,3
DA:1008,1
DA:1009,1
DA:1010,1
DA:1011,1
DA:1012,1
DA:1013,1
DA:1014,1
DA:1015,2
DA:1016,1
DA:1018,1
DA:1019,1
DA:1021,1
DA:1022,1
DA:1025,28
DA:1026,100
DA:1027,28
DA:1028,188
DA:1029,35
DA:1030,28
DA:1031,65
DA:1032,28
DA:1035,28
DA:1037,28
DA:1039,1
DA:1041,11
DA:1043,2
DA:1044,2
DA:1045,2
DA:1047,2
DA:1049,2
DA:1050,2
DA:1051,2
DA:1053,2
DA:1055,2
DA:1057,2
DA:1059,7
DA:1061,2
DA:1063,2
DA:1065,2
DA:1066,2
DA:1067,2
DA:1068,2
DA:1069,2
DA:1071,2
DA:1072,2
DA:1073,2
DA:1074,2
DA:1076,2
DA:1077,2
DA:1078,2
DA:1079,2
DA:1081,11
DA:1082,11
DA:1084,2
DA:1085,2
DA:1087,2
DA:1088,2
DA:1089,2
DA:1090,2
DA:1092,2
DA:1093,2
DA:1094,2
DA:1096,2
DA:1097,2
DA:1098,2
DA:1100,2
DA:1101,2
DA:1103,0
DA:1104,280
DA:1105,2
DA:1106,6
DA:1107,556
DA:1108,0
DA:1110,2
DA:1111,4
DA:1112,4
DA:1113,4
DA:1114,2
DA:1116,2
DA:1117,4
DA:1118,4
DA:1119,4
DA:1120,2
DA:1122,1
DA:1123,1
DA:1124,1
DA:1126,2
DA:1127,2
DA:1128,2
DA:1129,2
DA:1131,2
DA:1132,2
DA:1133,2
DA:1134,2
DA:1136,2
DA:1137,2
DA:1138,2
DA:1139,2
DA:1140,2
DA:1141,2
DA:1143,3
DA:1144,3
DA:1145,3
DA:1147,2
DA:1148,2
DA:1149,2
DA:1150,2
DA:1151,2
DA:1152,2
DA:1153,2
DA:1154,2
DA:1155,2
DA:1157,2
DA:1158,2
DA:1159,2
DA:1160,2
DA:1161,2
DA:1162,2
DA:1163,2
DA:1164,2
DA:1166,2
DA:1167,2
DA:1168,2
DA:1169,2
DA:1171,2
DA:1172,2
DA:1173,2
DA:1174,2
DA:1175,2
DA:1177,2
DA:1178,2
DA:1179,2
DA:1181,1
DA:1182,1
DA:1183,1
DA:1185,1
DA:1186,1
DA:1187,1
DA:1189,2
DA:1190,2
DA:1191,2
DA:1192,2
DA:1194,1
DA:1195,1
DA:1196,1
DA:1197,1
DA:1199,1
DA:1200,1
DA:1201,1
DA:1202,1
DA:1204,1
DA:1205,1
DA:1206,1
DA:1207,1
DA:1209,1
DA:1210,1
DA:1211,1
DA:1212,1
DA:1214,1
DA:1215,1
DA:1216,1
DA:1217,1
DA:1219,1
DA:1220,1
DA:1221,1
DA:1222,1
DA:1224,0
DA:1225,0
DA:1227,0
DA:1229,1
DA:1231,2
DA:1232,2
DA:1233,2
DA:1235,1
DA:1236,1
DA:1237,1
DA:1239,2
DA:1240,2
DA:1241,2
DA:1243,2
DA:1244,2
DA:1245,2
DA:1247,1
DA:1248,1
DA:1249,1
DA:1250,1
DA:1252,1
DA:1253,1
DA:1254,1
DA:1255,1
DA:1257,2
DA:1259,2
DA:1260,2
DA:1261,2
DA:1262,2
DA:1264,1
DA:1265,1
DA:1266,1
DA:1267,1
DA:1269,4
DA:1270,4
DA:1271,4
DA:1272,4
DA:1274,2
DA:1275,2
DA:1276,2
DA:1277,2
DA:1279,2
DA:1280,2
DA:1281,2
DA:1283,2
DA:1284,2
DA:1285,2
DA:1287,2
DA:1288,2
DA:1289,2
DA:1291,4
DA:1292,4
DA:1293,4
DA:1295,1
DA:1296,1
DA:1297,1
DA:1298,1
DA:1300,2
DA:1301,2
DA:1302,2
DA:1303,2
DA:1305,5
DA:1306,5
DA:1307,5
DA:1308,5
DA:1310,2
DA:1311,2
DA:1312,2
DA:1314,2
DA:1315,2
DA:1317,2
DA:1318,2
DA:1320,2
DA:1321,2
DA:1323,3
DA:1324,3
DA:1325,3
DA:1327,1
DA:1328,1
DA:1330,1
DA:1331,1
DA:1333,1
DA:1334,1
DA:1336,1
DA:1337,1
DA:1339,5
DA:1340,5
DA:1342,2
DA:1343,2
DA:1344,2
DA:1346,5
DA:1347,5
DA:1348,5
DA:1350,6
DA:1351,6
DA:1352,6
DA:1353,6
DA:1354,6
DA:1355,6
DA:1356,6
DA:1358,2
DA:1359,2
DA:1360,2
DA:1361,2
DA:1362,2
DA:1363,2
DA:1364,2
DA:1366,2
DA:1367,2
DA:1368,2
DA:1369,2
DA:1370,2
DA:1372,2
DA:1373,2
DA:1374,2
DA:1375,2
DA:1376,2
DA:1377,2
DA:1379,2
DA:1380,2
DA:1381,2
DA:1382,2
DA:1383,2
DA:1384,2
DA:1385,2
DA:1387,2
DA:1388,2
DA:1389,2
DA:1390,2
DA:1391,2
DA:1392,2
DA:1394,2
DA:1395,2
DA:1396,2
DA:1397,2
DA:1398,2
DA:1400,5
DA:1401,5
DA:1403,2
DA:1404,2
DA:1405,2
DA:1407,3
DA:1409,2
DA:1410,2
DA:1411,2
DA:1413,5
DA:1414,5
DA:1416,1
DA:1417,1
DA:1418,1
DA:1420,1
DA:1421,1
DA:1422,1
DA:1424,1
DA:1425,1
DA:1426,1
DA:1427,1
DA:1428,1
DA:1429,1
DA:1430,1
DA:1431,1
DA:1432,1
DA:1433,1
DA:1435,1
DA:1436,1
DA:1437,1
DA:1439,139
DA:1440,139
DA:1441,139
DA:1443,0
BRDA:718,117,0,536
BRDA:718,134,0,534
BRDA:718,151,0,532
BRDA:718,168,0,530
BRDA:718,185,0,528
BRDA:718,202,0,526
BRDA:718,219,0,524
BRDA:718,236,0,522
BRDA:718,253,0,521
BRDA:718,270,0,519
BRDA:718,287,0,517
BRDA:718,304,0,515
BRDA:718,321,0,513
BRDA:718,338,0,511
BRDA:718,355,0,509
BRDA:718,372,0,498
BRDA:718,389,0,420
BRDA:718,406,0,417
BRDA:718,423,0,415
BRDA:718,440,0,413
BRDA:718,457,0,411
BRDA:718,474,0,408
BRDA:718,491,0,406
BRDA:718,508,0,403
BRDA:718,525,0,387
BRDA:718,542,0,382
BRDA:718,559,0,377
BRDA:718,576,0,375
BRDA:718,593,0,374
BRDA:718,610,0,372
BRDA:718,627,0,370
BRDA:718,644,0,342
BRDA:718,661,0,341
BRDA:718,678,0,330
BRDA:718,695,0,328
BRDA:718,712,0,326
BRDA:718,729,0,324
BRDA:718,746,0,322
BRDA:718,763,0,320
BRDA:718,780,0,318
BRDA:718,797,0,311
BRDA:718,814,0,309
BRDA:718,831,0,307
BRDA:718,848,0,305
BRDA:718,865,0,303
BRDA:718,882,0,301
BRDA:718,899,0,290
BRDA:718,916,0,288
BRDA:718,933,0,286
BRDA:718,950,0,284
BRDA:718,967,0,282
BRDA:718,984,0,280
BRDA:718,1001,0,280
BRDA:718,1018,0,2
BRDA:1104,1031,0,2
BRDA:718,1018,1,278
BRDA:1107,1081,0,2
BRDA:1104,1094,0,2
BRDA:1107,1119,0,0
BRDA:1104,1094,1,0
BRDA:1107,1081,1,276
BRDA:1107,1154,0,1
BRDA:1104,1167,0,1
BRDA:1107,1192,0,0
BRDA:1104,1167,1,0
BRDA:1107,1154,1,275
BRDA:1107,1227,0,2
BRDA:1104,1240,0,2
BRDA:1107,1265,0,0
BRDA:1104,1240,1,0
BRDA:1107,1227,1,273
BRDA:1107,1300,0,2
BRDA:1104,1313,0,2
BRDA:1107,1338,0,0
BRDA:1104,1313,1,0
BRDA:1107,1300,1,271
BRDA:1107,1373,0,2
BRDA:1104,1386,0,2
BRDA:1107,1411,0,0
BRDA:1104,1386,1,0
BRDA:1107,1373,1,269
BRDA:1107,1446,0,3
BRDA:1104,1459,0,3
BRDA:1107,1484,0,0
BRDA:1104,1459,1,0
BRDA:1107,1446,1,266
BRDA:1107,1519,0,2
BRDA:1104,1532,0,2
BRDA:1107,1557,0,0
BRDA:1104,1532,1,0
BRDA:1107,1519,1,264
BRDA:1107,1592,0,2
BRDA:1104,1605,0,2
BRDA:1107,1630,0,0
BRDA:1104,1605,1,0
BRDA:1107,1592,1,262
BRDA:1107,1665,0,2
BRDA:1104,1678,0,2
BRDA:1107,1703,0,0
BRDA:1104,1678,1,0
BRDA:1107,1665,1,260
BRDA:1107,1738,0,2
BRDA:1104,1751,0,2
BRDA:1107,1776,0,0
BRDA:1104,1751,1,0
BRDA:1107,1738,1,258
BRDA:1107,1811,0,2
BRDA:1104,1824,0,2
BRDA:1107,1849,0,0
BRDA:1104,1824,1,0
BRDA:1107,1811,1,256
BRDA:1107,1884,0,1
BRDA:1104,1897,0,1
BRDA:1107,1922,0,0
BRDA:1104,1897,1,0
BRDA:1107,1884,1,255
BRDA:1107,1957,0,1
BRDA:1104,1970,0,1
BRDA:1107,1995,0,0
BRDA:1104,1970,1,0
BRDA:1107,1957,1,254
BRDA:1107,2030,0,2
BRDA:1104,2043,0,2
BRDA:1107,2068,0,0
BRDA:1104,2043,1,0
BRDA:1107,2030,1,252
BRDA:1107,2103,0,1
BRDA:1104,2116,0,1
BRDA:1107,2141,0,0
BRDA:1104,2116,1,0
BRDA:1107,2103,1,251
BRDA:1107,2176,0,1
BRDA:1104,2189,0,1
BRDA:1107,2214,0,0
BRDA:1104,2189,1,0
BRDA:1107,2176,1,250
BRDA:1107,2249,0,1
BRDA:1104,2262,0,1
BRDA:1107,2287,0,0
BRDA:1104,2262,1,0
BRDA:1107,2249,1,249
BRDA:1107,2322,0,1
BRDA:1104,2335,0,1
BRDA:1107,2360,0,0
BRDA:1104,2335,1,0
BRDA:1107,2322,1,248
BRDA:1107,2395,0,1
BRDA:1104,2408,0,1
BRDA:1107,2433,0,0
BRDA:1104,2408,1,0
BRDA:1107,2395,1,247
BRDA:1107,2468,0,1
BRDA:1104,2481,0,1
BRDA:1107,2506,0,0
BRDA:1104,2481,1,0
BRDA:1107,2468,1,246
BRDA:1107,2541,0,0
BRDA:1104,2554,0,0
BRDA:1107,2579,0,0
BRDA:1104,2554,1,0
BRDA:1107,2541,1,246
BRDA:1107,2614,0,0
BRDA:1104,2627,0,0
BRDA:1107,2652,0,0
BRDA:1104,2627,1,0
BRDA:1107,2614,1,246
BRDA:1107,2687,0,1
BRDA:1104,2700,0,1
BRDA:1107,2725,0,0
BRDA:1104,2700,1,0
BRDA:1107,2687,1,245
BRDA:1107,2760,0,2
BRDA:1104,2773,0,2
BRDA:1107,2798,0,0
BRDA:1104,2773,1,0
BRDA:1107,2760,1,243
BRDA:1107,2833,0,1
BRDA:1104,2846,0,1
BRDA:1107,2871,0,0
BRDA:1104,2846,1,0
BRDA:1107,2833,1,242
BRDA:1107,2906,0,2
BRDA:1104,2919,0,2
BRDA:1107,2944,0,0
BRDA:1104,2919,1,0
BRDA:1107,2906,1,240
BRDA:1107,2979,0,2
BRDA:1104,2992,0,2
BRDA:1107,3017,0,0
BRDA:1104,2992,1,0
BRDA:1107,2979,1,238
BRDA:1107,3052,0,1
BRDA:1104,3065,0,1
BRDA:1107,3090,0,0
BRDA:1104,3065,1,0
BRDA:1107,3052,1,237
BRDA:1107,3125,0,1
BRDA:1104,3138,0,1
BRDA:1107,3163,0,0
BRDA:1104,3138,1,0
BRDA:1107,3125,1,236
BRDA:1107,3198,0,2
BRDA:1104,3211,0,2
BRDA:1107,3236,0,0
BRDA:1104,3211,1,0
BRDA:1107,3198,1,234
BRDA:1107,3271,0,2
BRDA:1104,3284,0,2
BRDA:1107,3309,0,0
BRDA:1104,3284,1,0
BRDA:1107,3271,1,232
BRDA:1107,3344,0,1
BRDA:1104,3357,0,1
BRDA:1107,3382,0,0
BRDA:1104,3357,1,0
BRDA:1107,3344,1,231
BRDA:1107,3417,0,4
BRDA:1104,3430,0,4
BRDA:1107,3455,0,0
BRDA:1104,3430,1,0
BRDA:1107,3417,1,227
BRDA:1107,3490,0,2
BRDA:1104,3503,0,2
BRDA:1107,3528,0,0
BRDA:1104,3503,1,0
BRDA:1107,3490,1,225
BRDA:1107,3563,0,2
BRDA:1104,3576,0,2
BRDA:1107,3601,0,0
BRDA:1104,3576,1,0
BRDA:1107,3563,1,223
BRDA:1107,3636,0,2
BRDA:1104,3649,0,2
BRDA:1107,3674,0,0
BRDA:1104,3649,1,0
BRDA:1107,3636,1,221
BRDA:1107,3709,0,2
BRDA:1104,3722,0,2
BRDA:1107,3747,0,0
BRDA:1104,3722,1,0
BRDA:1107,3709,1,219
BRDA:1107,3782,0,4
BRDA:1104,3795,0,4
BRDA:1107,3820,0,0
BRDA:1104,3795,1,0
BRDA:1107,3782,1,215
BRDA:1107,3855,0,1
BRDA:1104,3868,0,1
BRDA:1107,3893,0,0
BRDA:1104,3868,1,0
BRDA:1107,3855,1,214
BRDA:1107,3928,0,2
BRDA:1104,3941,0,2
BRDA:1107,3966,0,0
BRDA:1104,3941,1,0
BRDA:1107,3928,1,212
BRDA:1107,4001,0,5
BRDA:1104,4014,0,5
BRDA:1107,4039,0,0
BRDA:1104,4014,1,0
BRDA:1107,4001,1,207
BRDA:1107,4074,0,2
BRDA:1104,4087,0,2
BRDA:1107,4112,0,0
BRDA:1104,4087,1,0
BRDA:1107,4074,1,205
BRDA:1107,4147,0,2
BRDA:1104,4160,0,2
BRDA:1107,4185,0,0
BRDA:1104,4160,1,0
BRDA:1107,4147,1,203
BRDA:1107,4220,0,2
BRDA:1104,4233,0,2
BRDA:1107,4258,0,0
BRDA:1104,4233,1,0
BRDA:1107,4220,1,201
BRDA:1107,4293,0,2
BRDA:1104,4306,0,2
BRDA:1107,4331,0,0
BRDA:1104,4306,1,0
BRDA:1107,4293,1,199
BRDA:1107,4366,0,3
BRDA:1104,4379,0,3
BRDA:1107,4404,0,0
BRDA:1104,4379,1,0
BRDA:1107,4366,1,196
BRDA:1107,4439,0,1
BRDA:1104,4452,0,1
BRDA:1107,4477,0,0
BRDA:1104,4452,1,0
BRDA:1107,4439,1,195
BRDA:1107,4512,0,1
BRDA:1104,4525,0,1
BRDA:1107,4550,0,0
BRDA:1104,4525,1,0
BRDA:1107,4512,1,194
BRDA:1107,4585,0,1
BRDA:1104,4598,0,1
BRDA:1107,4623,0,0
BRDA:1104,4598,1,0
BRDA:1107,4585,1,193
BRDA:1107,4658,0,1
BRDA:1104,4671,0,1
BRDA:1107,4696,0,0
BRDA:1104,4671,1,0
BRDA:1107,4658,1,192
BRDA:1107,4731,0,5
BRDA:1104,4744,0,5
BRDA:1107,4769,0,0
BRDA:1104,4744,1,0
BRDA:1107,4731,1,187
BRDA:1107,4804,0,2
BRDA:1104,4817,0,2
BRDA:1107,4842,0,0
BRDA:1104,4817,1,0
BRDA:1107,4804,1,185
BRDA:1107,4877,0,5
BRDA:1104,4890,0,5
BRDA:1107,4915,0,0
BRDA:1104,4890,1,0
BRDA:1107,4877,1,180
BRDA:1107,4950,0,6
BRDA:1104,4963,0,6
BRDA:1107,4988,0,0
BRDA:1104,4963,1,0
BRDA:1107,4950,1,174
BRDA:1107,5023,0,2
BRDA:1104,5036,0,2
BRDA:1107,5061,0,0
BRDA:1104,5036,1,0
BRDA:1107,5023,1,172
BRDA:1107,5096,0,2
BRDA:1104,5109,0,2
BRDA:1107,5134,0,0
BRDA:1104,5109,1,0
BRDA:1107,5096,1,170
BRDA:1107,5169,0,2
BRDA:1104,5182,0,2
BRDA:1107,5207,0,0
BRDA:1104,5182,1,0
BRDA:1107,5169,1,168
BRDA:1107,5242,0,2
BRDA:1104,5255,0,2
BRDA:1107,5280,0,0
BRDA:1104,5255,1,0
BRDA:1107,5242,1,166
BRDA:1107,5315,0,2
BRDA:1104,5328,0,2
BRDA:1107,5353,0,0
BRDA:1104,5328,1,0
BRDA:1107,5315,1,164
BRDA:1107,5388,0,2
BRDA:1104,5401,0,2
BRDA:1107,5430,0,0
BRDA:1104,5401,1,0
BRDA:1107,5388,1,162
BRDA:1107,5465,0,5
BRDA:1104,5482,0,5
BRDA:1107,5517,0,0
BRDA:1104,5482,1,0
BRDA:1107,5465,1,157
BRDA:1107,5552,0,2
BRDA:1104,5569,0,2
BRDA:1107,5604,0,0
BRDA:1104,5569,1,0
BRDA:1107,5552,1,155
BRDA:1107,5639,0,3
BRDA:1104,5656,0,3
BRDA:1107,5691,0,0
BRDA:1104,5656,1,0
BRDA:1107,5639,1,152
BRDA:1107,5726,0,2
BRDA:1104,5743,0,2
BRDA:1107,5778,0,0
BRDA:1104,5743,1,0
BRDA:1107,5726,1,150
BRDA:1107,5813,0,5
BRDA:1104,5830,0,5
BRDA:1107,5865,0,0
BRDA:1104,5830,1,0
BRDA:1107,5813,1,145
BRDA:1107,5900,0,1
BRDA:1104,5917,0,1
BRDA:1107,5952,0,0
BRDA:1104,5917,1,0
BRDA:1107,5900,1,144
BRDA:1107,5987,0,1
BRDA:1104,6004,0,1
BRDA:1107,6039,0,0
BRDA:1104,6004,1,0
BRDA:1107,5987,1,143
BRDA:1107,6074,0,1
BRDA:1104,6091,0,1
BRDA:1107,6126,0,0
BRDA:1104,6091,1,0
BRDA:1107,6074,1,142
BRDA:1107,6161,0,1
BRDA:1104,6178,0,1
BRDA:1107,6213,0,0
BRDA:1104,6178,1,0
BRDA:1107,6161,1,141
BRDA:1107,6248,0,139
BRDA:1104,6265,0,139
BRDA:1107,6300,0,0
BRDA:1104,6265,1,0
BRDA:1107,6248,1,2
BRDA:1104,6338,0,0
BRDA:1107,6373,0,0
BRDA:1104,6338,1,2
BRDA:718,117,1,144
BRDA:718,134,1,2
BRDA:718,151,1,2
BRDA:718,168,1,2
BRDA:718,185,1,2
BRDA:718,202,1,2
BRDA:718,219,1,2
BRDA:718,236,1,2
BRDA:718,253,1,1
BRDA:789,8158,0,1
BRDA:789,8174,0,1
BRDA:789,8190,0,1
BRDA:789,8206,0,1
BRDA:789,8222,0,1
BRDA:789,8158,1,0
BRDA:789,8174,1,0
BRDA:789,8190,1,0
BRDA:789,8206,1,0
BRDA:789,8222,1,0
BRDA:789,8238,0,0
BRDA:789,8238,1,1
BRDA:718,270,1,2
BRDA:718,287,1,2
BRDA:718,304,1,2
BRDA:718,321,1,2
BRDA:718,338,1,2
BRDA:718,355,1,2
BRDA:718,372,1,11
BRDA:718,389,1,78
BRDA:718,406,1,3
BRDA:718,423,1,2
BRDA:718,440,1,2
BRDA:718,457,1,2
BRDA:718,474,1,3
BRDA:718,491,1,2
BRDA:718,508,1,3
BRDA:718,525,1,16
BRDA:718,542,1,5
BRDA:718,559,1,5
BRDA:935,11585,0,4
BRDA:935,11585,1,1
BRDA:935,11601,0,1
BRDA:935,11601,1,3
BRDA:718,576,1,2
BRDA:718,593,1,1
BRDA:718,610,1,2
BRDA:718,627,1,2
BRDA:973,12229,1,1
BRDA:991,12352,1,0
BRDA:991,12352,0,1
BRDA:973,12229,0,1
BRDA:718,644,1,28
BRDA:718,661,1,1
BRDA:718,678,1,11
BRDA:718,695,1,2
BRDA:718,712,1,2
BRDA:718,729,1,2
BRDA:718,746,1,2
BRDA:718,763,1,2
BRDA:718,780,1,2
BRDA:718,797,1,7
BRDA:718,814,1,2
BRDA:718,831,1,2
BRDA:718,848,1,2
BRDA:718,865,1,2
BRDA:718,882,1,2
BRDA:718,899,1,11
BRDA:718,916,1,2
BRDA:718,933,1,2
BRDA:718,950,1,2
BRDA:718,967,1,2
BRDA:718,984,1,2
BRDA:718,1001,1,0
BRDA:1104,1031,1,0
BRDA:1107,1059,0,0
BRDA:1107,1059,1,2
BRDA:1107,1119,1,2
BRDA:1107,1192,1,1
BRDA:1107,1265,1,2
BRDA:1107,1338,1,2
BRDA:1107,1411,1,2
BRDA:1107,1484,1,3
BRDA:1107,1557,1,2
BRDA:1107,1630,1,2
BRDA:1107,1703,1,2
BRDA:1107,1776,1,2
BRDA:1107,1849,1,2
BRDA:1107,1922,1,1
BRDA:1107,1995,1,1
BRDA:1107,2068,1,2
BRDA:1107,2141,1,1
BRDA:1107,2214,1,1
BRDA:1107,2287,1,1
BRDA:1107,2360,1,1
BRDA:1107,2433,1,1
BRDA:1107,2506,1,1
BRDA:1107,2579,1,0
BRDA:1107,2652,1,0
BRDA:1107,2725,1,1
BRDA:1107,2798,1,2
BRDA:1107,2871,1,1
BRDA:1107,2944,1,2
BRDA:1107,3017,1,2
BRDA:1107,3090,1,1
BRDA:1107,3163,1,1
BRDA:1107,3236,1,2
BRDA:1107,3309,1,2
BRDA:1107,3382,1,1
BRDA:1107,3455,1,4
BRDA:1107,3528,1,2
BRDA:1107,3601,1,2
BRDA:1107,3674,1,2
BRDA:1107,3747,1,2
BRDA:1107,3820,1,4
BRDA:1107,3893,1,1
BRDA:1107,3966,1,2
BRDA:1107,4039,1,5
BRDA:1107,4112,1,2
BRDA:1107,4185,1,2
BRDA:1107,4258,1,2
BRDA:1107,4331,1,2
BRDA:1107,4404,1,3
BRDA:1107,4477,1,1
BRDA:1107,4550,1,1
BRDA:1107,4623,1,1
BRDA:1107,4696,1,1
BRDA:1107,4769,1,5
BRDA:1107,4842,1,2
BRDA:1107,4915,1,5
BRDA:1107,4988,1,6
BRDA:1107,5061,1,2
BRDA:1107,5134,1,2
BRDA:1107,5207,1,2
BRDA:1107,5280,1,2
BRDA:1107,5353,1,2
BRDA:1107,5430,1,2
BRDA:1107,5517,1,5
BRDA:1107,5604,1,2
BRDA:1107,5691,1,3
BRDA:1107,5778,1,2
BRDA:1107,5865,1,5
BRDA:1107,5952,1,1
BRDA:1107,6039,1,1
BRDA:1107,6126,1,1
BRDA:1107,6213,1,1
BRDA:1107,6300,1,139
BRDA:1107,6373,1,0
FN:1445,System.String Studio.Compiler.PipelineCodeGenerator::generateSavedGraph(Studio.Graph.SavedGraph)
FNDA:220,System.String Studio.Compiler.PipelineCodeGenerator::generateSavedGraph(Studio.Graph.SavedGraph)
DA:1446,220
DA:1447,220
DA:1448,1408
DA:1450,220
DA:1451,220
DA:1452,748
DA:1453,739
DA:1454,737
DA:1455,734
DA:1456,952
DA:1458,220
DA:1460,220
DA:1461,220
DA:1462,1125
DA:1463,88
DA:1464,220
DA:1465,713
DA:1466,305
DA:1467,234
DA:1470,220
DA:1471,220
DA:1472,220
DA:1473,15
DA:1474,11
DA:1475,233
DA:1476,220
DA:1479,220
DA:1480,220
DA:1481,1125
DA:1482,88
DA:1483,220
[...]
DA:600,1225
DA:602,1225
DA:603,51
DA:605,1174
DA:607,879
DA:609,3
DA:611,0
DA:613,0
DA:616,292
BRDA:602,21,0,51
BRDA:602,21,1,1174
BRDA:605,45,1,1174
BRDA:605,62,0,879
BRDA:605,62,1,879
BRDA:605,62,2,3
BRDA:605,62,5,0
BRDA:605,62,4,0
BRDA:605,45,0,292
BRDA:605,62,3,292
FN:618,System.String Studio.Compiler.PipelineCodeGenerator/parameterValue@619::Invoke(System.String)
FNDA:1224,System.String Studio.Compiler.PipelineCodeGenerator/parameterValue@619::Invoke(System.String)
DA:619,1224
FN:621,System.String Studio.Compiler.PipelineCodeGenerator/quotedParameter@622::Invoke(System.String)
FNDA:561,System.String Studio.Compiler.PipelineCodeGenerator/quotedParameter@622::Invoke(System.String)
DA:622,561
DA:623,1122
BRDA:623,20,0,3
BRDA:623,20,1,558
FN:625,System.String Studio.Compiler.PipelineCodeGenerator/stringParameter@626::Invoke(System.String)
FNDA:1,System.String Studio.Compiler.PipelineCodeGenerator/stringParameter@626::Invoke(System.String)
DA:626,1
DA:627,2
BRDA:627,20,0,0
BRDA:627,20,1,1
FN:631,System.Boolean Studio.Compiler.PipelineCodeGenerator/Pipe #1 stage #1 at line 631@631::Invoke(Studio.Graph.SavedEdge)
FNDA:76,System.Boolean Studio.Compiler.PipelineCodeGenerator/Pipe #1 stage #1 at line 631@631::Invoke(Studio.Graph.SavedEdge)
DA:632,76
DA:633,47
DA:634,84
BRDA:632,22,0,47
BRDA:632,22,1,29
BRDA:633,45,0,47
BRDA:633,45,1,29
FN:661,System.Boolean Studio.Compiler.PipelineCodeGenerator/Pipe #1 stage #1 at line 662@662::Invoke(Studio.Graph.SavedParameter)
FNDA:0,System.Boolean Studio.Compiler.PipelineCodeGenerator/Pipe #1 stage #1 at line 662@662::Invoke(Studio.Graph.SavedParameter)
DA:662,0
FN:629,System.String Studio.Compiler.PipelineCodeGenerator/printInputNameForNode@630::Invoke(Studio.Graph.SavedNode,System.String,System.Int32)
FNDA:37,System.String Studio.Compiler.PipelineCodeGenerator/printInputNameForNode@630::Invoke(Studio.Graph.SavedNode,System.String,System.Int32)
DA:630,37
DA:631,37
DA:635,37
DA:636,37
DA:637,37
DA:638,24
DA:639,24
DA:640,1
DA:641,1
DA:642,25
DA:643,1
DA:644,26
DA:645,1
DA:646,1
DA:647,28
DA:648,37
DA:649,13
DA:650,13
DA:651,13
DA:652,13
DA:653,2
DA:654,11
DA:655,4
DA:656,13
DA:657,20
DA:658,37
DA:659,37
DA:660,37
DA:661,0
DA:663,37
DA:664,37
DA:665,37
DA:666,37
DA:667,37
DA:668,1
DA:669,37
DA:670,73
DA:671,37
DA:672,37
BRDA:635,35,1,0
BRDA:635,35,0,37
BRDA:636,84,0,13
BRDA:636,84,1,24
BRDA:639,128,1,1
BRDA:642,165,1,0
BRDA:642,165,0,1
BRDA:644,213,1,0
BRDA:644,213,0,1
BRDA:647,272,1,0
BRDA:647,272,0,1
BRDA:639,128,0,23
BRDA:636,98,0,13
BRDA:651,352,1,0
BRDA:651,352,0,13
BRDA:652,395,0,2
BRDA:652,395,1,11
BRDA:654,423,0,4
BRDA:654,423,1,7
BRDA:636,98,1,0
BRDA:660,466,1,0
BRDA:663,507,1,0
BRDA:663,507,0,0
BRDA:660,466,0,37
BRDA:664,554,1,0
BRDA:664,554,0,37
BRDA:667,594,0,1
BRDA:667,594,1,36
BRDA:671,661,1,0
BRDA:671,661,0,37
BRDA:671,691,0,37
BRDA:671,691,1,0
BRDA:672,716,1,0
BRDA:672,716,0,37
FN:674,System.String Studio.Compiler.PipelineCodeGenerator/printInputName@675::Invoke(System.String,System.Int32)
FNDA:35,System.String Studio.Compiler.PipelineCodeGenerator/printInputName@675::Invoke(System.String,System.Int32)
DA:675,35
FN:679,Microsoft.FSharp.Collections.FSharpList`1<System.Tuple`2<System.String,System.String>> Studio.Compiler.PipelineCodeGenerator/Pipe #1 stage #1 at line 680@680::Invoke(System.Tuple`3<System.String,System.String,System.String>)
FNDA:65,Microsoft.FSharp.Collections.FSharpList`1<System.Tuple`2<System.String,System.String>> Studio.Compiler.PipelineCodeGenerator/Pipe #1 stage #1 at line 680@680::Invoke(System.Tuple`3<System.String,System.String,System.String>)
DA:680,65
FN:683,System.String Studio.Compiler.PipelineCodeGenerator/escapeText@684::Invoke(System.String)
FNDA:12,System.String Studio.Compiler.PipelineCodeGenerator/escapeText@684::Invoke(System.String)
DA:684,12
DA:685,12
DA:686,12
DA:687,12
DA:688,12
DA:689,12
DA:690,12
DA:691,12
DA:692,12
DA:693,12
DA:694,12
FN:678,System.String Studio.Compiler.PipelineCodeGenerator/interpolatedStringExpression@678::Invoke(System.String,Microsoft.FSharp.Collections.FSharpList`1<System.Tuple`3<System.String,System.String,System.String>>)
FNDA:29,System.String Studio.Compiler.PipelineCodeGenerator/interpolatedStringExpression@678::Invoke(System.String,Microsoft.FSharp.Collections.FSharpList`1<System.Tuple`3<System.String,System.String,System.String>>)
DA:679,29
DA:681,29
DA:696,29
DA:697,29
DA:699,124
DA:700,37
DA:701,22
DA:703,37
DA:705,111
DA:707,72
DA:709,2
DA:711,37
DA:713,29
DA:714,0
DA:716,29
BRDA:699,279,1,37
BRDA:700,88,0,11
BRDA:700,88,1,26
BRDA:705,173,1,36
BRDA:705,173,0,1
BRDA:699,279,0,29
BRDA:713,317,0,0
BRDA:713,317,1,29
FN:1572,Microsoft.FSharp.Core.FSharpOption`1<System.String> Studio.Compiler.PipelineCodeGenerator/bindingNameForOutput@1573::Invoke(Studio.Graph.SavedEdge)
FNDA:9,Microsoft.FSharp.Core.FSharpOption`1<System.String> Studio.Compiler.PipelineCodeGenerator/bindingNameForOutput@1573::Invoke(Studio.Graph.SavedEdge)
DA:1573,9
DA:1575,8
DA:1577,15
DA:1578,0
DA:1580,15
DA:1581,0
DA:1583,15
DA:1584,5
DA:1586,0
DA:1587,0
DA:1589,0
DA:1590,0
DA:1591,0
DA:1593,0
BRDA:1573,18,0,5
BRDA:1573,18,1,4
BRDA:1573,31,0,5
BRDA:1577,80,1,0
BRDA:1577,80,0,5
BRDA:1580,130,1,0
BRDA:1580,130,0,5
BRDA:1583,181,1,5
BRDA:1583,181,0,0
BRDA:1586,232,1,0
BRDA:1586,232,0,0
BRDA:1589,283,1,0
BRDA:1589,283,0,0
BRDA:1573,31,1,0
FN:1597,Microsoft.FSharp.Core.FSharpOption`1<System.String> Studio.Compiler.PipelineCodeGenerator/Pipe #1 stage #1 at line 1597@1597::Invoke(Studio.Graph.SavedEdge)
FNDA:526,Microsoft.FSharp.Core.FSharpOption`1<System.String> Studio.Compiler.PipelineCodeGenerator/Pipe #1 stage #1 at line 1597@1597::Invoke(Studio.Graph.SavedEdge)
DA:1598,526
DA:1599,9
DA:1601,317
BRDA:1598,23,0,36
BRDA:1598,23,1,209
BRDA:1598,46,0,9
BRDA:1598,46,1,236
FN:1595,Microsoft.FSharp.Collections.FSharpSet`1<System.String> Studio.Compiler.PipelineCodeGenerator/parameterBindingDependencies@1596::Invoke(Studio.Graph.SavedNode)
FNDA:81,Microsoft.FSharp.Collections.FSharpSet`1<System.String> Studio.Compiler.PipelineCodeGenerator/parameterBindingDependencies@1596::Invoke(Studio.Graph.SavedNode)
DA:1596,81
DA:1597,81
DA:1600,81
DA:1602,81
FN:1612,System.Boolean Studio.Compiler.PipelineCodeGenerator/Pipe #3 stage #1 at line 1613@1613::Invoke(Studio.Graph.SavedEdge)
FNDA:163,System.Boolean Studio.Compiler.PipelineCodeGenerator/Pipe #3 stage #1 at line 1613@1613::Invoke(Studio.Graph.SavedEdge)
DA:1613,163
FN:1613,Microsoft.FSharp.Core.FSharpOption`1<Studio.Graph.SavedNode> Studio.Compiler.PipelineCodeGenerator/Pipe #3 stage #2 at line 1614@1614::Invoke(Studio.Graph.SavedEdge)
FNDA:108,Microsoft.FSharp.Core.FSharpOption`1<Studio.Graph.SavedNode> Studio.Compiler.PipelineCodeGenerator/Pipe #3 stage #2 at line 1614@1614::Invoke(Studio.Graph.SavedEdge)
DA:1614,108
FN:1604,Microsoft.FSharp.Collections.FSharpSet`1<System.String> Studio.Compiler.PipelineCodeGenerator/pipelineBindingDependencies@1605::Invoke(Microsoft.FSharp.Collections.FSharpSet`1<System.String>,Studio.Graph.SavedNode)
FNDA:162,Microsoft.FSharp.Collections.FSharpSet`1<System.String> Studio.Compiler.PipelineCodeGenerator/pipelineBindingDependencies@1605::Invoke(Microsoft.FSharp.Collections.FSharpSet`1<System.String>,Studio.Graph.SavedNode)
DA:1605,162
DA:1606,0
DA:1608,108
DA:1609,54
DA:1612,54
DA:1615,54
DA:1616,54
DA:1618,54
BRDA:1605,15,0,0
BRDA:1605,15,1,54
BRDA:1615,114,0,0
BRDA:1615,114,1,54
BRDA:1615,181,1,27
BRDA:1615,181,0,54
FN:1620,System.String Studio.Compiler.PipelineCodeGenerator/indentBlock@1621::Invoke(System.Int32,System.String)
FNDA:215,System.String Studio.Compiler.PipelineCodeGenerator/indentBlock@1621::Invoke(System.Int32,System.String)
DA:1621,215
DA:1623,215
DA:1624,1971
DA:1625,215
BRDA:1624,47,0,0
BRDA:1624,47,1,215
BRDA:1624,131,1,878
BRDA:1624,98,0,0
BRDA:1624,98,1,878
BRDA:1624,131,0,215
FN:1627,System.String Studio.Compiler.PipelineCodeGenerator/parenthesizeBlock@1628::Invoke(System.String)
FNDA:94,System.String Studio.Compiler.PipelineCodeGenerator/parenthesizeBlock@1628::Invoke(System.String)
DA:1628,94
FN:1631,System.Boolean Studio.Compiler.PipelineCodeGenerator/incomingDataEdge@1632-1::Invoke(Studio.Graph.SavedEdge)
FNDA:8322,System.Boolean Studio.Compiler.PipelineCodeGenerator/incomingDataEdge@1632-1::Invoke(Studio.Graph.SavedEdge)
DA:1632,8322
BRDA:1632,17,0,1426
BRDA:1632,17,1,3462
FN:1630,Microsoft.FSharp.Core.FSharpOption`1<Studio.Graph.SavedEdge> Studio.Compiler.PipelineCodeGenerator/incomingDataEdge@1631::Invoke(System.String,System.Int32)
FNDA:2008,Microsoft.FSharp.Core.FSharpOption`1<Studio.Graph.SavedEdge> Studio.Compiler.PipelineCodeGenerator/incomingDataEdge@1631::Invoke(System.String,System.Int32)
DA:1631,2008
FN:1634,System.Boolean Studio.Compiler.PipelineCodeGenerator/sameOutputEdge@1635::Invoke(Studio.Graph.SavedEdge,Studio.Graph.SavedEdge)
FNDA:93,System.Boolean Studio.Compiler.PipelineCodeGenerator/sameOutputEdge@1635::Invoke(Studio.Graph.SavedEdge,Studio.Graph.SavedEdge)
DA:1635,93
DA:1636,2
DA:1637,2
BRDA:1635,17,0,2
BRDA:1635,17,1,91
BRDA:1636,38,0,2
BRDA:1636,38,1,91
FN:1639,Microsoft.FSharp.Core.FSharpOption`1<Studio.Graph.SavedEdge> Studio.Compiler.PipelineCodeGenerator/commonUpstreamInputEdge@1640::Invoke(Studio.Graph.SavedNode)
FNDA:92,Microsoft.FSharp.Core.FSharpOption`1<Studio.Graph.SavedEdge> Studio.Compiler.PipelineCodeGenerator/commonUpstreamInputEdge@1640::Invoke(Studio.Graph.SavedNode)
DA:1640,92
DA:1641,11
DA:1643,81
DA:1644,81
DA:1645,81
DA:1646,81
DA:1647,81
DA:1648,81
DA:1649,81
BRDA:1640,20,1,11
BRDA:1640,20,0,81
FN:1651,Microsoft.FSharp.Core.FSharpOption`1<System.String> Studio.Compiler.PipelineCodeGenerator/stageCall@1652::Invoke(Studio.Graph.SavedNode)
FNDA:5,Microsoft.FSharp.Core.FSharpOption`1<System.String> Studio.Compiler.PipelineCodeGenerator/stageCall@1652::Invoke(Studio.Graph.SavedNode)
DA:1652,5
DA:1654,5
DA:1655,5
DA:1656,0
DA:1657,0
DA:1659,0
BRDA:1654,74,0,5
BRDA:1654,74,1,0
BRDA:1656,102,0,0
BRDA:1656,102,1,0
FN:1661,System.String Studio.Compiler.PipelineCodeGenerator/composeStages@1662::Invoke(System.String,System.String)
FNDA:0,System.String Studio.Compiler.PipelineCodeGenerator/composeStages@1662::Invoke(System.String,System.String)
DA:1662,0
FN:1664,System.String Studio.Compiler.PipelineCodeGenerator/formatStageTuple@1665::Invoke(System.String,System.String)
FNDA:3,System.String Studio.Compiler.PipelineCodeGenerator/formatStageTuple@1665::Invoke(System.String,System.String)
DA:1665,3
DA:1666,0
DA:1668,1
BRDA:1665,14,0,0
BRDA:1665,14,1,1
BRDA:1665,34,0,0
BRDA:1665,34,1,1
FN:1676,System.String Studio.Compiler.PipelineCodeGenerator/inputExpression@1677::Invoke(System.Int32)
FNDA:471,System.String Studio.Compiler.PipelineCodeGenerator/inputExpression@1677::Invoke(System.Int32)
DA:1677,471
DA:1679,1413
DA:1681,471
DA:1682,946
DA:1683,2
DA:1684,942
DA:1685,2
DA:1687,2
DA:1688,2
DA:1689,2
DA:1690,938
DA:1691,2
DA:1692,930
DA:1693,0
DA:1695,465
DA:1696,0
DA:1697,0
BRDA:1677,25,1,471
BRDA:1679,65,1,471
BRDA:1682,123,0,2
BRDA:1682,123,1,469
BRDA:1682,142,0,2
BRDA:1682,142,1,469
BRDA:1682,161,0,2
BRDA:1682,161,1,469
BRDA:1684,254,0,2
BRDA:1684,254,1,467
BRDA:1684,273,0,2
BRDA:1684,273,1,467
BRDA:1684,292,0,2
BRDA:1687,319,0,0
BRDA:1687,319,1,2
BRDA:1684,292,1,467
BRDA:1690,449,0,2
BRDA:1690,449,1,465
BRDA:1690,468,0,2
BRDA:1690,468,1,465
BRDA:1690,487,0,2
BRDA:1690,487,1,465
BRDA:1692,580,0,0
BRDA:1692,580,1,465
BRDA:1692,596,0,0
BRDA:1692,596,1,465
BRDA:1679,65,0,0
BRDA:1677,25,0,0
FN:1699,Microsoft.FSharp.Core.FSharpOption`1<System.String> Studio.Compiler.PipelineCodeGenerator/branchStageExpression@1700::Invoke(Studio.Graph.SavedEdge,Microsoft.FSharp.Collections.FSharpSet`1<System.String>,Studio.Graph.SavedNode)
FNDA:6,Microsoft.FSharp.Core.FSharpOption`1<System.String> Studio.Compiler.PipelineCodeGenerator/branchStageExpression@1700::Invoke(Studio.Graph.SavedEdge,Microsoft.FSharp.Collections.FSharpSet`1<System.String>,Studio.Graph.SavedNode)
DA:1700,6
DA:1701,0
DA:1702,2
DA:1703,1
DA:1705,2
DA:1707,1
DA:1708,1
DA:1709,1
DA:1711,0
DA:1712,0
DA:1713,0
DA:1714,0
DA:1716,0
BRDA:1700,15,0,0
BRDA:1700,15,1,2
BRDA:1702,37,0,1
BRDA:1702,37,1,1
BRDA:1707,107,0,1
BRDA:1707,126,0,1
BRDA:1708,171,0,1
BRDA:1708,171,1,0
BRDA:1713,257,1,0
BRDA:1713,257,0,0
BRDA:1714,292,1,0
BRDA:1714,292,0,0
BRDA:1707,107,1,0
BRDA:1707,126,1,0
FN:1718,Microsoft.FSharp.Core.FSharpOption`1<System.String> Studio.Compiler.PipelineCodeGenerator/sharedFanOutExpression@1719::Invoke(Microsoft.FSharp.Core.Unit)
FNDA:46,Microsoft.FSharp.Core.FSharpOption`1<System.String> Studio.Compiler.PipelineCodeGenerator/sharedFanOutExpression@1719::Invoke(Microsoft.FSharp.Core.Unit)
DA:1719,46
DA:1720,46
DA:1721,0
DA:1722,0
DA:1723,0
DA:1724,0
DA:1725,0
DA:1726,0
DA:1727,0
DA:1728,0
DA:1729,0
DA:1730,0
DA:1732,230
DA:1734,46
DA:1735,46
DA:1736,3
DA:1738,1
DA:1740,1
DA:1741,1
DA:1742,2
DA:1743,0
DA:1744,0
DA:1745,45
DA:1746,0
DA:1747,0
BRDA:1719,58,0,46
BRDA:1719,76,0,46
BRDA:1720,117,0,0
BRDA:1723,168,1,0
BRDA:1723,168,0,0
BRDA:1730,254,1,0
BRDA:1730,254,0,0
BRDA:1720,117,1,46
BRDA:1732,481,0,46
BRDA:1732,502,0,46
BRDA:1734,574,0,46
BRDA:1734,595,0,46
BRDA:1735,642,0,1
BRDA:1736,692,1,1
BRDA:1738,766,0,1
BRDA:1738,787,0,1
BRDA:1742,859,1,0
BRDA:1742,859,0,1
BRDA:1738,766,1,0
BRDA:1738,787,1,0
BRDA:1736,692,0,0
BRDA:1734,574,1,45
BRDA:1734,595,1,45
BRDA:1735,642,1,45
BRDA:1732,481,1,0
BRDA:1732,502,1,0
BRDA:1719,58,1,0
BRDA:1719,76,1,0
FN:1670,System.String Studio.Compiler.PipelineCodeGenerator/pipelineExpression@1671::Invoke(Microsoft.FSharp.Collections.FSharpSet`1<System.String>,Studio.Graph.SavedNode)
FNDA:2169,System.String Studio.Compiler.PipelineCodeGenerator/pipelineExpression@1671::Invoke(Microsoft.FSharp.Collections.FSharpSet`1<System.String>,Studio.Graph.SavedNode)
DA:1671,2169
DA:1672,0
DA:1674,1446
DA:1749,723
DA:1750,1446
DA:1751,46
DA:1753,1
DA:1755,90
DA:1756,45
DA:1757,45
DA:1758,45
DA:1759,45
DA:1760,45
DA:1761,1358
DA:1762,4
DA:1763,4
DA:1764,4
DA:1765,2
DA:1767,675
DA:1769,675
DA:1771,377
DA:1772,377
DA:1774,298
BRDA:1671,15,0,0
BRDA:1671,15,1,723
BRDA:1750,191,0,677
BRDA:1761,223,0,2
BRDA:1761,223,1,675
BRDA:1750,191,1,46
BRDA:1751,279,1,1
BRDA:1751,279,0,45
BRDA:1761,253,0,2
BRDA:1761,253,1,675
BRDA:1769,896,1,377
BRDA:1769,896,0,298
FN:1777,System.String Studio.Compiler.PipelineCodeGenerator/appendSinkIfTerminalWrite@1778::Invoke(Studio.Graph.SavedNode,System.String)
FNDA:224,System.String Studio.Compiler.PipelineCodeGenerator/appendSinkIfTerminalWrite@1778::Invoke(Studio.Graph.SavedNode,System.String)
DA:1778,224
DA:1791,180
DA:1793,0
DA:1801,2
DA:1803,3
DA:1805,0
DA:1807,0
DA:1809,39
BRDA:1778,18,0,85
BRDA:1778,34,0,85
BRDA:1778,50,0,83
BRDA:1778,66,0,81
BRDA:1778,82,0,78
BRDA:1778,98,0,75
BRDA:1778,114,0,59
BRDA:1778,130,0,54
BRDA:1778,146,0,49
BRDA:1778,162,0,47
BRDA:1778,178,0,46
BRDA:1778,194,0,44
BRDA:1778,210,0,44
BRDA:1778,226,0,43
BRDA:1778,242,0,43
BRDA:1778,258,0,42
BRDA:1778,274,0,42
BRDA:1778,290,0,42
BRDA:1778,306,0,42
BRDA:1778,322,0,42
BRDA:1778,338,0,39
BRDA:1778,354,0,39
BRDA:1778,18,1,180
BRDA:1778,34,1,180
BRDA:1778,50,1,180
BRDA:1778,66,1,180
BRDA:1778,82,1,180
BRDA:1778,98,1,180
BRDA:1778,114,1,180
BRDA:1778,130,1,180
BRDA:1778,146,1,180
BRDA:1778,162,1,180
BRDA:1778,178,1,180
BRDA:1778,194,1,180
BRDA:1778,210,1,0
BRDA:1778,226,1,2
BRDA:1778,242,1,2
BRDA:1778,258,1,2
BRDA:1778,274,1,2
BRDA:1778,290,1,2
BRDA:1778,306,1,2
BRDA:1778,322,1,2
BRDA:1778,338,1,3
BRDA:1778,354,1,0
BRDA:1778,370,0,0
BRDA:1778,370,1,39
FN:1884,System.Boolean Studio.Compiler.PipelineCodeGenerator/Pipe #1 stage #1 at line 1885@1885::Invoke(Studio.Graph.SavedParameter)
FNDA:15,System.Boolean Studio.Compiler.PipelineCodeGenerator/Pipe #1 stage #1 at line 1885@1885::Invoke(Studio.Graph.SavedParameter)
DA:1885,15
FN:1883,Studio.Compiler.PipelineCodeGenerator/ParameterExpression Studio.Compiler.PipelineCodeGenerator/parameter@1884::Invoke(System.String)
FNDA:5,Studio.Compiler.PipelineCodeGenerator/ParameterExpression Studio.Compiler.PipelineCodeGenerator/parameter@1884::Invoke(System.String)
DA:1884,5
DA:1886,10
DA:1887,5
BRDA:1886,34,1,0
BRDA:1886,34,0,5
BRDA:1887,161,1,0
BRDA:1887,161,0,5
FN:1889,System.String Studio.Compiler.PipelineCodeGenerator/numericParameter@1890::Invoke(System.String)
FNDA:3,System.String Studio.Compiler.PipelineCodeGenerator/numericParameter@1890::Invoke(System.String)
DA:1890,3
DA:1891,6
BRDA:1891,20,0,0
BRDA:1891,20,1,3
FN:1893,System.Boolean Studio.Compiler.PipelineCodeGenerator/boolParameter@1894::Invoke(System.String)
FNDA:8,System.Boolean Studio.Compiler.PipelineCodeGenerator/boolParameter@1894::Invoke(System.String)
DA:1894,8
DA:1895,16
FN:1902,Microsoft.FSharp.Core.FSharpOption`1<System.String> Studio.Compiler.PipelineCodeGenerator/Pipe #2 stage #1 at line 1903@1903::Invoke(System.Tuple`2<System.String,System.Boolean>)
FNDA:22,Microsoft.FSharp.Core.FSharpOption`1<System.String> Studio.Compiler.PipelineCodeGenerator/Pipe #2 stage #1 at line 1903@1903::Invoke(System.Tuple`2<System.String,System.Boolean>)
DA:1903,22
BRDA:1903,16,0,3
BRDA:1903,16,1,7
FN:1937,Microsoft.FSharp.Core.FSharpOption`1<Studio.Compiler.PipelineCodeGenerator/NamedBinding> Studio.Compiler.PipelineCodeGenerator/Pipe #1 stage #1 at line 1938@1938::Invoke(System.String)
FNDA:72,Microsoft.FSharp.Core.FSharpOption`1<Studio.Compiler.PipelineCodeGenerator/NamedBinding> Studio.Compiler.PipelineCodeGenerator/Pipe #1 stage #1 at line 1938@1938::Invoke(System.String)
DA:1938,72
FN:1935,Microsoft.FSharp.Core.Unit Studio.Compiler.PipelineCodeGenerator/visit@1936::Invoke(Studio.Compiler.PipelineCodeGenerator/NamedBinding)
FNDA:63,Microsoft.FSharp.Core.Unit Studio.Compiler.PipelineCodeGenerator/visit@1936::Invoke(Studio.Compiler.PipelineCodeGenerator/NamedBinding)
DA:1936,63
DA:1937,54
DA:1939,54
DA:1941,54
BRDA:1936,18,0,54
BRDA:1936,18,1,9
FN:1836,Studio.Compiler.PipelineCodeGenerator/NamedBinding[] Studio.Compiler.PipelineCodeGenerator/orderedBindings@1836::Invoke(Microsoft.FSharp.Core.Unit)
FNDA:220,Studio.Compiler.PipelineCodeGenerator/NamedBinding[] Studio.Compiler.PipelineCodeGenerator/orderedBindings@1836::Invoke(Microsoft.FSharp.Core.Unit)
DA:1837,220
DA:1838,220
DA:1839,26
DA:1840,13
DA:1841,13
DA:1842,220
DA:1843,233
DA:1844,26
DA:1845,233
DA:1848,220
DA:1849,220
DA:1850,17
DA:1851,220
DA:1852,237
DA:1853,34
DA:1854,237
DA:1857,220
DA:1858,220
DA:1859,4
DA:1860,2
DA:1861,2
DA:1862,220
DA:1863,222
DA:1864,4
DA:1865,222
DA:1868,220
DA:1869,220
DA:1870,24
DA:1871,12
DA:1872,12
DA:1873,220
DA:1874,232
DA:1875,24
DA:1876,232
DA:1879,220
DA:1880,220
DA:1881,4
DA:1882,220
DA:1883,220
DA:1888,220
DA:1889,220
DA:1892,220
DA:1893,220
DA:1896,220
DA:1897,220
DA:1898,2
DA:1899,2
DA:1900,2
DA:1901,2
DA:1902,2
DA:1904,2
DA:1905,220
DA:1906,2
DA:1907,220
DA:1908,222
DA:1909,4
DA:1910,222
DA:1913,220
DA:1914,220
DA:1915,2
DA:1916,220
DA:1917,222
DA:1918,4
DA:1919,222
DA:1922,220
DA:1923,220
DA:1924,6
DA:1925,220
DA:1926,226
DA:1927,12
DA:1928,226
DA:1930,220
DA:1931,714
DA:1932,220
DA:1933,220
DA:1943,440
DA:1944,440
BRDA:1838,15,0,0
BRDA:1838,15,1,220
BRDA:1844,255,1,13
BRDA:1844,255,0,220
BRDA:1849,281,0,0
BRDA:1849,281,1,220
BRDA:1853,460,1,17
BRDA:1853,460,0,220
BRDA:1858,488,0,0
BRDA:1858,488,1,220
BRDA:1864,733,1,2
BRDA:1864,733,0,220
BRDA:1869,761,0,0
BRDA:1869,761,1,220
BRDA:1875,1006,1,12
BRDA:1875,1006,0,220
BRDA:1880,1034,0,0
BRDA:1880,1034,1,220
BRDA:1909,1487,1,2
BRDA:1909,1487,0,220
BRDA:1914,1515,0,0
BRDA:1914,1515,1,220
BRDA:1918,1694,1,2
BRDA:1918,1694,0,220
BRDA:1923,1722,0,0
BRDA:1923,1722,1,220
BRDA:1927,1901,1,6
BRDA:1927,1901,0,220
BRDA:1931,1985,0,0
BRDA:1931,1985,1,220
BRDA:1931,2061,1,54
BRDA:1931,2061,0,220
BRDA:1943,2118,0,0
BRDA:1943,2118,1,220
BRDA:1943,2166,1,54
BRDA:1943,2166,0,220
FN:269,System.Void <StartupCode$Studio-Compiler>.$PipelineCodeGenerator::.cctor()
FNDA:1,System.Void <StartupCode$Studio-Compiler>.$PipelineCodeGenerator::.cctor()
DA:270,1
DA:271,1
LF:1443
LH:1308
BRF:1449
BRH:1025
FNF:101
FNH:97
end_of_record